# JRE version: OpenJDK Runtime Environment Temurin-17.0.8+7 (17.0.8+7) (build 17.0.8+7)
# Java VM: OpenJDK 64-Bit Server VM Temurin-17.0.8+7 (17.0.8+7, mixed mode, sharing, tiered, compressed oops, compressed class ptrs, g1 gc, windows-amd64)
GC Precious Log:
 CPUs: 12 total, 12 available
 Memory: 16163M
 Large Page Support: Disabled
 NUMA Support: Disabled
 Compressed Oops: Enabled (Zero based)
 Heap Region Size: 2M
 Heap Min Capacity: 8M
 Heap Initial Capacity: 254M
 Heap Max Capacity: 4042M
 Pre-touch: Disabled
 Parallel Workers: 10
 Concurrent Workers: 3
 Concurrent Refinement Workers: 10
 Periodic GC: Disabled
Heap:
 garbage-first heap   total 550912K, used 286956K [0x0000000703600000, 0x0000000800000000)
  region size 2048K, 35 young (71680K), 2 survivors (4096K)
 Metaspace       used 88890K, committed 90368K, reserved 1179648K
  class space    used 12890K, committed 13568K, reserved 1048576K
GC Heap History (20 events):
Event: 7.718 GC heap before
{Heap before GC invocations=21 (full 0):
 garbage-first heap   total 317440K, used 262156K [0x0000000703600000, 0x0000000800000000)
  region size 2048K, 73 young (149504K), 8 survivors (16384K)
 Metaspace       used 44312K, committed 45504K, reserved 1114112K
  class space    used 5237K, committed 5760K, reserved 1048576K
}
Event: 7.727 GC heap after
{Heap after GC invocations=22 (full 0):
 garbage-first heap   total 317440K, used 135054K [0x0000000703600000, 0x0000000800000000)
  region size 2048K, 7 young (14336K), 7 survivors (14336K)
 Metaspace       used 44312K, committed 45504K, reserved 1114112K
  class space    used 5237K, committed 5760K, reserved 1048576K
}
Event: 8.250 GC heap before
{Heap before GC invocations=22 (full 0):
 garbage-first heap   total 317440K, used 264078K [0x0000000703600000, 0x0000000800000000)
  region size 2048K, 70 young (143360K), 7 survivors (14336K)
 Metaspace       used 48674K, committed 49920K, reserved 1114112K
  class space    used 6101K, committed 6656K, reserved 1048576K
}
Event: 8.263 GC heap after
{Heap after GC invocations=23 (full 0):
 garbage-first heap   total 317440K, used 144457K [0x0000000703600000, 0x0000000800000000)
  region size 2048K, 8 young (16384K), 8 survivors (16384K)
 Metaspace       used 48674K, committed 49920K, reserved 1114112K
  class space    used 6101K, committed 6656K, reserved 1048576K
}
Event: 8.466 GC heap before
{Heap before GC invocations=23 (full 0):
 garbage-first heap   total 317440K, used 263241K [0x0000000703600000, 0x0000000800000000)
  region size 2048K, 66 young (135168K), 8 survivors (16384K)
 Metaspace       used 49415K, committed 50688K, reserved 1114112K
  class space    used 6230K, committed 6784K, reserved 1048576K
}
Event: 8.480 GC heap after
{Heap after GC invocations=24 (full 0):
 garbage-first heap   total 415744K, used 151887K [0x0000000703600000, 0x0000000800000000)
  region size 2048K, 9 young (18432K), 9 survivors (18432K)
 Metaspace       used 49415K, committed 50688K, reserved 1114112K
  class space    used 6230K, committed 6784K, reserved 1048576K
}
Event: 8.868 GC heap before
{Heap before GC invocations=24 (full 0):
 garbage-first heap   total 415744K, used 338255K [0x0000000703600000, 0x0000000800000000)
  region size 2048K, 100 young (204800K), 9 survivors (18432K)
 Metaspace       used 50268K, committed 51520K, reserved 1114112K
  class space    used 6348K, committed 6912K, reserved 1048576K
}
Event: 8.881 GC heap after
{Heap after GC invocations=25 (full 0):
 garbage-first heap   total 415744K, used 168860K [0x0000000703600000, 0x0000000800000000)
  region size 2048K, 13 young (26624K), 13 survivors (26624K)
 Metaspace       used 50268K, committed 51520K, reserved 1114112K
  class space    used 6348K, committed 6912K, reserved 1048576K
}
Event: 9.153 GC heap before
{Heap before GC invocations=25 (full 0):
 garbage-first heap   total 415744K, used 334748K [0x0000000703600000, 0x0000000800000000)
  region size 2048K, 94 young (192512K), 13 survivors (26624K)
 Metaspace       used 51657K, committed 52928K, reserved 1114112K
  class space    used 6631K, committed 7168K, reserved 1048576K
}
Event: 9.166 GC heap after
{Heap after GC invocations=26 (full 0):
 garbage-first heap   total 415744K, used 180828K [0x0000000703600000, 0x0000000800000000)
  region size 2048K, 6 young (12288K), 6 survivors (12288K)
 Metaspace       used 51657K, committed 52928K, reserved 1114112K
  class space    used 6631K, committed 7168K, reserved 1048576K
}
Event: 9.790 GC heap before
{Heap before GC invocations=26 (full 0):
 garbage-first heap   total 415744K, used 338524K [0x0000000703600000, 0x0000000800000000)
  region size 2048K, 83 young (169984K), 6 survivors (12288K)
 Metaspace       used 57473K, committed 58752K, reserved 1114112K
  class space    used 7535K, committed 8064K, reserved 1048576K
}
Event: 9.804 GC heap after
{Heap after GC invocations=27 (full 0):
 garbage-first heap   total 415744K, used 200724K [0x0000000703600000, 0x0000000800000000)
  region size 2048K, 11 young (22528K), 11 survivors (22528K)
 Metaspace       used 57473K, committed 58752K, reserved 1114112K
  class space    used 7535K, committed 8064K, reserved 1048576K
}
Event: 10.633 GC heap before
{Heap before GC invocations=27 (full 0):
 garbage-first heap   total 415744K, used 331796K [0x0000000703600000, 0x0000000800000000)
  region size 2048K, 75 young (153600K), 11 survivors (22528K)
 Metaspace       used 63542K, committed 64768K, reserved 1114112K
  class space    used 8934K, committed 9472K, reserved 1048576K
}
Event: 10.643 GC heap after
{Heap after GC invocations=28 (full 0):
 garbage-first heap   total 550912K, used 206452K [0x0000000703600000, 0x0000000800000000)
  region size 2048K, 3 young (6144K), 3 survivors (6144K)
 Metaspace       used 63542K, committed 64768K, reserved 1114112K
  class space    used 8934K, committed 9472K, reserved 1048576K
}
Event: 11.050 GC heap before
{Heap before GC invocations=28 (full 0):
 garbage-first heap   total 550912K, used 265844K [0x0000000703600000, 0x0000000800000000)
  region size 2048K, 33 young (67584K), 3 survivors (6144K)
 Metaspace       used 67310K, committed 68608K, reserved 1114112K
  class space    used 9674K, committed 10240K, reserved 1048576K
}
Event: 11.054 GC heap after
{Heap after GC invocations=29 (full 0):
 garbage-first heap   total 550912K, used 206394K [0x0000000703600000, 0x0000000800000000)
  region size 2048K, 3 young (6144K), 3 survivors (6144K)
 Metaspace       used 67310K, committed 68608K, reserved 1114112K
  class space    used 9674K, committed 10240K, reserved 1048576K
}
Event: 12.825 GC heap before
{Heap before GC invocations=30 (full 0):
 garbage-first heap   total 550912K, used 456250K [0x0000000703600000, 0x0000000800000000)
  region size 2048K, 125 young (256000K), 3 survivors (6144K)
 Metaspace       used 86308K, committed 87808K, reserved 1179648K
  class space    used 12459K, committed 13120K, reserved 1048576K
}
Event: 12.835 GC heap after
{Heap after GC invocations=31 (full 0):
 garbage-first heap   total 550912K, used 219986K [0x0000000703600000, 0x0000000800000000)
  region size 2048K, 10 young (20480K), 10 survivors (20480K)
 Metaspace       used 86308K, committed 87808K, reserved 1179648K
  class space    used 12459K, committed 13120K, reserved 1048576K
}
Event: 12.892 GC heap before
{Heap before GC invocations=31 (full 0):
 garbage-first heap   total 550912K, used 228178K [0x0000000703600000, 0x0000000800000000)
  region size 2048K, 13 young (26624K), 10 survivors (20480K)
 Metaspace       used 86553K, committed 88064K, reserved 1179648K
  class space    used 12495K, committed 13184K, reserved 1048576K
}
Event: 12.899 GC heap after
{Heap after GC invocations=32 (full 0):
 garbage-first heap   total 550912K, used 221420K [0x0000000703600000, 0x0000000800000000)
  region size 2048K, 2 young (4096K), 2 survivors (4096K)
 Metaspace       used 86553K, committed 88064K, reserved 1179648K
  class space    used 12495K, committed 13184K, reserved 1048576K
}

