# JRE version: OpenJDK Runtime Environment Temurin-17.0.8+7 (17.0.8+7) (build 17.0.8+7)
# Java VM: OpenJDK 64-Bit Server VM Temurin-17.0.8+7 (17.0.8+7, mixed mode, sharing, tiered, compressed oops, compressed class ptrs, g1 gc, windows-amd64)
GC Precious Log:
 CPUs: 12 total, 12 available
 Memory: 16163M
 Large Page Support: Disabled
 NUMA Support: Disabled
 Compressed Oops: Enabled (Zero based)
 Heap Region Size: 2M
 Heap Min Capacity: 8M
 Heap Initial Capacity: 254M
 Heap Max Capacity: 4042M
 Pre-touch: Disabled
 Parallel Workers: 10
 Concurrent Workers: 3
 Concurrent Refinement Workers: 10
 Periodic GC: Disabled
Heap:
 garbage-first heap   total 530432K, used 410665K [0x0000000703600000, 0x0000000800000000)
  region size 2048K, 122 young (249856K), 4 survivors (8192K)
 Metaspace       used 78301K, committed 79744K, reserved 1179648K
  class space    used 11196K, committed 11840K, reserved 1048576K
GC Heap History (20 events):
Event: 5.076 GC heap before
{Heap before GC invocations=14 (full 0):
 garbage-first heap   total 294912K, used 232707K [0x0000000703600000, 0x0000000800000000)
  region size 2048K, 78 young (159744K), 3 survivors (6144K)
 Metaspace       used 33829K, committed 34752K, reserved 1114112K
  class space    used 3977K, committed 4352K, reserved 1048576K
}
Event: 5.080 GC heap after
{Heap after GC invocations=15 (full 0):
 garbage-first heap   total 294912K, used 81570K [0x0000000703600000, 0x0000000800000000)
  region size 2048K, 4 young (8192K), 4 survivors (8192K)
 Metaspace       used 33829K, committed 34752K, reserved 1114112K
  class space    used 3977K, committed 4352K, reserved 1048576K
}
Event: 5.238 GC heap before
{Heap before GC invocations=15 (full 0):
 garbage-first heap   total 294912K, used 167586K [0x0000000703600000, 0x0000000800000000)
  region size 2048K, 41 young (83968K), 4 survivors (8192K)
 Metaspace       used 35395K, committed 36416K, reserved 1114112K
  class space    used 4194K, committed 4672K, reserved 1048576K
}
Event: 5.245 GC heap after
{Heap after GC invocations=16 (full 0):
 garbage-first heap   total 294912K, used 95649K [0x0000000703600000, 0x0000000800000000)
  region size 2048K, 5 young (10240K), 5 survivors (10240K)
 Metaspace       used 35395K, committed 36416K, reserved 1114112K
  class space    used 4194K, committed 4672K, reserved 1048576K
}
Event: 6.164 GC heap before
{Heap before GC invocations=17 (full 0):
 garbage-first heap   total 294912K, used 241057K [0x0000000703600000, 0x0000000800000000)
  region size 2048K, 76 young (155648K), 5 survivors (10240K)
 Metaspace       used 39652K, committed 40832K, reserved 1114112K
  class space    used 4723K, committed 5248K, reserved 1048576K
}
Event: 6.173 GC heap after
{Heap after GC invocations=18 (full 0):
 garbage-first heap   total 294912K, used 101107K [0x0000000703600000, 0x0000000800000000)
  region size 2048K, 8 young (16384K), 8 survivors (16384K)
 Metaspace       used 39652K, committed 40832K, reserved 1114112K
  class space    used 4723K, committed 5248K, reserved 1048576K
}
Event: 7.046 GC heap before
{Heap before GC invocations=18 (full 0):
 garbage-first heap   total 294912K, used 242419K [0x0000000703600000, 0x0000000800000000)
  region size 2048K, 77 young (157696K), 8 survivors (16384K)
 Metaspace       used 46876K, committed 48128K, reserved 1114112K
  class space    used 5839K, committed 6400K, reserved 1048576K
}
Event: 7.059 GC heap after
{Heap after GC invocations=19 (full 0):
 garbage-first heap   total 294912K, used 105649K [0x0000000703600000, 0x0000000800000000)
  region size 2048K, 8 young (16384K), 8 survivors (16384K)
 Metaspace       used 46876K, committed 48128K, reserved 1114112K
  class space    used 5839K, committed 6400K, reserved 1048576K
}
Event: 7.409 GC heap before
{Heap before GC invocations=19 (full 0):
 garbage-first heap   total 294912K, used 240817K [0x0000000703600000, 0x0000000800000000)
  region size 2048K, 74 young (151552K), 8 survivors (16384K)
 Metaspace       used 48782K, committed 50048K, reserved 1114112K
  class space    used 6161K, committed 6720K, reserved 1048576K
}
Event: 7.422 GC heap after
{Heap after GC invocations=20 (full 0):
 garbage-first heap   total 294912K, used 118994K [0x0000000703600000, 0x0000000800000000)
  region size 2048K, 10 young (20480K), 10 survivors (20480K)
 Metaspace       used 48782K, committed 50048K, reserved 1114112K
  class space    used 6161K, committed 6720K, reserved 1048576K
}
Event: 7.562 GC heap before
{Heap before GC invocations=20 (full 0):
 garbage-first heap   total 294912K, used 237778K [0x0000000703600000, 0x0000000800000000)
  region size 2048K, 68 young (139264K), 10 survivors (20480K)
 Metaspace       used 49215K, committed 50496K, reserved 1114112K
  class space    used 6236K, committed 6784K, reserved 1048576K
}
Event: 7.581 GC heap after
{Heap after GC invocations=21 (full 0):
 garbage-first heap   total 354304K, used 133776K [0x0000000703600000, 0x0000000800000000)
  region size 2048K, 7 young (14336K), 7 survivors (14336K)
 Metaspace       used 49215K, committed 50496K, reserved 1114112K
  class space    used 6236K, committed 6784K, reserved 1048576K
}
Event: 7.791 GC heap before
{Heap before GC invocations=21 (full 0):
 garbage-first heap   total 354304K, used 281232K [0x0000000703600000, 0x0000000800000000)
  region size 2048K, 79 young (161792K), 7 survivors (14336K)
 Metaspace       used 50095K, committed 51392K, reserved 1114112K
  class space    used 6374K, committed 6976K, reserved 1048576K
}
Event: 7.803 GC heap after
{Heap after GC invocations=22 (full 0):
 garbage-first heap   total 354304K, used 147547K [0x0000000703600000, 0x0000000800000000)
  region size 2048K, 7 young (14336K), 7 survivors (14336K)
 Metaspace       used 50095K, committed 51392K, reserved 1114112K
  class space    used 6374K, committed 6976K, reserved 1048576K
}
Event: 8.376 GC heap before
{Heap before GC invocations=22 (full 0):
 garbage-first heap   total 354304K, used 282715K [0x0000000703600000, 0x0000000800000000)
  region size 2048K, 73 young (149504K), 7 survivors (14336K)
 Metaspace       used 54646K, committed 55872K, reserved 1114112K
  class space    used 7066K, committed 7616K, reserved 1048576K
}
Event: 8.388 GC heap after
{Heap after GC invocations=23 (full 0):
 garbage-first heap   total 354304K, used 164384K [0x0000000703600000, 0x0000000800000000)
  region size 2048K, 8 young (16384K), 8 survivors (16384K)
 Metaspace       used 54646K, committed 55872K, reserved 1114112K
  class space    used 7066K, committed 7616K, reserved 1048576K
}
Event: 8.875 GC heap before
{Heap before GC invocations=23 (full 0):
 garbage-first heap   total 354304K, used 279072K [0x0000000703600000, 0x0000000800000000)
  region size 2048K, 64 young (131072K), 8 survivors (16384K)
 Metaspace       used 58094K, committed 59392K, reserved 1114112K
  class space    used 7912K, committed 8512K, reserved 1048576K
}
Event: 8.883 GC heap after
{Heap after GC invocations=24 (full 0):
 garbage-first heap   total 354304K, used 171931K [0x0000000703600000, 0x0000000800000000)
  region size 2048K, 4 young (8192K), 4 survivors (8192K)
 Metaspace       used 58094K, committed 59392K, reserved 1114112K
  class space    used 7912K, committed 8512K, reserved 1048576K
}
Event: 9.018 GC heap before
{Heap before GC invocations=24 (full 0):
 garbage-first heap   total 354304K, used 196507K [0x0000000703600000, 0x0000000800000000)
  region size 2048K, 17 young (34816K), 4 survivors (8192K)
 Metaspace       used 59587K, committed 60800K, reserved 1114112K
  class space    used 8266K, committed 8832K, reserved 1048576K
}
Event: 9.023 GC heap after
{Heap after GC invocations=25 (full 0):
 garbage-first heap   total 530432K, used 171049K [0x0000000703600000, 0x0000000800000000)
  region size 2048K, 4 young (8192K), 4 survivors (8192K)
 Metaspace       used 59587K, committed 60800K, reserved 1114112K
  class space    used 8266K, committed 8832K, reserved 1048576K
}

