# JRE version: OpenJDK Runtime Environment Temurin-17.0.8+7 (17.0.8+7) (build 17.0.8+7)
# Java VM: OpenJDK 64-Bit Server VM Temurin-17.0.8+7 (17.0.8+7, mixed mode, sharing, tiered, compressed oops, compressed class ptrs, g1 gc, windows-amd64)
GC Precious Log:
 CPUs: 12 total, 12 available
 Memory: 16163M
 Large Page Support: Disabled
 NUMA Support: Disabled
 Compressed Oops: Enabled (Zero based)
 Heap Region Size: 2M
 Heap Min Capacity: 8M
 Heap Initial Capacity: 254M
 Heap Max Capacity: 4042M
 Pre-touch: Disabled
 Parallel Workers: 10
 Concurrent Workers: 3
 Concurrent Refinement Workers: 10
 Periodic GC: Disabled
Heap:
 garbage-first heap   total 868352K, used 295527K [0x0000000703600000, 0x0000000800000000)
  region size 2048K, 36 young (73728K), 2 survivors (4096K)
 Metaspace       used 87324K, committed 88832K, reserved 1179648K
  class space    used 12664K, committed 13312K, reserved 1048576K
GC Heap History (20 events):
Event: 11.878 GC heap before
{Heap before GC invocations=17 (full 0):
 garbage-first heap   total 434176K, used 371188K [0x0000000703600000, 0x0000000800000000)
  region size 2048K, 123 young (251904K), 4 survivors (8192K)
 Metaspace       used 40343K, committed 41408K, reserved 1114112K
  class space    used 4803K, committed 5248K, reserved 1048576K
}
Event: 11.884 GC heap after
{Heap after GC invocations=18 (full 0):
 garbage-first heap   total 434176K, used 133279K [0x0000000703600000, 0x0000000800000000)
  region size 2048K, 7 young (14336K), 7 survivors (14336K)
 Metaspace       used 40343K, committed 41408K, reserved 1114112K
  class space    used 4803K, committed 5248K, reserved 1048576K
}
Event: 13.540 GC heap before
{Heap before GC invocations=19 (full 0):
 garbage-first heap   total 434176K, used 360607K [0x0000000703600000, 0x0000000800000000)
  region size 2048K, 118 young (241664K), 7 survivors (14336K)
 Metaspace       used 48846K, committed 50112K, reserved 1114112K
  class space    used 6135K, committed 6720K, reserved 1048576K
}
Event: 13.552 GC heap after
{Heap after GC invocations=20 (full 0):
 garbage-first heap   total 434176K, used 144297K [0x0000000703600000, 0x0000000800000000)
  region size 2048K, 12 young (24576K), 12 survivors (24576K)
 Metaspace       used 48846K, committed 50112K, reserved 1114112K
  class space    used 6135K, committed 6720K, reserved 1048576K
}
Event: 14.192 GC heap before
{Heap before GC invocations=20 (full 0):
 garbage-first heap   total 434176K, used 357289K [0x0000000703600000, 0x0000000800000000)
  region size 2048K, 116 young (237568K), 12 survivors (24576K)
 Metaspace       used 50353K, committed 51648K, reserved 1114112K
  class space    used 6355K, committed 6912K, reserved 1048576K
}
Event: 14.212 GC heap after
{Heap after GC invocations=21 (full 0):
 garbage-first heap   total 434176K, used 160026K [0x0000000703600000, 0x0000000800000000)
  region size 2048K, 14 young (28672K), 14 survivors (28672K)
 Metaspace       used 50353K, committed 51648K, reserved 1114112K
  class space    used 6355K, committed 6912K, reserved 1048576K
}
Event: 14.652 GC heap before
{Heap before GC invocations=21 (full 0):
 garbage-first heap   total 434176K, used 354586K [0x0000000703600000, 0x0000000800000000)
  region size 2048K, 109 young (223232K), 14 survivors (28672K)
 Metaspace       used 51168K, committed 52416K, reserved 1114112K
  class space    used 6480K, committed 7040K, reserved 1048576K
}
Event: 14.672 GC heap after
{Heap after GC invocations=22 (full 0):
 garbage-first heap   total 434176K, used 181158K [0x0000000703600000, 0x0000000800000000)
  region size 2048K, 11 young (22528K), 11 survivors (22528K)
 Metaspace       used 51168K, committed 52416K, reserved 1114112K
  class space    used 6480K, committed 7040K, reserved 1048576K
}
Event: 15.512 GC heap before
{Heap before GC invocations=22 (full 0):
 garbage-first heap   total 434176K, used 351142K [0x0000000703600000, 0x0000000800000000)
  region size 2048K, 94 young (192512K), 11 survivors (22528K)
 Metaspace       used 56192K, committed 57472K, reserved 1114112K
  class space    used 7264K, committed 7808K, reserved 1048576K
}
Event: 15.528 GC heap after
{Heap after GC invocations=23 (full 0):
 garbage-first heap   total 434176K, used 200514K [0x0000000703600000, 0x0000000800000000)
  region size 2048K, 10 young (20480K), 10 survivors (20480K)
 Metaspace       used 56192K, committed 57472K, reserved 1114112K
  class space    used 7264K, committed 7808K, reserved 1048576K
}
Event: 16.109 GC heap before
{Heap before GC invocations=23 (full 0):
 garbage-first heap   total 434176K, used 347970K [0x0000000703600000, 0x0000000800000000)
  region size 2048K, 82 young (167936K), 10 survivors (20480K)
 Metaspace       used 61261K, committed 62528K, reserved 1114112K
  class space    used 8485K, committed 9024K, reserved 1048576K
}
Event: 16.118 GC heap after
{Heap after GC invocations=24 (full 0):
 garbage-first heap   total 434176K, used 208083K [0x0000000703600000, 0x0000000800000000)
  region size 2048K, 4 young (8192K), 4 survivors (8192K)
 Metaspace       used 61261K, committed 62528K, reserved 1114112K
  class space    used 8485K, committed 9024K, reserved 1048576K
}
Event: 16.885 GC heap before
{Heap before GC invocations=24 (full 0):
 garbage-first heap   total 434176K, used 320723K [0x0000000703600000, 0x0000000800000000)
  region size 2048K, 60 young (122880K), 4 survivors (8192K)
 Metaspace       used 68056K, committed 69376K, reserved 1114112K
  class space    used 9822K, committed 10432K, reserved 1048576K
}
Event: 16.891 GC heap after
{Heap after GC invocations=25 (full 0):
 garbage-first heap   total 434176K, used 210209K [0x0000000703600000, 0x0000000800000000)
  region size 2048K, 5 young (10240K), 5 survivors (10240K)
 Metaspace       used 68056K, committed 69376K, reserved 1114112K
  class space    used 9822K, committed 10432K, reserved 1048576K
}
Event: 18.512 GC heap before
{Heap before GC invocations=26 (full 0):
 garbage-first heap   total 434176K, used 357665K [0x0000000703600000, 0x0000000800000000)
  region size 2048K, 77 young (157696K), 5 survivors (10240K)
 Metaspace       used 80697K, committed 82176K, reserved 1179648K
  class space    used 11523K, committed 12224K, reserved 1048576K
}
Event: 18.524 GC heap after
{Heap after GC invocations=27 (full 0):
 garbage-first heap   total 434176K, used 220798K [0x0000000703600000, 0x0000000800000000)
  region size 2048K, 10 young (20480K), 10 survivors (20480K)
 Metaspace       used 80697K, committed 82176K, reserved 1179648K
  class space    used 11523K, committed 12224K, reserved 1048576K
}
Event: 18.539 GC heap before
{Heap before GC invocations=27 (full 0):
 garbage-first heap   total 434176K, used 220798K [0x0000000703600000, 0x0000000800000000)
  region size 2048K, 11 young (22528K), 10 survivors (20480K)
 Metaspace       used 80850K, committed 82368K, reserved 1179648K
  class space    used 11555K, committed 12224K, reserved 1048576K
}
Event: 18.548 GC heap after
{Heap after GC invocations=28 (full 0):
 garbage-first heap   total 434176K, used 222912K [0x0000000703600000, 0x0000000800000000)
  region size 2048K, 2 young (4096K), 2 survivors (4096K)
 Metaspace       used 80850K, committed 82368K, reserved 1179648K
  class space    used 11555K, committed 12224K, reserved 1048576K
}
Event: 18.972 GC heap before
{Heap before GC invocations=28 (full 0):
 garbage-first heap   total 434176K, used 298688K [0x0000000703600000, 0x0000000800000000)
  region size 2048K, 40 young (81920K), 2 survivors (4096K)
 Metaspace       used 85019K, committed 86528K, reserved 1179648K
  class space    used 12259K, committed 12928K, reserved 1048576K
}
Event: 18.977 GC heap after
{Heap after GC invocations=29 (full 0):
 garbage-first heap   total 868352K, used 223847K [0x0000000703600000, 0x0000000800000000)
  region size 2048K, 2 young (4096K), 2 survivors (4096K)
 Metaspace       used 85019K, committed 86528K, reserved 1179648K
  class space    used 12259K, committed 12928K, reserved 1048576K
}

