# JRE version: OpenJDK Runtime Environment Temurin-17.0.8+7 (17.0.8+7) (build 17.0.8+7)
# Java VM: OpenJDK 64-Bit Server VM Temurin-17.0.8+7 (17.0.8+7, mixed mode, sharing, tiered, compressed oops, compressed class ptrs, g1 gc, windows-amd64)
GC Precious Log:
 CPUs: 12 total, 12 available
 Memory: 16163M
 Large Page Support: Disabled
 NUMA Support: Disabled
 Compressed Oops: Enabled (Zero based)
 Heap Region Size: 2M
 Heap Min Capacity: 8M
 Heap Initial Capacity: 254M
 Heap Max Capacity: 4042M
 Pre-touch: Disabled
 Parallel Workers: 10
 Concurrent Workers: 3
 Concurrent Refinement Workers: 10
 Periodic GC: Disabled
Heap:
 garbage-first heap   total 477184K, used 375808K [0x0000000703600000, 0x0000000800000000)
  region size 2048K, 88 young (180224K), 1 survivors (2048K)
 Metaspace       used 79643K, committed 81088K, reserved 1179648K
  class space    used 11358K, committed 12032K, reserved 1048576K
GC Heap History (20 events):
Event: 4.886 GC heap before
{Heap before GC invocations=17 (full 0):
 garbage-first heap   total 307200K, used 255149K [0x0000000703600000, 0x0000000800000000)
  region size 2048K, 79 young (161792K), 5 survivors (10240K)
 Metaspace       used 35055K, committed 35968K, reserved 1114112K
  class space    used 4123K, committed 4480K, reserved 1048576K
}
Event: 4.892 GC heap after
{Heap after GC invocations=18 (full 0):
 garbage-first heap   total 434176K, used 104992K [0x0000000703600000, 0x0000000800000000)
  region size 2048K, 6 young (12288K), 6 survivors (12288K)
 Metaspace       used 35055K, committed 35968K, reserved 1114112K
  class space    used 4123K, committed 4480K, reserved 1048576K
}
Event: 4.905 GC heap before
{Heap before GC invocations=18 (full 0):
 garbage-first heap   total 434176K, used 104992K [0x0000000703600000, 0x0000000800000000)
  region size 2048K, 7 young (14336K), 6 survivors (12288K)
 Metaspace       used 35263K, committed 36160K, reserved 1114112K
  class space    used 4138K, committed 4544K, reserved 1048576K
}
Event: 4.909 GC heap after
{Heap after GC invocations=19 (full 0):
 garbage-first heap   total 434176K, used 105260K [0x0000000703600000, 0x0000000800000000)
  region size 2048K, 6 young (12288K), 6 survivors (12288K)
 Metaspace       used 35263K, committed 36160K, reserved 1114112K
  class space    used 4138K, committed 4544K, reserved 1048576K
}
Event: 6.832 GC heap before
{Heap before GC invocations=20 (full 0):
 garbage-first heap   total 368640K, used 332588K [0x0000000703600000, 0x0000000800000000)
  region size 2048K, 112 young (229376K), 6 survivors (12288K)
 Metaspace       used 45362K, committed 46528K, reserved 1114112K
  class space    used 5436K, committed 5952K, reserved 1048576K
}
Event: 6.842 GC heap after
{Heap after GC invocations=21 (full 0):
 garbage-first heap   total 368640K, used 125982K [0x0000000703600000, 0x0000000800000000)
  region size 2048K, 10 young (20480K), 10 survivors (20480K)
 Metaspace       used 45362K, committed 46528K, reserved 1114112K
  class space    used 5436K, committed 5952K, reserved 1048576K
}
Event: 7.941 GC heap before
{Heap before GC invocations=22 (full 0):
 garbage-first heap   total 368640K, used 302110K [0x0000000703600000, 0x0000000800000000)
  region size 2048K, 96 young (196608K), 10 survivors (20480K)
 Metaspace       used 49524K, committed 50752K, reserved 1114112K
  class space    used 6254K, committed 6784K, reserved 1048576K
}
Event: 7.960 GC heap after
{Heap after GC invocations=23 (full 0):
 garbage-first heap   total 368640K, used 139375K [0x0000000703600000, 0x0000000800000000)
  region size 2048K, 12 young (24576K), 12 survivors (24576K)
 Metaspace       used 49524K, committed 50752K, reserved 1114112K
  class space    used 6254K, committed 6784K, reserved 1048576K
}
Event: 8.275 GC heap before
{Heap before GC invocations=23 (full 0):
 garbage-first heap   total 368640K, used 297071K [0x0000000703600000, 0x0000000800000000)
  region size 2048K, 89 young (182272K), 12 survivors (24576K)
 Metaspace       used 50363K, committed 51584K, reserved 1114112K
  class space    used 6373K, committed 6912K, reserved 1048576K
}
Event: 8.293 GC heap after
{Heap after GC invocations=24 (full 0):
 garbage-first heap   total 368640K, used 152598K [0x0000000703600000, 0x0000000800000000)
  region size 2048K, 7 young (14336K), 7 survivors (14336K)
 Metaspace       used 50363K, committed 51584K, reserved 1114112K
  class space    used 6373K, committed 6912K, reserved 1048576K
}
Event: 8.505 GC heap before
{Heap before GC invocations=24 (full 0):
 garbage-first heap   total 368640K, used 298006K [0x0000000703600000, 0x0000000800000000)
  region size 2048K, 78 young (159744K), 7 survivors (14336K)
 Metaspace       used 50828K, committed 52032K, reserved 1114112K
  class space    used 6437K, committed 6976K, reserved 1048576K
}
Event: 8.516 GC heap after
{Heap after GC invocations=25 (full 0):
 garbage-first heap   total 368640K, used 167521K [0x0000000703600000, 0x0000000800000000)
  region size 2048K, 8 young (16384K), 8 survivors (16384K)
 Metaspace       used 50828K, committed 52032K, reserved 1114112K
  class space    used 6437K, committed 6976K, reserved 1048576K
}
Event: 8.913 GC heap before
{Heap before GC invocations=25 (full 0):
 garbage-first heap   total 368640K, used 298593K [0x0000000703600000, 0x0000000800000000)
  region size 2048K, 72 young (147456K), 8 survivors (16384K)
 Metaspace       used 53181K, committed 54400K, reserved 1114112K
  class space    used 6825K, committed 7360K, reserved 1048576K
}
Event: 8.923 GC heap after
{Heap after GC invocations=26 (full 0):
 garbage-first heap   total 368640K, used 173575K [0x0000000703600000, 0x0000000800000000)
  region size 2048K, 4 young (8192K), 4 survivors (8192K)
 Metaspace       used 53181K, committed 54400K, reserved 1114112K
  class space    used 6825K, committed 7360K, reserved 1048576K
}
Event: 9.413 GC heap before
{Heap before GC invocations=26 (full 0):
 garbage-first heap   total 368640K, used 302599K [0x0000000703600000, 0x0000000800000000)
  region size 2048K, 67 young (137216K), 4 survivors (8192K)
 Metaspace       used 57678K, committed 58880K, reserved 1114112K
  class space    used 7597K, committed 8128K, reserved 1048576K
}
Event: 9.425 GC heap after
{Heap after GC invocations=27 (full 0):
 garbage-first heap   total 477184K, used 192003K [0x0000000703600000, 0x0000000800000000)
  region size 2048K, 9 young (18432K), 9 survivors (18432K)
 Metaspace       used 57678K, committed 58880K, reserved 1114112K
  class space    used 7597K, committed 8128K, reserved 1048576K
}
Event: 10.562 GC heap before
{Heap before GC invocations=28 (full 0):
 garbage-first heap   total 477184K, used 376323K [0x0000000703600000, 0x0000000800000000)
  region size 2048K, 99 young (202752K), 9 survivors (18432K)
 Metaspace       used 67345K, committed 68672K, reserved 1114112K
  class space    used 9707K, committed 10304K, reserved 1048576K
}
Event: 10.573 GC heap after
{Heap after GC invocations=29 (full 0):
 garbage-first heap   total 477184K, used 199746K [0x0000000703600000, 0x0000000800000000)
  region size 2048K, 4 young (8192K), 4 survivors (8192K)
 Metaspace       used 67345K, committed 68672K, reserved 1114112K
  class space    used 9707K, committed 10304K, reserved 1048576K
}
Event: 10.665 GC heap before
{Heap before GC invocations=29 (full 0):
 garbage-first heap   total 477184K, used 214082K [0x0000000703600000, 0x0000000800000000)
  region size 2048K, 11 young (22528K), 4 survivors (8192K)
 Metaspace       used 68522K, committed 69888K, reserved 1114112K
  class space    used 9977K, committed 10560K, reserved 1048576K
}
Event: 10.669 GC heap after
{Heap after GC invocations=30 (full 0):
 garbage-first heap   total 477184K, used 199680K [0x0000000703600000, 0x0000000800000000)
  region size 2048K, 1 young (2048K), 1 survivors (2048K)
 Metaspace       used 68522K, committed 69888K, reserved 1114112K
  class space    used 9977K, committed 10560K, reserved 1048576K
}

