# JRE version: OpenJDK Runtime Environment Temurin-17.0.8+7 (17.0.8+7) (build 17.0.8+7)
# Java VM: OpenJDK 64-Bit Server VM Temurin-17.0.8+7 (17.0.8+7, mixed mode, sharing, tiered, compressed oops, compressed class ptrs, g1 gc, windows-amd64)
GC Precious Log:
 CPUs: 12 total, 12 available
 Memory: 16163M
 Large Page Support: Disabled
 NUMA Support: Disabled
 Compressed Oops: Enabled (Zero based)
 Heap Region Size: 2M
 Heap Min Capacity: 8M
 Heap Initial Capacity: 254M
 Heap Max Capacity: 4042M
 Pre-touch: Disabled
 Parallel Workers: 10
 Concurrent Workers: 3
 Concurrent Refinement Workers: 10
 Periodic GC: Disabled
Heap:
 garbage-first heap   total 454656K, used 186450K [0x0000000703600000, 0x0000000800000000)
  region size 2048K, 10 young (20480K), 7 survivors (14336K)
 Metaspace       used 78340K, committed 79808K, reserved 1179648K
  class space    used 11198K, committed 11840K, reserved 1048576K
GC Heap History (20 events):
Event: 3.885 GC heap before
{Heap before GC invocations=12 (full 0):
 garbage-first heap   total 245760K, used 201606K [0x0000000703600000, 0x0000000800000000)
  region size 2048K, 63 young (129024K), 2 survivors (4096K)
 Metaspace       used 32026K, committed 32960K, reserved 1114112K
  class space    used 3779K, committed 4160K, reserved 1048576K
}
Event: 3.889 GC heap after
{Heap after GC invocations=13 (full 0):
 garbage-first heap   total 296960K, used 78444K [0x0000000703600000, 0x0000000800000000)
  region size 2048K, 3 young (6144K), 3 survivors (6144K)
 Metaspace       used 32026K, committed 32960K, reserved 1114112K
  class space    used 3779K, committed 4160K, reserved 1048576K
}
Event: 4.203 GC heap before
{Heap before GC invocations=13 (full 0):
 garbage-first heap   total 296960K, used 240236K [0x0000000703600000, 0x0000000800000000)
  region size 2048K, 77 young (157696K), 3 survivors (6144K)
 Metaspace       used 35387K, committed 36416K, reserved 1114112K
  class space    used 4193K, committed 4672K, reserved 1048576K
}
Event: 4.208 GC heap after
{Heap after GC invocations=14 (full 0):
 garbage-first heap   total 296960K, used 94149K [0x0000000703600000, 0x0000000800000000)
  region size 2048K, 5 young (10240K), 5 survivors (10240K)
 Metaspace       used 35387K, committed 36416K, reserved 1114112K
  class space    used 4193K, committed 4672K, reserved 1048576K
}
Event: 4.831 GC heap before
{Heap before GC invocations=15 (full 0):
 garbage-first heap   total 296960K, used 247749K [0x0000000703600000, 0x0000000800000000)
  region size 2048K, 80 young (163840K), 5 survivors (10240K)
 Metaspace       used 38983K, committed 40064K, reserved 1114112K
  class space    used 4645K, committed 5120K, reserved 1048576K
}
Event: 4.837 GC heap after
{Heap after GC invocations=16 (full 0):
 garbage-first heap   total 296960K, used 98942K [0x0000000703600000, 0x0000000800000000)
  region size 2048K, 7 young (14336K), 7 survivors (14336K)
 Metaspace       used 38983K, committed 40064K, reserved 1114112K
  class space    used 4645K, committed 5120K, reserved 1048576K
}
Event: 5.700 GC heap before
{Heap before GC invocations=16 (full 0):
 garbage-first heap   total 296960K, used 248446K [0x0000000703600000, 0x0000000800000000)
  region size 2048K, 80 young (163840K), 7 survivors (14336K)
 Metaspace       used 47026K, committed 48192K, reserved 1114112K
  class space    used 5859K, committed 6400K, reserved 1048576K
}
Event: 5.710 GC heap after
{Heap after GC invocations=17 (full 0):
 garbage-first heap   total 296960K, used 104941K [0x0000000703600000, 0x0000000800000000)
  region size 2048K, 8 young (16384K), 8 survivors (16384K)
 Metaspace       used 47026K, committed 48192K, reserved 1114112K
  class space    used 5859K, committed 6400K, reserved 1048576K
}
Event: 6.044 GC heap before
{Heap before GC invocations=17 (full 0):
 garbage-first heap   total 296960K, used 248301K [0x0000000703600000, 0x0000000800000000)
  region size 2048K, 78 young (159744K), 8 survivors (16384K)
 Metaspace       used 48851K, committed 50112K, reserved 1114112K
  class space    used 6167K, committed 6720K, reserved 1048576K
}
Event: 6.058 GC heap after
{Heap after GC invocations=18 (full 0):
 garbage-first heap   total 296960K, used 118548K [0x0000000703600000, 0x0000000800000000)
  region size 2048K, 10 young (20480K), 10 survivors (20480K)
 Metaspace       used 48851K, committed 50112K, reserved 1114112K
  class space    used 6167K, committed 6720K, reserved 1048576K
}
Event: 6.249 GC heap before
{Heap before GC invocations=18 (full 0):
 garbage-first heap   total 296960K, used 241428K [0x0000000703600000, 0x0000000800000000)
  region size 2048K, 70 young (143360K), 10 survivors (20480K)
 Metaspace       used 49251K, committed 50496K, reserved 1114112K
  class space    used 6238K, committed 6784K, reserved 1048576K
}
Event: 6.266 GC heap after
{Heap after GC invocations=19 (full 0):
 garbage-first heap   total 296960K, used 133116K [0x0000000703600000, 0x0000000800000000)
  region size 2048K, 7 young (14336K), 7 survivors (14336K)
 Metaspace       used 49251K, committed 50496K, reserved 1114112K
  class space    used 6238K, committed 6784K, reserved 1048576K
}
Event: 6.413 GC heap before
{Heap before GC invocations=19 (full 0):
 garbage-first heap   total 296960K, used 239612K [0x0000000703600000, 0x0000000800000000)
  region size 2048K, 59 young (120832K), 7 survivors (14336K)
 Metaspace       used 49847K, committed 51072K, reserved 1114112K
  class space    used 6318K, committed 6848K, reserved 1048576K
}
Event: 6.424 GC heap after
{Heap after GC invocations=20 (full 0):
 garbage-first heap   total 296960K, used 145552K [0x0000000703600000, 0x0000000800000000)
  region size 2048K, 6 young (12288K), 6 survivors (12288K)
 Metaspace       used 49847K, committed 51072K, reserved 1114112K
  class space    used 6318K, committed 6848K, reserved 1048576K
}
Event: 6.734 GC heap before
{Heap before GC invocations=20 (full 0):
 garbage-first heap   total 296960K, used 239760K [0x0000000703600000, 0x0000000800000000)
  region size 2048K, 52 young (106496K), 6 survivors (12288K)
 Metaspace       used 52769K, committed 53952K, reserved 1114112K
  class space    used 6778K, committed 7296K, reserved 1048576K
}
Event: 6.741 GC heap after
{Heap after GC invocations=21 (full 0):
 garbage-first heap   total 454656K, used 148301K [0x0000000703600000, 0x0000000800000000)
  region size 2048K, 2 young (4096K), 2 survivors (4096K)
 Metaspace       used 52769K, committed 53952K, reserved 1114112K
  class space    used 6778K, committed 7296K, reserved 1048576K
}
Event: 7.827 GC heap before
{Heap before GC invocations=22 (full 0):
 garbage-first heap   total 454656K, used 365389K [0x0000000703600000, 0x0000000800000000)
  region size 2048K, 108 young (221184K), 2 survivors (4096K)
 Metaspace       used 62498K, committed 63808K, reserved 1114112K
  class space    used 8838K, committed 9408K, reserved 1048576K
}
Event: 7.836 GC heap after
{Heap after GC invocations=23 (full 0):
 garbage-first heap   total 454656K, used 168337K [0x0000000703600000, 0x0000000800000000)
  region size 2048K, 12 young (24576K), 12 survivors (24576K)
 Metaspace       used 62498K, committed 63808K, reserved 1114112K
  class space    used 8838K, committed 9408K, reserved 1048576K
}
Event: 9.206 GC heap before
{Heap before GC invocations=23 (full 0):
 garbage-first heap   total 454656K, used 352657K [0x0000000703600000, 0x0000000800000000)
  region size 2048K, 102 young (208896K), 12 survivors (24576K)
 Metaspace       used 78168K, committed 79680K, reserved 1179648K
  class space    used 11189K, committed 11840K, reserved 1048576K
}
Event: 9.218 GC heap after
{Heap after GC invocations=24 (full 0):
 garbage-first heap   total 454656K, used 182354K [0x0000000703600000, 0x0000000800000000)
  region size 2048K, 7 young (14336K), 7 survivors (14336K)
 Metaspace       used 78168K, committed 79680K, reserved 1179648K
  class space    used 11189K, committed 11840K, reserved 1048576K
}

