# JRE version: OpenJDK Runtime Environment Temurin-17.0.8+7 (17.0.8+7) (build 17.0.8+7)
# Java VM: OpenJDK 64-Bit Server VM Temurin-17.0.8+7 (17.0.8+7, mixed mode, sharing, tiered, compressed oops, compressed class ptrs, g1 gc, windows-amd64)
GC Precious Log:
 CPUs: 12 total, 12 available
 Memory: 16163M
 Large Page Support: Disabled
 NUMA Support: Disabled
 Compressed Oops: Enabled (Zero based)
 Heap Region Size: 2M
 Heap Min Capacity: 8M
 Heap Initial Capacity: 254M
 Heap Max Capacity: 4042M
 Pre-touch: Disabled
 Parallel Workers: 10
 Concurrent Workers: 3
 Concurrent Refinement Workers: 10
 Periodic GC: Disabled
Heap:
 garbage-first heap   total 425984K, used 248340K [0x0000000703600000, 0x0000000800000000)
  region size 2048K, 34 young (69632K), 1 survivors (2048K)
 Metaspace       used 78516K, committed 79936K, reserved 1179648K
  class space    used 11204K, committed 11840K, reserved 1048576K
GC Heap History (20 events):
Event: 4.806 GC heap before
{Heap before GC invocations=14 (full 0):
 garbage-first heap   total 319488K, used 149777K [0x0000000703600000, 0x0000000800000000)
  region size 2048K, 32 young (65536K), 5 survivors (10240K)
 Metaspace       used 35108K, committed 36224K, reserved 1114112K
  class space    used 4166K, committed 4672K, reserved 1048576K
}
Event: 4.811 GC heap after
{Heap after GC invocations=15 (full 0):
 garbage-first heap   total 319488K, used 97721K [0x0000000703600000, 0x0000000800000000)
  region size 2048K, 6 young (12288K), 6 survivors (12288K)
 Metaspace       used 35108K, committed 36224K, reserved 1114112K
  class space    used 4166K, committed 4672K, reserved 1048576K
}
Event: 6.195 GC heap before
{Heap before GC invocations=16 (full 0):
 garbage-first heap   total 319488K, used 267705K [0x0000000703600000, 0x0000000800000000)
  region size 2048K, 89 young (182272K), 6 survivors (12288K)
 Metaspace       used 41833K, committed 43008K, reserved 1114112K
  class space    used 4944K, committed 5504K, reserved 1048576K
}
Event: 6.204 GC heap after
{Heap after GC invocations=17 (full 0):
 garbage-first heap   total 319488K, used 104841K [0x0000000703600000, 0x0000000800000000)
  region size 2048K, 9 young (18432K), 9 survivors (18432K)
 Metaspace       used 41833K, committed 43008K, reserved 1114112K
  class space    used 4944K, committed 5504K, reserved 1048576K
}
Event: 7.035 GC heap before
{Heap before GC invocations=17 (full 0):
 garbage-first heap   total 319488K, used 266633K [0x0000000703600000, 0x0000000800000000)
  region size 2048K, 88 young (180224K), 9 survivors (18432K)
 Metaspace       used 47904K, committed 49152K, reserved 1114112K
  class space    used 6005K, committed 6528K, reserved 1048576K
}
Event: 7.048 GC heap after
{Heap after GC invocations=18 (full 0):
 garbage-first heap   total 319488K, used 115064K [0x0000000703600000, 0x0000000800000000)
  region size 2048K, 11 young (22528K), 11 survivors (22528K)
 Metaspace       used 47904K, committed 49152K, reserved 1114112K
  class space    used 6005K, committed 6528K, reserved 1048576K
}
Event: 7.368 GC heap before
{Heap before GC invocations=18 (full 0):
 garbage-first heap   total 319488K, used 260472K [0x0000000703600000, 0x0000000800000000)
  region size 2048K, 82 young (167936K), 11 survivors (22528K)
 Metaspace       used 48941K, committed 50176K, reserved 1114112K
  class space    used 6165K, committed 6720K, reserved 1048576K
}
Event: 7.383 GC heap after
{Heap after GC invocations=19 (full 0):
 garbage-first heap   total 319488K, used 123148K [0x0000000703600000, 0x0000000800000000)
  region size 2048K, 10 young (20480K), 10 survivors (20480K)
 Metaspace       used 48941K, committed 50176K, reserved 1114112K
  class space    used 6165K, committed 6720K, reserved 1048576K
}
Event: 7.652 GC heap before
{Heap before GC invocations=19 (full 0):
 garbage-first heap   total 319488K, used 260364K [0x0000000703600000, 0x0000000800000000)
  region size 2048K, 77 young (157696K), 10 survivors (20480K)
 Metaspace       used 49482K, committed 50688K, reserved 1114112K
  class space    used 6253K, committed 6784K, reserved 1048576K
}
Event: 7.671 GC heap after
{Heap after GC invocations=20 (full 0):
 garbage-first heap   total 319488K, used 137393K [0x0000000703600000, 0x0000000800000000)
  region size 2048K, 10 young (20480K), 10 survivors (20480K)
 Metaspace       used 49482K, committed 50688K, reserved 1114112K
  class space    used 6253K, committed 6784K, reserved 1048576K
}
Event: 7.900 GC heap before
{Heap before GC invocations=20 (full 0):
 garbage-first heap   total 319488K, used 258225K [0x0000000703600000, 0x0000000800000000)
  region size 2048K, 69 young (141312K), 10 survivors (20480K)
 Metaspace       used 50361K, committed 51584K, reserved 1114112K
  class space    used 6389K, committed 6912K, reserved 1048576K
}
Event: 7.915 GC heap after
{Heap after GC invocations=21 (full 0):
 garbage-first heap   total 425984K, used 150993K [0x0000000703600000, 0x0000000800000000)
  region size 2048K, 6 young (12288K), 6 survivors (12288K)
 Metaspace       used 50361K, committed 51584K, reserved 1114112K
  class space    used 6389K, committed 6912K, reserved 1048576K
}
Event: 8.622 GC heap before
{Heap before GC invocations=21 (full 0):
 garbage-first heap   total 425984K, used 339409K [0x0000000703600000, 0x0000000800000000)
  region size 2048K, 98 young (200704K), 6 survivors (12288K)
 Metaspace       used 55748K, committed 56960K, reserved 1114112K
  class space    used 7240K, committed 7808K, reserved 1048576K
}
Event: 8.634 GC heap after
{Heap after GC invocations=22 (full 0):
 garbage-first heap   total 425984K, used 169547K [0x0000000703600000, 0x0000000800000000)
  region size 2048K, 13 young (26624K), 13 survivors (26624K)
 Metaspace       used 55748K, committed 56960K, reserved 1114112K
  class space    used 7240K, committed 7808K, reserved 1048576K
}
Event: 9.104 GC heap before
{Heap before GC invocations=22 (full 0):
 garbage-first heap   total 425984K, used 257611K [0x0000000703600000, 0x0000000800000000)
  region size 2048K, 57 young (116736K), 13 survivors (26624K)
 Metaspace       used 59588K, committed 60800K, reserved 1114112K
  class space    used 8238K, committed 8768K, reserved 1048576K
}
Event: 9.115 GC heap after
{Heap after GC invocations=23 (full 0):
 garbage-first heap   total 425984K, used 175503K [0x0000000703600000, 0x0000000800000000)
  region size 2048K, 3 young (6144K), 3 survivors (6144K)
 Metaspace       used 59588K, committed 60800K, reserved 1114112K
  class space    used 8238K, committed 8768K, reserved 1048576K
}
Event: 10.162 GC heap before
{Heap before GC invocations=24 (full 0):
 garbage-first heap   total 425984K, used 341391K [0x0000000703600000, 0x0000000800000000)
  region size 2048K, 84 young (172032K), 3 survivors (6144K)
 Metaspace       used 70777K, committed 72128K, reserved 1114112K
  class space    used 10248K, committed 10816K, reserved 1048576K
}
Event: 10.169 GC heap after
{Heap after GC invocations=25 (full 0):
 garbage-first heap   total 425984K, used 181846K [0x0000000703600000, 0x0000000800000000)
  region size 2048K, 6 young (12288K), 6 survivors (12288K)
 Metaspace       used 70777K, committed 72128K, reserved 1114112K
  class space    used 10248K, committed 10816K, reserved 1048576K
}
Event: 10.192 GC heap before
{Heap before GC invocations=25 (full 0):
 garbage-first heap   total 425984K, used 187990K [0x0000000703600000, 0x0000000800000000)
  region size 2048K, 10 young (20480K), 6 survivors (12288K)
 Metaspace       used 71130K, committed 72512K, reserved 1114112K
  class space    used 10300K, committed 10880K, reserved 1048576K
}
Event: 10.197 GC heap after
{Heap after GC invocations=26 (full 0):
 garbage-first heap   total 425984K, used 182804K [0x0000000703600000, 0x0000000800000000)
  region size 2048K, 1 young (2048K), 1 survivors (2048K)
 Metaspace       used 71130K, committed 72512K, reserved 1114112K
  class space    used 10300K, committed 10880K, reserved 1048576K
}

