# JRE version: OpenJDK Runtime Environment Temurin-17.0.8+7 (17.0.8+7) (build 17.0.8+7)
# Java VM: OpenJDK 64-Bit Server VM Temurin-17.0.8+7 (17.0.8+7, mixed mode, sharing, tiered, compressed oops, compressed class ptrs, g1 gc, windows-amd64)
GC Precious Log:
 CPUs: 12 total, 12 available
 Memory: 16163M
 Large Page Support: Disabled
 NUMA Support: Disabled
 Compressed Oops: Enabled (Zero based)
 Heap Region Size: 2M
 Heap Min Capacity: 8M
 Heap Initial Capacity: 254M
 Heap Max Capacity: 4042M
 Pre-touch: Disabled
 Parallel Workers: 10
 Concurrent Workers: 3
 Concurrent Refinement Workers: 10
 Periodic GC: Disabled
Heap:
 garbage-first heap   total 395264K, used 219786K [0x0000000703600000, 0x0000000800000000)
  region size 2048K, 18 young (36864K), 1 survivors (2048K)
 Metaspace       used 87381K, committed 88896K, reserved 1179648K
  class space    used 12655K, committed 13312K, reserved 1048576K
GC Heap History (20 events):
Event: 6.372 GC heap before
{Heap before GC invocations=16 (full 0):
 garbage-first heap   total 305152K, used 259114K [0x0000000703600000, 0x0000000800000000)
  region size 2048K, 84 young (172032K), 5 survivors (10240K)
 Metaspace       used 44791K, committed 46016K, reserved 1114112K
  class space    used 5493K, committed 6016K, reserved 1048576K
}
Event: 6.381 GC heap after
{Heap after GC invocations=17 (full 0):
 garbage-first heap   total 305152K, used 104225K [0x0000000703600000, 0x0000000800000000)
  region size 2048K, 9 young (18432K), 9 survivors (18432K)
 Metaspace       used 44791K, committed 46016K, reserved 1114112K
  class space    used 5493K, committed 6016K, reserved 1048576K
}
Event: 6.974 GC heap before
{Heap before GC invocations=18 (full 0):
 garbage-first heap   total 305152K, used 253729K [0x0000000703600000, 0x0000000800000000)
  region size 2048K, 82 young (167936K), 9 survivors (18432K)
 Metaspace       used 48345K, committed 49600K, reserved 1114112K
  class space    used 6125K, committed 6656K, reserved 1048576K
}
Event: 6.991 GC heap after
{Heap after GC invocations=19 (full 0):
 garbage-first heap   total 305152K, used 115991K [0x0000000703600000, 0x0000000800000000)
  region size 2048K, 11 young (22528K), 11 survivors (22528K)
 Metaspace       used 48345K, committed 49600K, reserved 1114112K
  class space    used 6125K, committed 6656K, reserved 1048576K
}
Event: 7.276 GC heap before
{Heap before GC invocations=19 (full 0):
 garbage-first heap   total 305152K, used 251159K [0x0000000703600000, 0x0000000800000000)
  region size 2048K, 77 young (157696K), 11 survivors (22528K)
 Metaspace       used 49140K, committed 50432K, reserved 1114112K
  class space    used 6258K, committed 6848K, reserved 1048576K
}
Event: 7.297 GC heap after
{Heap after GC invocations=20 (full 0):
 garbage-first heap   total 305152K, used 133079K [0x0000000703600000, 0x0000000800000000)
  region size 2048K, 9 young (18432K), 9 survivors (18432K)
 Metaspace       used 49140K, committed 50432K, reserved 1114112K
  class space    used 6258K, committed 6848K, reserved 1048576K
}
Event: 7.589 GC heap before
{Heap before GC invocations=20 (full 0):
 garbage-first heap   total 305152K, used 247767K [0x0000000703600000, 0x0000000800000000)
  region size 2048K, 65 young (133120K), 9 survivors (18432K)
 Metaspace       used 49736K, committed 51008K, reserved 1114112K
  class space    used 6338K, committed 6912K, reserved 1048576K
}
Event: 7.608 GC heap after
{Heap after GC invocations=21 (full 0):
 garbage-first heap   total 395264K, used 145946K [0x0000000703600000, 0x0000000800000000)
  region size 2048K, 7 young (14336K), 7 survivors (14336K)
 Metaspace       used 49736K, committed 51008K, reserved 1114112K
  class space    used 6338K, committed 6912K, reserved 1048576K
}
Event: 8.701 GC heap before
{Heap before GC invocations=21 (full 0):
 garbage-first heap   total 395264K, used 313882K [0x0000000703600000, 0x0000000800000000)
  region size 2048K, 89 young (182272K), 7 survivors (14336K)
 Metaspace       used 56903K, committed 58176K, reserved 1114112K
  class space    used 7620K, committed 8192K, reserved 1048576K
}
Event: 8.716 GC heap after
{Heap after GC invocations=22 (full 0):
 garbage-first heap   total 395264K, used 166232K [0x0000000703600000, 0x0000000800000000)
  region size 2048K, 12 young (24576K), 12 survivors (24576K)
 Metaspace       used 56903K, committed 58176K, reserved 1114112K
  class space    used 7620K, committed 8192K, reserved 1048576K
}
Event: 9.587 GC heap before
{Heap before GC invocations=22 (full 0):
 garbage-first heap   total 395264K, used 309592K [0x0000000703600000, 0x0000000800000000)
  region size 2048K, 82 young (167936K), 12 survivors (24576K)
 Metaspace       used 63081K, committed 64384K, reserved 1114112K
  class space    used 8951K, committed 9536K, reserved 1048576K
}
Event: 9.598 GC heap after
{Heap after GC invocations=23 (full 0):
 garbage-first heap   total 395264K, used 171429K [0x0000000703600000, 0x0000000800000000)
  region size 2048K, 3 young (6144K), 3 survivors (6144K)
 Metaspace       used 63081K, committed 64384K, reserved 1114112K
  class space    used 8951K, committed 9536K, reserved 1048576K
}
Event: 10.625 GC heap before
{Heap before GC invocations=23 (full 0):
 garbage-first heap   total 395264K, used 316837K [0x0000000703600000, 0x0000000800000000)
  region size 2048K, 74 young (151552K), 3 survivors (6144K)
 Metaspace       used 73891K, committed 75328K, reserved 1114112K
  class space    used 10713K, committed 11328K, reserved 1048576K
}
Event: 10.633 GC heap after
{Heap after GC invocations=24 (full 0):
 garbage-first heap   total 395264K, used 179884K [0x0000000703600000, 0x0000000800000000)
  region size 2048K, 7 young (14336K), 7 survivors (14336K)
 Metaspace       used 73891K, committed 75328K, reserved 1114112K
  class space    used 10713K, committed 11328K, reserved 1048576K
}
Event: 10.785 GC heap before
{Heap before GC invocations=24 (full 0):
 garbage-first heap   total 395264K, used 181932K [0x0000000703600000, 0x0000000800000000)
  region size 2048K, 9 young (18432K), 7 survivors (14336K)
 Metaspace       used 75807K, committed 77248K, reserved 1179648K
  class space    used 10967K, committed 11648K, reserved 1048576K
}
Event: 10.791 GC heap after
{Heap after GC invocations=25 (full 0):
 garbage-first heap   total 395264K, used 180745K [0x0000000703600000, 0x0000000800000000)
  region size 2048K, 6 young (12288K), 6 survivors (12288K)
 Metaspace       used 75807K, committed 77248K, reserved 1179648K
  class space    used 10967K, committed 11648K, reserved 1048576K
}
Event: 12.051 GC heap before
{Heap before GC invocations=26 (full 0):
 garbage-first heap   total 395264K, used 320009K [0x0000000703600000, 0x0000000800000000)
  region size 2048K, 72 young (147456K), 6 survivors (12288K)
 Metaspace       used 85147K, committed 86592K, reserved 1179648K
  class space    used 12371K, committed 12992K, reserved 1048576K
}
Event: 12.059 GC heap after
{Heap after GC invocations=27 (full 0):
 garbage-first heap   total 395264K, used 187128K [0x0000000703600000, 0x0000000800000000)
  region size 2048K, 4 young (8192K), 4 survivors (8192K)
 Metaspace       used 85147K, committed 86592K, reserved 1179648K
  class space    used 12371K, committed 12992K, reserved 1048576K
}
Event: 12.126 GC heap before
{Heap before GC invocations=27 (full 0):
 garbage-first heap   total 395264K, used 195320K [0x0000000703600000, 0x0000000800000000)
  region size 2048K, 9 young (18432K), 4 survivors (8192K)
 Metaspace       used 85807K, committed 87296K, reserved 1179648K
  class space    used 12427K, committed 13056K, reserved 1048576K
}
Event: 12.130 GC heap after
{Heap after GC invocations=28 (full 0):
 garbage-first heap   total 395264K, used 187018K [0x0000000703600000, 0x0000000800000000)
  region size 2048K, 1 young (2048K), 1 survivors (2048K)
 Metaspace       used 85807K, committed 87296K, reserved 1179648K
  class space    used 12427K, committed 13056K, reserved 1048576K
}

