# JRE version: OpenJDK Runtime Environment Temurin-17.0.8+7 (17.0.8+7) (build 17.0.8+7)
# Java VM: OpenJDK 64-Bit Server VM Temurin-17.0.8+7 (17.0.8+7, mixed mode, sharing, tiered, compressed oops, compressed class ptrs, g1 gc, windows-amd64)
GC Precious Log:
 CPUs: 12 total, 12 available
 Memory: 16163M
 Large Page Support: Disabled
 NUMA Support: Disabled
 Compressed Oops: Enabled (Zero based)
 Heap Region Size: 2M
 Heap Min Capacity: 8M
 Heap Initial Capacity: 254M
 Heap Max Capacity: 4042M
 Pre-touch: Disabled
 Parallel Workers: 10
 Concurrent Workers: 3
 Concurrent Refinement Workers: 10
 Periodic GC: Disabled
Heap:
 garbage-first heap   total 473088K, used 231196K [0x0000000703600000, 0x0000000800000000)
  region size 2048K, 25 young (51200K), 2 survivors (4096K)
 Metaspace       used 78615K, committed 80128K, reserved 1179648K
  class space    used 11226K, committed 11904K, reserved 1048576K
GC Heap History (20 events):
Event: 4.763 GC heap before
{Heap before GC invocations=16 (full 0):
 garbage-first heap   total 264192K, used 225139K [0x0000000703600000, 0x0000000800000000)
  region size 2048K, 69 young (141312K), 5 survivors (10240K)
 Metaspace       used 35253K, committed 36288K, reserved 1114112K
  class space    used 4193K, committed 4672K, reserved 1048576K
}
Event: 4.770 GC heap after
{Heap after GC invocations=17 (full 0):
 garbage-first heap   total 321536K, used 98082K [0x0000000703600000, 0x0000000800000000)
  region size 2048K, 6 young (12288K), 6 survivors (12288K)
 Metaspace       used 35253K, committed 36288K, reserved 1114112K
  class space    used 4193K, committed 4672K, reserved 1048576K
}
Event: 6.148 GC heap before
{Heap before GC invocations=18 (full 0):
 garbage-first heap   total 321536K, used 261922K [0x0000000703600000, 0x0000000800000000)
  region size 2048K, 86 young (176128K), 6 survivors (12288K)
 Metaspace       used 43996K, committed 45184K, reserved 1114112K
  class space    used 5240K, committed 5760K, reserved 1048576K
}
Event: 6.158 GC heap after
{Heap after GC invocations=19 (full 0):
 garbage-first heap   total 321536K, used 106620K [0x0000000703600000, 0x0000000800000000)
  region size 2048K, 10 young (20480K), 10 survivors (20480K)
 Metaspace       used 43996K, committed 45184K, reserved 1114112K
  class space    used 5240K, committed 5760K, reserved 1048576K
}
Event: 6.693 GC heap before
{Heap before GC invocations=19 (full 0):
 garbage-first heap   total 321536K, used 262268K [0x0000000703600000, 0x0000000800000000)
  region size 2048K, 86 young (176128K), 10 survivors (20480K)
 Metaspace       used 48369K, committed 49600K, reserved 1114112K
  class space    used 6063K, committed 6592K, reserved 1048576K
}
Event: 6.710 GC heap after
{Heap after GC invocations=20 (full 0):
 garbage-first heap   total 321536K, used 118153K [0x0000000703600000, 0x0000000800000000)
  region size 2048K, 11 young (22528K), 11 survivors (22528K)
 Metaspace       used 48369K, committed 49600K, reserved 1114112K
  class space    used 6063K, committed 6592K, reserved 1048576K
}
Event: 6.973 GC heap before
{Heap before GC invocations=20 (full 0):
 garbage-first heap   total 321536K, used 261513K [0x0000000703600000, 0x0000000800000000)
  region size 2048K, 81 young (165888K), 11 survivors (22528K)
 Metaspace       used 49268K, committed 50496K, reserved 1114112K
  class space    used 6212K, committed 6784K, reserved 1048576K
}
Event: 6.986 GC heap after
{Heap after GC invocations=21 (full 0):
 garbage-first heap   total 321536K, used 127351K [0x0000000703600000, 0x0000000800000000)
  region size 2048K, 5 young (10240K), 5 survivors (10240K)
 Metaspace       used 49268K, committed 50496K, reserved 1114112K
  class space    used 6212K, committed 6784K, reserved 1048576K
}
Event: 7.180 GC heap before
{Heap before GC invocations=21 (full 0):
 garbage-first heap   total 321536K, used 262519K [0x0000000703600000, 0x0000000800000000)
  region size 2048K, 71 young (145408K), 5 survivors (10240K)
 Metaspace       used 49639K, committed 50880K, reserved 1114112K
  class space    used 6278K, committed 6848K, reserved 1048576K
}
Event: 7.191 GC heap after
{Heap after GC invocations=22 (full 0):
 garbage-first heap   total 321536K, used 141274K [0x0000000703600000, 0x0000000800000000)
  region size 2048K, 9 young (18432K), 9 survivors (18432K)
 Metaspace       used 49639K, committed 50880K, reserved 1114112K
  class space    used 6278K, committed 6848K, reserved 1048576K
}
Event: 7.377 GC heap before
{Heap before GC invocations=22 (full 0):
 garbage-first heap   total 321536K, used 262106K [0x0000000703600000, 0x0000000800000000)
  region size 2048K, 68 young (139264K), 9 survivors (18432K)
 Metaspace       used 50410K, committed 51584K, reserved 1114112K
  class space    used 6397K, committed 6912K, reserved 1048576K
}
Event: 7.389 GC heap after
{Heap after GC invocations=23 (full 0):
 garbage-first heap   total 321536K, used 152570K [0x0000000703600000, 0x0000000800000000)
  region size 2048K, 6 young (12288K), 6 survivors (12288K)
 Metaspace       used 50410K, committed 51584K, reserved 1114112K
  class space    used 6397K, committed 6912K, reserved 1048576K
}
Event: 7.897 GC heap before
{Heap before GC invocations=23 (full 0):
 garbage-first heap   total 321536K, used 259066K [0x0000000703600000, 0x0000000800000000)
  region size 2048K, 59 young (120832K), 6 survivors (12288K)
 Metaspace       used 54723K, committed 56000K, reserved 1114112K
  class space    used 7050K, committed 7616K, reserved 1048576K
}
Event: 7.906 GC heap after
{Heap after GC invocations=24 (full 0):
 garbage-first heap   total 473088K, used 167210K [0x0000000703600000, 0x0000000800000000)
  region size 2048K, 7 young (14336K), 7 survivors (14336K)
 Metaspace       used 54723K, committed 56000K, reserved 1114112K
  class space    used 7050K, committed 7616K, reserved 1048576K
}
Event: 8.465 GC heap before
{Heap before GC invocations=24 (full 0):
 garbage-first heap   total 473088K, used 310570K [0x0000000703600000, 0x0000000800000000)
  region size 2048K, 78 young (159744K), 7 survivors (14336K)
 Metaspace       used 59828K, committed 61056K, reserved 1114112K
  class space    used 8291K, committed 8832K, reserved 1048576K
}
Event: 8.473 GC heap after
{Heap after GC invocations=25 (full 0):
 garbage-first heap   total 473088K, used 174637K [0x0000000703600000, 0x0000000800000000)
  region size 2048K, 11 young (22528K), 11 survivors (22528K)
 Metaspace       used 59828K, committed 61056K, reserved 1114112K
  class space    used 8291K, committed 8832K, reserved 1048576K
}
Event: 9.687 GC heap before
{Heap before GC invocations=26 (full 0):
 garbage-first heap   total 473088K, used 369197K [0x0000000703600000, 0x0000000800000000)
  region size 2048K, 106 young (217088K), 11 survivors (22528K)
 Metaspace       used 72582K, committed 73984K, reserved 1114112K
  class space    used 10476K, committed 11072K, reserved 1048576K
}
Event: 9.700 GC heap after
{Heap after GC invocations=27 (full 0):
 garbage-first heap   total 473088K, used 185234K [0x0000000703600000, 0x0000000800000000)
  region size 2048K, 10 young (20480K), 10 survivors (20480K)
 Metaspace       used 72582K, committed 73984K, reserved 1114112K
  class space    used 10476K, committed 11072K, reserved 1048576K
}
Event: 9.715 GC heap before
{Heap before GC invocations=27 (full 0):
 garbage-first heap   total 473088K, used 187282K [0x0000000703600000, 0x0000000800000000)
  region size 2048K, 11 young (22528K), 10 survivors (20480K)
 Metaspace       used 72943K, committed 74432K, reserved 1114112K
  class space    used 10540K, committed 11200K, reserved 1048576K
}
Event: 9.724 GC heap after
{Heap after GC invocations=28 (full 0):
 garbage-first heap   total 473088K, used 186140K [0x0000000703600000, 0x0000000800000000)
  region size 2048K, 2 young (4096K), 2 survivors (4096K)
 Metaspace       used 72943K, committed 74432K, reserved 1114112K
  class space    used 10540K, committed 11200K, reserved 1048576K
}

