# JRE version: OpenJDK Runtime Environment Temurin-17.0.8+7 (17.0.8+7) (build 17.0.8+7)
# Java VM: OpenJDK 64-Bit Server VM Temurin-17.0.8+7 (17.0.8+7, mixed mode, sharing, tiered, compressed oops, compressed class ptrs, g1 gc, windows-amd64)
GC Precious Log:
 CPUs: 12 total, 12 available
 Memory: 16163M
 Large Page Support: Disabled
 NUMA Support: Disabled
 Compressed Oops: Enabled (Zero based)
 Heap Region Size: 2M
 Heap Min Capacity: 8M
 Heap Initial Capacity: 254M
 Heap Max Capacity: 4042M
 Pre-touch: Disabled
 Parallel Workers: 10
 Concurrent Workers: 3
 Concurrent Refinement Workers: 10
 Periodic GC: Disabled
Heap:
 garbage-first heap   total 548864K, used 276114K [0x0000000703600000, 0x0000000800000000)
  region size 2048K, 30 young (61440K), 2 survivors (4096K)
 Metaspace       used 79214K, committed 80640K, reserved 1179648K
  class space    used 11291K, committed 11968K, reserved 1048576K
GC Heap History (20 events):
Event: 6.245 GC heap before
{Heap before GC invocations=17 (full 0):
 garbage-first heap   total 311296K, used 257773K [0x0000000703600000, 0x0000000800000000)
  region size 2048K, 76 young (155648K), 5 survivors (10240K)
 Metaspace       used 33587K, committed 34496K, reserved 1114112K
  class space    used 3953K, committed 4352K, reserved 1048576K
}
Event: 6.251 GC heap after
{Heap after GC invocations=18 (full 0):
 garbage-first heap   total 311296K, used 115015K [0x0000000703600000, 0x0000000800000000)
  region size 2048K, 7 young (14336K), 7 survivors (14336K)
 Metaspace       used 33587K, committed 34496K, reserved 1114112K
  class space    used 3953K, committed 4352K, reserved 1048576K
}
Event: 6.373 GC heap before
{Heap before GC invocations=18 (full 0):
 garbage-first heap   total 311296K, used 178503K [0x0000000703600000, 0x0000000800000000)
  region size 2048K, 39 young (79872K), 7 survivors (14336K)
 Metaspace       used 35148K, committed 36096K, reserved 1114112K
  class space    used 4099K, committed 4480K, reserved 1048576K
}
Event: 6.379 GC heap after
{Heap after GC invocations=19 (full 0):
 garbage-first heap   total 409600K, used 116519K [0x0000000703600000, 0x0000000800000000)
  region size 2048K, 5 young (10240K), 5 survivors (10240K)
 Metaspace       used 35148K, committed 36096K, reserved 1114112K
  class space    used 4099K, committed 4480K, reserved 1048576K
}
Event: 7.641 GC heap before
{Heap before GC invocations=20 (full 0):
 garbage-first heap   total 409600K, used 354087K [0x0000000703600000, 0x0000000800000000)
  region size 2048K, 115 young (235520K), 5 survivors (10240K)
 Metaspace       used 44218K, committed 45376K, reserved 1114112K
  class space    used 5204K, committed 5696K, reserved 1048576K
}
Event: 7.650 GC heap after
{Heap after GC invocations=21 (full 0):
 garbage-first heap   total 409600K, used 137591K [0x0000000703600000, 0x0000000800000000)
  region size 2048K, 9 young (18432K), 9 survivors (18432K)
 Metaspace       used 44218K, committed 45376K, reserved 1114112K
  class space    used 5204K, committed 5696K, reserved 1048576K
}
Event: 8.231 GC heap before
{Heap before GC invocations=21 (full 0):
 garbage-first heap   total 409600K, used 338295K [0x0000000703600000, 0x0000000800000000)
  region size 2048K, 107 young (219136K), 9 survivors (18432K)
 Metaspace       used 49263K, committed 50496K, reserved 1114112K
  class space    used 6198K, committed 6720K, reserved 1048576K
}
Event: 8.248 GC heap after
{Heap after GC invocations=22 (full 0):
 garbage-first heap   total 409600K, used 152594K [0x0000000703600000, 0x0000000800000000)
  region size 2048K, 14 young (28672K), 14 survivors (28672K)
 Metaspace       used 49263K, committed 50496K, reserved 1114112K
  class space    used 6198K, committed 6720K, reserved 1048576K
}
Event: 8.481 GC heap before
{Heap before GC invocations=22 (full 0):
 garbage-first heap   total 409600K, used 334866K [0x0000000703600000, 0x0000000800000000)
  region size 2048K, 103 young (210944K), 14 survivors (28672K)
 Metaspace       used 50152K, committed 51328K, reserved 1114112K
  class space    used 6318K, committed 6848K, reserved 1048576K
}
Event: 8.498 GC heap after
{Heap after GC invocations=23 (full 0):
 garbage-first heap   total 409600K, used 167591K [0x0000000703600000, 0x0000000800000000)
  region size 2048K, 8 young (16384K), 8 survivors (16384K)
 Metaspace       used 50152K, committed 51328K, reserved 1114112K
  class space    used 6318K, committed 6848K, reserved 1048576K
}
Event: 8.747 GC heap before
{Heap before GC invocations=23 (full 0):
 garbage-first heap   total 409600K, used 333479K [0x0000000703600000, 0x0000000800000000)
  region size 2048K, 89 young (182272K), 8 survivors (16384K)
 Metaspace       used 51034K, committed 52224K, reserved 1114112K
  class space    used 6455K, committed 6976K, reserved 1048576K
}
Event: 8.759 GC heap after
{Heap after GC invocations=24 (full 0):
 garbage-first heap   total 409600K, used 184439K [0x0000000703600000, 0x0000000800000000)
  region size 2048K, 8 young (16384K), 8 survivors (16384K)
 Metaspace       used 51034K, committed 52224K, reserved 1114112K
  class space    used 6455K, committed 6976K, reserved 1048576K
}
Event: 9.293 GC heap before
{Heap before GC invocations=24 (full 0):
 garbage-first heap   total 409600K, used 333943K [0x0000000703600000, 0x0000000800000000)
  region size 2048K, 81 young (165888K), 8 survivors (16384K)
 Metaspace       used 56056K, committed 57344K, reserved 1114112K
  class space    used 7234K, committed 7808K, reserved 1048576K
}
Event: 9.306 GC heap after
{Heap after GC invocations=25 (full 0):
 garbage-first heap   total 409600K, used 202683K [0x0000000703600000, 0x0000000800000000)
  region size 2048K, 9 young (18432K), 9 survivors (18432K)
 Metaspace       used 56056K, committed 57344K, reserved 1114112K
  class space    used 7234K, committed 7808K, reserved 1048576K
}
Event: 9.616 GC heap before
{Heap before GC invocations=25 (full 0):
 garbage-first heap   total 409600K, used 315323K [0x0000000703600000, 0x0000000800000000)
  region size 2048K, 65 young (133120K), 9 survivors (18432K)
 Metaspace       used 59540K, committed 60736K, reserved 1114112K
  class space    used 8144K, committed 8704K, reserved 1048576K
}
Event: 9.624 GC heap after
{Heap after GC invocations=26 (full 0):
 garbage-first heap   total 548864K, used 208250K [0x0000000703600000, 0x0000000800000000)
  region size 2048K, 3 young (6144K), 3 survivors (6144K)
 Metaspace       used 59540K, committed 60736K, reserved 1114112K
  class space    used 8144K, committed 8704K, reserved 1048576K
}
Event: 11.049 GC heap before
{Heap before GC invocations=27 (full 0):
 garbage-first heap   total 548864K, used 443770K [0x0000000703600000, 0x0000000800000000)
  region size 2048K, 118 young (241664K), 3 survivors (6144K)
 Metaspace       used 73189K, committed 74624K, reserved 1114112K
  class space    used 10545K, committed 11200K, reserved 1048576K
}
Event: 11.059 GC heap after
{Heap after GC invocations=28 (full 0):
 garbage-first heap   total 548864K, used 218633K [0x0000000703600000, 0x0000000800000000)
  region size 2048K, 8 young (16384K), 8 survivors (16384K)
 Metaspace       used 73189K, committed 74624K, reserved 1114112K
  class space    used 10545K, committed 11200K, reserved 1048576K
}
Event: 11.095 GC heap before
{Heap before GC invocations=28 (full 0):
 garbage-first heap   total 548864K, used 226825K [0x0000000703600000, 0x0000000800000000)
  region size 2048K, 13 young (26624K), 8 survivors (16384K)
 Metaspace       used 74072K, committed 75456K, reserved 1114112K
  class space    used 10692K, committed 11328K, reserved 1048576K
}
Event: 11.101 GC heap after
{Heap after GC invocations=29 (full 0):
 garbage-first heap   total 548864K, used 220818K [0x0000000703600000, 0x0000000800000000)
  region size 2048K, 2 young (4096K), 2 survivors (4096K)
 Metaspace       used 74072K, committed 75456K, reserved 1114112K
  class space    used 10692K, committed 11328K, reserved 1048576K
}

