# JRE version: OpenJDK Runtime Environment Temurin-17.0.8+7 (17.0.8+7) (build 17.0.8+7)
# Java VM: OpenJDK 64-Bit Server VM Temurin-17.0.8+7 (17.0.8+7, mixed mode, sharing, tiered, compressed oops, compressed class ptrs, g1 gc, windows-amd64)
GC Precious Log:
 CPUs: 12 total, 12 available
 Memory: 16163M
 Large Page Support: Disabled
 NUMA Support: Disabled
 Compressed Oops: Enabled (Zero based)
 Heap Region Size: 2M
 Heap Min Capacity: 8M
 Heap Initial Capacity: 254M
 Heap Max Capacity: 4042M
 Pre-touch: Disabled
 Parallel Workers: 10
 Concurrent Workers: 3
 Concurrent Refinement Workers: 10
 Periodic GC: Disabled
Heap:
 garbage-first heap   total 419840K, used 250303K [0x0000000703600000, 0x0000000800000000)
  region size 2048K, 36 young (73728K), 1 survivors (2048K)
 Metaspace       used 78321K, committed 79744K, reserved 1179648K
  class space    used 11195K, committed 11840K, reserved 1048576K
GC Heap History (20 events):
Event: 4.348 GC heap before
{Heap before GC invocations=14 (full 0):
 garbage-first heap   total 307200K, used 208396K [0x0000000703600000, 0x0000000800000000)
  region size 2048K, 60 young (122880K), 3 survivors (6144K)
 Metaspace       used 35185K, committed 36160K, reserved 1114112K
  class space    used 4174K, committed 4608K, reserved 1048576K
}
Event: 4.352 GC heap after
{Heap after GC invocations=15 (full 0):
 garbage-first heap   total 307200K, used 96949K [0x0000000703600000, 0x0000000800000000)
  region size 2048K, 5 young (10240K), 5 survivors (10240K)
 Metaspace       used 35185K, committed 36160K, reserved 1114112K
  class space    used 4174K, committed 4608K, reserved 1048576K
}
Event: 4.926 GC heap before
{Heap before GC invocations=16 (full 0):
 garbage-first heap   total 307200K, used 254645K [0x0000000703600000, 0x0000000800000000)
  region size 2048K, 82 young (167936K), 5 survivors (10240K)
 Metaspace       used 38633K, committed 39616K, reserved 1114112K
  class space    used 4603K, committed 5056K, reserved 1048576K
}
Event: 4.934 GC heap after
{Heap after GC invocations=17 (full 0):
 garbage-first heap   total 307200K, used 100504K [0x0000000703600000, 0x0000000800000000)
  region size 2048K, 7 young (14336K), 7 survivors (14336K)
 Metaspace       used 38633K, committed 39616K, reserved 1114112K
  class space    used 4603K, committed 5056K, reserved 1048576K
}
Event: 5.767 GC heap before
{Heap before GC invocations=17 (full 0):
 garbage-first heap   total 307200K, used 254104K [0x0000000703600000, 0x0000000800000000)
  region size 2048K, 83 young (169984K), 7 survivors (14336K)
 Metaspace       used 45862K, committed 47040K, reserved 1114112K
  class space    used 5697K, committed 6272K, reserved 1048576K
}
Event: 5.775 GC heap after
{Heap after GC invocations=18 (full 0):
 garbage-first heap   total 307200K, used 106457K [0x0000000703600000, 0x0000000800000000)
  region size 2048K, 9 young (18432K), 9 survivors (18432K)
 Metaspace       used 45862K, committed 47040K, reserved 1114112K
  class space    used 5697K, committed 6272K, reserved 1048576K
}
Event: 6.216 GC heap before
{Heap before GC invocations=18 (full 0):
 garbage-first heap   total 307200K, used 253913K [0x0000000703600000, 0x0000000800000000)
  region size 2048K, 81 young (165888K), 9 survivors (18432K)
 Metaspace       used 48801K, committed 50048K, reserved 1114112K
  class space    used 6159K, committed 6720K, reserved 1048576K
}
Event: 6.233 GC heap after
{Heap after GC invocations=19 (full 0):
 garbage-first heap   total 307200K, used 120083K [0x0000000703600000, 0x0000000800000000)
  region size 2048K, 11 young (22528K), 11 survivors (22528K)
 Metaspace       used 48801K, committed 50048K, reserved 1114112K
  class space    used 6159K, committed 6720K, reserved 1048576K
}
Event: 6.407 GC heap before
{Heap before GC invocations=19 (full 0):
 garbage-first heap   total 307200K, used 251155K [0x0000000703600000, 0x0000000800000000)
  region size 2048K, 75 young (153600K), 11 survivors (22528K)
 Metaspace       used 49237K, committed 50496K, reserved 1114112K
  class space    used 6234K, committed 6784K, reserved 1048576K
}
Event: 6.424 GC heap after
{Heap after GC invocations=20 (full 0):
 garbage-first heap   total 307200K, used 136311K [0x0000000703600000, 0x0000000800000000)
  region size 2048K, 8 young (16384K), 8 survivors (16384K)
 Metaspace       used 49237K, committed 50496K, reserved 1114112K
  class space    used 6234K, committed 6784K, reserved 1048576K
}
Event: 6.575 GC heap before
{Heap before GC invocations=20 (full 0):
 garbage-first heap   total 307200K, used 248951K [0x0000000703600000, 0x0000000800000000)
  region size 2048K, 63 young (129024K), 8 survivors (16384K)
 Metaspace       used 49912K, committed 51136K, reserved 1114112K
  class space    used 6339K, committed 6912K, reserved 1048576K
}
Event: 6.585 GC heap after
{Heap after GC invocations=21 (full 0):
 garbage-first heap   total 419840K, used 148443K [0x0000000703600000, 0x0000000800000000)
  region size 2048K, 6 young (12288K), 6 survivors (12288K)
 Metaspace       used 49912K, committed 51136K, reserved 1114112K
  class space    used 6339K, committed 6912K, reserved 1048576K
}
Event: 7.206 GC heap before
{Heap before GC invocations=21 (full 0):
 garbage-first heap   total 419840K, used 328667K [0x0000000703600000, 0x0000000800000000)
  region size 2048K, 95 young (194560K), 6 survivors (12288K)
 Metaspace       used 55419K, committed 56640K, reserved 1114112K
  class space    used 7196K, committed 7744K, reserved 1048576K
}
Event: 7.217 GC heap after
{Heap after GC invocations=22 (full 0):
 garbage-first heap   total 419840K, used 166875K [0x0000000703600000, 0x0000000800000000)
  region size 2048K, 12 young (24576K), 12 survivors (24576K)
 Metaspace       used 55419K, committed 56640K, reserved 1114112K
  class space    used 7196K, committed 7744K, reserved 1048576K
}
Event: 7.573 GC heap before
{Heap before GC invocations=22 (full 0):
 garbage-first heap   total 419840K, used 281563K [0x0000000703600000, 0x0000000800000000)
  region size 2048K, 69 young (141312K), 12 survivors (24576K)
 Metaspace       used 59512K, committed 60736K, reserved 1114112K
  class space    used 8258K, committed 8832K, reserved 1048576K
}
Event: 7.584 GC heap after
{Heap after GC invocations=23 (full 0):
 garbage-first heap   total 419840K, used 173369K [0x0000000703600000, 0x0000000800000000)
  region size 2048K, 3 young (6144K), 3 survivors (6144K)
 Metaspace       used 59512K, committed 60736K, reserved 1114112K
  class space    used 8258K, committed 8832K, reserved 1048576K
}
Event: 8.533 GC heap before
{Heap before GC invocations=24 (full 0):
 garbage-first heap   total 419840K, used 335161K [0x0000000703600000, 0x0000000800000000)
  region size 2048K, 82 young (167936K), 3 survivors (6144K)
 Metaspace       used 70354K, committed 71744K, reserved 1114112K
  class space    used 10216K, committed 10816K, reserved 1048576K
}
Event: 8.539 GC heap after
{Heap after GC invocations=25 (full 0):
 garbage-first heap   total 419840K, used 179652K [0x0000000703600000, 0x0000000800000000)
  region size 2048K, 6 young (12288K), 6 survivors (12288K)
 Metaspace       used 70354K, committed 71744K, reserved 1114112K
  class space    used 10216K, committed 10816K, reserved 1048576K
}
Event: 8.565 GC heap before
{Heap before GC invocations=25 (full 0):
 garbage-first heap   total 419840K, used 187844K [0x0000000703600000, 0x0000000800000000)
  region size 2048K, 10 young (20480K), 6 survivors (12288K)
 Metaspace       used 70768K, committed 72192K, reserved 1114112K
  class space    used 10262K, committed 10880K, reserved 1048576K
}
Event: 8.570 GC heap after
{Heap after GC invocations=26 (full 0):
 garbage-first heap   total 419840K, used 180671K [0x0000000703600000, 0x0000000800000000)
  region size 2048K, 1 young (2048K), 1 survivors (2048K)
 Metaspace       used 70768K, committed 72192K, reserved 1114112K
  class space    used 10262K, committed 10880K, reserved 1048576K
}

