# JRE version: OpenJDK Runtime Environment Temurin-17.0.8+7 (17.0.8+7) (build 17.0.8+7)
# Java VM: OpenJDK 64-Bit Server VM Temurin-17.0.8+7 (17.0.8+7, mixed mode, sharing, tiered, compressed oops, compressed class ptrs, g1 gc, windows-amd64)
GC Precious Log:
 CPUs: 12 total, 12 available
 Memory: 16163M
 Large Page Support: Disabled
 NUMA Support: Disabled
 Compressed Oops: Enabled (Zero based)
 Heap Region Size: 2M
 Heap Min Capacity: 8M
 Heap Initial Capacity: 254M
 Heap Max Capacity: 4042M
 Pre-touch: Disabled
 Parallel Workers: 10
 Concurrent Workers: 3
 Concurrent Refinement Workers: 10
 Periodic GC: Disabled
Heap:
 garbage-first heap   total 464896K, used 263078K [0x0000000703600000, 0x0000000800000000)
  region size 2048K, 48 young (98304K), 6 survivors (12288K)
 Metaspace       used 78315K, committed 79744K, reserved 1179648K
  class space    used 11205K, committed 11840K, reserved 1048576K
GC Heap History (20 events):
Event: 3.920 GC heap before
{Heap before GC invocations=13 (full 0):
 garbage-first heap   total 256000K, used 193596K [0x0000000703600000, 0x0000000800000000)
  region size 2048K, 59 young (120832K), 2 survivors (4096K)
 Metaspace       used 31299K, committed 32192K, reserved 1114112K
  class space    used 3713K, committed 4096K, reserved 1048576K
}
Event: 3.923 GC heap after
{Heap after GC invocations=14 (full 0):
 garbage-first heap   total 256000K, used 79126K [0x0000000703600000, 0x0000000800000000)
  region size 2048K, 3 young (6144K), 3 survivors (6144K)
 Metaspace       used 31299K, committed 32192K, reserved 1114112K
  class space    used 3713K, committed 4096K, reserved 1048576K
}
Event: 4.117 GC heap before
{Heap before GC invocations=14 (full 0):
 garbage-first heap   total 256000K, used 199958K [0x0000000703600000, 0x0000000800000000)
  region size 2048K, 62 young (126976K), 3 survivors (6144K)
 Metaspace       used 32278K, committed 33152K, reserved 1114112K
  class space    used 3800K, committed 4160K, reserved 1048576K
}
Event: 4.121 GC heap after
{Heap after GC invocations=15 (full 0):
 garbage-first heap   total 598016K, used 79739K [0x0000000703600000, 0x0000000800000000)
  region size 2048K, 3 young (6144K), 3 survivors (6144K)
 Metaspace       used 32278K, committed 33152K, reserved 1114112K
  class space    used 3800K, committed 4160K, reserved 1048576K
}
Event: 4.389 GC heap before
{Heap before GC invocations=15 (full 0):
 garbage-first heap   total 598016K, used 212859K [0x0000000703600000, 0x0000000800000000)
  region size 2048K, 63 young (129024K), 3 survivors (6144K)
 Metaspace       used 35456K, committed 36416K, reserved 1114112K
  class space    used 4206K, committed 4672K, reserved 1048576K
}
Event: 4.396 GC heap after
{Heap after GC invocations=16 (full 0):
 garbage-first heap   total 598016K, used 95608K [0x0000000703600000, 0x0000000800000000)
  region size 2048K, 5 young (10240K), 5 survivors (10240K)
 Metaspace       used 35456K, committed 36416K, reserved 1114112K
  class space    used 4206K, committed 4672K, reserved 1048576K
}
Event: 5.210 GC heap before
{Heap before GC invocations=17 (full 0):
 garbage-first heap   total 368640K, used 306552K [0x0000000703600000, 0x0000000800000000)
  region size 2048K, 108 young (221184K), 5 survivors (10240K)
 Metaspace       used 41137K, committed 42304K, reserved 1114112K
  class space    used 4878K, committed 5440K, reserved 1048576K
}
Event: 5.217 GC heap after
{Heap after GC invocations=18 (full 0):
 garbage-first heap   total 368640K, used 102103K [0x0000000703600000, 0x0000000800000000)
  region size 2048K, 8 young (16384K), 8 survivors (16384K)
 Metaspace       used 41137K, committed 42304K, reserved 1114112K
  class space    used 4878K, committed 5440K, reserved 1048576K
}
Event: 5.969 GC heap before
{Heap before GC invocations=19 (full 0):
 garbage-first heap   total 356352K, used 298711K [0x0000000703600000, 0x0000000800000000)
  region size 2048K, 104 young (212992K), 8 survivors (16384K)
 Metaspace       used 47900K, committed 49216K, reserved 1114112K
  class space    used 6025K, committed 6592K, reserved 1048576K
}
Event: 5.982 GC heap after
{Heap after GC invocations=20 (full 0):
 garbage-first heap   total 356352K, used 115134K [0x0000000703600000, 0x0000000800000000)
  region size 2048K, 13 young (26624K), 13 survivors (26624K)
 Metaspace       used 47900K, committed 49216K, reserved 1114112K
  class space    used 6025K, committed 6592K, reserved 1048576K
}
Event: 6.266 GC heap before
{Heap before GC invocations=20 (full 0):
 garbage-first heap   total 356352K, used 287166K [0x0000000703600000, 0x0000000800000000)
  region size 2048K, 97 young (198656K), 13 survivors (26624K)
 Metaspace       used 48988K, committed 50240K, reserved 1114112K
  class space    used 6225K, committed 6784K, reserved 1048576K
}
Event: 6.284 GC heap after
{Heap after GC invocations=21 (full 0):
 garbage-first heap   total 356352K, used 134655K [0x0000000703600000, 0x0000000800000000)
  region size 2048K, 10 young (20480K), 10 survivors (20480K)
 Metaspace       used 48988K, committed 50240K, reserved 1114112K
  class space    used 6225K, committed 6784K, reserved 1048576K
}
Event: 6.511 GC heap before
{Heap before GC invocations=21 (full 0):
 garbage-first heap   total 356352K, used 284159K [0x0000000703600000, 0x0000000800000000)
  region size 2048K, 83 young (169984K), 10 survivors (20480K)
 Metaspace       used 50343K, committed 51584K, reserved 1114112K
  class space    used 6498K, committed 7040K, reserved 1048576K
}
Event: 6.522 GC heap after
{Heap after GC invocations=22 (full 0):
 garbage-first heap   total 356352K, used 147339K [0x0000000703600000, 0x0000000800000000)
  region size 2048K, 7 young (14336K), 7 survivors (14336K)
 Metaspace       used 50343K, committed 51584K, reserved 1114112K
  class space    used 6498K, committed 7040K, reserved 1048576K
}
Event: 7.111 GC heap before
{Heap before GC invocations=22 (full 0):
 garbage-first heap   total 356352K, used 284555K [0x0000000703600000, 0x0000000800000000)
  region size 2048K, 74 young (151552K), 7 survivors (14336K)
 Metaspace       used 56146K, committed 57408K, reserved 1114112K
  class space    used 7373K, committed 7936K, reserved 1048576K
}
Event: 7.123 GC heap after
{Heap after GC invocations=23 (full 0):
 garbage-first heap   total 464896K, used 168391K [0x0000000703600000, 0x0000000800000000)
  region size 2048K, 10 young (20480K), 10 survivors (20480K)
 Metaspace       used 56146K, committed 57408K, reserved 1114112K
  class space    used 7373K, committed 7936K, reserved 1048576K
}
Event: 8.055 GC heap before
{Heap before GC invocations=23 (full 0):
 garbage-first heap   total 464896K, used 364999K [0x0000000703600000, 0x0000000800000000)
  region size 2048K, 106 young (217088K), 10 survivors (20480K)
 Metaspace       used 66063K, committed 67392K, reserved 1114112K
  class space    used 9531K, committed 10112K, reserved 1048576K
}
Event: 8.063 GC heap after
{Heap after GC invocations=24 (full 0):
 garbage-first heap   total 464896K, used 175221K [0x0000000703600000, 0x0000000800000000)
  region size 2048K, 4 young (8192K), 4 survivors (8192K)
 Metaspace       used 66063K, committed 67392K, reserved 1114112K
  class space    used 9531K, committed 10112K, reserved 1048576K
}
Event: 8.406 GC heap before
{Heap before GC invocations=24 (full 0):
 garbage-first heap   total 464896K, used 226421K [0x0000000703600000, 0x0000000800000000)
  region size 2048K, 30 young (61440K), 4 survivors (8192K)
 Metaspace       used 69243K, committed 70656K, reserved 1114112K
  class space    used 10185K, committed 10816K, reserved 1048576K
}
Event: 8.412 GC heap after
{Heap after GC invocations=25 (full 0):
 garbage-first heap   total 464896K, used 179110K [0x0000000703600000, 0x0000000800000000)
  region size 2048K, 6 young (12288K), 6 survivors (12288K)
 Metaspace       used 69243K, committed 70656K, reserved 1114112K
  class space    used 10185K, committed 10816K, reserved 1048576K
}

