# JRE version: OpenJDK Runtime Environment Temurin-17.0.8+7 (17.0.8+7) (build 17.0.8+7)
# Java VM: OpenJDK 64-Bit Server VM Temurin-17.0.8+7 (17.0.8+7, mixed mode, sharing, tiered, compressed oops, compressed class ptrs, g1 gc, windows-amd64)
GC Precious Log:
 CPUs: 12 total, 12 available
 Memory: 16163M
 Large Page Support: Disabled
 NUMA Support: Disabled
 Compressed Oops: Enabled (Zero based)
 Heap Region Size: 2M
 Heap Min Capacity: 8M
 Heap Initial Capacity: 254M
 Heap Max Capacity: 4042M
 Pre-touch: Disabled
 Parallel Workers: 10
 Concurrent Workers: 3
 Concurrent Refinement Workers: 10
 Periodic GC: Disabled
Heap:
 garbage-first heap   total 458752K, used 334623K [0x0000000703600000, 0x0000000800000000)
  region size 2048K, 82 young (167936K), 2 survivors (4096K)
 Metaspace       used 78110K, committed 79552K, reserved 1179648K
  class space    used 11177K, committed 11840K, reserved 1048576K
GC Heap History (20 events):
Event: 5.367 GC heap before
{Heap before GC invocations=15 (full 0):
 garbage-first heap   total 260096K, used 216487K [0x0000000703600000, 0x0000000800000000)
  region size 2048K, 65 young (133120K), 4 survivors (8192K)
 Metaspace       used 37149K, committed 38208K, reserved 1114112K
  class space    used 4464K, committed 4928K, reserved 1048576K
}
Event: 5.373 GC heap after
{Heap after GC invocations=16 (full 0):
 garbage-first heap   total 260096K, used 94997K [0x0000000703600000, 0x0000000800000000)
  region size 2048K, 5 young (10240K), 5 survivors (10240K)
 Metaspace       used 37149K, committed 38208K, reserved 1114112K
  class space    used 4464K, committed 4928K, reserved 1048576K
}
Event: 5.643 GC heap before
{Heap before GC invocations=16 (full 0):
 garbage-first heap   total 260096K, used 217877K [0x0000000703600000, 0x0000000800000000)
  region size 2048K, 65 young (133120K), 5 survivors (10240K)
 Metaspace       used 38581K, committed 39616K, reserved 1114112K
  class space    used 4599K, committed 5056K, reserved 1048576K
}
Event: 5.649 GC heap after
{Heap after GC invocations=17 (full 0):
 garbage-first heap   total 260096K, used 97915K [0x0000000703600000, 0x0000000800000000)
  region size 2048K, 6 young (12288K), 6 survivors (12288K)
 Metaspace       used 38581K, committed 39616K, reserved 1114112K
  class space    used 4599K, committed 5056K, reserved 1048576K
}
Event: 6.252 GC heap before
{Heap before GC invocations=17 (full 0):
 garbage-first heap   total 260096K, used 216699K [0x0000000703600000, 0x0000000800000000)
  region size 2048K, 64 young (131072K), 6 survivors (12288K)
 Metaspace       used 43313K, committed 44480K, reserved 1114112K
  class space    used 5128K, committed 5632K, reserved 1048576K
}
Event: 6.260 GC heap after
{Heap after GC invocations=18 (full 0):
 garbage-first heap   total 260096K, used 101977K [0x0000000703600000, 0x0000000800000000)
  region size 2048K, 6 young (12288K), 6 survivors (12288K)
 Metaspace       used 43313K, committed 44480K, reserved 1114112K
  class space    used 5128K, committed 5632K, reserved 1048576K
}
Event: 6.774 GC heap before
{Heap before GC invocations=18 (full 0):
 garbage-first heap   total 260096K, used 216665K [0x0000000703600000, 0x0000000800000000)
  region size 2048K, 62 young (126976K), 6 survivors (12288K)
 Metaspace       used 47672K, committed 48832K, reserved 1114112K
  class space    used 5994K, committed 6528K, reserved 1048576K
}
Event: 6.787 GC heap after
{Heap after GC invocations=19 (full 0):
 garbage-first heap   total 313344K, used 109899K [0x0000000703600000, 0x0000000800000000)
  region size 2048K, 8 young (16384K), 8 survivors (16384K)
 Metaspace       used 47672K, committed 48832K, reserved 1114112K
  class space    used 5994K, committed 6528K, reserved 1048576K
}
Event: 7.126 GC heap before
{Heap before GC invocations=19 (full 0):
 garbage-first heap   total 313344K, used 255307K [0x0000000703600000, 0x0000000800000000)
  region size 2048K, 79 young (161792K), 8 survivors (16384K)
 Metaspace       used 49051K, committed 50304K, reserved 1114112K
  class space    used 6228K, committed 6784K, reserved 1048576K
}
Event: 7.142 GC heap after
{Heap after GC invocations=20 (full 0):
 garbage-first heap   total 313344K, used 125732K [0x0000000703600000, 0x0000000800000000)
  region size 2048K, 10 young (20480K), 10 survivors (20480K)
 Metaspace       used 49051K, committed 50304K, reserved 1114112K
  class space    used 6228K, committed 6784K, reserved 1048576K
}
Event: 7.310 GC heap before
{Heap before GC invocations=20 (full 0):
 garbage-first heap   total 313344K, used 252708K [0x0000000703600000, 0x0000000800000000)
  region size 2048K, 72 young (147456K), 10 survivors (20480K)
 Metaspace       used 49466K, committed 50752K, reserved 1114112K
  class space    used 6285K, committed 6848K, reserved 1048576K
}
Event: 7.325 GC heap after
{Heap after GC invocations=21 (full 0):
 garbage-first heap   total 313344K, used 139811K [0x0000000703600000, 0x0000000800000000)
  region size 2048K, 7 young (14336K), 7 survivors (14336K)
 Metaspace       used 49466K, committed 50752K, reserved 1114112K
  class space    used 6285K, committed 6848K, reserved 1048576K
}
Event: 7.563 GC heap before
{Heap before GC invocations=21 (full 0):
 garbage-first heap   total 313344K, used 252451K [0x0000000703600000, 0x0000000800000000)
  region size 2048K, 62 young (126976K), 7 survivors (14336K)
 Metaspace       used 50435K, committed 51648K, reserved 1114112K
  class space    used 6506K, committed 7040K, reserved 1048576K
}
Event: 7.572 GC heap after
{Heap after GC invocations=22 (full 0):
 garbage-first heap   total 313344K, used 146651K [0x0000000703600000, 0x0000000800000000)
  region size 2048K, 4 young (8192K), 4 survivors (8192K)
 Metaspace       used 50435K, committed 51648K, reserved 1114112K
  class space    used 6506K, committed 7040K, reserved 1048576K
}
Event: 8.140 GC heap before
{Heap before GC invocations=22 (full 0):
 garbage-first heap   total 313344K, used 255195K [0x0000000703600000, 0x0000000800000000)
  region size 2048K, 57 young (116736K), 4 survivors (8192K)
 Metaspace       used 55255K, committed 56512K, reserved 1114112K
  class space    used 7205K, committed 7744K, reserved 1048576K
}
Event: 8.151 GC heap after
{Heap after GC invocations=23 (full 0):
 garbage-first heap   total 458752K, used 163691K [0x0000000703600000, 0x0000000800000000)
  region size 2048K, 8 young (16384K), 8 survivors (16384K)
 Metaspace       used 55255K, committed 56512K, reserved 1114112K
  class space    used 7205K, committed 7744K, reserved 1048576K
}
Event: 9.071 GC heap before
{Heap before GC invocations=24 (full 0):
 garbage-first heap   total 458752K, used 356203K [0x0000000703600000, 0x0000000800000000)
  region size 2048K, 102 young (208896K), 8 survivors (16384K)
 Metaspace       used 63752K, committed 65024K, reserved 1114112K
  class space    used 9105K, committed 9664K, reserved 1048576K
}
Event: 9.081 GC heap after
{Heap after GC invocations=25 (full 0):
 garbage-first heap   total 458752K, used 171303K [0x0000000703600000, 0x0000000800000000)
  region size 2048K, 9 young (18432K), 9 survivors (18432K)
 Metaspace       used 63752K, committed 65024K, reserved 1114112K
  class space    used 9105K, committed 9664K, reserved 1048576K
}
Event: 9.102 GC heap before
{Heap before GC invocations=25 (full 0):
 garbage-first heap   total 458752K, used 173351K [0x0000000703600000, 0x0000000800000000)
  region size 2048K, 11 young (22528K), 9 survivors (18432K)
 Metaspace       used 63993K, committed 65280K, reserved 1114112K
  class space    used 9152K, committed 9728K, reserved 1048576K
}
Event: 9.108 GC heap after
{Heap after GC invocations=26 (full 0):
 garbage-first heap   total 458752K, used 172831K [0x0000000703600000, 0x0000000800000000)
  region size 2048K, 2 young (4096K), 2 survivors (4096K)
 Metaspace       used 63993K, committed 65280K, reserved 1114112K
  class space    used 9152K, committed 9728K, reserved 1048576K
}

