# JRE version: OpenJDK Runtime Environment Temurin-17.0.8+7 (17.0.8+7) (build 17.0.8+7)
# Java VM: OpenJDK 64-Bit Server VM Temurin-17.0.8+7 (17.0.8+7, mixed mode, sharing, tiered, compressed oops, compressed class ptrs, g1 gc, windows-amd64)
GC Precious Log:
 CPUs: 12 total, 12 available
 Memory: 16163M
 Large Page Support: Disabled
 NUMA Support: Disabled
 Compressed Oops: Enabled (Zero based)
 Heap Region Size: 2M
 Heap Min Capacity: 8M
 Heap Initial Capacity: 254M
 Heap Max Capacity: 4042M
 Pre-touch: Disabled
 Parallel Workers: 10
 Concurrent Workers: 3
 Concurrent Refinement Workers: 10
 Periodic GC: Disabled
Heap:
 garbage-first heap   total 493568K, used 207888K [0x00000004d7800000, 0x00000005d4200000)
  region size 2048K, 23 young (47104K), 7 survivors (14336K)
 Metaspace       used 77719K, committed 79168K, reserved 1179648K
  class space    used 11141K, committed 11776K, reserved 1048576K
GC Heap History (20 events):
Event: 3.908 GC heap before
{Heap before GC invocations=11 (full 0):
 garbage-first heap   total 245760K, used 192541K [0x00000004d7800000, 0x00000005d4200000)
  region size 2048K, 59 young (120832K), 2 survivors (4096K)
 Metaspace       used 30121K, committed 31040K, reserved 1114112K
  class space    used 3561K, committed 3968K, reserved 1048576K
}
Event: 3.911 GC heap after
{Heap after GC invocations=12 (full 0):
 garbage-first heap   total 245760K, used 76284K [0x00000004d7800000, 0x00000005d4200000)
  region size 2048K, 2 young (4096K), 2 survivors (4096K)
 Metaspace       used 30121K, committed 31040K, reserved 1114112K
  class space    used 3561K, committed 3968K, reserved 1048576K
}
Event: 4.082 GC heap before
{Heap before GC invocations=12 (full 0):
 garbage-first heap   total 245760K, used 197116K [0x00000004d7800000, 0x00000005d4200000)
  region size 2048K, 61 young (124928K), 2 survivors (4096K)
 Metaspace       used 31058K, committed 32000K, reserved 1114112K
  class space    used 3682K, committed 4096K, reserved 1048576K
}
Event: 4.085 GC heap after
{Heap after GC invocations=13 (full 0):
 garbage-first heap   total 245760K, used 77574K [0x00000004d7800000, 0x00000005d4200000)
  region size 2048K, 3 young (6144K), 3 survivors (6144K)
 Metaspace       used 31058K, committed 32000K, reserved 1114112K
  class space    used 3682K, committed 4096K, reserved 1048576K
}
Event: 4.242 GC heap before
{Heap before GC invocations=13 (full 0):
 garbage-first heap   total 245760K, used 200454K [0x00000004d7800000, 0x00000005d4200000)
  region size 2048K, 63 young (129024K), 3 survivors (6144K)
 Metaspace       used 32017K, committed 32896K, reserved 1114112K
  class space    used 3779K, committed 4160K, reserved 1048576K
}
Event: 4.247 GC heap after
{Heap after GC invocations=14 (full 0):
 garbage-first heap   total 620544K, used 79293K [0x00000004d7800000, 0x00000005d4200000)
  region size 2048K, 3 young (6144K), 3 survivors (6144K)
 Metaspace       used 32017K, committed 32896K, reserved 1114112K
  class space    used 3779K, committed 4160K, reserved 1048576K
}
Event: 4.519 GC heap before
{Heap before GC invocations=14 (full 0):
 garbage-first heap   total 620544K, used 224701K [0x00000004d7800000, 0x00000005d4200000)
  region size 2048K, 69 young (141312K), 3 survivors (6144K)
 Metaspace       used 35161K, committed 36096K, reserved 1114112K
  class space    used 4174K, committed 4608K, reserved 1048576K
}
Event: 4.524 GC heap after
{Heap after GC invocations=15 (full 0):
 garbage-first heap   total 620544K, used 94785K [0x00000004d7800000, 0x00000005d4200000)
  region size 2048K, 5 young (10240K), 5 survivors (10240K)
 Metaspace       used 35161K, committed 36096K, reserved 1114112K
  class space    used 4174K, committed 4608K, reserved 1048576K
}
Event: 5.754 GC heap before
{Heap before GC invocations=16 (full 0):
 garbage-first heap   total 382976K, used 313921K [0x00000004d7800000, 0x00000005d4200000)
  region size 2048K, 112 young (229376K), 5 survivors (10240K)
 Metaspace       used 44464K, committed 45696K, reserved 1114112K
  class space    used 5478K, committed 6016K, reserved 1048576K
}
Event: 5.761 GC heap after
{Heap after GC invocations=17 (full 0):
 garbage-first heap   total 382976K, used 100801K [0x00000004d7800000, 0x00000005d4200000)
  region size 2048K, 8 young (16384K), 8 survivors (16384K)
 Metaspace       used 44464K, committed 45696K, reserved 1114112K
  class space    used 5478K, committed 6016K, reserved 1048576K
}
Event: 6.366 GC heap before
{Heap before GC invocations=18 (full 0):
 garbage-first heap   total 368640K, used 305601K [0x00000004d7800000, 0x00000005d4200000)
  region size 2048K, 108 young (221184K), 8 survivors (16384K)
 Metaspace       used 48382K, committed 49664K, reserved 1114112K
  class space    used 6134K, committed 6720K, reserved 1048576K
}
Event: 6.385 GC heap after
{Heap after GC invocations=19 (full 0):
 garbage-first heap   total 368640K, used 119393K [0x00000004d7800000, 0x00000005d4200000)
  region size 2048K, 14 young (28672K), 14 survivors (28672K)
 Metaspace       used 48382K, committed 49664K, reserved 1114112K
  class space    used 6134K, committed 6720K, reserved 1048576K
}
Event: 6.634 GC heap before
{Heap before GC invocations=19 (full 0):
 garbage-first heap   total 368640K, used 297569K [0x00000004d7800000, 0x00000005d4200000)
  region size 2048K, 101 young (206848K), 14 survivors (28672K)
 Metaspace       used 49191K, committed 50432K, reserved 1114112K
  class space    used 6257K, committed 6784K, reserved 1048576K
}
Event: 6.653 GC heap after
{Heap after GC invocations=20 (full 0):
 garbage-first heap   total 368640K, used 140589K [0x00000004d7800000, 0x00000005d4200000)
  region size 2048K, 11 young (22528K), 11 survivors (22528K)
 Metaspace       used 49191K, committed 50432K, reserved 1114112K
  class space    used 6257K, committed 6784K, reserved 1048576K
}
Event: 7.356 GC heap before
{Heap before GC invocations=20 (full 0):
 garbage-first heap   total 368640K, used 296237K [0x00000004d7800000, 0x00000005d4200000)
  region size 2048K, 87 young (178176K), 11 survivors (22528K)
 Metaspace       used 55945K, committed 57216K, reserved 1114112K
  class space    used 7432K, committed 8000K, reserved 1048576K
}
Event: 7.372 GC heap after
{Heap after GC invocations=21 (full 0):
 garbage-first heap   total 368640K, used 162861K [0x00000004d7800000, 0x00000005d4200000)
  region size 2048K, 11 young (22528K), 11 survivors (22528K)
 Metaspace       used 55945K, committed 57216K, reserved 1114112K
  class space    used 7432K, committed 8000K, reserved 1048576K
}
Event: 7.943 GC heap before
{Heap before GC invocations=21 (full 0):
 garbage-first heap   total 368640K, used 291885K [0x00000004d7800000, 0x00000005d4200000)
  region size 2048K, 74 young (151552K), 11 survivors (22528K)
 Metaspace       used 60035K, committed 61312K, reserved 1114112K
  class space    used 8434K, committed 9024K, reserved 1048576K
}
Event: 7.952 GC heap after
{Heap after GC invocations=22 (full 0):
 garbage-first heap   total 493568K, used 167739K [0x00000004d7800000, 0x00000005d4200000)
  region size 2048K, 3 young (6144K), 3 survivors (6144K)
 Metaspace       used 60035K, committed 61312K, reserved 1114112K
  class space    used 8434K, committed 9024K, reserved 1048576K
}
Event: 9.199 GC heap before
{Heap before GC invocations=22 (full 0):
 garbage-first heap   total 493568K, used 354107K [0x00000004d7800000, 0x00000005d4200000)
  region size 2048K, 95 young (194560K), 3 survivors (6144K)
 Metaspace       used 75506K, committed 76928K, reserved 1114112K
  class space    used 10927K, committed 11584K, reserved 1048576K
}
Event: 9.207 GC heap after
{Heap after GC invocations=23 (full 0):
 garbage-first heap   total 493568K, used 177168K [0x00000004d7800000, 0x00000005d4200000)
  region size 2048K, 7 young (14336K), 7 survivors (14336K)
 Metaspace       used 75506K, committed 76928K, reserved 1114112K
  class space    used 10927K, committed 11584K, reserved 1048576K
}

