# JRE version: OpenJDK Runtime Environment Temurin-17.0.8+7 (17.0.8+7) (build 17.0.8+7)
# Java VM: OpenJDK 64-Bit Server VM Temurin-17.0.8+7 (17.0.8+7, mixed mode, sharing, tiered, compressed oops, compressed class ptrs, g1 gc, windows-amd64)
GC Precious Log:
 CPUs: 12 total, 12 available
 Memory: 16163M
 Large Page Support: Disabled
 NUMA Support: Disabled
 Compressed Oops: Enabled (Zero based)
 Heap Region Size: 2M
 Heap Min Capacity: 8M
 Heap Initial Capacity: 254M
 Heap Max Capacity: 4042M
 Pre-touch: Disabled
 Parallel Workers: 10
 Concurrent Workers: 3
 Concurrent Refinement Workers: 10
 Periodic GC: Disabled
Heap:
 garbage-first heap   total 466944K, used 271339K [0x0000000703600000, 0x0000000800000000)
  region size 2048K, 39 young (79872K), 1 survivors (2048K)
 Metaspace       used 78883K, committed 80320K, reserved 1179648K
  class space    used 11248K, committed 11904K, reserved 1048576K
GC Heap History (20 events):
Event: 6.893 GC heap before
{Heap before GC invocations=15 (full 0):
 garbage-first heap   total 618496K, used 441427K [0x0000000703600000, 0x0000000800000000)
  region size 2048K, 180 young (368640K), 7 survivors (14336K)
 Metaspace       used 35114K, committed 36160K, reserved 1114112K
  class space    used 4163K, committed 4672K, reserved 1048576K
}
Event: 6.904 GC heap after
{Heap after GC invocations=16 (full 0):
 garbage-first heap   total 618496K, used 97436K [0x0000000703600000, 0x0000000800000000)
  region size 2048K, 11 young (22528K), 11 survivors (22528K)
 Metaspace       used 35114K, committed 36160K, reserved 1114112K
  class space    used 4163K, committed 4672K, reserved 1048576K
}
Event: 8.950 GC heap before
{Heap before GC invocations=17 (full 0):
 garbage-first heap   total 335872K, used 287900K [0x0000000703600000, 0x0000000800000000)
  region size 2048K, 98 young (200704K), 11 survivors (22528K)
 Metaspace       used 43419K, committed 44608K, reserved 1114112K
  class space    used 5098K, committed 5632K, reserved 1048576K
}
Event: 8.965 GC heap after
{Heap after GC invocations=18 (full 0):
 garbage-first heap   total 335872K, used 118604K [0x0000000703600000, 0x0000000800000000)
  region size 2048K, 9 young (18432K), 9 survivors (18432K)
 Metaspace       used 43419K, committed 44608K, reserved 1114112K
  class space    used 5098K, committed 5632K, reserved 1048576K
}
Event: 9.805 GC heap before
{Heap before GC invocations=18 (full 0):
 garbage-first heap   total 335872K, used 276300K [0x0000000703600000, 0x0000000800000000)
  region size 2048K, 86 young (176128K), 9 survivors (18432K)
 Metaspace       used 48388K, committed 49664K, reserved 1114112K
  class space    used 6060K, committed 6656K, reserved 1048576K
}
Event: 9.824 GC heap after
{Heap after GC invocations=19 (full 0):
 garbage-first heap   total 335872K, used 130041K [0x0000000703600000, 0x0000000800000000)
  region size 2048K, 10 young (20480K), 10 survivors (20480K)
 Metaspace       used 48388K, committed 49664K, reserved 1114112K
  class space    used 6060K, committed 6656K, reserved 1048576K
}
Event: 10.193 GC heap before
{Heap before GC invocations=19 (full 0):
 garbage-first heap   total 335872K, used 275449K [0x0000000703600000, 0x0000000800000000)
  region size 2048K, 81 young (165888K), 10 survivors (20480K)
 Metaspace       used 49344K, committed 50624K, reserved 1114112K
  class space    used 6211K, committed 6784K, reserved 1048576K
}
Event: 10.206 GC heap after
{Heap after GC invocations=20 (full 0):
 garbage-first heap   total 335872K, used 138641K [0x0000000703600000, 0x0000000800000000)
  region size 2048K, 10 young (20480K), 10 survivors (20480K)
 Metaspace       used 49344K, committed 50624K, reserved 1114112K
  class space    used 6211K, committed 6784K, reserved 1048576K
}
Event: 10.545 GC heap before
{Heap before GC invocations=20 (full 0):
 garbage-first heap   total 335872K, used 275857K [0x0000000703600000, 0x0000000800000000)
  region size 2048K, 77 young (157696K), 10 survivors (20480K)
 Metaspace       used 49750K, committed 51008K, reserved 1114112K
  class space    used 6282K, committed 6848K, reserved 1048576K
}
Event: 10.563 GC heap after
{Heap after GC invocations=21 (full 0):
 garbage-first heap   total 335872K, used 151755K [0x0000000703600000, 0x0000000800000000)
  region size 2048K, 10 young (20480K), 10 survivors (20480K)
 Metaspace       used 49750K, committed 51008K, reserved 1114112K
  class space    used 6282K, committed 6848K, reserved 1048576K
}
Event: 10.867 GC heap before
{Heap before GC invocations=21 (full 0):
 garbage-first heap   total 335872K, used 272587K [0x0000000703600000, 0x0000000800000000)
  region size 2048K, 69 young (141312K), 10 survivors (20480K)
 Metaspace       used 50638K, committed 51904K, reserved 1114112K
  class space    used 6420K, committed 6976K, reserved 1048576K
}
Event: 10.884 GC heap after
{Heap after GC invocations=22 (full 0):
 garbage-first heap   total 466944K, used 164873K [0x0000000703600000, 0x0000000800000000)
  region size 2048K, 6 young (12288K), 6 survivors (12288K)
 Metaspace       used 50638K, committed 51904K, reserved 1114112K
  class space    used 6420K, committed 6976K, reserved 1048576K
}
Event: 12.298 GC heap before
{Heap before GC invocations=22 (full 0):
 garbage-first heap   total 466944K, used 373769K [0x0000000703600000, 0x0000000800000000)
  region size 2048K, 109 young (223232K), 6 survivors (12288K)
 Metaspace       used 57370K, committed 58624K, reserved 1114112K
  class space    used 7602K, committed 8192K, reserved 1048576K
}
Event: 12.310 GC heap after
{Heap after GC invocations=23 (full 0):
 garbage-first heap   total 466944K, used 184785K [0x0000000703600000, 0x0000000800000000)
  region size 2048K, 14 young (28672K), 14 survivors (28672K)
 Metaspace       used 57370K, committed 58624K, reserved 1114112K
  class space    used 7602K, committed 8192K, reserved 1048576K
}
Event: 12.685 GC heap before
{Heap before GC invocations=23 (full 0):
 garbage-first heap   total 466944K, used 229841K [0x0000000703600000, 0x0000000800000000)
  region size 2048K, 37 young (75776K), 14 survivors (28672K)
 Metaspace       used 59357K, committed 60608K, reserved 1114112K
  class space    used 8161K, committed 8704K, reserved 1048576K
}
Event: 12.697 GC heap after
{Heap after GC invocations=24 (full 0):
 garbage-first heap   total 466944K, used 189289K [0x0000000703600000, 0x0000000800000000)
  region size 2048K, 2 young (4096K), 2 survivors (4096K)
 Metaspace       used 59357K, committed 60608K, reserved 1114112K
  class space    used 8161K, committed 8704K, reserved 1048576K
}
Event: 14.475 GC heap before
{Heap before GC invocations=25 (full 0):
 garbage-first heap   total 466944K, used 379753K [0x0000000703600000, 0x0000000800000000)
  region size 2048K, 95 young (194560K), 2 survivors (4096K)
 Metaspace       used 71366K, committed 72832K, reserved 1114112K
  class space    used 10321K, committed 10944K, reserved 1048576K
}
Event: 14.483 GC heap after
{Heap after GC invocations=26 (full 0):
 garbage-first heap   total 466944K, used 195354K [0x0000000703600000, 0x0000000800000000)
  region size 2048K, 5 young (10240K), 5 survivors (10240K)
 Metaspace       used 71366K, committed 72832K, reserved 1114112K
  class space    used 10321K, committed 10944K, reserved 1048576K
}
Event: 14.519 GC heap before
{Heap before GC invocations=26 (full 0):
 garbage-first heap   total 466944K, used 205594K [0x0000000703600000, 0x0000000800000000)
  region size 2048K, 11 young (22528K), 5 survivors (10240K)
 Metaspace       used 71369K, committed 72832K, reserved 1114112K
  class space    used 10321K, committed 10944K, reserved 1048576K
}
Event: 14.525 GC heap after
{Heap after GC invocations=27 (full 0):
 garbage-first heap   total 466944K, used 195563K [0x0000000703600000, 0x0000000800000000)
  region size 2048K, 1 young (2048K), 1 survivors (2048K)
 Metaspace       used 71369K, committed 72832K, reserved 1114112K
  class space    used 10321K, committed 10944K, reserved 1048576K
}

