# JRE version: OpenJDK Runtime Environment Temurin-17.0.8+7 (17.0.8+7) (build 17.0.8+7)
# Java VM: OpenJDK 64-Bit Server VM Temurin-17.0.8+7 (17.0.8+7, mixed mode, sharing, tiered, compressed oops, compressed class ptrs, g1 gc, windows-amd64)
GC Precious Log:
 CPUs: 12 total, 12 available
 Memory: 16163M
 Large Page Support: Disabled
 NUMA Support: Disabled
 Compressed Oops: Enabled (Zero based)
 Heap Region Size: 2M
 Heap Min Capacity: 8M
 Heap Initial Capacity: 254M
 Heap Max Capacity: 4042M
 Pre-touch: Disabled
 Parallel Workers: 10
 Concurrent Workers: 3
 Concurrent Refinement Workers: 10
 Periodic GC: Disabled
Heap:
 garbage-first heap   total 471040K, used 195531K [0x0000000703600000, 0x0000000800000000)
  region size 2048K, 14 young (28672K), 8 survivors (16384K)
 Metaspace       used 78402K, committed 79808K, reserved 1179648K
  class space    used 11206K, committed 11840K, reserved 1048576K
GC Heap History (20 events):
Event: 3.544 GC heap before
{Heap before GC invocations=10 (full 0):
 garbage-first heap   total 507904K, used 377355K [0x0000000703600000, 0x0000000800000000)
  region size 2048K, 148 young (303104K), 1 survivors (2048K)
 Metaspace       used 30091K, committed 31040K, reserved 1114112K
  class space    used 3560K, committed 3968K, reserved 1048576K
}
Event: 3.546 GC heap after
{Heap after GC invocations=11 (full 0):
 garbage-first heap   total 507904K, used 78313K [0x0000000703600000, 0x0000000800000000)
  region size 2048K, 2 young (4096K), 2 survivors (4096K)
 Metaspace       used 30091K, committed 31040K, reserved 1114112K
  class space    used 3560K, committed 3968K, reserved 1048576K
}
Event: 3.926 GC heap before
{Heap before GC invocations=11 (full 0):
 garbage-first heap   total 507904K, used 375273K [0x0000000703600000, 0x0000000800000000)
  region size 2048K, 148 young (303104K), 2 survivors (4096K)
 Metaspace       used 32046K, committed 32960K, reserved 1114112K
  class space    used 3780K, committed 4160K, reserved 1048576K
}
Event: 3.931 GC heap after
{Heap after GC invocations=12 (full 0):
 garbage-first heap   total 507904K, used 83112K [0x0000000703600000, 0x0000000800000000)
  region size 2048K, 5 young (10240K), 5 survivors (10240K)
 Metaspace       used 32046K, committed 32960K, reserved 1114112K
  class space    used 3780K, committed 4160K, reserved 1048576K
}
Event: 4.221 GC heap before
{Heap before GC invocations=12 (full 0):
 garbage-first heap   total 507904K, used 201896K [0x0000000703600000, 0x0000000800000000)
  region size 2048K, 58 young (118784K), 5 survivors (10240K)
 Metaspace       used 35068K, committed 36096K, reserved 1114112K
  class space    used 4167K, committed 4672K, reserved 1048576K
}
Event: 4.225 GC heap after
{Heap after GC invocations=13 (full 0):
 garbage-first heap   total 507904K, used 97787K [0x0000000703600000, 0x0000000800000000)
  region size 2048K, 6 young (12288K), 6 survivors (12288K)
 Metaspace       used 35068K, committed 36096K, reserved 1114112K
  class space    used 4167K, committed 4672K, reserved 1048576K
}
Event: 5.682 GC heap before
{Heap before GC invocations=14 (full 0):
 garbage-first heap   total 356352K, used 298491K [0x0000000703600000, 0x0000000800000000)
  region size 2048K, 104 young (212992K), 6 survivors (12288K)
 Metaspace       used 46139K, committed 47360K, reserved 1114112K
  class space    used 5742K, committed 6272K, reserved 1048576K
}
Event: 5.693 GC heap after
{Heap after GC invocations=15 (full 0):
 garbage-first heap   total 356352K, used 106363K [0x0000000703600000, 0x0000000800000000)
  region size 2048K, 10 young (20480K), 10 survivors (20480K)
 Metaspace       used 46139K, committed 47360K, reserved 1114112K
  class space    used 5742K, committed 6272K, reserved 1048576K
}
Event: 6.257 GC heap before
{Heap before GC invocations=16 (full 0):
 garbage-first heap   total 356352K, used 292731K [0x0000000703600000, 0x0000000800000000)
  region size 2048K, 101 young (206848K), 10 survivors (20480K)
 Metaspace       used 48928K, committed 50176K, reserved 1114112K
  class space    used 6196K, committed 6720K, reserved 1048576K
}
Event: 6.281 GC heap after
{Heap after GC invocations=17 (full 0):
 garbage-first heap   total 356352K, used 124030K [0x0000000703600000, 0x0000000800000000)
  region size 2048K, 13 young (26624K), 13 survivors (26624K)
 Metaspace       used 48928K, committed 50176K, reserved 1114112K
  class space    used 6196K, committed 6720K, reserved 1048576K
}
Event: 6.572 GC heap before
{Heap before GC invocations=17 (full 0):
 garbage-first heap   total 356352K, used 283774K [0x0000000703600000, 0x0000000800000000)
  region size 2048K, 91 young (186368K), 13 survivors (26624K)
 Metaspace       used 49556K, committed 50816K, reserved 1114112K
  class space    used 6296K, committed 6848K, reserved 1048576K
}
Event: 6.593 GC heap after
{Heap after GC invocations=18 (full 0):
 garbage-first heap   total 356352K, used 143154K [0x0000000703600000, 0x0000000800000000)
  region size 2048K, 9 young (18432K), 9 survivors (18432K)
 Metaspace       used 49556K, committed 50816K, reserved 1114112K
  class space    used 6296K, committed 6848K, reserved 1048576K
}
Event: 7.135 GC heap before
{Heap before GC invocations=18 (full 0):
 garbage-first heap   total 356352K, used 284466K [0x0000000703600000, 0x0000000800000000)
  region size 2048K, 78 young (159744K), 9 survivors (18432K)
 Metaspace       used 53292K, committed 54528K, reserved 1114112K
  class space    used 6883K, committed 7424K, reserved 1048576K
}
Event: 7.146 GC heap after
{Heap after GC invocations=19 (full 0):
 garbage-first heap   total 356352K, used 151556K [0x0000000703600000, 0x0000000800000000)
  region size 2048K, 5 young (10240K), 5 survivors (10240K)
 Metaspace       used 53292K, committed 54528K, reserved 1114112K
  class space    used 6883K, committed 7424K, reserved 1048576K
}
Event: 7.705 GC heap before
{Heap before GC invocations=19 (full 0):
 garbage-first heap   total 356352K, used 288772K [0x0000000703600000, 0x0000000800000000)
  region size 2048K, 72 young (147456K), 5 survivors (10240K)
 Metaspace       used 58079K, committed 59328K, reserved 1114112K
  class space    used 7944K, committed 8512K, reserved 1048576K
}
Event: 7.715 GC heap after
{Heap after GC invocations=20 (full 0):
 garbage-first heap   total 471040K, used 168770K [0x0000000703600000, 0x0000000800000000)
  region size 2048K, 9 young (18432K), 9 survivors (18432K)
 Metaspace       used 58079K, committed 59328K, reserved 1114112K
  class space    used 7944K, committed 8512K, reserved 1048576K
}
Event: 9.085 GC heap before
{Heap before GC invocations=20 (full 0):
 garbage-first heap   total 471040K, used 369474K [0x0000000703600000, 0x0000000800000000)
  region size 2048K, 107 young (219136K), 9 survivors (18432K)
 Metaspace       used 71292K, committed 72704K, reserved 1114112K
  class space    used 10340K, committed 10944K, reserved 1048576K
}
Event: 9.100 GC heap after
{Heap after GC invocations=21 (full 0):
 garbage-first heap   total 471040K, used 181777K [0x0000000703600000, 0x0000000800000000)
  region size 2048K, 12 young (24576K), 12 survivors (24576K)
 Metaspace       used 71292K, committed 72704K, reserved 1114112K
  class space    used 10340K, committed 10944K, reserved 1048576K
}
Event: 9.826 GC heap before
{Heap before GC invocations=21 (full 0):
 garbage-first heap   total 471040K, used 228881K [0x0000000703600000, 0x0000000800000000)
  region size 2048K, 36 young (73728K), 12 survivors (24576K)
 Metaspace       used 78014K, committed 79360K, reserved 1179648K
  class space    used 11174K, committed 11776K, reserved 1048576K
}
Event: 9.836 GC heap after
{Heap after GC invocations=22 (full 0):
 garbage-first heap   total 471040K, used 185291K [0x0000000703600000, 0x0000000800000000)
  region size 2048K, 8 young (16384K), 8 survivors (16384K)
 Metaspace       used 78014K, committed 79360K, reserved 1179648K
  class space    used 11174K, committed 11776K, reserved 1048576K
}

