# JRE version: OpenJDK Runtime Environment Temurin-17.0.8+7 (17.0.8+7) (build 17.0.8+7)
# Java VM: OpenJDK 64-Bit Server VM Temurin-17.0.8+7 (17.0.8+7, mixed mode, sharing, tiered, compressed oops, compressed class ptrs, g1 gc, windows-amd64)
GC Precious Log:
 CPUs: 12 total, 12 available
 Memory: 16163M
 Large Page Support: Disabled
 NUMA Support: Disabled
 Compressed Oops: Enabled (Zero based)
 Heap Region Size: 2M
 Heap Min Capacity: 8M
 Heap Initial Capacity: 254M
 Heap Max Capacity: 4042M
 Pre-touch: Disabled
 Parallel Workers: 10
 Concurrent Workers: 3
 Concurrent Refinement Workers: 10
 Periodic GC: Disabled
Heap:
 garbage-first heap   total 489472K, used 217148K [0x0000000703600000, 0x0000000800000000)
  region size 2048K, 23 young (47104K), 8 survivors (16384K)
 Metaspace       used 78486K, committed 79936K, reserved 1179648K
  class space    used 11221K, committed 11904K, reserved 1048576K
GC Heap History (20 events):
Event: 5.010 GC heap before
{Heap before GC invocations=11 (full 0):
 garbage-first heap   total 489472K, used 363010K [0x0000000703600000, 0x0000000800000000)
  region size 2048K, 143 young (292864K), 2 survivors (4096K)
 Metaspace       used 32148K, committed 33088K, reserved 1114112K
  class space    used 3795K, committed 4224K, reserved 1048576K
}
Event: 5.015 GC heap after
{Heap after GC invocations=12 (full 0):
 garbage-first heap   total 489472K, used 81886K [0x0000000703600000, 0x0000000800000000)
  region size 2048K, 5 young (10240K), 5 survivors (10240K)
 Metaspace       used 32148K, committed 33088K, reserved 1114112K
  class space    used 3795K, committed 4224K, reserved 1048576K
}
Event: 5.329 GC heap before
{Heap before GC invocations=12 (full 0):
 garbage-first heap   total 489472K, used 225246K [0x0000000703600000, 0x0000000800000000)
  region size 2048K, 76 young (155648K), 5 survivors (10240K)
 Metaspace       used 35095K, committed 36096K, reserved 1114112K
  class space    used 4169K, committed 4608K, reserved 1048576K
}
Event: 5.334 GC heap after
{Heap after GC invocations=13 (full 0):
 garbage-first heap   total 489472K, used 84519K [0x0000000703600000, 0x0000000800000000)
  region size 2048K, 6 young (12288K), 6 survivors (12288K)
 Metaspace       used 35095K, committed 36096K, reserved 1114112K
  class space    used 4169K, committed 4608K, reserved 1048576K
}
Event: 6.768 GC heap before
{Heap before GC invocations=14 (full 0):
 garbage-first heap   total 342016K, used 289319K [0x0000000703600000, 0x0000000800000000)
  region size 2048K, 100 young (204800K), 6 survivors (12288K)
 Metaspace       used 45392K, committed 46592K, reserved 1114112K
  class space    used 5625K, committed 6144K, reserved 1048576K
}
Event: 6.777 GC heap after
{Heap after GC invocations=15 (full 0):
 garbage-first heap   total 342016K, used 104935K [0x0000000703600000, 0x0000000800000000)
  region size 2048K, 10 young (20480K), 10 survivors (20480K)
 Metaspace       used 45392K, committed 46592K, reserved 1114112K
  class space    used 5625K, committed 6144K, reserved 1048576K
}
Event: 7.284 GC heap before
{Heap before GC invocations=16 (full 0):
 garbage-first heap   total 342016K, used 281063K [0x0000000703600000, 0x0000000800000000)
  region size 2048K, 96 young (196608K), 10 survivors (20480K)
 Metaspace       used 48502K, committed 49728K, reserved 1114112K
  class space    used 6137K, committed 6720K, reserved 1048576K
}
Event: 7.301 GC heap after
{Heap after GC invocations=17 (full 0):
 garbage-first heap   total 342016K, used 119514K [0x0000000703600000, 0x0000000800000000)
  region size 2048K, 12 young (24576K), 12 survivors (24576K)
 Metaspace       used 48502K, committed 49728K, reserved 1114112K
  class space    used 6137K, committed 6720K, reserved 1048576K
}
Event: 7.552 GC heap before
{Heap before GC invocations=17 (full 0):
 garbage-first heap   total 342016K, used 275162K [0x0000000703600000, 0x0000000800000000)
  region size 2048K, 88 young (180224K), 12 survivors (24576K)
 Metaspace       used 49375K, committed 50688K, reserved 1114112K
  class space    used 6259K, committed 6848K, reserved 1048576K
}
Event: 7.568 GC heap after
{Heap after GC invocations=18 (full 0):
 garbage-first heap   total 342016K, used 134606K [0x0000000703600000, 0x0000000800000000)
  region size 2048K, 7 young (14336K), 7 survivors (14336K)
 Metaspace       used 49375K, committed 50688K, reserved 1114112K
  class space    used 6259K, committed 6848K, reserved 1048576K
}
Event: 7.761 GC heap before
{Heap before GC invocations=18 (full 0):
 garbage-first heap   total 342016K, used 275918K [0x0000000703600000, 0x0000000800000000)
  region size 2048K, 76 young (155648K), 7 survivors (14336K)
 Metaspace       used 49972K, committed 51264K, reserved 1114112K
  class space    used 6339K, committed 6912K, reserved 1048576K
}
Event: 7.772 GC heap after
{Heap after GC invocations=19 (full 0):
 garbage-first heap   total 342016K, used 150188K [0x0000000703600000, 0x0000000800000000)
  region size 2048K, 8 young (16384K), 8 survivors (16384K)
 Metaspace       used 49972K, committed 51264K, reserved 1114112K
  class space    used 6339K, committed 6912K, reserved 1048576K
}
Event: 8.045 GC heap before
{Heap before GC invocations=19 (full 0):
 garbage-first heap   total 342016K, used 273068K [0x0000000703600000, 0x0000000800000000)
  region size 2048K, 68 young (139264K), 8 survivors (16384K)
 Metaspace       used 52678K, committed 53952K, reserved 1114112K
  class space    used 6784K, committed 7360K, reserved 1048576K
}
Event: 8.054 GC heap after
{Heap after GC invocations=20 (full 0):
 garbage-first heap   total 342016K, used 154456K [0x0000000703600000, 0x0000000800000000)
  region size 2048K, 3 young (6144K), 3 survivors (6144K)
 Metaspace       used 52678K, committed 53952K, reserved 1114112K
  class space    used 6784K, committed 7360K, reserved 1048576K
}
Event: 8.512 GC heap before
{Heap before GC invocations=20 (full 0):
 garbage-first heap   total 342016K, used 277336K [0x0000000703600000, 0x0000000800000000)
  region size 2048K, 63 young (129024K), 3 survivors (6144K)
 Metaspace       used 56580K, committed 57856K, reserved 1114112K
  class space    used 7436K, committed 8000K, reserved 1048576K
}
Event: 8.523 GC heap after
{Heap after GC invocations=21 (full 0):
 garbage-first heap   total 489472K, used 172843K [0x0000000703600000, 0x0000000800000000)
  region size 2048K, 8 young (16384K), 8 survivors (16384K)
 Metaspace       used 56580K, committed 57856K, reserved 1114112K
  class space    used 7436K, committed 8000K, reserved 1048576K
}
Event: 9.722 GC heap before
{Heap before GC invocations=21 (full 0):
 garbage-first heap   total 489472K, used 377643K [0x0000000703600000, 0x0000000800000000)
  region size 2048K, 108 young (221184K), 8 survivors (16384K)
 Metaspace       used 68843K, committed 70272K, reserved 1114112K
  class space    used 10119K, committed 10752K, reserved 1048576K
}
Event: 9.730 GC heap after
{Heap after GC invocations=22 (full 0):
 garbage-first heap   total 489472K, used 179758K [0x0000000703600000, 0x0000000800000000)
  region size 2048K, 10 young (20480K), 10 survivors (20480K)
 Metaspace       used 68843K, committed 70272K, reserved 1114112K
  class space    used 10119K, committed 10752K, reserved 1048576K
}
Event: 10.247 GC heap before
{Heap before GC invocations=22 (full 0):
 garbage-first heap   total 489472K, used 251438K [0x0000000703600000, 0x0000000800000000)
  region size 2048K, 46 young (94208K), 10 survivors (20480K)
 Metaspace       used 76930K, committed 78336K, reserved 1179648K
  class space    used 11075K, committed 11712K, reserved 1048576K
}
Event: 10.256 GC heap after
{Heap after GC invocations=23 (full 0):
 garbage-first heap   total 489472K, used 188476K [0x0000000703600000, 0x0000000800000000)
  region size 2048K, 8 young (16384K), 8 survivors (16384K)
 Metaspace       used 76930K, committed 78336K, reserved 1179648K
  class space    used 11075K, committed 11712K, reserved 1048576K
}

