# JRE version: OpenJDK Runtime Environment Temurin-17.0.8+7 (17.0.8+7) (build 17.0.8+7)
# Java VM: OpenJDK 64-Bit Server VM Temurin-17.0.8+7 (17.0.8+7, mixed mode, sharing, tiered, compressed oops, compressed class ptrs, g1 gc, windows-amd64)
GC Precious Log:
 CPUs: 12 total, 12 available
 Memory: 16163M
 Large Page Support: Disabled
 NUMA Support: Disabled
 Compressed Oops: Enabled (Zero based)
 Heap Region Size: 2M
 Heap Min Capacity: 8M
 Heap Initial Capacity: 254M
 Heap Max Capacity: 4042M
 Pre-touch: Disabled
 Parallel Workers: 10
 Concurrent Workers: 3
 Concurrent Refinement Workers: 10
 Periodic GC: Disabled
Heap:
 garbage-first heap   total 468992K, used 207689K [0x0000000703600000, 0x0000000800000000)
  region size 2048K, 17 young (34816K), 2 survivors (4096K)
 Metaspace       used 77771K, committed 79232K, reserved 1179648K
  class space    used 11142K, committed 11776K, reserved 1048576K
GC Heap History (20 events):
Event: 4.619 GC heap before
{Heap before GC invocations=13 (full 0):
 garbage-first heap   total 270336K, used 222549K [0x0000000703600000, 0x0000000800000000)
  region size 2048K, 73 young (149504K), 4 survivors (8192K)
 Metaspace       used 33704K, committed 34688K, reserved 1114112K
  class space    used 3946K, committed 4352K, reserved 1048576K
}
Event: 4.623 GC heap after
{Heap after GC invocations=14 (full 0):
 garbage-first heap   total 325632K, used 83845K [0x0000000703600000, 0x0000000800000000)
  region size 2048K, 5 young (10240K), 5 survivors (10240K)
 Metaspace       used 33704K, committed 34688K, reserved 1114112K
  class space    used 3946K, committed 4352K, reserved 1048576K
}
Event: 4.793 GC heap before
{Heap before GC invocations=14 (full 0):
 garbage-first heap   total 325632K, used 159621K [0x0000000703600000, 0x0000000800000000)
  region size 2048K, 37 young (75776K), 5 survivors (10240K)
 Metaspace       used 35286K, committed 36288K, reserved 1114112K
  class space    used 4190K, committed 4672K, reserved 1048576K
}
Event: 4.798 GC heap after
{Heap after GC invocations=15 (full 0):
 garbage-first heap   total 325632K, used 97279K [0x0000000703600000, 0x0000000800000000)
  region size 2048K, 5 young (10240K), 5 survivors (10240K)
 Metaspace       used 35286K, committed 36288K, reserved 1114112K
  class space    used 4190K, committed 4672K, reserved 1048576K
}
Event: 6.363 GC heap before
{Heap before GC invocations=16 (full 0):
 garbage-first heap   total 325632K, used 275455K [0x0000000703600000, 0x0000000800000000)
  region size 2048K, 92 young (188416K), 5 survivors (10240K)
 Metaspace       used 46467K, committed 47680K, reserved 1114112K
  class space    used 5799K, committed 6336K, reserved 1048576K
}
Event: 6.374 GC heap after
{Heap after GC invocations=17 (full 0):
 garbage-first heap   total 325632K, used 104178K [0x0000000703600000, 0x0000000800000000)
  region size 2048K, 9 young (18432K), 9 survivors (18432K)
 Metaspace       used 46467K, committed 47680K, reserved 1114112K
  class space    used 5799K, committed 6336K, reserved 1048576K
}
Event: 6.831 GC heap before
{Heap before GC invocations=17 (full 0):
 garbage-first heap   total 325632K, used 268018K [0x0000000703600000, 0x0000000800000000)
  region size 2048K, 89 young (182272K), 9 survivors (18432K)
 Metaspace       used 48436K, committed 49664K, reserved 1114112K
  class space    used 6130K, committed 6720K, reserved 1048576K
}
Event: 6.851 GC heap after
{Heap after GC invocations=18 (full 0):
 garbage-first heap   total 325632K, used 119239K [0x0000000703600000, 0x0000000800000000)
  region size 2048K, 12 young (24576K), 12 survivors (24576K)
 Metaspace       used 48436K, committed 49664K, reserved 1114112K
  class space    used 6130K, committed 6720K, reserved 1048576K
}
Event: 7.064 GC heap before
{Heap before GC invocations=18 (full 0):
 garbage-first heap   total 325632K, used 266695K [0x0000000703600000, 0x0000000800000000)
  region size 2048K, 84 young (172032K), 12 survivors (24576K)
 Metaspace       used 49012K, committed 50304K, reserved 1114112K
  class space    used 6216K, committed 6784K, reserved 1048576K
}
Event: 7.087 GC heap after
{Heap after GC invocations=19 (full 0):
 garbage-first heap   total 325632K, used 136748K [0x0000000703600000, 0x0000000800000000)
  region size 2048K, 9 young (18432K), 9 survivors (18432K)
 Metaspace       used 49012K, committed 50304K, reserved 1114112K
  class space    used 6216K, committed 6784K, reserved 1048576K
}
Event: 7.603 GC heap before
{Heap before GC invocations=19 (full 0):
 garbage-first heap   total 325632K, used 263724K [0x0000000703600000, 0x0000000800000000)
  region size 2048K, 71 young (145408K), 9 survivors (18432K)
 Metaspace       used 53229K, committed 54528K, reserved 1114112K
  class space    used 6838K, committed 7424K, reserved 1048576K
}
Event: 7.618 GC heap after
{Heap after GC invocations=20 (full 0):
 garbage-first heap   total 325632K, used 150963K [0x0000000703600000, 0x0000000800000000)
  region size 2048K, 7 young (14336K), 7 survivors (14336K)
 Metaspace       used 53229K, committed 54528K, reserved 1114112K
  class space    used 6838K, committed 7424K, reserved 1048576K
}
Event: 8.093 GC heap before
{Heap before GC invocations=20 (full 0):
 garbage-first heap   total 325632K, used 261555K [0x0000000703600000, 0x0000000800000000)
  region size 2048K, 61 young (124928K), 7 survivors (14336K)
 Metaspace       used 56525K, committed 57792K, reserved 1114112K
  class space    used 7550K, committed 8128K, reserved 1048576K
}
Event: 8.106 GC heap after
{Heap after GC invocations=21 (full 0):
 garbage-first heap   total 468992K, used 166048K [0x0000000703600000, 0x0000000800000000)
  region size 2048K, 8 young (16384K), 8 survivors (16384K)
 Metaspace       used 56525K, committed 57792K, reserved 1114112K
  class space    used 7550K, committed 8128K, reserved 1048576K
}
Event: 8.581 GC heap before
{Heap before GC invocations=21 (full 0):
 garbage-first heap   total 468992K, used 245920K [0x0000000703600000, 0x0000000800000000)
  region size 2048K, 48 young (98304K), 8 survivors (16384K)
 Metaspace       used 59727K, committed 60928K, reserved 1114112K
  class space    used 8347K, committed 8896K, reserved 1048576K
}
Event: 8.586 GC heap after
{Heap after GC invocations=22 (full 0):
 garbage-first heap   total 468992K, used 168589K [0x0000000703600000, 0x0000000800000000)
  region size 2048K, 2 young (4096K), 2 survivors (4096K)
 Metaspace       used 59727K, committed 60928K, reserved 1114112K
  class space    used 8347K, committed 8896K, reserved 1048576K
}
Event: 10.191 GC heap before
{Heap before GC invocations=23 (full 0):
 garbage-first heap   total 468992K, used 350861K [0x0000000703600000, 0x0000000800000000)
  region size 2048K, 91 young (186368K), 2 survivors (4096K)
 Metaspace       used 72539K, committed 73984K, reserved 1114112K
  class space    used 10531K, committed 11200K, reserved 1048576K
}
Event: 10.199 GC heap after
{Heap after GC invocations=24 (full 0):
 garbage-first heap   total 468992K, used 177421K [0x0000000703600000, 0x0000000800000000)
  region size 2048K, 6 young (12288K), 6 survivors (12288K)
 Metaspace       used 72539K, committed 73984K, reserved 1114112K
  class space    used 10531K, committed 11200K, reserved 1048576K
}
Event: 10.371 GC heap before
{Heap before GC invocations=24 (full 0):
 garbage-first heap   total 468992K, used 187661K [0x0000000703600000, 0x0000000800000000)
  region size 2048K, 11 young (22528K), 6 survivors (12288K)
 Metaspace       used 75667K, committed 77120K, reserved 1114112K
  class space    used 10950K, committed 11584K, reserved 1048576K
}
Event: 10.378 GC heap after
{Heap after GC invocations=25 (full 0):
 garbage-first heap   total 468992K, used 179017K [0x0000000703600000, 0x0000000800000000)
  region size 2048K, 2 young (4096K), 2 survivors (4096K)
 Metaspace       used 75667K, committed 77120K, reserved 1114112K
  class space    used 10950K, committed 11584K, reserved 1048576K
}

