# JRE version: OpenJDK Runtime Environment Temurin-17.0.8+7 (17.0.8+7) (build 17.0.8+7)
# Java VM: OpenJDK 64-Bit Server VM Temurin-17.0.8+7 (17.0.8+7, mixed mode, sharing, tiered, compressed oops, compressed class ptrs, g1 gc, windows-amd64)
GC Precious Log:
 CPUs: 12 total, 12 available
 Memory: 16163M
 Large Page Support: Disabled
 NUMA Support: Disabled
 Compressed Oops: Enabled (Zero based)
 Heap Region Size: 2M
 Heap Min Capacity: 8M
 Heap Initial Capacity: 254M
 Heap Max Capacity: 4042M
 Pre-touch: Disabled
 Parallel Workers: 10
 Concurrent Workers: 3
 Concurrent Refinement Workers: 10
 Periodic GC: Disabled
Heap:
 garbage-first heap   total 561152K, used 241229K [0x0000000703600000, 0x0000000800000000)
  region size 2048K, 16 young (32768K), 6 survivors (12288K)
 Metaspace       used 87472K, committed 88960K, reserved 1179648K
  class space    used 12678K, committed 13376K, reserved 1048576K
GC Heap History (20 events):
Event: 7.193 GC heap before
{Heap before GC invocations=19 (full 0):
 garbage-first heap   total 380928K, used 327827K [0x0000000703600000, 0x0000000800000000)
  region size 2048K, 104 young (212992K), 5 survivors (10240K)
 Metaspace       used 37591K, committed 38592K, reserved 1114112K
  class space    used 4473K, committed 4928K, reserved 1048576K
}
Event: 7.198 GC heap after
{Heap after GC invocations=20 (full 0):
 garbage-first heap   total 380928K, used 127736K [0x0000000703600000, 0x0000000800000000)
  region size 2048K, 6 young (12288K), 6 survivors (12288K)
 Metaspace       used 37591K, committed 38592K, reserved 1114112K
  class space    used 4473K, committed 4928K, reserved 1048576K
}
Event: 8.330 GC heap before
{Heap before GC invocations=21 (full 0):
 garbage-first heap   total 380928K, used 316152K [0x0000000703600000, 0x0000000800000000)
  region size 2048K, 99 young (202752K), 6 survivors (12288K)
 Metaspace       used 44195K, committed 45376K, reserved 1114112K
  class space    used 5207K, committed 5760K, reserved 1048576K
}
Event: 8.339 GC heap after
{Heap after GC invocations=22 (full 0):
 garbage-first heap   total 380928K, used 135675K [0x0000000703600000, 0x0000000800000000)
  region size 2048K, 10 young (20480K), 10 survivors (20480K)
 Metaspace       used 44195K, committed 45376K, reserved 1114112K
  class space    used 5207K, committed 5760K, reserved 1048576K
}
Event: 8.956 GC heap before
{Heap before GC invocations=22 (full 0):
 garbage-first heap   total 380928K, used 315899K [0x0000000703600000, 0x0000000800000000)
  region size 2048K, 98 young (200704K), 10 survivors (20480K)
 Metaspace       used 49278K, committed 50496K, reserved 1114112K
  class space    used 6185K, committed 6720K, reserved 1048576K
}
Event: 8.975 GC heap after
{Heap after GC invocations=23 (full 0):
 garbage-first heap   total 380928K, used 148388K [0x0000000703600000, 0x0000000800000000)
  region size 2048K, 13 young (26624K), 13 survivors (26624K)
 Metaspace       used 49278K, committed 50496K, reserved 1114112K
  class space    used 6185K, committed 6720K, reserved 1048576K
}
Event: 9.234 GC heap before
{Heap before GC invocations=23 (full 0):
 garbage-first heap   total 380928K, used 312228K [0x0000000703600000, 0x0000000800000000)
  region size 2048K, 93 young (190464K), 13 survivors (26624K)
 Metaspace       used 50306K, committed 51584K, reserved 1114112K
  class space    used 6347K, committed 6912K, reserved 1048576K
}
Event: 9.253 GC heap after
{Heap after GC invocations=24 (full 0):
 garbage-first heap   total 380928K, used 159500K [0x0000000703600000, 0x0000000800000000)
  region size 2048K, 6 young (12288K), 6 survivors (12288K)
 Metaspace       used 50306K, committed 51584K, reserved 1114112K
  class space    used 6347K, committed 6912K, reserved 1048576K
}
Event: 9.469 GC heap before
{Heap before GC invocations=24 (full 0):
 garbage-first heap   total 380928K, used 313100K [0x0000000703600000, 0x0000000800000000)
  region size 2048K, 81 young (165888K), 6 survivors (12288K)
 Metaspace       used 50893K, committed 52160K, reserved 1114112K
  class space    used 6439K, committed 6976K, reserved 1048576K
}
Event: 9.482 GC heap after
{Heap after GC invocations=25 (full 0):
 garbage-first heap   total 380928K, used 174078K [0x0000000703600000, 0x0000000800000000)
  region size 2048K, 11 young (22528K), 11 survivors (22528K)
 Metaspace       used 50893K, committed 52160K, reserved 1114112K
  class space    used 6439K, committed 6976K, reserved 1048576K
}
Event: 9.752 GC heap before
{Heap before GC invocations=25 (full 0):
 garbage-first heap   total 380928K, used 311294K [0x0000000703600000, 0x0000000800000000)
  region size 2048K, 78 young (159744K), 11 survivors (22528K)
 Metaspace       used 52716K, committed 54016K, reserved 1114112K
  class space    used 6770K, committed 7360K, reserved 1048576K
}
Event: 9.765 GC heap after
{Heap after GC invocations=26 (full 0):
 garbage-first heap   total 380928K, used 183588K [0x0000000703600000, 0x0000000800000000)
  region size 2048K, 5 young (10240K), 5 survivors (10240K)
 Metaspace       used 52716K, committed 54016K, reserved 1114112K
  class space    used 6770K, committed 7360K, reserved 1048576K
}
Event: 10.248 GC heap before
{Heap before GC invocations=26 (full 0):
 garbage-first heap   total 380928K, used 314660K [0x0000000703600000, 0x0000000800000000)
  region size 2048K, 69 young (141312K), 5 survivors (10240K)
 Metaspace       used 57626K, committed 58944K, reserved 1114112K
  class space    used 7551K, committed 8128K, reserved 1048576K
}
Event: 10.262 GC heap after
{Heap after GC invocations=27 (full 0):
 garbage-first heap   total 561152K, used 201607K [0x0000000703600000, 0x0000000800000000)
  region size 2048K, 9 young (18432K), 9 survivors (18432K)
 Metaspace       used 57626K, committed 58944K, reserved 1114112K
  class space    used 7551K, committed 8128K, reserved 1048576K
}
Event: 11.960 GC heap before
{Heap before GC invocations=28 (full 0):
 garbage-first heap   total 561152K, used 441223K [0x0000000703600000, 0x0000000800000000)
  region size 2048K, 126 young (258048K), 9 survivors (18432K)
 Metaspace       used 70344K, committed 71808K, reserved 1114112K
  class space    used 10332K, committed 11008K, reserved 1048576K
}
Event: 11.975 GC heap after
{Heap after GC invocations=29 (full 0):
 garbage-first heap   total 561152K, used 213345K [0x0000000703600000, 0x0000000800000000)
  region size 2048K, 11 young (22528K), 11 survivors (22528K)
 Metaspace       used 70344K, committed 71808K, reserved 1114112K
  class space    used 10332K, committed 11008K, reserved 1048576K
}
Event: 12.060 GC heap before
{Heap before GC invocations=29 (full 0):
 garbage-first heap   total 561152K, used 215393K [0x0000000703600000, 0x0000000800000000)
  region size 2048K, 13 young (26624K), 11 survivors (22528K)
 Metaspace       used 71599K, committed 73024K, reserved 1114112K
  class space    used 10377K, committed 11072K, reserved 1048576K
}
Event: 12.068 GC heap after
{Heap after GC invocations=30 (full 0):
 garbage-first heap   total 561152K, used 215150K [0x0000000703600000, 0x0000000800000000)
  region size 2048K, 2 young (4096K), 2 survivors (4096K)
 Metaspace       used 71599K, committed 73024K, reserved 1114112K
  class space    used 10377K, committed 11072K, reserved 1048576K
}
Event: 13.508 GC heap before
{Heap before GC invocations=30 (full 0):
 garbage-first heap   total 561152K, used 458862K [0x0000000703600000, 0x0000000800000000)
  region size 2048K, 119 young (243712K), 2 survivors (4096K)
 Metaspace       used 87060K, committed 88576K, reserved 1179648K
  class space    used 12628K, committed 13312K, reserved 1048576K
}
Event: 13.516 GC heap after
{Heap after GC invocations=31 (full 0):
 garbage-first heap   total 561152K, used 222797K [0x0000000703600000, 0x0000000800000000)
  region size 2048K, 6 young (12288K), 6 survivors (12288K)
 Metaspace       used 87060K, committed 88576K, reserved 1179648K
  class space    used 12628K, committed 13312K, reserved 1048576K
}

