# JRE version: OpenJDK Runtime Environment Temurin-17.0.8+7 (17.0.8+7) (build 17.0.8+7)
# Java VM: OpenJDK 64-Bit Server VM Temurin-17.0.8+7 (17.0.8+7, mixed mode, sharing, tiered, compressed oops, compressed class ptrs, g1 gc, windows-amd64)
GC Precious Log:
 CPUs: 12 total, 12 available
 Memory: 16163M
 Large Page Support: Disabled
 NUMA Support: Disabled
 Compressed Oops: Enabled (Zero based)
 Heap Region Size: 2M
 Heap Min Capacity: 8M
 Heap Initial Capacity: 254M
 Heap Max Capacity: 4042M
 Pre-touch: Disabled
 Parallel Workers: 10
 Concurrent Workers: 3
 Concurrent Refinement Workers: 10
 Periodic GC: Disabled
Heap:
 garbage-first heap   total 477184K, used 362185K [0x0000000703600000, 0x0000000800000000)
  region size 2048K, 101 young (206848K), 8 survivors (16384K)
 Metaspace       used 78303K, committed 79744K, reserved 1179648K
  class space    used 11194K, committed 11840K, reserved 1048576K
GC Heap History (20 events):
Event: 3.968 GC heap before
{Heap before GC invocations=12 (full 0):
 garbage-first heap   total 274432K, used 221371K [0x0000000703600000, 0x0000000800000000)
  region size 2048K, 73 young (149504K), 2 survivors (4096K)
 Metaspace       used 32040K, committed 32960K, reserved 1114112K
  class space    used 3775K, committed 4160K, reserved 1048576K
}
Event: 3.971 GC heap after
{Heap after GC invocations=13 (full 0):
 garbage-first heap   total 274432K, used 80295K [0x0000000703600000, 0x0000000800000000)
  region size 2048K, 3 young (6144K), 3 survivors (6144K)
 Metaspace       used 32040K, committed 32960K, reserved 1114112K
  class space    used 3775K, committed 4160K, reserved 1048576K
}
Event: 4.231 GC heap before
{Heap before GC invocations=13 (full 0):
 garbage-first heap   total 274432K, used 237991K [0x0000000703600000, 0x0000000800000000)
  region size 2048K, 75 young (153600K), 3 survivors (6144K)
 Metaspace       used 35101K, committed 36096K, reserved 1114112K
  class space    used 4163K, committed 4608K, reserved 1048576K
}
Event: 4.236 GC heap after
{Heap after GC invocations=14 (full 0):
 garbage-first heap   total 274432K, used 95839K [0x0000000703600000, 0x0000000800000000)
  region size 2048K, 5 young (10240K), 5 survivors (10240K)
 Metaspace       used 35101K, committed 36096K, reserved 1114112K
  class space    used 4163K, committed 4608K, reserved 1048576K
}
Event: 4.676 GC heap before
{Heap before GC invocations=15 (full 0):
 garbage-first heap   total 274432K, used 228959K [0x0000000703600000, 0x0000000800000000)
  region size 2048K, 70 young (143360K), 5 survivors (10240K)
 Metaspace       used 37239K, committed 38272K, reserved 1114112K
  class space    used 4467K, committed 4928K, reserved 1048576K
}
Event: 4.682 GC heap after
{Heap after GC invocations=16 (full 0):
 garbage-first heap   total 274432K, used 98559K [0x0000000703600000, 0x0000000800000000)
  region size 2048K, 6 young (12288K), 6 survivors (12288K)
 Metaspace       used 37239K, committed 38272K, reserved 1114112K
  class space    used 4467K, committed 4928K, reserved 1048576K
}
Event: 5.396 GC heap before
{Heap before GC invocations=17 (full 0):
 garbage-first heap   total 274432K, used 229631K [0x0000000703600000, 0x0000000800000000)
  region size 2048K, 70 young (143360K), 6 survivors (12288K)
 Metaspace       used 43241K, committed 44416K, reserved 1114112K
  class space    used 5091K, committed 5632K, reserved 1048576K
}
Event: 5.404 GC heap after
{Heap after GC invocations=18 (full 0):
 garbage-first heap   total 274432K, used 104915K [0x0000000703600000, 0x0000000800000000)
  region size 2048K, 8 young (16384K), 8 survivors (16384K)
 Metaspace       used 43241K, committed 44416K, reserved 1114112K
  class space    used 5091K, committed 5632K, reserved 1048576K
}
Event: 5.885 GC heap before
{Heap before GC invocations=18 (full 0):
 garbage-first heap   total 274432K, used 227795K [0x0000000703600000, 0x0000000800000000)
  region size 2048K, 68 young (139264K), 8 survivors (16384K)
 Metaspace       used 47918K, committed 49088K, reserved 1114112K
  class space    used 6007K, committed 6528K, reserved 1048576K
}
Event: 5.897 GC heap after
{Heap after GC invocations=19 (full 0):
 garbage-first heap   total 329728K, used 113773K [0x0000000703600000, 0x0000000800000000)
  region size 2048K, 8 young (16384K), 8 survivors (16384K)
 Metaspace       used 47918K, committed 49088K, reserved 1114112K
  class space    used 6007K, committed 6528K, reserved 1048576K
}
Event: 6.220 GC heap before
{Heap before GC invocations=19 (full 0):
 garbage-first heap   total 329728K, used 271469K [0x0000000703600000, 0x0000000800000000)
  region size 2048K, 85 young (174080K), 8 survivors (16384K)
 Metaspace       used 49253K, committed 50496K, reserved 1114112K
  class space    used 6235K, committed 6784K, reserved 1048576K
}
Event: 6.235 GC heap after
{Heap after GC invocations=20 (full 0):
 garbage-first heap   total 329728K, used 130242K [0x0000000703600000, 0x0000000800000000)
  region size 2048K, 11 young (22528K), 11 survivors (22528K)
 Metaspace       used 49253K, committed 50496K, reserved 1114112K
  class space    used 6235K, committed 6784K, reserved 1048576K
}
Event: 6.380 GC heap before
{Heap before GC invocations=20 (full 0):
 garbage-first heap   total 329728K, used 263362K [0x0000000703600000, 0x0000000800000000)
  region size 2048K, 76 young (155648K), 11 survivors (22528K)
 Metaspace       used 49849K, committed 51072K, reserved 1114112K
  class space    used 6315K, committed 6848K, reserved 1048576K
}
Event: 6.394 GC heap after
{Heap after GC invocations=21 (full 0):
 garbage-first heap   total 329728K, used 146364K [0x0000000703600000, 0x0000000800000000)
  region size 2048K, 8 young (16384K), 8 survivors (16384K)
 Metaspace       used 49849K, committed 51072K, reserved 1114112K
  class space    used 6315K, committed 6848K, reserved 1048576K
}
Event: 6.684 GC heap before
{Heap before GC invocations=21 (full 0):
 garbage-first heap   total 329728K, used 265148K [0x0000000703600000, 0x0000000800000000)
  region size 2048K, 66 young (135168K), 8 survivors (16384K)
 Metaspace       used 53366K, committed 54592K, reserved 1114112K
  class space    used 6872K, committed 7424K, reserved 1048576K
}
Event: 6.692 GC heap after
{Heap after GC invocations=22 (full 0):
 garbage-first heap   total 329728K, used 151075K [0x0000000703600000, 0x0000000800000000)
  region size 2048K, 3 young (6144K), 3 survivors (6144K)
 Metaspace       used 53366K, committed 54592K, reserved 1114112K
  class space    used 6872K, committed 7424K, reserved 1048576K
}
Event: 7.119 GC heap before
{Heap before GC invocations=22 (full 0):
 garbage-first heap   total 329728K, used 267811K [0x0000000703600000, 0x0000000800000000)
  region size 2048K, 60 young (122880K), 3 survivors (6144K)
 Metaspace       used 57111K, committed 58368K, reserved 1114112K
  class space    used 7610K, committed 8128K, reserved 1048576K
}
Event: 7.130 GC heap after
{Heap after GC invocations=23 (full 0):
 garbage-first heap   total 477184K, used 169604K [0x0000000703600000, 0x0000000800000000)
  region size 2048K, 8 young (16384K), 8 survivors (16384K)
 Metaspace       used 57111K, committed 58368K, reserved 1114112K
  class space    used 7610K, committed 8128K, reserved 1048576K
}
Event: 7.585 GC heap before
{Heap before GC invocations=23 (full 0):
 garbage-first heap   total 477184K, used 261764K [0x0000000703600000, 0x0000000800000000)
  region size 2048K, 54 young (110592K), 8 survivors (16384K)
 Metaspace       used 62573K, committed 63808K, reserved 1114112K
  class space    used 8815K, committed 9344K, reserved 1048576K
}
Event: 7.592 GC heap after
{Heap after GC invocations=24 (full 0):
 garbage-first heap   total 477184K, used 173769K [0x0000000703600000, 0x0000000800000000)
  region size 2048K, 8 young (16384K), 8 survivors (16384K)
 Metaspace       used 62573K, committed 63808K, reserved 1114112K
  class space    used 8815K, committed 9344K, reserved 1048576K
}

