# JRE version: OpenJDK Runtime Environment Temurin-17.0.8+7 (17.0.8+7) (build 17.0.8+7)
# Java VM: OpenJDK 64-Bit Server VM Temurin-17.0.8+7 (17.0.8+7, mixed mode, sharing, tiered, compressed oops, compressed class ptrs, g1 gc, windows-amd64)
GC Precious Log:
 CPUs: 12 total, 12 available
 Memory: 16163M
 Large Page Support: Disabled
 NUMA Support: Disabled
 Compressed Oops: Enabled (Zero based)
 Heap Region Size: 2M
 Heap Min Capacity: 8M
 Heap Initial Capacity: 254M
 Heap Max Capacity: 4042M
 Pre-touch: Disabled
 Parallel Workers: 10
 Concurrent Workers: 3
 Concurrent Refinement Workers: 10
 Periodic GC: Disabled
Heap:
 garbage-first heap   total 620544K, used 298259K [0x0000000703600000, 0x0000000800000000)
  region size 2048K, 37 young (75776K), 1 survivors (2048K)
 Metaspace       used 88855K, committed 90432K, reserved 1179648K
  class space    used 12896K, committed 13632K, reserved 1048576K
GC Heap History (20 events):
Event: 7.208 GC heap before
{Heap before GC invocations=22 (full 0):
 garbage-first heap   total 364544K, used 306010K [0x0000000703600000, 0x0000000800000000)
  region size 2048K, 92 young (188416K), 9 survivors (18432K)
 Metaspace       used 49175K, committed 50432K, reserved 1114112K
  class space    used 6197K, committed 6784K, reserved 1048576K
}
Event: 7.224 GC heap after
{Heap after GC invocations=23 (full 0):
 garbage-first heap   total 364544K, used 148588K [0x0000000703600000, 0x0000000800000000)
  region size 2048K, 12 young (24576K), 12 survivors (24576K)
 Metaspace       used 49175K, committed 50432K, reserved 1114112K
  class space    used 6197K, committed 6784K, reserved 1048576K
}
Event: 7.488 GC heap before
{Heap before GC invocations=23 (full 0):
 garbage-first heap   total 364544K, used 298092K [0x0000000703600000, 0x0000000800000000)
  region size 2048K, 85 young (174080K), 12 survivors (24576K)
 Metaspace       used 49930K, committed 51200K, reserved 1114112K
  class space    used 6300K, committed 6848K, reserved 1048576K
}
Event: 7.501 GC heap after
{Heap after GC invocations=24 (full 0):
 garbage-first heap   total 364544K, used 158095K [0x0000000703600000, 0x0000000800000000)
  region size 2048K, 5 young (10240K), 5 survivors (10240K)
 Metaspace       used 49930K, committed 51200K, reserved 1114112K
  class space    used 6300K, committed 6848K, reserved 1048576K
}
Event: 7.777 GC heap before
{Heap before GC invocations=24 (full 0):
 garbage-first heap   total 364544K, used 301455K [0x0000000703600000, 0x0000000800000000)
  region size 2048K, 75 young (153600K), 5 survivors (10240K)
 Metaspace       used 50503K, committed 51776K, reserved 1114112K
  class space    used 6388K, committed 6912K, reserved 1048576K
}
Event: 7.788 GC heap after
{Heap after GC invocations=25 (full 0):
 garbage-first heap   total 444416K, used 172297K [0x0000000703600000, 0x0000000800000000)
  region size 2048K, 10 young (20480K), 10 survivors (20480K)
 Metaspace       used 50503K, committed 51776K, reserved 1114112K
  class space    used 6388K, committed 6912K, reserved 1048576K
}
Event: 8.262 GC heap before
{Heap before GC invocations=25 (full 0):
 garbage-first heap   total 444416K, used 356617K [0x0000000703600000, 0x0000000800000000)
  region size 2048K, 100 young (204800K), 10 survivors (20480K)
 Metaspace       used 54362K, committed 55616K, reserved 1114112K
  class space    used 6998K, committed 7552K, reserved 1048576K
}
Event: 8.274 GC heap after
{Heap after GC invocations=26 (full 0):
 garbage-first heap   total 444416K, used 185549K [0x0000000703600000, 0x0000000800000000)
  region size 2048K, 7 young (14336K), 7 survivors (14336K)
 Metaspace       used 54362K, committed 55616K, reserved 1114112K
  class space    used 6998K, committed 7552K, reserved 1048576K
}
Event: 8.947 GC heap before
{Heap before GC invocations=26 (full 0):
 garbage-first heap   total 444416K, used 357581K [0x0000000703600000, 0x0000000800000000)
  region size 2048K, 91 young (186368K), 7 survivors (14336K)
 Metaspace       used 60131K, committed 61376K, reserved 1114112K
  class space    used 8332K, committed 8896K, reserved 1048576K
}
Event: 8.959 GC heap after
{Heap after GC invocations=27 (full 0):
 garbage-first heap   total 444416K, used 203017K [0x0000000703600000, 0x0000000800000000)
  region size 2048K, 12 young (24576K), 12 survivors (24576K)
 Metaspace       used 60131K, committed 61376K, reserved 1114112K
  class space    used 8332K, committed 8896K, reserved 1048576K
}
Event: 9.824 GC heap before
{Heap before GC invocations=27 (full 0):
 garbage-first heap   total 444416K, used 360713K [0x0000000703600000, 0x0000000800000000)
  region size 2048K, 89 young (182272K), 12 survivors (24576K)
 Metaspace       used 69887K, committed 71360K, reserved 1114112K
  class space    used 10267K, committed 10944K, reserved 1048576K
}
Event: 9.837 GC heap after
{Heap after GC invocations=28 (full 0):
 garbage-first heap   total 444416K, used 210729K [0x0000000703600000, 0x0000000800000000)
  region size 2048K, 4 young (8192K), 4 survivors (8192K)
 Metaspace       used 69887K, committed 71360K, reserved 1114112K
  class space    used 10267K, committed 10944K, reserved 1048576K
}
Event: 10.293 GC heap before
{Heap before GC invocations=28 (full 0):
 garbage-first heap   total 444416K, used 290601K [0x0000000703600000, 0x0000000800000000)
  region size 2048K, 44 young (90112K), 4 survivors (8192K)
 Metaspace       used 75246K, committed 76736K, reserved 1114112K
  class space    used 10842K, committed 11520K, reserved 1048576K
}
Event: 10.300 GC heap after
{Heap after GC invocations=29 (full 0):
 garbage-first heap   total 444416K, used 216540K [0x0000000703600000, 0x0000000800000000)
  region size 2048K, 7 young (14336K), 7 survivors (14336K)
 Metaspace       used 75246K, committed 76736K, reserved 1114112K
  class space    used 10842K, committed 11520K, reserved 1048576K
}
Event: 11.226 GC heap before
{Heap before GC invocations=30 (full 0):
 garbage-first heap   total 444416K, used 347612K [0x0000000703600000, 0x0000000800000000)
  region size 2048K, 72 young (147456K), 7 survivors (14336K)
 Metaspace       used 86106K, committed 87616K, reserved 1179648K
  class space    used 12448K, committed 13120K, reserved 1048576K
}
Event: 11.234 GC heap after
{Heap after GC invocations=31 (full 0):
 garbage-first heap   total 444416K, used 221962K [0x0000000703600000, 0x0000000800000000)
  region size 2048K, 7 young (14336K), 7 survivors (14336K)
 Metaspace       used 86106K, committed 87616K, reserved 1179648K
  class space    used 12448K, committed 13120K, reserved 1048576K
}
Event: 11.275 GC heap before
{Heap before GC invocations=31 (full 0):
 garbage-first heap   total 444416K, used 228106K [0x0000000703600000, 0x0000000800000000)
  region size 2048K, 10 young (20480K), 7 survivors (14336K)
 Metaspace       used 86361K, committed 87936K, reserved 1179648K
  class space    used 12474K, committed 13184K, reserved 1048576K
}
Event: 11.279 GC heap after
{Heap after GC invocations=32 (full 0):
 garbage-first heap   total 444416K, used 223941K [0x0000000703600000, 0x0000000800000000)
  region size 2048K, 2 young (4096K), 2 survivors (4096K)
 Metaspace       used 86361K, committed 87936K, reserved 1179648K
  class space    used 12474K, committed 13184K, reserved 1048576K
}
Event: 11.281 GC heap before
{Heap before GC invocations=32 (full 0):
 garbage-first heap   total 444416K, used 223941K [0x0000000703600000, 0x0000000800000000)
  region size 2048K, 3 young (6144K), 2 survivors (4096K)
 Metaspace       used 86361K, committed 87936K, reserved 1179648K
  class space    used 12474K, committed 13184K, reserved 1048576K
}
Event: 11.283 GC heap after
{Heap after GC invocations=33 (full 0):
 garbage-first heap   total 620544K, used 222483K [0x0000000703600000, 0x0000000800000000)
  region size 2048K, 1 young (2048K), 1 survivors (2048K)
 Metaspace       used 86361K, committed 87936K, reserved 1179648K
  class space    used 12474K, committed 13184K, reserved 1048576K
}

