# JRE version: OpenJDK Runtime Environment Temurin-17.0.8+7 (17.0.8+7) (build 17.0.8+7)
# Java VM: OpenJDK 64-Bit Server VM Temurin-17.0.8+7 (17.0.8+7, mixed mode, sharing, tiered, compressed oops, compressed class ptrs, g1 gc, windows-amd64)
GC Precious Log:
 CPUs: 12 total, 12 available
 Memory: 16163M
 Large Page Support: Disabled
 NUMA Support: Disabled
 Compressed Oops: Enabled (Zero based)
 Heap Region Size: 2M
 Heap Min Capacity: 8M
 Heap Initial Capacity: 254M
 Heap Max Capacity: 4042M
 Pre-touch: Disabled
 Parallel Workers: 10
 Concurrent Workers: 3
 Concurrent Refinement Workers: 10
 Periodic GC: Disabled
Heap:
 garbage-first heap   total 479232K, used 193811K [0x0000000703600000, 0x0000000800000000)
  region size 2048K, 9 young (18432K), 2 survivors (4096K)
 Metaspace       used 78165K, committed 79616K, reserved 1179648K
  class space    used 11185K, committed 11840K, reserved 1048576K
GC Heap History (20 events):
Event: 3.784 GC heap before
{Heap before GC invocations=11 (full 0):
 garbage-first heap   total 495616K, used 366460K [0x0000000703600000, 0x0000000800000000)
  region size 2048K, 145 young (296960K), 2 survivors (4096K)
 Metaspace       used 32739K, committed 33664K, reserved 1114112K
  class space    used 3869K, committed 4288K, reserved 1048576K
}
Event: 3.788 GC heap after
{Heap after GC invocations=12 (full 0):
 garbage-first heap   total 495616K, used 80314K [0x0000000703600000, 0x0000000800000000)
  region size 2048K, 4 young (8192K), 4 survivors (8192K)
 Metaspace       used 32739K, committed 33664K, reserved 1114112K
  class space    used 3869K, committed 4288K, reserved 1048576K
}
Event: 3.954 GC heap before
{Heap before GC invocations=12 (full 0):
 garbage-first heap   total 495616K, used 213434K [0x0000000703600000, 0x0000000800000000)
  region size 2048K, 64 young (131072K), 4 survivors (8192K)
 Metaspace       used 35353K, committed 36416K, reserved 1114112K
  class space    used 4190K, committed 4672K, reserved 1048576K
}
Event: 3.958 GC heap after
{Heap after GC invocations=13 (full 0):
 garbage-first heap   total 495616K, used 94963K [0x0000000703600000, 0x0000000800000000)
  region size 2048K, 5 young (10240K), 5 survivors (10240K)
 Metaspace       used 35353K, committed 36416K, reserved 1114112K
  class space    used 4190K, committed 4672K, reserved 1048576K
}
Event: 5.253 GC heap before
{Heap before GC invocations=14 (full 0):
 garbage-first heap   total 335872K, used 285427K [0x0000000703600000, 0x0000000800000000)
  region size 2048K, 98 young (200704K), 5 survivors (10240K)
 Metaspace       used 46745K, committed 47936K, reserved 1114112K
  class space    used 5826K, committed 6336K, reserved 1048576K
}
Event: 5.264 GC heap after
{Heap after GC invocations=15 (full 0):
 garbage-first heap   total 335872K, used 102882K [0x0000000703600000, 0x0000000800000000)
  region size 2048K, 9 young (18432K), 9 survivors (18432K)
 Metaspace       used 46745K, committed 47936K, reserved 1114112K
  class space    used 5826K, committed 6336K, reserved 1048576K
}
Event: 5.689 GC heap before
{Heap before GC invocations=15 (full 0):
 garbage-first heap   total 335872K, used 274914K [0x0000000703600000, 0x0000000800000000)
  region size 2048K, 93 young (190464K), 9 survivors (18432K)
 Metaspace       used 48870K, committed 50112K, reserved 1114112K
  class space    used 6175K, committed 6720K, reserved 1048576K
}
Event: 5.708 GC heap after
{Heap after GC invocations=16 (full 0):
 garbage-first heap   total 335872K, used 119333K [0x0000000703600000, 0x0000000800000000)
  region size 2048K, 12 young (24576K), 12 survivors (24576K)
 Metaspace       used 48870K, committed 50112K, reserved 1114112K
  class space    used 6175K, committed 6720K, reserved 1048576K
}
Event: 5.895 GC heap before
{Heap before GC invocations=16 (full 0):
 garbage-first heap   total 335872K, used 268837K [0x0000000703600000, 0x0000000800000000)
  region size 2048K, 85 young (174080K), 12 survivors (24576K)
 Metaspace       used 49437K, committed 50752K, reserved 1114112K
  class space    used 6260K, committed 6848K, reserved 1048576K
}
Event: 5.909 GC heap after
{Heap after GC invocations=17 (full 0):
 garbage-first heap   total 335872K, used 137592K [0x0000000703600000, 0x0000000800000000)
  region size 2048K, 9 young (18432K), 9 survivors (18432K)
 Metaspace       used 49437K, committed 50752K, reserved 1114112K
  class space    used 6260K, committed 6848K, reserved 1048576K
}
Event: 6.156 GC heap before
{Heap before GC invocations=17 (full 0):
 garbage-first heap   total 335872K, used 266616K [0x0000000703600000, 0x0000000800000000)
  region size 2048K, 72 young (147456K), 9 survivors (18432K)
 Metaspace       used 51613K, committed 52800K, reserved 1114112K
  class space    used 6635K, committed 7168K, reserved 1048576K
}
Event: 6.167 GC heap after
{Heap after GC invocations=18 (full 0):
 garbage-first heap   total 335872K, used 145743K [0x0000000703600000, 0x0000000800000000)
  region size 2048K, 5 young (10240K), 5 survivors (10240K)
 Metaspace       used 51613K, committed 52800K, reserved 1114112K
  class space    used 6635K, committed 7168K, reserved 1048576K
}
Event: 6.736 GC heap before
{Heap before GC invocations=18 (full 0):
 garbage-first heap   total 335872K, used 270671K [0x0000000703600000, 0x0000000800000000)
  region size 2048K, 66 young (135168K), 5 survivors (10240K)
 Metaspace       used 56951K, committed 58240K, reserved 1114112K
  class space    used 7597K, committed 8128K, reserved 1048576K
}
Event: 6.750 GC heap after
{Heap after GC invocations=19 (full 0):
 garbage-first heap   total 335872K, used 165535K [0x0000000703600000, 0x0000000800000000)
  region size 2048K, 9 young (18432K), 9 survivors (18432K)
 Metaspace       used 56951K, committed 58240K, reserved 1114112K
  class space    used 7597K, committed 8128K, reserved 1048576K
}
Event: 6.998 GC heap before
{Heap before GC invocations=19 (full 0):
 garbage-first heap   total 335872K, used 226975K [0x0000000703600000, 0x0000000800000000)
  region size 2048K, 40 young (81920K), 9 survivors (18432K)
 Metaspace       used 59683K, committed 60928K, reserved 1114112K
  class space    used 8292K, committed 8832K, reserved 1048576K
}
Event: 7.007 GC heap after
{Heap after GC invocations=20 (full 0):
 garbage-first heap   total 479232K, used 169622K [0x0000000703600000, 0x0000000800000000)
  region size 2048K, 2 young (4096K), 2 survivors (4096K)
 Metaspace       used 59683K, committed 60928K, reserved 1114112K
  class space    used 8292K, committed 8832K, reserved 1048576K
}
Event: 8.654 GC heap before
{Heap before GC invocations=21 (full 0):
 garbage-first heap   total 479232K, used 384662K [0x0000000703600000, 0x0000000800000000)
  region size 2048K, 107 young (219136K), 2 survivors (4096K)
 Metaspace       used 77247K, committed 78656K, reserved 1179648K
  class space    used 11124K, committed 11776K, reserved 1048576K
}
Event: 8.661 GC heap after
{Heap after GC invocations=22 (full 0):
 garbage-first heap   total 479232K, used 180819K [0x0000000703600000, 0x0000000800000000)
  region size 2048K, 7 young (14336K), 7 survivors (14336K)
 Metaspace       used 77247K, committed 78656K, reserved 1179648K
  class space    used 11124K, committed 11776K, reserved 1048576K
}
Event: 8.724 GC heap before
{Heap before GC invocations=22 (full 0):
 garbage-first heap   total 479232K, used 186963K [0x0000000703600000, 0x0000000800000000)
  region size 2048K, 11 young (22528K), 7 survivors (14336K)
 Metaspace       used 77774K, committed 79232K, reserved 1179648K
  class space    used 11157K, committed 11776K, reserved 1048576K
}
Event: 8.730 GC heap after
{Heap after GC invocations=23 (full 0):
 garbage-first heap   total 479232K, used 181523K [0x0000000703600000, 0x0000000800000000)
  region size 2048K, 2 young (4096K), 2 survivors (4096K)
 Metaspace       used 77774K, committed 79232K, reserved 1179648K
  class space    used 11157K, committed 11776K, reserved 1048576K
}

