# JRE version: OpenJDK Runtime Environment Temurin-17.0.8+7 (17.0.8+7) (build 17.0.8+7)
# Java VM: OpenJDK 64-Bit Server VM Temurin-17.0.8+7 (17.0.8+7, mixed mode, sharing, tiered, compressed oops, compressed class ptrs, g1 gc, windows-amd64)
GC Precious Log:
 CPUs: 12 total, 12 available
 Memory: 16163M
 Large Page Support: Disabled
 NUMA Support: Disabled
 Compressed Oops: Enabled (Zero based)
 Heap Region Size: 2M
 Heap Min Capacity: 8M
 Heap Initial Capacity: 254M
 Heap Max Capacity: 4042M
 Pre-touch: Disabled
 Parallel Workers: 10
 Concurrent Workers: 3
 Concurrent Refinement Workers: 10
 Periodic GC: Disabled
Heap:
 garbage-first heap   total 485376K, used 352023K [0x0000000703600000, 0x0000000800000000)
  region size 2048K, 84 young (172032K), 2 survivors (4096K)
 Metaspace       used 87404K, committed 88896K, reserved 1179648K
  class space    used 12652K, committed 13312K, reserved 1048576K
GC Heap History (20 events):
Event: 4.377 GC heap before
{Heap before GC invocations=13 (full 0):
 garbage-first heap   total 272384K, used 221813K [0x0000000703600000, 0x0000000800000000)
  region size 2048K, 73 young (149504K), 4 survivors (8192K)
 Metaspace       used 32295K, committed 33216K, reserved 1114112K
  class space    used 3830K, committed 4224K, reserved 1048576K
}
Event: 4.383 GC heap after
{Heap after GC invocations=14 (full 0):
 garbage-first heap   total 327680K, used 82833K [0x0000000703600000, 0x0000000800000000)
  region size 2048K, 5 young (10240K), 5 survivors (10240K)
 Metaspace       used 32295K, committed 33216K, reserved 1114112K
  class space    used 3830K, committed 4224K, reserved 1048576K
}
Event: 4.598 GC heap before
{Heap before GC invocations=14 (full 0):
 garbage-first heap   total 327680K, used 150417K [0x0000000703600000, 0x0000000800000000)
  region size 2048K, 39 young (79872K), 5 survivors (10240K)
 Metaspace       used 35153K, committed 36160K, reserved 1114112K
  class space    used 4184K, committed 4672K, reserved 1048576K
}
Event: 4.602 GC heap after
{Heap after GC invocations=15 (full 0):
 garbage-first heap   total 327680K, used 84060K [0x0000000703600000, 0x0000000800000000)
  region size 2048K, 5 young (10240K), 5 survivors (10240K)
 Metaspace       used 35153K, committed 36160K, reserved 1114112K
  class space    used 4184K, committed 4672K, reserved 1048576K
}
Event: 6.079 GC heap before
{Heap before GC invocations=16 (full 0):
 garbage-first heap   total 327680K, used 280668K [0x0000000703600000, 0x0000000800000000)
  region size 2048K, 96 young (196608K), 5 survivors (10240K)
 Metaspace       used 46674K, committed 47936K, reserved 1114112K
  class space    used 5829K, committed 6400K, reserved 1048576K
}
Event: 6.091 GC heap after
{Heap after GC invocations=17 (full 0):
 garbage-first heap   total 327680K, used 104079K [0x0000000703600000, 0x0000000800000000)
  region size 2048K, 9 young (18432K), 9 survivors (18432K)
 Metaspace       used 46674K, committed 47936K, reserved 1114112K
  class space    used 5829K, committed 6400K, reserved 1048576K
}
Event: 6.535 GC heap before
{Heap before GC invocations=17 (full 0):
 garbage-first heap   total 327680K, used 269967K [0x0000000703600000, 0x0000000800000000)
  region size 2048K, 90 young (184320K), 9 survivors (18432K)
 Metaspace       used 49023K, committed 50368K, reserved 1114112K
  class space    used 6213K, committed 6784K, reserved 1048576K
}
Event: 6.554 GC heap after
{Heap after GC invocations=18 (full 0):
 garbage-first heap   total 327680K, used 119041K [0x0000000703600000, 0x0000000800000000)
  region size 2048K, 12 young (24576K), 12 survivors (24576K)
 Metaspace       used 49023K, committed 50368K, reserved 1114112K
  class space    used 6213K, committed 6784K, reserved 1048576K
}
Event: 6.764 GC heap before
{Heap before GC invocations=18 (full 0):
 garbage-first heap   total 327680K, used 266497K [0x0000000703600000, 0x0000000800000000)
  region size 2048K, 84 young (172032K), 12 survivors (24576K)
 Metaspace       used 49611K, committed 50880K, reserved 1114112K
  class space    used 6302K, committed 6848K, reserved 1048576K
}
Event: 6.785 GC heap after
{Heap after GC invocations=19 (full 0):
 garbage-first heap   total 327680K, used 136626K [0x0000000703600000, 0x0000000800000000)
  region size 2048K, 9 young (18432K), 9 survivors (18432K)
 Metaspace       used 49611K, committed 50880K, reserved 1114112K
  class space    used 6302K, committed 6848K, reserved 1048576K
}
Event: 7.170 GC heap before
{Heap before GC invocations=19 (full 0):
 garbage-first heap   total 327680K, used 263602K [0x0000000703600000, 0x0000000800000000)
  region size 2048K, 71 young (145408K), 9 survivors (18432K)
 Metaspace       used 53419K, committed 54720K, reserved 1114112K
  class space    used 6903K, committed 7488K, reserved 1048576K
}
Event: 7.183 GC heap after
{Heap after GC invocations=20 (full 0):
 garbage-first heap   total 327680K, used 148243K [0x0000000703600000, 0x0000000800000000)
  region size 2048K, 6 young (12288K), 6 survivors (12288K)
 Metaspace       used 53419K, committed 54720K, reserved 1114112K
  class space    used 6903K, committed 7488K, reserved 1048576K
}
Event: 7.635 GC heap before
{Heap before GC invocations=20 (full 0):
 garbage-first heap   total 327680K, used 267027K [0x0000000703600000, 0x0000000800000000)
  region size 2048K, 64 young (131072K), 6 survivors (12288K)
 Metaspace       used 57138K, committed 58368K, reserved 1114112K
  class space    used 7640K, committed 8192K, reserved 1048576K
}
Event: 7.646 GC heap after
{Heap after GC invocations=21 (full 0):
 garbage-first heap   total 485376K, used 165906K [0x0000000703600000, 0x0000000800000000)
  region size 2048K, 8 young (16384K), 8 survivors (16384K)
 Metaspace       used 57138K, committed 58368K, reserved 1114112K
  class space    used 7640K, committed 8192K, reserved 1048576K
}
Event: 7.922 GC heap before
{Heap before GC invocations=21 (full 0):
 garbage-first heap   total 485376K, used 227346K [0x0000000703600000, 0x0000000800000000)
  region size 2048K, 39 young (79872K), 8 survivors (16384K)
 Metaspace       used 59573K, committed 60800K, reserved 1114112K
  class space    used 8294K, committed 8832K, reserved 1048576K
}
Event: 7.929 GC heap after
{Heap after GC invocations=22 (full 0):
 garbage-first heap   total 485376K, used 169753K [0x0000000703600000, 0x0000000800000000)
  region size 2048K, 2 young (4096K), 2 survivors (4096K)
 Metaspace       used 59573K, committed 60800K, reserved 1114112K
  class space    used 8294K, committed 8832K, reserved 1048576K
}
Event: 9.647 GC heap before
{Heap before GC invocations=23 (full 0):
 garbage-first heap   total 485376K, used 386841K [0x0000000703600000, 0x0000000800000000)
  region size 2048K, 108 young (221184K), 2 survivors (4096K)
 Metaspace       used 77201K, committed 78656K, reserved 1179648K
  class space    used 11136K, committed 11776K, reserved 1048576K
}
Event: 9.655 GC heap after
{Heap after GC invocations=24 (full 0):
 garbage-first heap   total 485376K, used 180157K [0x0000000703600000, 0x0000000800000000)
  region size 2048K, 7 young (14336K), 7 survivors (14336K)
 Metaspace       used 77201K, committed 78656K, reserved 1179648K
  class space    used 11136K, committed 11776K, reserved 1048576K
}
Event: 9.789 GC heap before
{Heap before GC invocations=24 (full 0):
 garbage-first heap   total 485376K, used 188349K [0x0000000703600000, 0x0000000800000000)
  region size 2048K, 11 young (22528K), 7 survivors (14336K)
 Metaspace       used 77984K, committed 79488K, reserved 1179648K
  class space    used 11180K, committed 11840K, reserved 1048576K
}
Event: 9.793 GC heap after
{Heap after GC invocations=25 (full 0):
 garbage-first heap   total 485376K, used 182039K [0x0000000703600000, 0x0000000800000000)
  region size 2048K, 2 young (4096K), 2 survivors (4096K)
 Metaspace       used 77984K, committed 79488K, reserved 1179648K
  class space    used 11180K, committed 11840K, reserved 1048576K
}

