# JRE version: OpenJDK Runtime Environment Temurin-17.0.8+7 (17.0.8+7) (build 17.0.8+7)
# Java VM: OpenJDK 64-Bit Server VM Temurin-17.0.8+7 (17.0.8+7, mixed mode, sharing, tiered, compressed oops, compressed class ptrs, g1 gc, windows-amd64)
GC Precious Log:
 CPUs: 12 total, 12 available
 Memory: 16163M
 Large Page Support: Disabled
 NUMA Support: Disabled
 Compressed Oops: Enabled (Zero based)
 Heap Region Size: 2M
 Heap Min Capacity: 8M
 Heap Initial Capacity: 254M
 Heap Max Capacity: 4042M
 Pre-touch: Disabled
 Parallel Workers: 10
 Concurrent Workers: 3
 Concurrent Refinement Workers: 10
 Periodic GC: Disabled
Heap:
 garbage-first heap   total 796672K, used 356526K [0x0000000703600000, 0x0000000800000000)
  region size 2048K, 71 young (145408K), 5 survivors (10240K)
 Metaspace       used 88829K, committed 90432K, reserved 1179648K
  class space    used 12899K, committed 13632K, reserved 1048576K
GC Heap History (20 events):
Event: 8.886 GC heap before
{Heap before GC invocations=22 (full 0):
 garbage-first heap   total 346112K, used 291699K [0x0000000703600000, 0x0000000800000000)
  region size 2048K, 86 young (176128K), 9 survivors (18432K)
 Metaspace       used 48708K, committed 49920K, reserved 1114112K
  class space    used 6100K, committed 6656K, reserved 1048576K
}
Event: 8.899 GC heap after
{Heap after GC invocations=23 (full 0):
 garbage-first heap   total 346112K, used 144346K [0x0000000703600000, 0x0000000800000000)
  region size 2048K, 11 young (22528K), 11 survivors (22528K)
 Metaspace       used 48708K, committed 49920K, reserved 1114112K
  class space    used 6100K, committed 6656K, reserved 1048576K
}
Event: 9.160 GC heap before
{Heap before GC invocations=23 (full 0):
 garbage-first heap   total 346112K, used 287706K [0x0000000703600000, 0x0000000800000000)
  region size 2048K, 81 young (165888K), 11 survivors (22528K)
 Metaspace       used 49527K, committed 50816K, reserved 1114112K
  class space    used 6235K, committed 6784K, reserved 1048576K
}
Event: 9.174 GC heap after
{Heap after GC invocations=24 (full 0):
 garbage-first heap   total 346112K, used 152863K [0x0000000703600000, 0x0000000800000000)
  region size 2048K, 10 young (20480K), 10 survivors (20480K)
 Metaspace       used 49527K, committed 50816K, reserved 1114112K
  class space    used 6235K, committed 6784K, reserved 1048576K
}
Event: 9.644 GC heap before
{Heap before GC invocations=24 (full 0):
 garbage-first heap   total 346112K, used 288031K [0x0000000703600000, 0x0000000800000000)
  region size 2048K, 76 young (155648K), 10 survivors (20480K)
 Metaspace       used 50306K, committed 51584K, reserved 1114112K
  class space    used 6346K, committed 6912K, reserved 1048576K
}
Event: 9.660 GC heap after
{Heap after GC invocations=25 (full 0):
 garbage-first heap   total 346112K, used 166037K [0x0000000703600000, 0x0000000800000000)
  region size 2048K, 10 young (20480K), 10 survivors (20480K)
 Metaspace       used 50306K, committed 51584K, reserved 1114112K
  class space    used 6346K, committed 6912K, reserved 1048576K
}
Event: 9.833 GC heap before
{Heap before GC invocations=25 (full 0):
 garbage-first heap   total 346112K, used 284821K [0x0000000703600000, 0x0000000800000000)
  region size 2048K, 68 young (139264K), 10 survivors (20480K)
 Metaspace       used 50902K, committed 52096K, reserved 1114112K
  class space    used 6427K, committed 6976K, reserved 1048576K
}
Event: 9.845 GC heap after
{Heap after GC invocations=26 (full 0):
 garbage-first heap   total 421888K, used 180045K [0x0000000703600000, 0x0000000800000000)
  region size 2048K, 7 young (14336K), 7 survivors (14336K)
 Metaspace       used 50902K, committed 52096K, reserved 1114112K
  class space    used 6427K, committed 6976K, reserved 1048576K
}
Event: 10.570 GC heap before
{Heap before GC invocations=26 (full 0):
 garbage-first heap   total 421888K, used 341837K [0x0000000703600000, 0x0000000800000000)
  region size 2048K, 86 young (176128K), 7 survivors (14336K)
 Metaspace       used 55976K, committed 57280K, reserved 1114112K
  class space    used 7226K, committed 7808K, reserved 1048576K
}
Event: 10.581 GC heap after
{Heap after GC invocations=27 (full 0):
 garbage-first heap   total 421888K, used 199117K [0x0000000703600000, 0x0000000800000000)
  region size 2048K, 9 young (18432K), 9 survivors (18432K)
 Metaspace       used 55976K, committed 57280K, reserved 1114112K
  class space    used 7226K, committed 7808K, reserved 1048576K
}
Event: 11.073 GC heap before
{Heap before GC invocations=27 (full 0):
 garbage-first heap   total 421888K, used 338381K [0x0000000703600000, 0x0000000800000000)
  region size 2048K, 77 young (157696K), 9 survivors (18432K)
 Metaspace       used 60633K, committed 61888K, reserved 1114112K
  class space    used 8388K, committed 8960K, reserved 1048576K
}
Event: 11.081 GC heap after
{Heap after GC invocations=28 (full 0):
 garbage-first heap   total 421888K, used 205665K [0x0000000703600000, 0x0000000800000000)
  region size 2048K, 4 young (8192K), 4 survivors (8192K)
 Metaspace       used 60633K, committed 61888K, reserved 1114112K
  class space    used 8388K, committed 8960K, reserved 1048576K
}
Event: 11.254 GC heap before
{Heap before GC invocations=28 (full 0):
 garbage-first heap   total 421888K, used 228193K [0x0000000703600000, 0x0000000800000000)
  region size 2048K, 16 young (32768K), 4 survivors (8192K)
 Metaspace       used 61722K, committed 62976K, reserved 1114112K
  class space    used 8602K, committed 9152K, reserved 1048576K
}
Event: 11.260 GC heap after
{Heap after GC invocations=29 (full 0):
 garbage-first heap   total 421888K, used 204148K [0x0000000703600000, 0x0000000800000000)
  region size 2048K, 3 young (6144K), 3 survivors (6144K)
 Metaspace       used 61722K, committed 62976K, reserved 1114112K
  class space    used 8602K, committed 9152K, reserved 1048576K
}
Event: 12.431 GC heap before
{Heap before GC invocations=30 (full 0):
 garbage-first heap   total 421888K, used 347508K [0x0000000703600000, 0x0000000800000000)
  region size 2048K, 73 young (149504K), 3 survivors (6144K)
 Metaspace       used 71644K, committed 73152K, reserved 1114112K
  class space    used 10371K, committed 11072K, reserved 1048576K
}
Event: 12.439 GC heap after
{Heap after GC invocations=31 (full 0):
 garbage-first heap   total 421888K, used 212195K [0x0000000703600000, 0x0000000800000000)
  region size 2048K, 7 young (14336K), 7 survivors (14336K)
 Metaspace       used 71644K, committed 73152K, reserved 1114112K
  class space    used 10371K, committed 11072K, reserved 1048576K
}
Event: 12.457 GC heap before
{Heap before GC invocations=31 (full 0):
 garbage-first heap   total 421888K, used 218339K [0x0000000703600000, 0x0000000800000000)
  region size 2048K, 10 young (20480K), 7 survivors (14336K)
 Metaspace       used 71795K, committed 73280K, reserved 1114112K
  class space    used 10386K, committed 11072K, reserved 1048576K
}
Event: 12.462 GC heap after
{Heap after GC invocations=32 (full 0):
 garbage-first heap   total 421888K, used 213446K [0x0000000703600000, 0x0000000800000000)
  region size 2048K, 2 young (4096K), 2 survivors (4096K)
 Metaspace       used 71795K, committed 73280K, reserved 1114112K
  class space    used 10386K, committed 11072K, reserved 1048576K
}
Event: 13.600 GC heap before
{Heap before GC invocations=32 (full 0):
 garbage-first heap   total 421888K, used 348614K [0x0000000703600000, 0x0000000800000000)
  region size 2048K, 69 young (141312K), 2 survivors (4096K)
 Metaspace       used 83276K, committed 84736K, reserved 1179648K
  class space    used 12012K, committed 12672K, reserved 1048576K
}
Event: 13.610 GC heap after
{Heap after GC invocations=33 (full 0):
 garbage-first heap   total 796672K, used 219310K [0x0000000703600000, 0x0000000800000000)
  region size 2048K, 5 young (10240K), 5 survivors (10240K)
 Metaspace       used 83276K, committed 84736K, reserved 1179648K
  class space    used 12012K, committed 12672K, reserved 1048576K
}

