# JRE version: OpenJDK Runtime Environment Temurin-17.0.8+7 (17.0.8+7) (build 17.0.8+7)
# Java VM: OpenJDK 64-Bit Server VM Temurin-17.0.8+7 (17.0.8+7, mixed mode, sharing, tiered, compressed oops, compressed class ptrs, g1 gc, windows-amd64)
GC Precious Log:
 CPUs: 12 total, 12 available
 Memory: 16163M
 Large Page Support: Disabled
 NUMA Support: Disabled
 Compressed Oops: Enabled (Zero based)
 Heap Region Size: 2M
 Heap Min Capacity: 8M
 Heap Initial Capacity: 254M
 Heap Max Capacity: 4042M
 Pre-touch: Disabled
 Parallel Workers: 10
 Concurrent Workers: 3
 Concurrent Refinement Workers: 10
 Periodic GC: Disabled
Heap:
 garbage-first heap   total 493568K, used 372782K [0x0000000703600000, 0x0000000800000000)
  region size 2048K, 76 young (155648K), 2 survivors (4096K)
 Metaspace       used 88843K, committed 90368K, reserved 1179648K
  class space    used 12894K, committed 13568K, reserved 1048576K
GC Heap History (20 events):
Event: 5.605 GC heap before
{Heap before GC invocations=15 (full 0):
 garbage-first heap   total 438272K, used 327944K [0x0000000703600000, 0x0000000800000000)
  region size 2048K, 119 young (243712K), 9 survivors (18432K)
 Metaspace       used 35063K, committed 36096K, reserved 1114112K
  class space    used 4098K, committed 4608K, reserved 1048576K
}
Event: 5.614 GC heap after
{Heap after GC invocations=16 (full 0):
 garbage-first heap   total 438272K, used 110003K [0x0000000703600000, 0x0000000800000000)
  region size 2048K, 11 young (22528K), 11 survivors (22528K)
 Metaspace       used 35063K, committed 36096K, reserved 1114112K
  class space    used 4098K, committed 4608K, reserved 1048576K
}
Event: 6.554 GC heap before
{Heap before GC invocations=17 (full 0):
 garbage-first heap   total 409600K, used 345523K [0x0000000703600000, 0x0000000800000000)
  region size 2048K, 120 young (245760K), 11 survivors (22528K)
 Metaspace       used 38803K, committed 39936K, reserved 1114112K
  class space    used 4652K, committed 5120K, reserved 1048576K
}
Event: 6.563 GC heap after
{Heap after GC invocations=18 (full 0):
 garbage-first heap   total 409600K, used 127961K [0x0000000703600000, 0x0000000800000000)
  region size 2048K, 11 young (22528K), 11 survivors (22528K)
 Metaspace       used 38803K, committed 39936K, reserved 1114112K
  class space    used 4652K, committed 5120K, reserved 1048576K
}
Event: 7.793 GC heap before
{Heap before GC invocations=19 (full 0):
 garbage-first heap   total 409600K, used 338905K [0x0000000703600000, 0x0000000800000000)
  region size 2048K, 115 young (235520K), 11 survivors (22528K)
 Metaspace       used 47782K, committed 49024K, reserved 1114112K
  class space    used 5949K, committed 6528K, reserved 1048576K
}
Event: 7.805 GC heap after
{Heap after GC invocations=20 (full 0):
 garbage-first heap   total 409600K, used 135474K [0x0000000703600000, 0x0000000800000000)
  region size 2048K, 10 young (20480K), 10 survivors (20480K)
 Metaspace       used 47782K, committed 49024K, reserved 1114112K
  class space    used 5949K, committed 6528K, reserved 1048576K
}
Event: 8.251 GC heap before
{Heap before GC invocations=20 (full 0):
 garbage-first heap   total 409600K, used 340274K [0x0000000703600000, 0x0000000800000000)
  region size 2048K, 110 young (225280K), 10 survivors (20480K)
 Metaspace       used 49396K, committed 50624K, reserved 1114112K
  class space    used 6226K, committed 6784K, reserved 1048576K
}
Event: 8.266 GC heap after
{Heap after GC invocations=21 (full 0):
 garbage-first heap   total 409600K, used 150015K [0x0000000703600000, 0x0000000800000000)
  region size 2048K, 14 young (28672K), 14 survivors (28672K)
 Metaspace       used 49396K, committed 50624K, reserved 1114112K
  class space    used 6226K, committed 6784K, reserved 1048576K
}
Event: 8.725 GC heap before
{Heap before GC invocations=21 (full 0):
 garbage-first heap   total 409600K, used 336383K [0x0000000703600000, 0x0000000800000000)
  region size 2048K, 105 young (215040K), 14 survivors (28672K)
 Metaspace       used 50405K, committed 51648K, reserved 1114112K
  class space    used 6366K, committed 6912K, reserved 1048576K
}
Event: 8.743 GC heap after
{Heap after GC invocations=22 (full 0):
 garbage-first heap   total 409600K, used 167138K [0x0000000703600000, 0x0000000800000000)
  region size 2048K, 14 young (28672K), 14 survivors (28672K)
 Metaspace       used 50405K, committed 51648K, reserved 1114112K
  class space    used 6366K, committed 6912K, reserved 1048576K
}
Event: 9.062 GC heap before
{Heap before GC invocations=22 (full 0):
 garbage-first heap   total 409600K, used 333026K [0x0000000703600000, 0x0000000800000000)
  region size 2048K, 95 young (194560K), 14 survivors (28672K)
 Metaspace       used 52433K, committed 53760K, reserved 1114112K
  class space    used 6723K, committed 7296K, reserved 1048576K
}
Event: 9.078 GC heap after
{Heap after GC invocations=23 (full 0):
 garbage-first heap   total 493568K, used 180965K [0x0000000703600000, 0x0000000800000000)
  region size 2048K, 6 young (12288K), 6 survivors (12288K)
 Metaspace       used 52433K, committed 53760K, reserved 1114112K
  class space    used 6723K, committed 7296K, reserved 1048576K
}
Event: 10.054 GC heap before
{Heap before GC invocations=23 (full 0):
 garbage-first heap   total 493568K, used 393957K [0x0000000703600000, 0x0000000800000000)
  region size 2048K, 111 young (227328K), 6 survivors (12288K)
 Metaspace       used 60680K, committed 61952K, reserved 1114112K
  class space    used 8397K, committed 8960K, reserved 1048576K
}
Event: 10.064 GC heap after
{Heap after GC invocations=24 (full 0):
 garbage-first heap   total 493568K, used 200990K [0x0000000703600000, 0x0000000800000000)
  region size 2048K, 14 young (28672K), 14 survivors (28672K)
 Metaspace       used 60680K, committed 61952K, reserved 1114112K
  class space    used 8397K, committed 8960K, reserved 1048576K
}
Event: 10.595 GC heap before
{Heap before GC invocations=24 (full 0):
 garbage-first heap   total 493568K, used 287006K [0x0000000703600000, 0x0000000800000000)
  region size 2048K, 57 young (116736K), 14 survivors (28672K)
 Metaspace       used 65846K, committed 67136K, reserved 1114112K
  class space    used 9370K, committed 9920K, reserved 1048576K
}
Event: 10.606 GC heap after
{Heap after GC invocations=25 (full 0):
 garbage-first heap   total 493568K, used 207041K [0x0000000703600000, 0x0000000800000000)
  region size 2048K, 3 young (6144K), 3 survivors (6144K)
 Metaspace       used 65846K, committed 67136K, reserved 1114112K
  class space    used 9370K, committed 9920K, reserved 1048576K
}
Event: 12.080 GC heap before
{Heap before GC invocations=26 (full 0):
 garbage-first heap   total 493568K, used 397505K [0x0000000703600000, 0x0000000800000000)
  region size 2048K, 97 young (198656K), 3 survivors (6144K)
 Metaspace       used 81381K, committed 82880K, reserved 1179648K
  class space    used 11676K, committed 12352K, reserved 1048576K
}
Event: 12.089 GC heap after
{Heap after GC invocations=27 (full 0):
 garbage-first heap   total 493568K, used 216990K [0x0000000703600000, 0x0000000800000000)
  region size 2048K, 8 young (16384K), 8 survivors (16384K)
 Metaspace       used 81381K, committed 82880K, reserved 1179648K
  class space    used 11676K, committed 12352K, reserved 1048576K
}
Event: 12.103 GC heap before
{Heap before GC invocations=27 (full 0):
 garbage-first heap   total 493568K, used 225182K [0x0000000703600000, 0x0000000800000000)
  region size 2048K, 12 young (24576K), 8 survivors (16384K)
 Metaspace       used 81861K, committed 83328K, reserved 1179648K
  class space    used 11773K, committed 12416K, reserved 1048576K
}
Event: 12.111 GC heap after
{Heap after GC invocations=28 (full 0):
 garbage-first heap   total 493568K, used 219182K [0x0000000703600000, 0x0000000800000000)
  region size 2048K, 2 young (4096K), 2 survivors (4096K)
 Metaspace       used 81861K, committed 83328K, reserved 1179648K
  class space    used 11773K, committed 12416K, reserved 1048576K
}

