# JRE version: OpenJDK Runtime Environment Temurin-17.0.8+7 (17.0.8+7) (build 17.0.8+7)
# Java VM: OpenJDK 64-Bit Server VM Temurin-17.0.8+7 (17.0.8+7, mixed mode, sharing, tiered, compressed oops, compressed class ptrs, g1 gc, windows-amd64)
GC Precious Log:
 CPUs: 12 total, 12 available
 Memory: 16163M
 Large Page Support: Disabled
 NUMA Support: Disabled
 Compressed Oops: Enabled (Zero based)
 Heap Region Size: 2M
 Heap Min Capacity: 8M
 Heap Initial Capacity: 254M
 Heap Max Capacity: 4042M
 Pre-touch: Disabled
 Parallel Workers: 10
 Concurrent Workers: 3
 Concurrent Refinement Workers: 10
 Periodic GC: Disabled
Heap:
 garbage-first heap   total 501760K, used 193037K [0x0000000703600000, 0x0000000800000000)
  region size 2048K, 9 young (18432K), 2 survivors (4096K)
 Metaspace       used 77757K, committed 79232K, reserved 1179648K
  class space    used 11136K, committed 11776K, reserved 1048576K
GC Heap History (20 events):
Event: 4.439 GC heap before
{Heap before GC invocations=14 (full 0):
 garbage-first heap   total 276480K, used 230879K [0x0000000703600000, 0x0000000800000000)
  region size 2048K, 76 young (155648K), 3 survivors (6144K)
 Metaspace       used 34730K, committed 35648K, reserved 1114112K
  class space    used 4109K, committed 4480K, reserved 1048576K
}
Event: 4.443 GC heap after
{Heap after GC invocations=15 (full 0):
 garbage-first heap   total 276480K, used 84355K [0x0000000703600000, 0x0000000800000000)
  region size 2048K, 5 young (10240K), 5 survivors (10240K)
 Metaspace       used 34730K, committed 35648K, reserved 1114112K
  class space    used 4109K, committed 4480K, reserved 1048576K
}
Event: 4.503 GC heap before
{Heap before GC invocations=15 (full 0):
 garbage-first heap   total 276480K, used 143747K [0x0000000703600000, 0x0000000800000000)
  region size 2048K, 29 young (59392K), 5 survivors (10240K)
 Metaspace       used 35422K, committed 36416K, reserved 1114112K
  class space    used 4196K, committed 4672K, reserved 1048576K
}
Event: 4.509 GC heap after
{Heap after GC invocations=16 (full 0):
 garbage-first heap   total 331776K, used 97815K [0x0000000703600000, 0x0000000800000000)
  region size 2048K, 5 young (10240K), 5 survivors (10240K)
 Metaspace       used 35422K, committed 36416K, reserved 1114112K
  class space    used 4196K, committed 4672K, reserved 1048576K
}
Event: 5.787 GC heap before
{Heap before GC invocations=17 (full 0):
 garbage-first heap   total 331776K, used 267799K [0x0000000703600000, 0x0000000800000000)
  region size 2048K, 88 young (180224K), 5 survivors (10240K)
 Metaspace       used 46240K, committed 47424K, reserved 1114112K
  class space    used 5767K, committed 6336K, reserved 1048576K
}
Event: 5.797 GC heap after
{Heap after GC invocations=18 (full 0):
 garbage-first heap   total 331776K, used 104962K [0x0000000703600000, 0x0000000800000000)
  region size 2048K, 9 young (18432K), 9 survivors (18432K)
 Metaspace       used 46240K, committed 47424K, reserved 1114112K
  class space    used 5767K, committed 6336K, reserved 1048576K
}
Event: 6.164 GC heap before
{Heap before GC invocations=18 (full 0):
 garbage-first heap   total 331776K, used 266754K [0x0000000703600000, 0x0000000800000000)
  region size 2048K, 88 young (180224K), 9 survivors (18432K)
 Metaspace       used 48246K, committed 49472K, reserved 1114112K
  class space    used 6102K, committed 6656K, reserved 1048576K
}
Event: 6.182 GC heap after
{Heap after GC invocations=19 (full 0):
 garbage-first heap   total 331776K, used 120630K [0x0000000703600000, 0x0000000800000000)
  region size 2048K, 11 young (22528K), 11 survivors (22528K)
 Metaspace       used 48246K, committed 49472K, reserved 1114112K
  class space    used 6102K, committed 6656K, reserved 1048576K
}
Event: 6.379 GC heap before
{Heap before GC invocations=19 (full 0):
 garbage-first heap   total 331776K, used 266038K [0x0000000703600000, 0x0000000800000000)
  region size 2048K, 82 young (167936K), 11 survivors (22528K)
 Metaspace       used 48787K, committed 50048K, reserved 1114112K
  class space    used 6185K, committed 6784K, reserved 1048576K
}
Event: 6.401 GC heap after
{Heap after GC invocations=20 (full 0):
 garbage-first heap   total 331776K, used 138260K [0x0000000703600000, 0x0000000800000000)
  region size 2048K, 9 young (18432K), 9 survivors (18432K)
 Metaspace       used 48787K, committed 50048K, reserved 1114112K
  class space    used 6185K, committed 6784K, reserved 1048576K
}
Event: 6.852 GC heap before
{Heap before GC invocations=20 (full 0):
 garbage-first heap   total 331776K, used 265236K [0x0000000703600000, 0x0000000800000000)
  region size 2048K, 71 young (145408K), 9 survivors (18432K)
 Metaspace       used 52998K, committed 54208K, reserved 1114112K
  class space    used 6806K, committed 7360K, reserved 1048576K
}
Event: 6.867 GC heap after
{Heap after GC invocations=21 (full 0):
 garbage-first heap   total 331776K, used 154930K [0x0000000703600000, 0x0000000800000000)
  region size 2048K, 9 young (18432K), 9 survivors (18432K)
 Metaspace       used 52998K, committed 54208K, reserved 1114112K
  class space    used 6806K, committed 7360K, reserved 1048576K
}
Event: 7.296 GC heap before
{Heap before GC invocations=21 (full 0):
 garbage-first heap   total 331776K, used 263474K [0x0000000703600000, 0x0000000800000000)
  region size 2048K, 62 young (126976K), 9 survivors (18432K)
 Metaspace       used 56420K, committed 57664K, reserved 1114112K
  class space    used 7533K, committed 8128K, reserved 1048576K
}
Event: 7.308 GC heap after
{Heap after GC invocations=22 (full 0):
 garbage-first heap   total 331776K, used 166586K [0x0000000703600000, 0x0000000800000000)
  region size 2048K, 6 young (12288K), 6 survivors (12288K)
 Metaspace       used 56420K, committed 57664K, reserved 1114112K
  class space    used 7533K, committed 8128K, reserved 1048576K
}
Event: 7.664 GC heap before
{Heap before GC invocations=22 (full 0):
 garbage-first heap   total 331776K, used 248506K [0x0000000703600000, 0x0000000800000000)
  region size 2048K, 47 young (96256K), 6 survivors (12288K)
 Metaspace       used 59565K, committed 60800K, reserved 1114112K
  class space    used 8295K, committed 8832K, reserved 1048576K
}
Event: 7.671 GC heap after
{Heap after GC invocations=23 (full 0):
 garbage-first heap   total 501760K, used 168965K [0x0000000703600000, 0x0000000800000000)
  region size 2048K, 2 young (4096K), 2 survivors (4096K)
 Metaspace       used 59565K, committed 60800K, reserved 1114112K
  class space    used 8295K, committed 8832K, reserved 1048576K
}
Event: 9.367 GC heap before
{Heap before GC invocations=24 (full 0):
 garbage-first heap   total 501760K, used 369669K [0x0000000703600000, 0x0000000800000000)
  region size 2048K, 100 young (204800K), 2 survivors (4096K)
 Metaspace       used 76781K, committed 78208K, reserved 1179648K
  class space    used 11071K, committed 11712K, reserved 1048576K
}
Event: 9.375 GC heap after
{Heap after GC invocations=25 (full 0):
 garbage-first heap   total 501760K, used 180355K [0x0000000703600000, 0x0000000800000000)
  region size 2048K, 7 young (14336K), 7 survivors (14336K)
 Metaspace       used 76781K, committed 78208K, reserved 1179648K
  class space    used 11071K, committed 11712K, reserved 1048576K
}
Event: 9.482 GC heap before
{Heap before GC invocations=25 (full 0):
 garbage-first heap   total 501760K, used 188547K [0x0000000703600000, 0x0000000800000000)
  region size 2048K, 12 young (24576K), 7 survivors (14336K)
 Metaspace       used 77370K, committed 78848K, reserved 1179648K
  class space    used 11110K, committed 11776K, reserved 1048576K
}
Event: 9.488 GC heap after
{Heap after GC invocations=26 (full 0):
 garbage-first heap   total 501760K, used 180749K [0x0000000703600000, 0x0000000800000000)
  region size 2048K, 2 young (4096K), 2 survivors (4096K)
 Metaspace       used 77370K, committed 78848K, reserved 1179648K
  class space    used 11110K, committed 11776K, reserved 1048576K
}

