# JRE version: OpenJDK Runtime Environment Temurin-17.0.8+7 (17.0.8+7) (build 17.0.8+7)
# Java VM: OpenJDK 64-Bit Server VM Temurin-17.0.8+7 (17.0.8+7, mixed mode, sharing, tiered, compressed oops, compressed class ptrs, g1 gc, windows-amd64)
GC Precious Log:
 CPUs: 12 total, 12 available
 Memory: 16163M
 Large Page Support: Disabled
 NUMA Support: Disabled
 Compressed Oops: Enabled (Zero based)
 Heap Region Size: 2M
 Heap Min Capacity: 8M
 Heap Initial Capacity: 254M
 Heap Max Capacity: 4042M
 Pre-touch: Disabled
 Parallel Workers: 10
 Concurrent Workers: 3
 Concurrent Refinement Workers: 10
 Periodic GC: Disabled
Heap:
 garbage-first heap   total 466944K, used 223691K [0x0000000703600000, 0x0000000800000000)
  region size 2048K, 23 young (47104K), 2 survivors (4096K)
 Metaspace       used 78285K, committed 79744K, reserved 1179648K
  class space    used 11196K, committed 11840K, reserved 1048576K
GC Heap History (20 events):
Event: 4.287 GC heap before
{Heap before GC invocations=14 (full 0):
 garbage-first heap   total 264192K, used 217631K [0x0000000703600000, 0x0000000800000000)
  region size 2048K, 71 young (145408K), 5 survivors (10240K)
 Metaspace       used 33256K, committed 34240K, reserved 1114112K
  class space    used 3917K, committed 4352K, reserved 1048576K
}
Event: 4.291 GC heap after
{Heap after GC invocations=15 (full 0):
 garbage-first heap   total 317440K, used 84022K [0x0000000703600000, 0x0000000800000000)
  region size 2048K, 5 young (10240K), 5 survivors (10240K)
 Metaspace       used 33256K, committed 34240K, reserved 1114112K
  class space    used 3917K, committed 4352K, reserved 1048576K
}
Event: 4.423 GC heap before
{Heap before GC invocations=15 (full 0):
 garbage-first heap   total 317440K, used 114742K [0x0000000703600000, 0x0000000800000000)
  region size 2048K, 15 young (30720K), 5 survivors (10240K)
 Metaspace       used 35232K, committed 36288K, reserved 1114112K
  class space    used 4190K, committed 4672K, reserved 1048576K
}
Event: 4.428 GC heap after
{Heap after GC invocations=16 (full 0):
 garbage-first heap   total 317440K, used 97279K [0x0000000703600000, 0x0000000800000000)
  region size 2048K, 6 young (12288K), 6 survivors (12288K)
 Metaspace       used 35232K, committed 36288K, reserved 1114112K
  class space    used 4190K, committed 4672K, reserved 1048576K
}
Event: 5.613 GC heap before
{Heap before GC invocations=17 (full 0):
 garbage-first heap   total 317440K, used 267263K [0x0000000703600000, 0x0000000800000000)
  region size 2048K, 89 young (182272K), 6 survivors (12288K)
 Metaspace       used 44156K, committed 45376K, reserved 1114112K
  class space    used 5286K, committed 5888K, reserved 1048576K
}
Event: 5.622 GC heap after
{Heap after GC invocations=18 (full 0):
 garbage-first heap   total 317440K, used 105270K [0x0000000703600000, 0x0000000800000000)
  region size 2048K, 10 young (20480K), 10 survivors (20480K)
 Metaspace       used 44156K, committed 45376K, reserved 1114112K
  class space    used 5286K, committed 5888K, reserved 1048576K
}
Event: 6.096 GC heap before
{Heap before GC invocations=18 (full 0):
 garbage-first heap   total 317440K, used 260918K [0x0000000703600000, 0x0000000800000000)
  region size 2048K, 86 young (176128K), 10 survivors (20480K)
 Metaspace       used 48459K, committed 49728K, reserved 1114112K
  class space    used 6105K, committed 6656K, reserved 1048576K
}
Event: 6.108 GC heap after
{Heap after GC invocations=19 (full 0):
 garbage-first heap   total 317440K, used 116990K [0x0000000703600000, 0x0000000800000000)
  region size 2048K, 11 young (22528K), 11 survivors (22528K)
 Metaspace       used 48459K, committed 49728K, reserved 1114112K
  class space    used 6105K, committed 6656K, reserved 1048576K
}
Event: 6.341 GC heap before
{Heap before GC invocations=19 (full 0):
 garbage-first heap   total 317440K, used 258302K [0x0000000703600000, 0x0000000800000000)
  region size 2048K, 80 young (163840K), 11 survivors (22528K)
 Metaspace       used 49289K, committed 50560K, reserved 1114112K
  class space    used 6246K, committed 6848K, reserved 1048576K
}
Event: 6.357 GC heap after
{Heap after GC invocations=20 (full 0):
 garbage-first heap   total 317440K, used 134669K [0x0000000703600000, 0x0000000800000000)
  region size 2048K, 9 young (18432K), 9 survivors (18432K)
 Metaspace       used 49289K, committed 50560K, reserved 1114112K
  class space    used 6246K, committed 6848K, reserved 1048576K
}
Event: 6.516 GC heap before
{Heap before GC invocations=20 (full 0):
 garbage-first heap   total 317440K, used 255501K [0x0000000703600000, 0x0000000800000000)
  region size 2048K, 68 young (139264K), 9 survivors (18432K)
 Metaspace       used 49881K, committed 51136K, reserved 1114112K
  class space    used 6323K, committed 6912K, reserved 1048576K
}
Event: 6.529 GC heap after
{Heap after GC invocations=21 (full 0):
 garbage-first heap   total 317440K, used 147894K [0x0000000703600000, 0x0000000800000000)
  region size 2048K, 7 young (14336K), 7 survivors (14336K)
 Metaspace       used 49881K, committed 51136K, reserved 1114112K
  class space    used 6323K, committed 6912K, reserved 1048576K
}
Event: 6.761 GC heap before
{Heap before GC invocations=21 (full 0):
 garbage-first heap   total 317440K, used 256438K [0x0000000703600000, 0x0000000800000000)
  region size 2048K, 60 young (122880K), 7 survivors (14336K)
 Metaspace       used 51437K, committed 52736K, reserved 1114112K
  class space    used 6612K, committed 7232K, reserved 1048576K
}
Event: 6.770 GC heap after
{Heap after GC invocations=22 (full 0):
 garbage-first heap   total 466944K, used 151802K [0x0000000703600000, 0x0000000800000000)
  region size 2048K, 2 young (4096K), 2 survivors (4096K)
 Metaspace       used 51437K, committed 52736K, reserved 1114112K
  class space    used 6612K, committed 7232K, reserved 1048576K
}
Event: 7.686 GC heap before
{Heap before GC invocations=22 (full 0):
 garbage-first heap   total 466944K, used 358650K [0x0000000703600000, 0x0000000800000000)
  region size 2048K, 105 young (215040K), 2 survivors (4096K)
 Metaspace       used 59817K, committed 61056K, reserved 1114112K
  class space    used 8299K, committed 8896K, reserved 1048576K
}
Event: 7.695 GC heap after
{Heap after GC invocations=23 (full 0):
 garbage-first heap   total 466944K, used 170957K [0x0000000703600000, 0x0000000800000000)
  region size 2048K, 12 young (24576K), 12 survivors (24576K)
 Metaspace       used 59817K, committed 61056K, reserved 1114112K
  class space    used 8299K, committed 8896K, reserved 1048576K
}
Event: 8.751 GC heap before
{Heap before GC invocations=24 (full 0):
 garbage-first heap   total 466944K, used 357325K [0x0000000703600000, 0x0000000800000000)
  region size 2048K, 103 young (210944K), 12 survivors (24576K)
 Metaspace       used 71708K, committed 73152K, reserved 1114112K
  class space    used 10402K, committed 11072K, reserved 1048576K
}
Event: 8.762 GC heap after
{Heap after GC invocations=25 (full 0):
 garbage-first heap   total 466944K, used 182296K [0x0000000703600000, 0x0000000800000000)
  region size 2048K, 6 young (12288K), 6 survivors (12288K)
 Metaspace       used 71708K, committed 73152K, reserved 1114112K
  class space    used 10402K, committed 11072K, reserved 1048576K
}
Event: 8.806 GC heap before
{Heap before GC invocations=25 (full 0):
 garbage-first heap   total 466944K, used 192536K [0x0000000703600000, 0x0000000800000000)
  region size 2048K, 11 young (22528K), 6 survivors (12288K)
 Metaspace       used 73182K, committed 74624K, reserved 1114112K
  class space    used 10605K, committed 11264K, reserved 1048576K
}
Event: 8.811 GC heap after
{Heap after GC invocations=26 (full 0):
 garbage-first heap   total 466944K, used 182731K [0x0000000703600000, 0x0000000800000000)
  region size 2048K, 2 young (4096K), 2 survivors (4096K)
 Metaspace       used 73182K, committed 74624K, reserved 1114112K
  class space    used 10605K, committed 11264K, reserved 1048576K
}

