# JRE version: OpenJDK Runtime Environment Temurin-17.0.8+7 (17.0.8+7) (build 17.0.8+7)
# Java VM: OpenJDK 64-Bit Server VM Temurin-17.0.8+7 (17.0.8+7, mixed mode, sharing, tiered, compressed oops, compressed class ptrs, g1 gc, windows-amd64)
GC Precious Log:
 CPUs: 12 total, 12 available
 Memory: 16163M
 Large Page Support: Disabled
 NUMA Support: Disabled
 Compressed Oops: Enabled (Zero based)
 Heap Region Size: 2M
 Heap Min Capacity: 8M
 Heap Initial Capacity: 254M
 Heap Max Capacity: 4042M
 Pre-touch: Disabled
 Parallel Workers: 10
 Concurrent Workers: 3
 Concurrent Refinement Workers: 10
 Periodic GC: Disabled
Heap:
 garbage-first heap   total 454656K, used 243463K [0x0000000703600000, 0x0000000800000000)
  region size 2048K, 37 young (75776K), 5 survivors (10240K)
 Metaspace       used 78385K, committed 79808K, reserved 1179648K
  class space    used 11199K, committed 11840K, reserved 1048576K
GC Heap History (20 events):
Event: 8.542 GC heap before
{Heap before GC invocations=16 (full 0):
 garbage-first heap   total 256000K, used 208471K [0x0000000703600000, 0x0000000800000000)
  region size 2048K, 61 young (124928K), 5 survivors (10240K)
 Metaspace       used 36602K, committed 37632K, reserved 1114112K
  class space    used 4370K, committed 4864K, reserved 1048576K
}
Event: 8.551 GC heap after
{Heap after GC invocations=17 (full 0):
 garbage-first heap   total 256000K, used 98150K [0x0000000703600000, 0x0000000800000000)
  region size 2048K, 6 young (12288K), 6 survivors (12288K)
 Metaspace       used 36602K, committed 37632K, reserved 1114112K
  class space    used 4370K, committed 4864K, reserved 1048576K
}
Event: 10.047 GC heap before
{Heap before GC invocations=17 (full 0):
 garbage-first heap   total 256000K, used 212838K [0x0000000703600000, 0x0000000800000000)
  region size 2048K, 62 young (126976K), 6 survivors (12288K)
 Metaspace       used 40942K, committed 42112K, reserved 1114112K
  class space    used 4847K, committed 5376K, reserved 1048576K
}
Event: 10.058 GC heap after
{Heap after GC invocations=18 (full 0):
 garbage-first heap   total 307200K, used 102901K [0x0000000703600000, 0x0000000800000000)
  region size 2048K, 7 young (14336K), 7 survivors (14336K)
 Metaspace       used 40942K, committed 42112K, reserved 1114112K
  class space    used 4847K, committed 5376K, reserved 1048576K
}
Event: 12.167 GC heap before
{Heap before GC invocations=18 (full 0):
 garbage-first heap   total 307200K, used 256501K [0x0000000703600000, 0x0000000800000000)
  region size 2048K, 82 young (167936K), 7 survivors (14336K)
 Metaspace       used 47850K, committed 49024K, reserved 1114112K
  class space    used 5998K, committed 6528K, reserved 1048576K
}
Event: 12.185 GC heap after
{Heap after GC invocations=19 (full 0):
 garbage-first heap   total 307200K, used 112184K [0x0000000703600000, 0x0000000800000000)
  region size 2048K, 10 young (20480K), 10 survivors (20480K)
 Metaspace       used 47850K, committed 49024K, reserved 1114112K
  class space    used 5998K, committed 6528K, reserved 1048576K
}
Event: 12.685 GC heap before
{Heap before GC invocations=19 (full 0):
 garbage-first heap   total 307200K, used 251448K [0x0000000703600000, 0x0000000800000000)
  region size 2048K, 78 young (159744K), 10 survivors (20480K)
 Metaspace       used 49197K, committed 50432K, reserved 1114112K
  class space    used 6208K, committed 6784K, reserved 1048576K
}
Event: 12.708 GC heap after
{Heap after GC invocations=20 (full 0):
 garbage-first heap   total 307200K, used 126334K [0x0000000703600000, 0x0000000800000000)
  region size 2048K, 10 young (20480K), 10 survivors (20480K)
 Metaspace       used 49197K, committed 50432K, reserved 1114112K
  class space    used 6208K, committed 6784K, reserved 1048576K
}
Event: 12.951 GC heap before
{Heap before GC invocations=20 (full 0):
 garbage-first heap   total 307200K, used 249214K [0x0000000703600000, 0x0000000800000000)
  region size 2048K, 70 young (143360K), 10 survivors (20480K)
 Metaspace       used 49621K, committed 50816K, reserved 1114112K
  class space    used 6279K, committed 6848K, reserved 1048576K
}
Event: 12.973 GC heap after
{Heap after GC invocations=21 (full 0):
 garbage-first heap   total 307200K, used 141227K [0x0000000703600000, 0x0000000800000000)
  region size 2048K, 7 young (14336K), 7 survivors (14336K)
 Metaspace       used 49621K, committed 50816K, reserved 1114112K
  class space    used 6279K, committed 6848K, reserved 1048576K
}
Event: 13.310 GC heap before
{Heap before GC invocations=21 (full 0):
 garbage-first heap   total 307200K, used 249771K [0x0000000703600000, 0x0000000800000000)
  region size 2048K, 60 young (122880K), 7 survivors (14336K)
 Metaspace       used 50190K, committed 51392K, reserved 1114112K
  class space    used 6376K, committed 6912K, reserved 1048576K
}
Event: 13.323 GC heap after
{Heap after GC invocations=22 (full 0):
 garbage-first heap   total 307200K, used 149308K [0x0000000703600000, 0x0000000800000000)
  region size 2048K, 4 young (8192K), 4 survivors (8192K)
 Metaspace       used 50190K, committed 51392K, reserved 1114112K
  class space    used 6376K, committed 6912K, reserved 1048576K
}
Event: 14.405 GC heap before
{Heap before GC invocations=22 (full 0):
 garbage-first heap   total 307200K, used 251708K [0x0000000703600000, 0x0000000800000000)
  region size 2048K, 54 young (110592K), 4 survivors (8192K)
 Metaspace       used 55147K, committed 56448K, reserved 1114112K
  class space    used 7145K, committed 7744K, reserved 1048576K
}
Event: 14.419 GC heap after
{Heap after GC invocations=23 (full 0):
 garbage-first heap   total 307200K, used 166208K [0x0000000703600000, 0x0000000800000000)
  region size 2048K, 7 young (14336K), 7 survivors (14336K)
 Metaspace       used 55147K, committed 56448K, reserved 1114112K
  class space    used 7145K, committed 7744K, reserved 1048576K
}
Event: 14.825 GC heap before
{Heap before GC invocations=24 (full 0):
 garbage-first heap   total 307200K, used 246080K [0x0000000703600000, 0x0000000800000000)
  region size 2048K, 46 young (94208K), 7 survivors (14336K)
 Metaspace       used 57470K, committed 58688K, reserved 1114112K
  class space    used 7767K, committed 8320K, reserved 1048576K
}
Event: 14.833 GC heap after
{Heap after GC invocations=25 (full 0):
 garbage-first heap   total 307200K, used 171936K [0x0000000703600000, 0x0000000800000000)
  region size 2048K, 3 young (6144K), 3 survivors (6144K)
 Metaspace       used 57470K, committed 58688K, reserved 1114112K
  class space    used 7767K, committed 8320K, reserved 1048576K
}
Event: 14.905 GC heap before
{Heap before GC invocations=25 (full 0):
 garbage-first heap   total 307200K, used 178080K [0x0000000703600000, 0x0000000800000000)
  region size 2048K, 7 young (14336K), 3 survivors (6144K)
 Metaspace       used 58221K, committed 59456K, reserved 1114112K
  class space    used 7991K, committed 8512K, reserved 1048576K
}
Event: 14.909 GC heap after
{Heap after GC invocations=26 (full 0):
 garbage-first heap   total 454656K, used 172288K [0x0000000703600000, 0x0000000800000000)
  region size 2048K, 1 young (2048K), 1 survivors (2048K)
 Metaspace       used 58221K, committed 59456K, reserved 1114112K
  class space    used 7991K, committed 8512K, reserved 1048576K
}
Event: 16.442 GC heap before
{Heap before GC invocations=26 (full 0):
 garbage-first heap   total 454656K, used 362752K [0x0000000703600000, 0x0000000800000000)
  region size 2048K, 95 young (194560K), 1 survivors (2048K)
 Metaspace       used 71170K, committed 72576K, reserved 1114112K
  class space    used 10319K, committed 10944K, reserved 1048576K
}
Event: 16.452 GC heap after
{Heap after GC invocations=27 (full 0):
 garbage-first heap   total 454656K, used 179975K [0x0000000703600000, 0x0000000800000000)
  region size 2048K, 5 young (10240K), 5 survivors (10240K)
 Metaspace       used 71170K, committed 72576K, reserved 1114112K
  class space    used 10319K, committed 10944K, reserved 1048576K
}

