# JRE version: OpenJDK Runtime Environment Temurin-17.0.8+7 (17.0.8+7) (build 17.0.8+7)
# Java VM: OpenJDK 64-Bit Server VM Temurin-17.0.8+7 (17.0.8+7, mixed mode, sharing, tiered, compressed oops, compressed class ptrs, g1 gc, windows-amd64)
GC Precious Log:
 CPUs: 12 total, 12 available
 Memory: 16163M
 Large Page Support: Disabled
 NUMA Support: Disabled
 Compressed Oops: Enabled (Zero based)
 Heap Region Size: 2M
 Heap Min Capacity: 8M
 Heap Initial Capacity: 254M
 Heap Max Capacity: 4042M
 Pre-touch: Disabled
 Parallel Workers: 10
 Concurrent Workers: 3
 Concurrent Refinement Workers: 10
 Periodic GC: Disabled
Heap:
 garbage-first heap   total 530432K, used 348199K [0x0000000703600000, 0x0000000800000000)
  region size 2048K, 66 young (135168K), 2 survivors (4096K)
 Metaspace       used 88685K, committed 90176K, reserved 1179648K
  class space    used 12868K, committed 13504K, reserved 1048576K
GC Heap History (20 events):
Event: 6.400 GC heap before
{Heap before GC invocations=15 (full 0):
 garbage-first heap   total 425984K, used 321180K [0x0000000703600000, 0x0000000800000000)
  region size 2048K, 115 young (235520K), 9 survivors (18432K)
 Metaspace       used 35136K, committed 36160K, reserved 1114112K
  class space    used 4124K, committed 4608K, reserved 1048576K
}
Event: 6.407 GC heap after
{Heap after GC invocations=16 (full 0):
 garbage-first heap   total 425984K, used 109886K [0x0000000703600000, 0x0000000800000000)
  region size 2048K, 10 young (20480K), 10 survivors (20480K)
 Metaspace       used 35136K, committed 36160K, reserved 1114112K
  class space    used 4124K, committed 4608K, reserved 1048576K
}
Event: 7.056 GC heap before
{Heap before GC invocations=17 (full 0):
 garbage-first heap   total 409600K, used 347454K [0x0000000703600000, 0x0000000800000000)
  region size 2048K, 120 young (245760K), 10 survivors (20480K)
 Metaspace       used 38313K, committed 39424K, reserved 1114112K
  class space    used 4584K, committed 5056K, reserved 1048576K
}
Event: 7.064 GC heap after
{Heap after GC invocations=18 (full 0):
 garbage-first heap   total 409600K, used 126680K [0x0000000703600000, 0x0000000800000000)
  region size 2048K, 9 young (18432K), 9 survivors (18432K)
 Metaspace       used 38313K, committed 39424K, reserved 1114112K
  class space    used 4584K, committed 5056K, reserved 1048576K
}
Event: 8.356 GC heap before
{Heap before GC invocations=19 (full 0):
 garbage-first heap   total 409600K, used 345816K [0x0000000703600000, 0x0000000800000000)
  region size 2048K, 116 young (237568K), 9 survivors (18432K)
 Metaspace       used 47201K, committed 48448K, reserved 1114112K
  class space    used 5868K, committed 6400K, reserved 1048576K
}
Event: 8.368 GC heap after
{Heap after GC invocations=20 (full 0):
 garbage-first heap   total 409600K, used 135191K [0x0000000703600000, 0x0000000800000000)
  region size 2048K, 9 young (18432K), 9 survivors (18432K)
 Metaspace       used 47201K, committed 48448K, reserved 1114112K
  class space    used 5868K, committed 6400K, reserved 1048576K
}
Event: 8.865 GC heap before
{Heap before GC invocations=20 (full 0):
 garbage-first heap   total 409600K, used 344087K [0x0000000703600000, 0x0000000800000000)
  region size 2048K, 111 young (227328K), 9 survivors (18432K)
 Metaspace       used 49436K, committed 50688K, reserved 1114112K
  class space    used 6230K, committed 6784K, reserved 1048576K
}
Event: 8.883 GC heap after
{Heap after GC invocations=21 (full 0):
 garbage-first heap   total 409600K, used 151309K [0x0000000703600000, 0x0000000800000000)
  region size 2048K, 14 young (28672K), 14 survivors (28672K)
 Metaspace       used 49436K, committed 50688K, reserved 1114112K
  class space    used 6230K, committed 6784K, reserved 1048576K
}
Event: 9.175 GC heap before
{Heap before GC invocations=21 (full 0):
 garbage-first heap   total 409600K, used 337677K [0x0000000703600000, 0x0000000800000000)
  region size 2048K, 105 young (215040K), 14 survivors (28672K)
 Metaspace       used 50291K, committed 51584K, reserved 1114112K
  class space    used 6348K, committed 6912K, reserved 1048576K
}
Event: 9.193 GC heap after
{Heap after GC invocations=22 (full 0):
 garbage-first heap   total 409600K, used 169010K [0x0000000703600000, 0x0000000800000000)
  region size 2048K, 10 young (20480K), 10 survivors (20480K)
 Metaspace       used 50291K, committed 51584K, reserved 1114112K
  class space    used 6348K, committed 6912K, reserved 1048576K
}
Event: 9.430 GC heap before
{Heap before GC invocations=22 (full 0):
 garbage-first heap   total 409600K, used 332850K [0x0000000703600000, 0x0000000800000000)
  region size 2048K, 90 young (184320K), 10 survivors (20480K)
 Metaspace       used 51691K, committed 52928K, reserved 1114112K
  class space    used 6632K, committed 7168K, reserved 1048576K
}
Event: 9.441 GC heap after
{Heap after GC invocations=23 (full 0):
 garbage-first heap   total 530432K, used 180811K [0x0000000703600000, 0x0000000800000000)
  region size 2048K, 6 young (12288K), 6 survivors (12288K)
 Metaspace       used 51691K, committed 52928K, reserved 1114112K
  class space    used 6632K, committed 7168K, reserved 1048576K
}
Event: 10.583 GC heap before
{Heap before GC invocations=23 (full 0):
 garbage-first heap   total 530432K, used 430667K [0x0000000703600000, 0x0000000800000000)
  region size 2048K, 128 young (262144K), 6 survivors (12288K)
 Metaspace       used 61213K, committed 62464K, reserved 1114112K
  class space    used 8480K, committed 9024K, reserved 1048576K
}
Event: 10.596 GC heap after
{Heap after GC invocations=24 (full 0):
 garbage-first heap   total 530432K, used 201659K [0x0000000703600000, 0x0000000800000000)
  region size 2048K, 16 young (32768K), 16 survivors (32768K)
 Metaspace       used 61213K, committed 62464K, reserved 1114112K
  class space    used 8480K, committed 9024K, reserved 1048576K
}
Event: 10.977 GC heap before
{Heap before GC invocations=24 (full 0):
 garbage-first heap   total 530432K, used 250811K [0x0000000703600000, 0x0000000800000000)
  region size 2048K, 41 young (83968K), 16 survivors (32768K)
 Metaspace       used 64448K, committed 65728K, reserved 1114112K
  class space    used 9077K, committed 9664K, reserved 1048576K
}
Event: 10.986 GC heap after
{Heap after GC invocations=25 (full 0):
 garbage-first heap   total 530432K, used 205539K [0x0000000703600000, 0x0000000800000000)
  region size 2048K, 3 young (6144K), 3 survivors (6144K)
 Metaspace       used 64448K, committed 65728K, reserved 1114112K
  class space    used 9077K, committed 9664K, reserved 1048576K
}
Event: 12.528 GC heap before
{Heap before GC invocations=26 (full 0):
 garbage-first heap   total 530432K, used 432867K [0x0000000703600000, 0x0000000800000000)
  region size 2048K, 114 young (233472K), 3 survivors (6144K)
 Metaspace       used 82356K, committed 83840K, reserved 1179648K
  class space    used 11863K, committed 12544K, reserved 1048576K
}
Event: 12.537 GC heap after
{Heap after GC invocations=27 (full 0):
 garbage-first heap   total 530432K, used 216463K [0x0000000703600000, 0x0000000800000000)
  region size 2048K, 8 young (16384K), 8 survivors (16384K)
 Metaspace       used 82356K, committed 83840K, reserved 1179648K
  class space    used 11863K, committed 12544K, reserved 1048576K
}
Event: 12.556 GC heap before
{Heap before GC invocations=27 (full 0):
 garbage-first heap   total 530432K, used 224655K [0x0000000703600000, 0x0000000800000000)
  region size 2048K, 12 young (24576K), 8 survivors (16384K)
 Metaspace       used 83002K, committed 84480K, reserved 1179648K
  class space    used 11970K, committed 12608K, reserved 1048576K
}
Event: 12.562 GC heap after
{Heap after GC invocations=28 (full 0):
 garbage-first heap   total 530432K, used 217127K [0x0000000703600000, 0x0000000800000000)
  region size 2048K, 2 young (4096K), 2 survivors (4096K)
 Metaspace       used 83002K, committed 84480K, reserved 1179648K
  class space    used 11970K, committed 12608K, reserved 1048576K
}

