# JRE version: OpenJDK Runtime Environment Temurin-17.0.8+7 (17.0.8+7) (build 17.0.8+7)
# Java VM: OpenJDK 64-Bit Server VM Temurin-17.0.8+7 (17.0.8+7, mixed mode, sharing, tiered, compressed oops, compressed class ptrs, g1 gc, windows-amd64)
GC Precious Log:
 CPUs: 12 total, 12 available
 Memory: 16163M
 Large Page Support: Disabled
 NUMA Support: Disabled
 Compressed Oops: Enabled (Zero based)
 Heap Region Size: 2M
 Heap Min Capacity: 8M
 Heap Initial Capacity: 254M
 Heap Max Capacity: 4042M
 Pre-touch: Disabled
 Parallel Workers: 10
 Concurrent Workers: 3
 Concurrent Refinement Workers: 10
 Periodic GC: Disabled
Heap:
 garbage-first heap   total 376832K, used 239684K [0x0000000703600000, 0x0000000800000000)
  region size 2048K, 23 young (47104K), 1 survivors (2048K)
 Metaspace       used 78870K, committed 80320K, reserved 1179648K
  class space    used 11255K, committed 11904K, reserved 1048576K
GC Heap History (20 events):
Event: 16.638 GC heap before
{Heap before GC invocations=19 (full 0):
 garbage-first heap   total 307200K, used 256309K [0x0000000703600000, 0x0000000800000000)
  region size 2048K, 77 young (157696K), 8 survivors (16384K)
 Metaspace       used 47603K, committed 48832K, reserved 1114112K
  class space    used 5941K, committed 6528K, reserved 1048576K
}
Event: 16.656 GC heap after
{Heap after GC invocations=20 (full 0):
 garbage-first heap   total 307200K, used 122607K [0x0000000703600000, 0x0000000800000000)
  region size 2048K, 8 young (16384K), 8 survivors (16384K)
 Metaspace       used 47603K, committed 48832K, reserved 1114112K
  class space    used 5941K, committed 6528K, reserved 1048576K
}
Event: 17.357 GC heap before
{Heap before GC invocations=20 (full 0):
 garbage-first heap   total 307200K, used 255727K [0x0000000703600000, 0x0000000800000000)
  region size 2048K, 73 young (149504K), 8 survivors (16384K)
 Metaspace       used 48914K, committed 50176K, reserved 1114112K
  class space    used 6160K, committed 6720K, reserved 1048576K
}
Event: 17.373 GC heap after
{Heap after GC invocations=21 (full 0):
 garbage-first heap   total 307200K, used 133532K [0x0000000703600000, 0x0000000800000000)
  region size 2048K, 10 young (20480K), 10 survivors (20480K)
 Metaspace       used 48914K, committed 50176K, reserved 1114112K
  class space    used 6160K, committed 6720K, reserved 1048576K
}
Event: 17.966 GC heap before
{Heap before GC invocations=21 (full 0):
 garbage-first heap   total 307200K, used 250268K [0x0000000703600000, 0x0000000800000000)
  region size 2048K, 67 young (137216K), 10 survivors (20480K)
 Metaspace       used 49591K, committed 50816K, reserved 1114112K
  class space    used 6241K, committed 6784K, reserved 1048576K
}
Event: 17.984 GC heap after
{Heap after GC invocations=22 (full 0):
 garbage-first heap   total 307200K, used 142837K [0x0000000703600000, 0x0000000800000000)
  region size 2048K, 6 young (12288K), 6 survivors (12288K)
 Metaspace       used 49591K, committed 50816K, reserved 1114112K
  class space    used 6241K, committed 6784K, reserved 1048576K
}
Event: 18.352 GC heap before
{Heap before GC invocations=22 (full 0):
 garbage-first heap   total 307200K, used 251381K [0x0000000703600000, 0x0000000800000000)
  region size 2048K, 59 young (120832K), 6 survivors (12288K)
 Metaspace       used 49928K, committed 51200K, reserved 1114112K
  class space    used 6303K, committed 6848K, reserved 1048576K
}
Event: 18.364 GC heap after
{Heap after GC invocations=23 (full 0):
 garbage-first heap   total 307200K, used 154431K [0x0000000703600000, 0x0000000800000000)
  region size 2048K, 6 young (12288K), 6 survivors (12288K)
 Metaspace       used 49928K, committed 51200K, reserved 1114112K
  class space    used 6303K, committed 6848K, reserved 1048576K
}
Event: 18.816 GC heap before
{Heap before GC invocations=23 (full 0):
 garbage-first heap   total 307200K, used 250687K [0x0000000703600000, 0x0000000800000000)
  region size 2048K, 53 young (108544K), 6 survivors (12288K)
 Metaspace       used 50692K, committed 51904K, reserved 1114112K
  class space    used 6422K, committed 6976K, reserved 1048576K
}
Event: 18.827 GC heap after
{Heap after GC invocations=24 (full 0):
 garbage-first heap   total 376832K, used 164199K [0x0000000703600000, 0x0000000800000000)
  region size 2048K, 5 young (10240K), 5 survivors (10240K)
 Metaspace       used 50692K, committed 51904K, reserved 1114112K
  class space    used 6422K, committed 6976K, reserved 1048576K
}
Event: 20.457 GC heap before
{Heap before GC invocations=25 (full 0):
 garbage-first heap   total 376832K, used 299367K [0x0000000703600000, 0x0000000800000000)
  region size 2048K, 72 young (147456K), 5 survivors (10240K)
 Metaspace       used 55108K, committed 56384K, reserved 1114112K
  class space    used 7118K, committed 7680K, reserved 1048576K
}
Event: 20.472 GC heap after
{Heap after GC invocations=26 (full 0):
 garbage-first heap   total 376832K, used 178931K [0x0000000703600000, 0x0000000800000000)
  region size 2048K, 9 young (18432K), 9 survivors (18432K)
 Metaspace       used 55108K, committed 56384K, reserved 1114112K
  class space    used 7118K, committed 7680K, reserved 1048576K
}
Event: 21.482 GC heap before
{Heap before GC invocations=26 (full 0):
 garbage-first heap   total 376832K, used 299763K [0x0000000703600000, 0x0000000800000000)
  region size 2048K, 68 young (139264K), 9 survivors (18432K)
 Metaspace       used 58916K, committed 60160K, reserved 1114112K
  class space    used 8079K, committed 8640K, reserved 1048576K
}
Event: 21.498 GC heap after
{Heap after GC invocations=27 (full 0):
 garbage-first heap   total 376832K, used 186391K [0x0000000703600000, 0x0000000800000000)
  region size 2048K, 4 young (8192K), 4 survivors (8192K)
 Metaspace       used 58916K, committed 60160K, reserved 1114112K
  class space    used 8079K, committed 8640K, reserved 1048576K
}
Event: 23.374 GC heap before
{Heap before GC invocations=27 (full 0):
 garbage-first heap   total 376832K, used 303127K [0x0000000703600000, 0x0000000800000000)
  region size 2048K, 61 young (124928K), 4 survivors (8192K)
 Metaspace       used 65763K, committed 67136K, reserved 1114112K
  class space    used 9432K, committed 10048K, reserved 1048576K
}
Event: 23.382 GC heap after
{Heap after GC invocations=28 (full 0):
 garbage-first heap   total 376832K, used 188632K [0x0000000703600000, 0x0000000800000000)
  region size 2048K, 5 young (10240K), 5 survivors (10240K)
 Metaspace       used 65763K, committed 67136K, reserved 1114112K
  class space    used 9432K, committed 10048K, reserved 1048576K
}
Event: 25.537 GC heap before
{Heap before GC invocations=29 (full 0):
 garbage-first heap   total 376832K, used 307416K [0x0000000703600000, 0x0000000800000000)
  region size 2048K, 63 young (129024K), 5 survivors (10240K)
 Metaspace       used 72236K, committed 73728K, reserved 1114112K
  class space    used 10456K, committed 11136K, reserved 1048576K
}
Event: 25.553 GC heap after
{Heap after GC invocations=30 (full 0):
 garbage-first heap   total 376832K, used 196877K [0x0000000703600000, 0x0000000800000000)
  region size 2048K, 6 young (12288K), 6 survivors (12288K)
 Metaspace       used 72236K, committed 73728K, reserved 1114112K
  class space    used 10456K, committed 11136K, reserved 1048576K
}
Event: 25.655 GC heap before
{Heap before GC invocations=30 (full 0):
 garbage-first heap   total 376832K, used 203021K [0x0000000703600000, 0x0000000800000000)
  region size 2048K, 9 young (18432K), 6 survivors (12288K)
 Metaspace       used 73324K, committed 74752K, reserved 1114112K
  class space    used 10596K, committed 11264K, reserved 1048576K
}
Event: 25.666 GC heap after
{Heap after GC invocations=31 (full 0):
 garbage-first heap   total 376832K, used 196676K [0x0000000703600000, 0x0000000800000000)
  region size 2048K, 1 young (2048K), 1 survivors (2048K)
 Metaspace       used 73324K, committed 74752K, reserved 1114112K
  class space    used 10596K, committed 11264K, reserved 1048576K
}

