# JRE version: OpenJDK Runtime Environment Temurin-17.0.8+7 (17.0.8+7) (build 17.0.8+7)
# Java VM: OpenJDK 64-Bit Server VM Temurin-17.0.8+7 (17.0.8+7, mixed mode, sharing, tiered, compressed oops, compressed class ptrs, g1 gc, windows-amd64)
GC Precious Log:
 CPUs: 12 total, 12 available
 Memory: 16163M
 Large Page Support: Disabled
 NUMA Support: Disabled
 Compressed Oops: Enabled (Zero based)
 Heap Region Size: 2M
 Heap Min Capacity: 8M
 Heap Initial Capacity: 254M
 Heap Max Capacity: 4042M
 Pre-touch: Disabled
 Parallel Workers: 10
 Concurrent Workers: 3
 Concurrent Refinement Workers: 10
 Periodic GC: Disabled
Heap:
 garbage-first heap   total 1064960K, used 315079K [0x0000000703600000, 0x0000000800000000)
  region size 2048K, 4 young (8192K), 0 survivors (0K)
 Metaspace       used 121065K, committed 122880K, reserved 1179648K
  class space    used 17553K, committed 18368K, reserved 1048576K
GC Heap History (20 events):
Event: 19.538 GC heap before
{Heap before GC invocations=31 (full 0):
 garbage-first heap   total 1409024K, used 1073348K [0x0000000703600000, 0x0000000800000000)
  region size 2048K, 412 young (843776K), 13 survivors (26624K)
 Metaspace       used 101115K, committed 102784K, reserved 1179648K
  class space    used 14938K, committed 15680K, reserved 1048576K
}
Event: 19.572 GC heap after
{Heap after GC invocations=32 (full 0):
 garbage-first heap   total 1409024K, used 290796K [0x0000000703600000, 0x0000000800000000)
  region size 2048K, 36 young (73728K), 36 survivors (73728K)
 Metaspace       used 101115K, committed 102784K, reserved 1179648K
  class space    used 14938K, committed 15680K, reserved 1048576K
}
Event: 21.792 GC heap before
{Heap before GC invocations=32 (full 0):
 garbage-first heap   total 1409024K, used 1060844K [0x0000000703600000, 0x0000000800000000)
  region size 2048K, 412 young (843776K), 36 survivors (73728K)
 Metaspace       used 106815K, committed 108544K, reserved 1179648K
  class space    used 15775K, committed 16512K, reserved 1048576K
}
Event: 21.868 GC heap after
{Heap after GC invocations=33 (full 0):
 garbage-first heap   total 1409024K, used 396648K [0x0000000703600000, 0x0000000800000000)
  region size 2048K, 52 young (106496K), 52 survivors (106496K)
 Metaspace       used 106815K, committed 108544K, reserved 1179648K
  class space    used 15775K, committed 16512K, reserved 1048576K
}
Event: 22.466 GC heap before
{Heap before GC invocations=33 (full 0):
 garbage-first heap   total 1409024K, used 1060200K [0x0000000703600000, 0x0000000800000000)
  region size 2048K, 376 young (770048K), 52 survivors (106496K)
 Metaspace       used 107607K, committed 109312K, reserved 1179648K
  class space    used 15875K, committed 16640K, reserved 1048576K
}
Event: 22.689 GC heap after
{Heap after GC invocations=34 (full 0):
 garbage-first heap   total 1585152K, used 815087K [0x0000000703600000, 0x0000000800000000)
  region size 2048K, 47 young (96256K), 47 survivors (96256K)
 Metaspace       used 107607K, committed 109312K, reserved 1179648K
  class space    used 15875K, committed 16640K, reserved 1048576K
}
Event: 23.210 GC heap before
{Heap before GC invocations=34 (full 0):
 garbage-first heap   total 1585152K, used 1058799K [0x0000000703600000, 0x0000000800000000)
  region size 2048K, 166 young (339968K), 47 survivors (96256K)
 Metaspace       used 108163K, committed 109888K, reserved 1179648K
  class space    used 15921K, committed 16640K, reserved 1048576K
}
Event: 23.273 GC heap after
{Heap after GC invocations=35 (full 0):
 garbage-first heap   total 1585152K, used 850927K [0x0000000703600000, 0x0000000800000000)
  region size 2048K, 15 young (30720K), 15 survivors (30720K)
 Metaspace       used 108163K, committed 109888K, reserved 1179648K
  class space    used 15921K, committed 16640K, reserved 1048576K
}
Event: 23.896 GC heap before
{Heap before GC invocations=36 (full 0):
 garbage-first heap   total 1740800K, used 1172463K [0x0000000703600000, 0x0000000800000000)
  region size 2048K, 172 young (352256K), 15 survivors (30720K)
 Metaspace       used 108128K, committed 109888K, reserved 1179648K
  class space    used 15910K, committed 16640K, reserved 1048576K
}
Event: 23.914 GC heap after
{Heap after GC invocations=37 (full 0):
 garbage-first heap   total 1740800K, used 887624K [0x0000000703600000, 0x0000000800000000)
  region size 2048K, 18 young (36864K), 18 survivors (36864K)
 Metaspace       used 108128K, committed 109888K, reserved 1179648K
  class space    used 15910K, committed 16640K, reserved 1048576K
}
Event: 23.974 GC heap before
{Heap before GC invocations=37 (full 0):
 garbage-first heap   total 1740800K, used 936776K [0x0000000703600000, 0x0000000800000000)
  region size 2048K, 42 young (86016K), 18 survivors (36864K)
 Metaspace       used 108134K, committed 109888K, reserved 1179648K
  class space    used 15910K, committed 16640K, reserved 1048576K
}
Event: 23.983 GC heap after
{Heap after GC invocations=38 (full 0):
 garbage-first heap   total 1740800K, used 882332K [0x0000000703600000, 0x0000000800000000)
  region size 2048K, 5 young (10240K), 5 survivors (10240K)
 Metaspace       used 108134K, committed 109888K, reserved 1179648K
  class space    used 15910K, committed 16640K, reserved 1048576K
}
Event: 24.359 GC heap before
{Heap before GC invocations=38 (full 0):
 garbage-first heap   total 1740800K, used 1302172K [0x0000000703600000, 0x0000000800000000)
  region size 2048K, 210 young (430080K), 5 survivors (10240K)
 Metaspace       used 108140K, committed 109888K, reserved 1179648K
  class space    used 15911K, committed 16640K, reserved 1048576K
}
Event: 24.374 GC heap after
{Heap after GC invocations=39 (full 0):
 garbage-first heap   total 2379776K, used 913532K [0x0000000703600000, 0x0000000800000000)
  region size 2048K, 20 young (40960K), 20 survivors (40960K)
 Metaspace       used 108140K, committed 109888K, reserved 1179648K
  class space    used 15911K, committed 16640K, reserved 1048576K
}
Event: 26.384 GC heap before
{Heap before GC invocations=39 (full 0):
 garbage-first heap   total 2379776K, used 1738876K [0x0000000703600000, 0x0000000800000000)
  region size 2048K, 423 young (866304K), 20 survivors (40960K)
 Metaspace       used 117360K, committed 119040K, reserved 1179648K
  class space    used 17231K, committed 17984K, reserved 1048576K
}
Event: 26.440 GC heap after
{Heap after GC invocations=40 (full 0):
 garbage-first heap   total 2379776K, used 1012862K [0x0000000703600000, 0x0000000800000000)
  region size 2048K, 53 young (108544K), 53 survivors (108544K)
 Metaspace       used 117360K, committed 119040K, reserved 1179648K
  class space    used 17231K, committed 17984K, reserved 1048576K
}
Event: 27.867 GC heap before
{Heap before GC invocations=40 (full 0):
 garbage-first heap   total 2379776K, used 1776766K [0x0000000703600000, 0x0000000800000000)
  region size 2048K, 428 young (876544K), 53 survivors (108544K)
 Metaspace       used 120298K, committed 122048K, reserved 1179648K
  class space    used 17445K, committed 18240K, reserved 1048576K
}
Event: 27.906 GC heap after
{Heap after GC invocations=41 (full 0):
 garbage-first heap   total 2379776K, used 1009647K [0x0000000703600000, 0x0000000800000000)
  region size 2048K, 13 young (26624K), 13 survivors (26624K)
 Metaspace       used 120298K, committed 122048K, reserved 1179648K
  class space    used 17445K, committed 18240K, reserved 1048576K
}
Event: 28.771 GC heap before
{Heap before GC invocations=41 (full 0):
 garbage-first heap   total 2379776K, used 1445871K [0x0000000703600000, 0x0000000800000000)
  region size 2048K, 228 young (466944K), 13 survivors (26624K)
 Metaspace       used 120664K, committed 122496K, reserved 1179648K
  class space    used 17503K, committed 18304K, reserved 1048576K
}
Event: 28.930 GC heap after
{Heap after GC invocations=42 (full 1):
 garbage-first heap   total 1064960K, used 308935K [0x0000000703600000, 0x0000000800000000)
  region size 2048K, 0 young (0K), 0 survivors (0K)
 Metaspace       used 120664K, committed 122496K, reserved 1179648K
  class space    used 17503K, committed 18304K, reserved 1048576K
}

