# JRE version: OpenJDK Runtime Environment Temurin-17.0.8+7 (17.0.8+7) (build 17.0.8+7)
# Java VM: OpenJDK 64-Bit Server VM Temurin-17.0.8+7 (17.0.8+7, mixed mode, sharing, tiered, compressed oops, compressed class ptrs, g1 gc, windows-amd64)
GC Precious Log:
 CPUs: 12 total, 12 available
 Memory: 16163M
 Large Page Support: Disabled
 NUMA Support: Disabled
 Compressed Oops: Enabled (Zero based)
 Heap Region Size: 2M
 Heap Min Capacity: 8M
 Heap Initial Capacity: 254M
 Heap Max Capacity: 4042M
 Pre-touch: Disabled
 Parallel Workers: 10
 Concurrent Workers: 3
 Concurrent Refinement Workers: 10
 Periodic GC: Disabled
Heap:
 garbage-first heap   total 493568K, used 336048K [0x0000000703600000, 0x0000000800000000)
  region size 2048K, 82 young (167936K), 8 survivors (16384K)
 Metaspace       used 87225K, committed 88704K, reserved 1179648K
  class space    used 12647K, committed 13312K, reserved 1048576K
GC Heap History (20 events):
Event: 3.587 GC heap before
{Heap before GC invocations=11 (full 0):
 garbage-first heap   total 245760K, used 192396K [0x0000000703600000, 0x0000000800000000)
  region size 2048K, 58 young (118784K), 2 survivors (4096K)
 Metaspace       used 30252K, committed 31168K, reserved 1114112K
  class space    used 3597K, committed 3968K, reserved 1048576K
}
Event: 3.589 GC heap after
{Heap after GC invocations=12 (full 0):
 garbage-first heap   total 245760K, used 77830K [0x0000000703600000, 0x0000000800000000)
  region size 2048K, 2 young (4096K), 2 survivors (4096K)
 Metaspace       used 30252K, committed 31168K, reserved 1114112K
  class space    used 3597K, committed 3968K, reserved 1048576K
}
Event: 3.689 GC heap before
{Heap before GC invocations=12 (full 0):
 garbage-first heap   total 245760K, used 196614K [0x0000000703600000, 0x0000000800000000)
  region size 2048K, 60 young (122880K), 2 survivors (4096K)
 Metaspace       used 30359K, committed 31296K, reserved 1114112K
  class space    used 3609K, committed 4032K, reserved 1048576K
}
Event: 3.692 GC heap after
{Heap after GC invocations=13 (full 0):
 garbage-first heap   total 593920K, used 78425K [0x0000000703600000, 0x0000000800000000)
  region size 2048K, 2 young (4096K), 2 survivors (4096K)
 Metaspace       used 30359K, committed 31296K, reserved 1114112K
  class space    used 3609K, committed 4032K, reserved 1048576K
}
Event: 4.192 GC heap before
{Heap before GC invocations=13 (full 0):
 garbage-first heap   total 593920K, used 426585K [0x0000000703600000, 0x0000000800000000)
  region size 2048K, 167 young (342016K), 2 survivors (4096K)
 Metaspace       used 35164K, committed 36160K, reserved 1114112K
  class space    used 4192K, committed 4672K, reserved 1048576K
}
Event: 4.197 GC heap after
{Heap after GC invocations=14 (full 0):
 garbage-first heap   total 593920K, used 96702K [0x0000000703600000, 0x0000000800000000)
  region size 2048K, 5 young (10240K), 5 survivors (10240K)
 Metaspace       used 35164K, committed 36160K, reserved 1114112K
  class space    used 4192K, committed 4672K, reserved 1048576K
}
Event: 5.645 GC heap before
{Heap before GC invocations=15 (full 0):
 garbage-first heap   total 348160K, used 293310K [0x0000000703600000, 0x0000000800000000)
  region size 2048K, 102 young (208896K), 5 survivors (10240K)
 Metaspace       used 47023K, committed 48256K, reserved 1114112K
  class space    used 5878K, committed 6400K, reserved 1048576K
}
Event: 5.656 GC heap after
{Heap after GC invocations=16 (full 0):
 garbage-first heap   total 348160K, used 105683K [0x0000000703600000, 0x0000000800000000)
  region size 2048K, 10 young (20480K), 10 survivors (20480K)
 Metaspace       used 47023K, committed 48256K, reserved 1114112K
  class space    used 5878K, committed 6400K, reserved 1048576K
}
Event: 6.115 GC heap before
{Heap before GC invocations=17 (full 0):
 garbage-first heap   total 348160K, used 287955K [0x0000000703600000, 0x0000000800000000)
  region size 2048K, 99 young (202752K), 10 survivors (20480K)
 Metaspace       used 48914K, committed 50176K, reserved 1114112K
  class space    used 6213K, committed 6784K, reserved 1048576K
}
Event: 6.134 GC heap after
{Heap after GC invocations=18 (full 0):
 garbage-first heap   total 348160K, used 123612K [0x0000000703600000, 0x0000000800000000)
  region size 2048K, 13 young (26624K), 13 survivors (26624K)
 Metaspace       used 48914K, committed 50176K, reserved 1114112K
  class space    used 6213K, committed 6784K, reserved 1048576K
}
Event: 6.328 GC heap before
{Heap before GC invocations=18 (full 0):
 garbage-first heap   total 348160K, used 279260K [0x0000000703600000, 0x0000000800000000)
  region size 2048K, 89 young (182272K), 13 survivors (26624K)
 Metaspace       used 49590K, committed 50816K, reserved 1114112K
  class space    used 6321K, committed 6848K, reserved 1048576K
}
Event: 6.346 GC heap after
{Heap after GC invocations=19 (full 0):
 garbage-first heap   total 348160K, used 141926K [0x0000000703600000, 0x0000000800000000)
  region size 2048K, 9 young (18432K), 9 survivors (18432K)
 Metaspace       used 49590K, committed 50816K, reserved 1114112K
  class space    used 6321K, committed 6848K, reserved 1048576K
}
Event: 7.168 GC heap before
{Heap before GC invocations=19 (full 0):
 garbage-first heap   total 348160K, used 279142K [0x0000000703600000, 0x0000000800000000)
  region size 2048K, 76 young (155648K), 9 survivors (18432K)
 Metaspace       used 54676K, committed 55936K, reserved 1114112K
  class space    used 7107K, committed 7680K, reserved 1048576K
}
Event: 7.190 GC heap after
{Heap after GC invocations=20 (full 0):
 garbage-first heap   total 348160K, used 161535K [0x0000000703600000, 0x0000000800000000)
  region size 2048K, 10 young (20480K), 10 survivors (20480K)
 Metaspace       used 54676K, committed 55936K, reserved 1114112K
  class space    used 7107K, committed 7680K, reserved 1048576K
}
Event: 7.581 GC heap before
{Heap before GC invocations=20 (full 0):
 garbage-first heap   total 348160K, used 276223K [0x0000000703600000, 0x0000000800000000)
  region size 2048K, 66 young (135168K), 10 survivors (20480K)
 Metaspace       used 58141K, committed 59392K, reserved 1114112K
  class space    used 7985K, committed 8512K, reserved 1048576K
}
Event: 7.592 GC heap after
{Heap after GC invocations=21 (full 0):
 garbage-first heap   total 493568K, used 168351K [0x0000000703600000, 0x0000000800000000)
  region size 2048K, 4 young (8192K), 4 survivors (8192K)
 Metaspace       used 58141K, committed 59392K, reserved 1114112K
  class space    used 7985K, committed 8512K, reserved 1048576K
}
Event: 8.722 GC heap before
{Heap before GC invocations=21 (full 0):
 garbage-first heap   total 493568K, used 371103K [0x0000000703600000, 0x0000000800000000)
  region size 2048K, 103 young (210944K), 4 survivors (8192K)
 Metaspace       used 71273K, committed 72640K, reserved 1114112K
  class space    used 10348K, committed 10944K, reserved 1048576K
}
Event: 8.731 GC heap after
{Heap after GC invocations=22 (full 0):
 garbage-first heap   total 493568K, used 178805K [0x0000000703600000, 0x0000000800000000)
  region size 2048K, 9 young (18432K), 9 survivors (18432K)
 Metaspace       used 71273K, committed 72640K, reserved 1114112K
  class space    used 10348K, committed 10944K, reserved 1048576K
}
Event: 9.266 GC heap before
{Heap before GC invocations=22 (full 0):
 garbage-first heap   total 493568K, used 232053K [0x0000000703600000, 0x0000000800000000)
  region size 2048K, 37 young (75776K), 9 survivors (18432K)
 Metaspace       used 79038K, committed 80448K, reserved 1179648K
  class space    used 11323K, committed 11968K, reserved 1048576K
}
Event: 9.276 GC heap after
{Heap after GC invocations=23 (full 0):
 garbage-first heap   total 493568K, used 182448K [0x0000000703600000, 0x0000000800000000)
  region size 2048K, 8 young (16384K), 8 survivors (16384K)
 Metaspace       used 79038K, committed 80448K, reserved 1179648K
  class space    used 11323K, committed 11968K, reserved 1048576K
}

