# JRE version: OpenJDK Runtime Environment Temurin-17.0.8+7 (17.0.8+7) (build 17.0.8+7)
# Java VM: OpenJDK 64-Bit Server VM Temurin-17.0.8+7 (17.0.8+7, mixed mode, sharing, tiered, compressed oops, compressed class ptrs, g1 gc, windows-amd64)
GC Precious Log:
 CPUs: 12 total, 12 available
 Memory: 16163M
 Large Page Support: Disabled
 NUMA Support: Disabled
 Compressed Oops: Enabled (Zero based)
 Heap Region Size: 2M
 Heap Min Capacity: 8M
 Heap Initial Capacity: 254M
 Heap Max Capacity: 4042M
 Pre-touch: Disabled
 Parallel Workers: 10
 Concurrent Workers: 3
 Concurrent Refinement Workers: 10
 Periodic GC: Disabled
Heap:
 garbage-first heap   total 477184K, used 204031K [0x0000000703600000, 0x0000000800000000)
  region size 2048K, 19 young (38912K), 7 survivors (14336K)
 Metaspace       used 78243K, committed 79680K, reserved 1179648K
  class space    used 11196K, committed 11840K, reserved 1048576K
GC Heap History (20 events):
Event: 3.520 GC heap before
{Heap before GC invocations=9 (full 0):
 garbage-first heap   total 212992K, used 154788K [0x0000000703600000, 0x0000000800000000)
  region size 2048K, 40 young (81920K), 1 survivors (2048K)
 Metaspace       used 29458K, committed 30336K, reserved 1114112K
  class space    used 3477K, committed 3840K, reserved 1048576K
}
Event: 3.522 GC heap after
{Heap after GC invocations=10 (full 0):
 garbage-first heap   total 497664K, used 74274K [0x0000000703600000, 0x0000000800000000)
  region size 2048K, 1 young (2048K), 1 survivors (2048K)
 Metaspace       used 29458K, committed 30336K, reserved 1114112K
  class space    used 3477K, committed 3840K, reserved 1048576K
}
Event: 3.956 GC heap before
{Heap before GC invocations=10 (full 0):
 garbage-first heap   total 497664K, used 369186K [0x0000000703600000, 0x0000000800000000)
  region size 2048K, 145 young (296960K), 1 survivors (2048K)
 Metaspace       used 30558K, committed 31488K, reserved 1114112K
  class space    used 3623K, committed 4032K, reserved 1048576K
}
Event: 3.957 GC heap after
{Heap after GC invocations=11 (full 0):
 garbage-first heap   total 497664K, used 76246K [0x0000000703600000, 0x0000000800000000)
  region size 2048K, 2 young (4096K), 2 survivors (4096K)
 Metaspace       used 30558K, committed 31488K, reserved 1114112K
  class space    used 3623K, committed 4032K, reserved 1048576K
}
Event: 4.457 GC heap before
{Heap before GC invocations=11 (full 0):
 garbage-first heap   total 497664K, used 375254K [0x0000000703600000, 0x0000000800000000)
  region size 2048K, 144 young (294912K), 2 survivors (4096K)
 Metaspace       used 35409K, committed 36416K, reserved 1114112K
  class space    used 4200K, committed 4672K, reserved 1048576K
}
Event: 4.463 GC heap after
{Heap after GC invocations=12 (full 0):
 garbage-first heap   total 497664K, used 94186K [0x0000000703600000, 0x0000000800000000)
  region size 2048K, 5 young (10240K), 5 survivors (10240K)
 Metaspace       used 35409K, committed 36416K, reserved 1114112K
  class space    used 4200K, committed 4672K, reserved 1048576K
}
Event: 5.237 GC heap before
{Heap before GC invocations=13 (full 0):
 garbage-first heap   total 362496K, used 301034K [0x0000000703600000, 0x0000000800000000)
  region size 2048K, 106 young (217088K), 5 survivors (10240K)
 Metaspace       used 40624K, committed 41792K, reserved 1114112K
  class space    used 4824K, committed 5376K, reserved 1048576K
}
Event: 5.244 GC heap after
{Heap after GC invocations=14 (full 0):
 garbage-first heap   total 362496K, used 100570K [0x0000000703600000, 0x0000000800000000)
  region size 2048K, 8 young (16384K), 8 survivors (16384K)
 Metaspace       used 40624K, committed 41792K, reserved 1114112K
  class space    used 4824K, committed 5376K, reserved 1048576K
}
Event: 6.100 GC heap before
{Heap before GC invocations=14 (full 0):
 garbage-first heap   total 362496K, used 299226K [0x0000000703600000, 0x0000000800000000)
  region size 2048K, 105 young (215040K), 8 survivors (16384K)
 Metaspace       used 48131K, committed 49408K, reserved 1114112K
  class space    used 6036K, committed 6592K, reserved 1048576K
}
Event: 6.115 GC heap after
{Heap after GC invocations=15 (full 0):
 garbage-first heap   total 362496K, used 112993K [0x0000000703600000, 0x0000000800000000)
  region size 2048K, 14 young (28672K), 14 survivors (28672K)
 Metaspace       used 48131K, committed 49408K, reserved 1114112K
  class space    used 6036K, committed 6592K, reserved 1048576K
}
Event: 6.426 GC heap before
{Heap before GC invocations=15 (full 0):
 garbage-first heap   total 362496K, used 293217K [0x0000000703600000, 0x0000000800000000)
  region size 2048K, 102 young (208896K), 14 survivors (28672K)
 Metaspace       used 49254K, committed 50496K, reserved 1114112K
  class space    used 6238K, committed 6784K, reserved 1048576K
}
Event: 6.446 GC heap after
{Heap after GC invocations=16 (full 0):
 garbage-first heap   total 362496K, used 131066K [0x0000000703600000, 0x0000000800000000)
  region size 2048K, 13 young (26624K), 13 survivors (26624K)
 Metaspace       used 49254K, committed 50496K, reserved 1114112K
  class space    used 6238K, committed 6784K, reserved 1048576K
}
Event: 6.767 GC heap before
{Heap before GC invocations=16 (full 0):
 garbage-first heap   total 362496K, used 288762K [0x0000000703600000, 0x0000000800000000)
  region size 2048K, 90 young (184320K), 13 survivors (26624K)
 Metaspace       used 50629K, committed 51904K, reserved 1114112K
  class space    used 6516K, committed 7104K, reserved 1048576K
}
Event: 6.785 GC heap after
{Heap after GC invocations=17 (full 0):
 garbage-first heap   total 362496K, used 147194K [0x0000000703600000, 0x0000000800000000)
  region size 2048K, 8 young (16384K), 8 survivors (16384K)
 Metaspace       used 50629K, committed 51904K, reserved 1114112K
  class space    used 6516K, committed 7104K, reserved 1048576K
}
Event: 7.450 GC heap before
{Heap before GC invocations=17 (full 0):
 garbage-first heap   total 362496K, used 288506K [0x0000000703600000, 0x0000000800000000)
  region size 2048K, 78 young (159744K), 8 survivors (16384K)
 Metaspace       used 56104K, committed 57408K, reserved 1114112K
  class space    used 7353K, committed 7936K, reserved 1048576K
}
Event: 7.465 GC heap after
{Heap after GC invocations=18 (full 0):
 garbage-first heap   total 362496K, used 166776K [0x0000000703600000, 0x0000000800000000)
  region size 2048K, 10 young (20480K), 10 survivors (20480K)
 Metaspace       used 56104K, committed 57408K, reserved 1114112K
  class space    used 7353K, committed 7936K, reserved 1048576K
}
Event: 7.844 GC heap before
{Heap before GC invocations=18 (full 0):
 garbage-first heap   total 362496K, used 258936K [0x0000000703600000, 0x0000000800000000)
  region size 2048K, 56 young (114688K), 10 survivors (20480K)
 Metaspace       used 60034K, committed 61248K, reserved 1114112K
  class space    used 8339K, committed 8896K, reserved 1048576K
}
Event: 7.852 GC heap after
{Heap after GC invocations=19 (full 0):
 garbage-first heap   total 477184K, used 170857K [0x0000000703600000, 0x0000000800000000)
  region size 2048K, 2 young (4096K), 2 survivors (4096K)
 Metaspace       used 60034K, committed 61248K, reserved 1114112K
  class space    used 8339K, committed 8896K, reserved 1048576K
}
Event: 9.527 GC heap before
{Heap before GC invocations=20 (full 0):
 garbage-first heap   total 477184K, used 381801K [0x0000000703600000, 0x0000000800000000)
  region size 2048K, 105 young (215040K), 2 survivors (4096K)
 Metaspace       used 77311K, committed 78720K, reserved 1179648K
  class space    used 11128K, committed 11776K, reserved 1048576K
}
Event: 9.536 GC heap after
{Heap after GC invocations=21 (full 0):
 garbage-first heap   total 477184K, used 181503K [0x0000000703600000, 0x0000000800000000)
  region size 2048K, 7 young (14336K), 7 survivors (14336K)
 Metaspace       used 77311K, committed 78720K, reserved 1179648K
  class space    used 11128K, committed 11776K, reserved 1048576K
}

