# JRE version: OpenJDK Runtime Environment Temurin-17.0.8+7 (17.0.8+7) (build 17.0.8+7)
# Java VM: OpenJDK 64-Bit Server VM Temurin-17.0.8+7 (17.0.8+7, mixed mode, sharing, tiered, compressed oops, compressed class ptrs, g1 gc, windows-amd64)
GC Precious Log:
 CPUs: 12 total, 12 available
 Memory: 16163M
 Large Page Support: Disabled
 NUMA Support: Disabled
 Compressed Oops: Enabled (Zero based)
 Heap Region Size: 2M
 Heap Min Capacity: 8M
 Heap Initial Capacity: 254M
 Heap Max Capacity: 4042M
 Pre-touch: Disabled
 Parallel Workers: 10
 Concurrent Workers: 3
 Concurrent Refinement Workers: 10
 Periodic GC: Disabled
Heap:
 garbage-first heap   total 462848K, used 197772K [0x0000000703600000, 0x0000000800000000)
  region size 2048K, 11 young (22528K), 2 survivors (4096K)
 Metaspace       used 77781K, committed 79232K, reserved 1179648K
  class space    used 11145K, committed 11776K, reserved 1048576K
GC Heap History (20 events):
Event: 4.591 GC heap before
{Heap before GC invocations=13 (full 0):
 garbage-first heap   total 266240K, used 221274K [0x0000000703600000, 0x0000000800000000)
  region size 2048K, 72 young (147456K), 3 survivors (6144K)
 Metaspace       used 34295K, committed 35200K, reserved 1114112K
  class space    used 4042K, committed 4416K, reserved 1048576K
}
Event: 4.596 GC heap after
{Heap after GC invocations=14 (full 0):
 garbage-first heap   total 319488K, used 82786K [0x0000000703600000, 0x0000000800000000)
  region size 2048K, 5 young (10240K), 5 survivors (10240K)
 Metaspace       used 34295K, committed 35200K, reserved 1114112K
  class space    used 4042K, committed 4416K, reserved 1048576K
}
Event: 4.698 GC heap before
{Heap before GC invocations=14 (full 0):
 garbage-first heap   total 319488K, used 166754K [0x0000000703600000, 0x0000000800000000)
  region size 2048K, 41 young (83968K), 5 survivors (10240K)
 Metaspace       used 35397K, committed 36416K, reserved 1114112K
  class space    used 4199K, committed 4672K, reserved 1048576K
}
Event: 4.703 GC heap after
{Heap after GC invocations=15 (full 0):
 garbage-first heap   total 319488K, used 96317K [0x0000000703600000, 0x0000000800000000)
  region size 2048K, 5 young (10240K), 5 survivors (10240K)
 Metaspace       used 35397K, committed 36416K, reserved 1114112K
  class space    used 4199K, committed 4672K, reserved 1048576K
}
Event: 6.005 GC heap before
{Heap before GC invocations=16 (full 0):
 garbage-first heap   total 319488K, used 268349K [0x0000000703600000, 0x0000000800000000)
  region size 2048K, 89 young (182272K), 5 survivors (10240K)
 Metaspace       used 45984K, committed 47168K, reserved 1114112K
  class space    used 5728K, committed 6272K, reserved 1048576K
}
Event: 6.013 GC heap after
{Heap after GC invocations=17 (full 0):
 garbage-first heap   total 319488K, used 101780K [0x0000000703600000, 0x0000000800000000)
  region size 2048K, 8 young (16384K), 8 survivors (16384K)
 Metaspace       used 45984K, committed 47168K, reserved 1114112K
  class space    used 5728K, committed 6272K, reserved 1048576K
}
Event: 6.471 GC heap before
{Heap before GC invocations=17 (full 0):
 garbage-first heap   total 319488K, used 265620K [0x0000000703600000, 0x0000000800000000)
  region size 2048K, 88 young (180224K), 8 survivors (16384K)
 Metaspace       used 48445K, committed 49728K, reserved 1114112K
  class space    used 6129K, committed 6720K, reserved 1048576K
}
Event: 6.491 GC heap after
{Heap after GC invocations=18 (full 0):
 garbage-first heap   total 319488K, used 117158K [0x0000000703600000, 0x0000000800000000)
  region size 2048K, 11 young (22528K), 11 survivors (22528K)
 Metaspace       used 48445K, committed 49728K, reserved 1114112K
  class space    used 6129K, committed 6720K, reserved 1048576K
}
Event: 6.683 GC heap before
{Heap before GC invocations=18 (full 0):
 garbage-first heap   total 319488K, used 258470K [0x0000000703600000, 0x0000000800000000)
  region size 2048K, 80 young (163840K), 11 survivors (22528K)
 Metaspace       used 48849K, committed 50112K, reserved 1114112K
  class space    used 6197K, committed 6784K, reserved 1048576K
}
Event: 6.701 GC heap after
{Heap after GC invocations=19 (full 0):
 garbage-first heap   total 319488K, used 135100K [0x0000000703600000, 0x0000000800000000)
  region size 2048K, 9 young (18432K), 9 survivors (18432K)
 Metaspace       used 48849K, committed 50112K, reserved 1114112K
  class space    used 6197K, committed 6784K, reserved 1048576K
}
Event: 7.019 GC heap before
{Heap before GC invocations=19 (full 0):
 garbage-first heap   total 319488K, used 255932K [0x0000000703600000, 0x0000000800000000)
  region size 2048K, 68 young (139264K), 9 survivors (18432K)
 Metaspace       used 52347K, committed 53568K, reserved 1114112K
  class space    used 6736K, committed 7296K, reserved 1048576K
}
Event: 7.031 GC heap after
{Heap after GC invocations=20 (full 0):
 garbage-first heap   total 319488K, used 145591K [0x0000000703600000, 0x0000000800000000)
  region size 2048K, 5 young (10240K), 5 survivors (10240K)
 Metaspace       used 52347K, committed 53568K, reserved 1114112K
  class space    used 6736K, committed 7296K, reserved 1048576K
}
Event: 7.631 GC heap before
{Heap before GC invocations=20 (full 0):
 garbage-first heap   total 319488K, used 260279K [0x0000000703600000, 0x0000000800000000)
  region size 2048K, 61 young (124928K), 5 survivors (10240K)
 Metaspace       used 56547K, committed 57856K, reserved 1114112K
  class space    used 7551K, committed 8128K, reserved 1048576K
}
Event: 7.647 GC heap after
{Heap after GC invocations=21 (full 0):
 garbage-first heap   total 462848K, used 165382K [0x0000000703600000, 0x0000000800000000)
  region size 2048K, 8 young (16384K), 8 survivors (16384K)
 Metaspace       used 56547K, committed 57856K, reserved 1114112K
  class space    used 7551K, committed 8128K, reserved 1048576K
}
Event: 8.074 GC heap before
{Heap before GC invocations=21 (full 0):
 garbage-first heap   total 462848K, used 261638K [0x0000000703600000, 0x0000000800000000)
  region size 2048K, 56 young (114688K), 8 survivors (16384K)
 Metaspace       used 59560K, committed 60800K, reserved 1114112K
  class space    used 8299K, committed 8832K, reserved 1048576K
}
Event: 8.082 GC heap after
{Heap after GC invocations=22 (full 0):
 garbage-first heap   total 462848K, used 168814K [0x0000000703600000, 0x0000000800000000)
  region size 2048K, 2 young (4096K), 2 survivors (4096K)
 Metaspace       used 59560K, committed 60800K, reserved 1114112K
  class space    used 8299K, committed 8832K, reserved 1048576K
}
Event: 9.483 GC heap before
{Heap before GC invocations=23 (full 0):
 garbage-first heap   total 462848K, used 367470K [0x0000000703600000, 0x0000000800000000)
  region size 2048K, 99 young (202752K), 2 survivors (4096K)
 Metaspace       used 76664K, committed 78080K, reserved 1179648K
  class space    used 11064K, committed 11712K, reserved 1048576K
}
Event: 9.490 GC heap after
{Heap after GC invocations=24 (full 0):
 garbage-first heap   total 462848K, used 179508K [0x0000000703600000, 0x0000000800000000)
  region size 2048K, 7 young (14336K), 7 survivors (14336K)
 Metaspace       used 76664K, committed 78080K, reserved 1179648K
  class space    used 11064K, committed 11712K, reserved 1048576K
}
Event: 9.790 GC heap before
{Heap before GC invocations=24 (full 0):
 garbage-first heap   total 462848K, used 187700K [0x0000000703600000, 0x0000000800000000)
  region size 2048K, 11 young (22528K), 7 survivors (14336K)
 Metaspace       used 77167K, committed 78592K, reserved 1179648K
  class space    used 11104K, committed 11712K, reserved 1048576K
}
Event: 9.795 GC heap after
{Heap after GC invocations=25 (full 0):
 garbage-first heap   total 462848K, used 181388K [0x0000000703600000, 0x0000000800000000)
  region size 2048K, 2 young (4096K), 2 survivors (4096K)
 Metaspace       used 77167K, committed 78592K, reserved 1179648K
  class space    used 11104K, committed 11712K, reserved 1048576K
}

