# JRE version: OpenJDK Runtime Environment Temurin-17.0.8+7 (17.0.8+7) (build 17.0.8+7)
# Java VM: OpenJDK 64-Bit Server VM Temurin-17.0.8+7 (17.0.8+7, mixed mode, sharing, tiered, compressed oops, compressed class ptrs, g1 gc, windows-amd64)
GC Precious Log:
 CPUs: 12 total, 12 available
 Memory: 16163M
 Large Page Support: Disabled
 NUMA Support: Disabled
 Compressed Oops: Enabled (Zero based)
 Heap Region Size: 2M
 Heap Min Capacity: 8M
 Heap Initial Capacity: 254M
 Heap Max Capacity: 4042M
 Pre-touch: Disabled
 Parallel Workers: 10
 Concurrent Workers: 3
 Concurrent Refinement Workers: 10
 Periodic GC: Disabled
Heap:
 garbage-first heap   total 514048K, used 333579K [0x0000000703600000, 0x0000000800000000)
  region size 2048K, 74 young (151552K), 2 survivors (4096K)
 Metaspace       used 87401K, committed 88896K, reserved 1179648K
  class space    used 12656K, committed 13312K, reserved 1048576K
GC Heap History (20 events):
Event: 4.489 GC heap before
{Heap before GC invocations=14 (full 0):
 garbage-first heap   total 280576K, used 107067K [0x0000000703600000, 0x0000000800000000)
  region size 2048K, 11 young (22528K), 4 survivors (8192K)
 Metaspace       used 35295K, committed 36288K, reserved 1114112K
  class space    used 4207K, committed 4672K, reserved 1048576K
}
Event: 4.496 GC heap after
{Heap after GC invocations=15 (full 0):
 garbage-first heap   total 337920K, used 95454K [0x0000000703600000, 0x0000000800000000)
  region size 2048K, 5 young (10240K), 5 survivors (10240K)
 Metaspace       used 35295K, committed 36288K, reserved 1114112K
  class space    used 4207K, committed 4672K, reserved 1048576K
}
Event: 5.156 GC heap before
{Heap before GC invocations=16 (full 0):
 garbage-first heap   total 337920K, used 275678K [0x0000000703600000, 0x0000000800000000)
  region size 2048K, 93 young (190464K), 5 survivors (10240K)
 Metaspace       used 38812K, committed 39936K, reserved 1114112K
  class space    used 4632K, committed 5120K, reserved 1048576K
}
Event: 5.162 GC heap after
{Heap after GC invocations=17 (full 0):
 garbage-first heap   total 337920K, used 99106K [0x0000000703600000, 0x0000000800000000)
  region size 2048K, 6 young (12288K), 6 survivors (12288K)
 Metaspace       used 38812K, committed 39936K, reserved 1114112K
  class space    used 4632K, committed 5120K, reserved 1048576K
}
Event: 6.109 GC heap before
{Heap before GC invocations=17 (full 0):
 garbage-first heap   total 337920K, used 279330K [0x0000000703600000, 0x0000000800000000)
  region size 2048K, 94 young (192512K), 6 survivors (12288K)
 Metaspace       used 47011K, committed 48256K, reserved 1114112K
  class space    used 5877K, committed 6400K, reserved 1048576K
}
Event: 6.120 GC heap after
{Heap after GC invocations=18 (full 0):
 garbage-first heap   total 337920K, used 108405K [0x0000000703600000, 0x0000000800000000)
  region size 2048K, 11 young (22528K), 11 survivors (22528K)
 Metaspace       used 47011K, committed 48256K, reserved 1114112K
  class space    used 5877K, committed 6400K, reserved 1048576K
}
Event: 6.533 GC heap before
{Heap before GC invocations=18 (full 0):
 garbage-first heap   total 337920K, used 276341K [0x0000000703600000, 0x0000000800000000)
  region size 2048K, 93 young (190464K), 11 survivors (22528K)
 Metaspace       used 49242K, committed 50560K, reserved 1114112K
  class space    used 6256K, committed 6848K, reserved 1048576K
}
Event: 6.552 GC heap after
{Heap after GC invocations=19 (full 0):
 garbage-first heap   total 337920K, used 125198K [0x0000000703600000, 0x0000000800000000)
  region size 2048K, 12 young (24576K), 12 survivors (24576K)
 Metaspace       used 49242K, committed 50560K, reserved 1114112K
  class space    used 6256K, committed 6848K, reserved 1048576K
}
Event: 6.725 GC heap before
{Heap before GC invocations=19 (full 0):
 garbage-first heap   total 337920K, used 272654K [0x0000000703600000, 0x0000000800000000)
  region size 2048K, 84 young (172032K), 12 survivors (24576K)
 Metaspace       used 49710K, committed 51008K, reserved 1114112K
  class space    used 6321K, committed 6912K, reserved 1048576K
}
Event: 6.746 GC heap after
{Heap after GC invocations=20 (full 0):
 garbage-first heap   total 337920K, used 142390K [0x0000000703600000, 0x0000000800000000)
  region size 2048K, 8 young (16384K), 8 survivors (16384K)
 Metaspace       used 49710K, committed 51008K, reserved 1114112K
  class space    used 6321K, committed 6912K, reserved 1048576K
}
Event: 7.257 GC heap before
{Heap before GC invocations=20 (full 0):
 garbage-first heap   total 337920K, used 271414K [0x0000000703600000, 0x0000000800000000)
  region size 2048K, 71 young (145408K), 8 survivors (16384K)
 Metaspace       used 54644K, committed 55936K, reserved 1114112K
  class space    used 7086K, committed 7680K, reserved 1048576K
}
Event: 7.270 GC heap after
{Heap after GC invocations=21 (full 0):
 garbage-first heap   total 337920K, used 161242K [0x0000000703600000, 0x0000000800000000)
  region size 2048K, 9 young (18432K), 9 survivors (18432K)
 Metaspace       used 54644K, committed 55936K, reserved 1114112K
  class space    used 7086K, committed 7680K, reserved 1048576K
}
Event: 7.536 GC heap before
{Heap before GC invocations=21 (full 0):
 garbage-first heap   total 337920K, used 267738K [0x0000000703600000, 0x0000000800000000)
  region size 2048K, 61 young (124928K), 9 survivors (18432K)
 Metaspace       used 57107K, committed 58368K, reserved 1114112K
  class space    used 7636K, committed 8192K, reserved 1048576K
}
Event: 7.545 GC heap after
{Heap after GC invocations=22 (full 0):
 garbage-first heap   total 337920K, used 170637K [0x0000000703600000, 0x0000000800000000)
  region size 2048K, 4 young (8192K), 4 survivors (8192K)
 Metaspace       used 57107K, committed 58368K, reserved 1114112K
  class space    used 7636K, committed 8192K, reserved 1048576K
}
Event: 7.761 GC heap before
{Heap before GC invocations=22 (full 0):
 garbage-first heap   total 337920K, used 207501K [0x0000000703600000, 0x0000000800000000)
  region size 2048K, 23 young (47104K), 4 survivors (8192K)
 Metaspace       used 59631K, committed 60928K, reserved 1114112K
  class space    used 8300K, committed 8896K, reserved 1048576K
}
Event: 7.766 GC heap after
{Heap after GC invocations=23 (full 0):
 garbage-first heap   total 514048K, used 169380K [0x0000000703600000, 0x0000000800000000)
  region size 2048K, 4 young (8192K), 4 survivors (8192K)
 Metaspace       used 59631K, committed 60928K, reserved 1114112K
  class space    used 8300K, committed 8896K, reserved 1048576K
}
Event: 9.498 GC heap before
{Heap before GC invocations=24 (full 0):
 garbage-first heap   total 514048K, used 406948K [0x0000000703600000, 0x0000000800000000)
  region size 2048K, 120 young (245760K), 4 survivors (8192K)
 Metaspace       used 79085K, committed 80512K, reserved 1179648K
  class space    used 11340K, committed 11968K, reserved 1048576K
}
Event: 9.516 GC heap after
{Heap after GC invocations=25 (full 0):
 garbage-first heap   total 514048K, used 182423K [0x0000000703600000, 0x0000000800000000)
  region size 2048K, 10 young (20480K), 10 survivors (20480K)
 Metaspace       used 79085K, committed 80512K, reserved 1179648K
  class space    used 11340K, committed 11968K, reserved 1048576K
}
Event: 9.546 GC heap before
{Heap before GC invocations=25 (full 0):
 garbage-first heap   total 514048K, used 186519K [0x0000000703600000, 0x0000000800000000)
  region size 2048K, 12 young (24576K), 10 survivors (20480K)
 Metaspace       used 79309K, committed 80768K, reserved 1179648K
  class space    used 11381K, committed 12032K, reserved 1048576K
}
Event: 9.553 GC heap after
{Heap after GC invocations=26 (full 0):
 garbage-first heap   total 514048K, used 184075K [0x0000000703600000, 0x0000000800000000)
  region size 2048K, 2 young (4096K), 2 survivors (4096K)
 Metaspace       used 79309K, committed 80768K, reserved 1179648K
  class space    used 11381K, committed 12032K, reserved 1048576K
}

