# JRE version: OpenJDK Runtime Environment Temurin-17.0.8+7 (17.0.8+7) (build 17.0.8+7)
# Java VM: OpenJDK 64-Bit Server VM Temurin-17.0.8+7 (17.0.8+7, mixed mode, sharing, tiered, compressed oops, compressed class ptrs, g1 gc, windows-amd64)
GC Precious Log:
 CPUs: 12 total, 12 available
 Memory: 16163M
 Large Page Support: Disabled
 NUMA Support: Disabled
 Compressed Oops: Enabled (Zero based)
 Heap Region Size: 2M
 Heap Min Capacity: 8M
 Heap Initial Capacity: 254M
 Heap Max Capacity: 4042M
 Pre-touch: Disabled
 Parallel Workers: 10
 Concurrent Workers: 3
 Concurrent Refinement Workers: 10
 Periodic GC: Disabled
Heap:
 garbage-first heap   total 475136K, used 219066K [0x0000000703600000, 0x0000000800000000)
  region size 2048K, 27 young (55296K), 10 survivors (20480K)
 Metaspace       used 87293K, committed 88768K, reserved 1179648K
  class space    used 12651K, committed 13312K, reserved 1048576K
GC Heap History (20 events):
Event: 4.283 GC heap before
{Heap before GC invocations=10 (full 0):
 garbage-first heap   total 499712K, used 370096K [0x0000000703600000, 0x0000000800000000)
  region size 2048K, 146 young (299008K), 1 survivors (2048K)
 Metaspace       used 30297K, committed 31168K, reserved 1114112K
  class space    used 3597K, committed 3968K, reserved 1048576K
}
Event: 4.286 GC heap after
{Heap after GC invocations=11 (full 0):
 garbage-first heap   total 499712K, used 76991K [0x0000000703600000, 0x0000000800000000)
  region size 2048K, 2 young (4096K), 2 survivors (4096K)
 Metaspace       used 30297K, committed 31168K, reserved 1114112K
  class space    used 3597K, committed 3968K, reserved 1048576K
}
Event: 4.922 GC heap before
{Heap before GC invocations=11 (full 0):
 garbage-first heap   total 499712K, used 382143K [0x0000000703600000, 0x0000000800000000)
  region size 2048K, 146 young (299008K), 2 survivors (4096K)
 Metaspace       used 35165K, committed 36160K, reserved 1114112K
  class space    used 4183K, committed 4608K, reserved 1048576K
}
Event: 4.926 GC heap after
{Heap after GC invocations=12 (full 0):
 garbage-first heap   total 499712K, used 94343K [0x0000000703600000, 0x0000000800000000)
  region size 2048K, 5 young (10240K), 5 survivors (10240K)
 Metaspace       used 35165K, committed 36160K, reserved 1114112K
  class space    used 4183K, committed 4608K, reserved 1048576K
}
Event: 4.938 GC heap before
{Heap before GC invocations=12 (full 0):
 garbage-first heap   total 499712K, used 98439K [0x0000000703600000, 0x0000000800000000)
  region size 2048K, 8 young (16384K), 5 survivors (10240K)
 Metaspace       used 35321K, committed 36352K, reserved 1114112K
  class space    used 4207K, committed 4672K, reserved 1048576K
}
Event: 4.942 GC heap after
{Heap after GC invocations=13 (full 0):
 garbage-first heap   total 499712K, used 94720K [0x0000000703600000, 0x0000000800000000)
  region size 2048K, 5 young (10240K), 5 survivors (10240K)
 Metaspace       used 35321K, committed 36352K, reserved 1114112K
  class space    used 4207K, committed 4672K, reserved 1048576K
}
Event: 5.859 GC heap before
{Heap before GC invocations=14 (full 0):
 garbage-first heap   total 368640K, used 305664K [0x0000000703600000, 0x0000000800000000)
  region size 2048K, 108 young (221184K), 5 survivors (10240K)
 Metaspace       used 40870K, committed 42048K, reserved 1114112K
  class space    used 4857K, committed 5376K, reserved 1048576K
}
Event: 5.866 GC heap after
{Heap after GC invocations=15 (full 0):
 garbage-first heap   total 368640K, used 102089K [0x0000000703600000, 0x0000000800000000)
  region size 2048K, 8 young (16384K), 8 survivors (16384K)
 Metaspace       used 40870K, committed 42048K, reserved 1114112K
  class space    used 4857K, committed 5376K, reserved 1048576K
}
Event: 6.665 GC heap before
{Heap before GC invocations=16 (full 0):
 garbage-first heap   total 362496K, used 302793K [0x0000000703600000, 0x0000000800000000)
  region size 2048K, 106 young (217088K), 8 survivors (16384K)
 Metaspace       used 48038K, committed 49216K, reserved 1114112K
  class space    used 6052K, committed 6592K, reserved 1048576K
}
Event: 6.679 GC heap after
{Heap after GC invocations=17 (full 0):
 garbage-first heap   total 362496K, used 114493K [0x0000000703600000, 0x0000000800000000)
  region size 2048K, 13 young (26624K), 13 survivors (26624K)
 Metaspace       used 48038K, committed 49216K, reserved 1114112K
  class space    used 6052K, committed 6592K, reserved 1048576K
}
Event: 6.960 GC heap before
{Heap before GC invocations=17 (full 0):
 garbage-first heap   total 362496K, used 292669K [0x0000000703600000, 0x0000000800000000)
  region size 2048K, 100 young (204800K), 13 survivors (26624K)
 Metaspace       used 49157K, committed 50368K, reserved 1114112K
  class space    used 6253K, committed 6784K, reserved 1048576K
}
Event: 6.978 GC heap after
{Heap after GC invocations=18 (full 0):
 garbage-first heap   total 362496K, used 131982K [0x0000000703600000, 0x0000000800000000)
  region size 2048K, 13 young (26624K), 13 survivors (26624K)
 Metaspace       used 49157K, committed 50368K, reserved 1114112K
  class space    used 6253K, committed 6784K, reserved 1048576K
}
Event: 7.394 GC heap before
{Heap before GC invocations=18 (full 0):
 garbage-first heap   total 362496K, used 289678K [0x0000000703600000, 0x0000000800000000)
  region size 2048K, 90 young (184320K), 13 survivors (26624K)
 Metaspace       used 53297K, committed 54528K, reserved 1114112K
  class space    used 6894K, committed 7424K, reserved 1048576K
}
Event: 7.412 GC heap after
{Heap after GC invocations=19 (full 0):
 garbage-first heap   total 362496K, used 149514K [0x0000000703600000, 0x0000000800000000)
  region size 2048K, 8 young (16384K), 8 survivors (16384K)
 Metaspace       used 53297K, committed 54528K, reserved 1114112K
  class space    used 6894K, committed 7424K, reserved 1048576K
}
Event: 7.838 GC heap before
{Heap before GC invocations=19 (full 0):
 garbage-first heap   total 362496K, used 288778K [0x0000000703600000, 0x0000000800000000)
  region size 2048K, 76 young (155648K), 8 survivors (16384K)
 Metaspace       used 57006K, committed 58240K, reserved 1114112K
  class space    used 7626K, committed 8192K, reserved 1048576K
}
Event: 7.852 GC heap after
{Heap after GC invocations=20 (full 0):
 garbage-first heap   total 475136K, used 166928K [0x0000000703600000, 0x0000000800000000)
  region size 2048K, 10 young (20480K), 10 survivors (20480K)
 Metaspace       used 57006K, committed 58240K, reserved 1114112K
  class space    used 7626K, committed 8192K, reserved 1048576K
}
Event: 9.192 GC heap before
{Heap before GC invocations=20 (full 0):
 garbage-first heap   total 475136K, used 361488K [0x0000000703600000, 0x0000000800000000)
  region size 2048K, 106 young (217088K), 10 survivors (20480K)
 Metaspace       used 69320K, committed 70720K, reserved 1114112K
  class space    used 10193K, committed 10816K, reserved 1048576K
}
Event: 9.205 GC heap after
{Heap after GC invocations=21 (full 0):
 garbage-first heap   total 475136K, used 177807K [0x0000000703600000, 0x0000000800000000)
  region size 2048K, 6 young (12288K), 6 survivors (12288K)
 Metaspace       used 69320K, committed 70720K, reserved 1114112K
  class space    used 10193K, committed 10816K, reserved 1048576K
}
Event: 10.647 GC heap before
{Heap before GC invocations=22 (full 0):
 garbage-first heap   total 475136K, used 380559K [0x0000000703600000, 0x0000000800000000)
  region size 2048K, 104 young (212992K), 6 survivors (12288K)
 Metaspace       used 85839K, committed 87296K, reserved 1179648K
  class space    used 12432K, committed 13056K, reserved 1048576K
}
Event: 10.656 GC heap after
{Heap after GC invocations=23 (full 0):
 garbage-first heap   total 475136K, used 186298K [0x0000000703600000, 0x0000000800000000)
  region size 2048K, 10 young (20480K), 10 survivors (20480K)
 Metaspace       used 85839K, committed 87296K, reserved 1179648K
  class space    used 12432K, committed 13056K, reserved 1048576K
}

