# JRE version: OpenJDK Runtime Environment Temurin-17.0.8+7 (17.0.8+7) (build 17.0.8+7)
# Java VM: OpenJDK 64-Bit Server VM Temurin-17.0.8+7 (17.0.8+7, mixed mode, sharing, tiered, compressed oops, compressed class ptrs, g1 gc, windows-amd64)
GC Precious Log:
 CPUs: 12 total, 12 available
 Memory: 16163M
 Large Page Support: Disabled
 NUMA Support: Disabled
 Compressed Oops: Enabled (Zero based)
 Heap Region Size: 2M
 Heap Min Capacity: 8M
 Heap Initial Capacity: 254M
 Heap Max Capacity: 4042M
 Pre-touch: Disabled
 Parallel Workers: 10
 Concurrent Workers: 3
 Concurrent Refinement Workers: 10
 Periodic GC: Disabled
Heap:
 garbage-first heap   total 493568K, used 299142K [0x0000000703600000, 0x0000000800000000)
  region size 2048K, 64 young (131072K), 3 survivors (6144K)
 Metaspace       used 78525K, committed 79936K, reserved 1179648K
  class space    used 11213K, committed 11840K, reserved 1048576K
GC Heap History (20 events):
Event: 4.506 GC heap before
{Heap before GC invocations=14 (full 0):
 garbage-first heap   total 296960K, used 101510K [0x0000000703600000, 0x0000000800000000)
  region size 2048K, 9 young (18432K), 5 survivors (10240K)
 Metaspace       used 35071K, committed 36160K, reserved 1114112K
  class space    used 4166K, committed 4672K, reserved 1048576K
}
Event: 4.511 GC heap after
{Heap after GC invocations=15 (full 0):
 garbage-first heap   total 296960K, used 96213K [0x0000000703600000, 0x0000000800000000)
  region size 2048K, 6 young (12288K), 6 survivors (12288K)
 Metaspace       used 35071K, committed 36160K, reserved 1114112K
  class space    used 4166K, committed 4672K, reserved 1048576K
}
Event: 5.223 GC heap before
{Heap before GC invocations=16 (full 0):
 garbage-first heap   total 296960K, used 245717K [0x0000000703600000, 0x0000000800000000)
  region size 2048K, 80 young (163840K), 6 survivors (12288K)
 Metaspace       used 39655K, committed 40832K, reserved 1114112K
  class space    used 4720K, committed 5248K, reserved 1048576K
}
Event: 5.230 GC heap after
{Heap after GC invocations=17 (full 0):
 garbage-first heap   total 296960K, used 101013K [0x0000000703600000, 0x0000000800000000)
  region size 2048K, 8 young (16384K), 8 survivors (16384K)
 Metaspace       used 39655K, committed 40832K, reserved 1114112K
  class space    used 4720K, committed 5248K, reserved 1048576K
}
Event: 5.992 GC heap before
{Heap before GC invocations=18 (full 0):
 garbage-first heap   total 296960K, used 248469K [0x0000000703600000, 0x0000000800000000)
  region size 2048K, 80 young (163840K), 8 survivors (16384K)
 Metaspace       used 46969K, committed 48192K, reserved 1114112K
  class space    used 5853K, committed 6400K, reserved 1048576K
}
Event: 6.001 GC heap after
{Heap after GC invocations=19 (full 0):
 garbage-first heap   total 296960K, used 106640K [0x0000000703600000, 0x0000000800000000)
  region size 2048K, 8 young (16384K), 8 survivors (16384K)
 Metaspace       used 46969K, committed 48192K, reserved 1114112K
  class space    used 5853K, committed 6400K, reserved 1048576K
}
Event: 6.306 GC heap before
{Heap before GC invocations=19 (full 0):
 garbage-first heap   total 296960K, used 245904K [0x0000000703600000, 0x0000000800000000)
  region size 2048K, 76 young (155648K), 8 survivors (16384K)
 Metaspace       used 48540K, committed 49856K, reserved 1114112K
  class space    used 6130K, committed 6720K, reserved 1048576K
}
Event: 6.323 GC heap after
{Heap after GC invocations=20 (full 0):
 garbage-first heap   total 296960K, used 120431K [0x0000000703600000, 0x0000000800000000)
  region size 2048K, 10 young (20480K), 10 survivors (20480K)
 Metaspace       used 48540K, committed 49856K, reserved 1114112K
  class space    used 6130K, committed 6720K, reserved 1048576K
}
Event: 6.509 GC heap before
{Heap before GC invocations=20 (full 0):
 garbage-first heap   total 296960K, used 243311K [0x0000000703600000, 0x0000000800000000)
  region size 2048K, 70 young (143360K), 10 survivors (20480K)
 Metaspace       used 49190K, committed 50496K, reserved 1114112K
  class space    used 6205K, committed 6784K, reserved 1048576K
}
Event: 6.522 GC heap after
{Heap after GC invocations=21 (full 0):
 garbage-first heap   total 356352K, used 126277K [0x0000000703600000, 0x0000000800000000)
  region size 2048K, 4 young (8192K), 4 survivors (8192K)
 Metaspace       used 49190K, committed 50496K, reserved 1114112K
  class space    used 6205K, committed 6784K, reserved 1048576K
}
Event: 6.784 GC heap before
{Heap before GC invocations=21 (full 0):
 garbage-first heap   total 356352K, used 290117K [0x0000000703600000, 0x0000000800000000)
  region size 2048K, 84 young (172032K), 4 survivors (8192K)
 Metaspace       used 49820K, committed 51072K, reserved 1114112K
  class space    used 6301K, committed 6848K, reserved 1048576K
}
Event: 6.796 GC heap after
{Heap after GC invocations=22 (full 0):
 garbage-first heap   total 356352K, used 142990K [0x0000000703600000, 0x0000000800000000)
  region size 2048K, 11 young (22528K), 11 survivors (22528K)
 Metaspace       used 49820K, committed 51072K, reserved 1114112K
  class space    used 6301K, committed 6848K, reserved 1048576K
}
Event: 7.065 GC heap before
{Heap before GC invocations=22 (full 0):
 garbage-first heap   total 356352K, used 288398K [0x0000000703600000, 0x0000000800000000)
  region size 2048K, 82 young (167936K), 11 survivors (22528K)
 Metaspace       used 51991K, committed 53248K, reserved 1114112K
  class space    used 6672K, committed 7232K, reserved 1048576K
}
Event: 7.077 GC heap after
{Heap after GC invocations=23 (full 0):
 garbage-first heap   total 356352K, used 151650K [0x0000000703600000, 0x0000000800000000)
  region size 2048K, 5 young (10240K), 5 survivors (10240K)
 Metaspace       used 51991K, committed 53248K, reserved 1114112K
  class space    used 6672K, committed 7232K, reserved 1048576K
}
Event: 7.568 GC heap before
{Heap before GC invocations=23 (full 0):
 garbage-first heap   total 356352K, used 290914K [0x0000000703600000, 0x0000000800000000)
  region size 2048K, 73 young (149504K), 5 survivors (10240K)
 Metaspace       used 56977K, committed 58240K, reserved 1114112K
  class space    used 7545K, committed 8128K, reserved 1048576K
}
Event: 7.578 GC heap after
{Heap after GC invocations=24 (full 0):
 garbage-first heap   total 356352K, used 170493K [0x0000000703600000, 0x0000000800000000)
  region size 2048K, 10 young (20480K), 10 survivors (20480K)
 Metaspace       used 56977K, committed 58240K, reserved 1114112K
  class space    used 7545K, committed 8128K, reserved 1048576K
}
Event: 8.189 GC heap before
{Heap before GC invocations=24 (full 0):
 garbage-first heap   total 356352K, used 285181K [0x0000000703600000, 0x0000000800000000)
  region size 2048K, 66 young (135168K), 10 survivors (20480K)
 Metaspace       used 63060K, committed 64320K, reserved 1114112K
  class space    used 8878K, committed 9408K, reserved 1048576K
}
Event: 8.198 GC heap after
{Heap after GC invocations=25 (full 0):
 garbage-first heap   total 493568K, used 175758K [0x0000000703600000, 0x0000000800000000)
  region size 2048K, 2 young (4096K), 2 survivors (4096K)
 Metaspace       used 63060K, committed 64320K, reserved 1114112K
  class space    used 8878K, committed 9408K, reserved 1048576K
}
Event: 8.496 GC heap before
{Heap before GC invocations=25 (full 0):
 garbage-first heap   total 493568K, used 235150K [0x0000000703600000, 0x0000000800000000)
  region size 2048K, 32 young (65536K), 2 survivors (4096K)
 Metaspace       used 66782K, committed 68096K, reserved 1114112K
  class space    used 9631K, committed 10240K, reserved 1048576K
}
Event: 8.499 GC heap after
{Heap after GC invocations=26 (full 0):
 garbage-first heap   total 493568K, used 176262K [0x0000000703600000, 0x0000000800000000)
  region size 2048K, 3 young (6144K), 3 survivors (6144K)
 Metaspace       used 66782K, committed 68096K, reserved 1114112K
  class space    used 9631K, committed 10240K, reserved 1048576K
}

