# JRE version: OpenJDK Runtime Environment Temurin-17.0.8+7 (17.0.8+7) (build 17.0.8+7)
# Java VM: OpenJDK 64-Bit Server VM Temurin-17.0.8+7 (17.0.8+7, mixed mode, sharing, tiered, compressed oops, compressed class ptrs, g1 gc, windows-amd64)
GC Precious Log:
 CPUs: 12 total, 12 available
 Memory: 16163M
 Large Page Support: Disabled
 NUMA Support: Disabled
 Compressed Oops: Enabled (Zero based)
 Heap Region Size: 2M
 Heap Min Capacity: 8M
 Heap Initial Capacity: 254M
 Heap Max Capacity: 4042M
 Pre-touch: Disabled
 Parallel Workers: 10
 Concurrent Workers: 3
 Concurrent Refinement Workers: 10
 Periodic GC: Disabled
Heap:
 garbage-first heap   total 458752K, used 215192K [0x0000000703600000, 0x0000000800000000)
  region size 2048K, 19 young (38912K), 2 survivors (4096K)
 Metaspace       used 78326K, committed 79744K, reserved 1179648K
  class space    used 11209K, committed 11840K, reserved 1048576K
GC Heap History (20 events):
Event: 4.314 GC heap before
{Heap before GC invocations=10 (full 0):
 garbage-first heap   total 522240K, used 385532K [0x0000000703600000, 0x0000000800000000)
  region size 2048K, 153 young (313344K), 2 survivors (4096K)
 Metaspace       used 30576K, committed 31552K, reserved 1114112K
  class space    used 3622K, committed 4032K, reserved 1048576K
}
Event: 4.318 GC heap after
{Heap after GC invocations=11 (full 0):
 garbage-first heap   total 522240K, used 78435K [0x0000000703600000, 0x0000000800000000)
  region size 2048K, 3 young (6144K), 3 survivors (6144K)
 Metaspace       used 30576K, committed 31552K, reserved 1114112K
  class space    used 3622K, committed 4032K, reserved 1048576K
}
Event: 5.074 GC heap before
{Heap before GC invocations=11 (full 0):
 garbage-first heap   total 522240K, used 385635K [0x0000000703600000, 0x0000000800000000)
  region size 2048K, 149 young (305152K), 3 survivors (6144K)
 Metaspace       used 35141K, committed 36160K, reserved 1114112K
  class space    used 4174K, committed 4672K, reserved 1048576K
}
Event: 5.081 GC heap after
{Heap after GC invocations=12 (full 0):
 garbage-first heap   total 522240K, used 95997K [0x0000000703600000, 0x0000000800000000)
  region size 2048K, 5 young (10240K), 5 survivors (10240K)
 Metaspace       used 35141K, committed 36160K, reserved 1114112K
  class space    used 4174K, committed 4672K, reserved 1048576K
}
Event: 6.864 GC heap before
{Heap before GC invocations=13 (full 0):
 garbage-first heap   total 362496K, used 331517K [0x0000000703600000, 0x0000000800000000)
  region size 2048K, 121 young (247808K), 5 survivors (10240K)
 Metaspace       used 42211K, committed 43392K, reserved 1114112K
  class space    used 4989K, committed 5504K, reserved 1048576K
}
Event: 6.873 GC heap after
{Heap after GC invocations=14 (full 0):
 garbage-first heap   total 362496K, used 104098K [0x0000000703600000, 0x0000000800000000)
  region size 2048K, 9 young (18432K), 9 survivors (18432K)
 Metaspace       used 42211K, committed 43392K, reserved 1114112K
  class space    used 4989K, committed 5504K, reserved 1048576K
}
Event: 7.870 GC heap before
{Heap before GC invocations=14 (full 0):
 garbage-first heap   total 362496K, used 292514K [0x0000000703600000, 0x0000000800000000)
  region size 2048K, 101 young (206848K), 9 survivors (18432K)
 Metaspace       used 48485K, committed 49728K, reserved 1114112K
  class space    used 6111K, committed 6656K, reserved 1048576K
}
Event: 7.887 GC heap after
{Heap after GC invocations=15 (full 0):
 garbage-first heap   total 362496K, used 117214K [0x0000000703600000, 0x0000000800000000)
  region size 2048K, 13 young (26624K), 13 survivors (26624K)
 Metaspace       used 48485K, committed 49728K, reserved 1114112K
  class space    used 6111K, committed 6656K, reserved 1048576K
}
Event: 8.222 GC heap before
{Heap before GC invocations=15 (full 0):
 garbage-first heap   total 362496K, used 289246K [0x0000000703600000, 0x0000000800000000)
  region size 2048K, 97 young (198656K), 13 survivors (26624K)
 Metaspace       used 49265K, committed 50496K, reserved 1114112K
  class space    used 6245K, committed 6784K, reserved 1048576K
}
Event: 8.250 GC heap after
{Heap after GC invocations=16 (full 0):
 garbage-first heap   total 362496K, used 137326K [0x0000000703600000, 0x0000000800000000)
  region size 2048K, 10 young (20480K), 10 survivors (20480K)
 Metaspace       used 49265K, committed 50496K, reserved 1114112K
  class space    used 6245K, committed 6784K, reserved 1048576K
}
Event: 8.667 GC heap before
{Heap before GC invocations=16 (full 0):
 garbage-first heap   total 362496K, used 284782K [0x0000000703600000, 0x0000000800000000)
  region size 2048K, 82 young (167936K), 10 survivors (20480K)
 Metaspace       used 50463K, committed 51776K, reserved 1114112K
  class space    used 6466K, committed 7040K, reserved 1048576K
}
Event: 8.679 GC heap after
{Heap after GC invocations=17 (full 0):
 garbage-first heap   total 362496K, used 149200K [0x0000000703600000, 0x0000000800000000)
  region size 2048K, 6 young (12288K), 6 survivors (12288K)
 Metaspace       used 50463K, committed 51776K, reserved 1114112K
  class space    used 6466K, committed 7040K, reserved 1048576K
}
Event: 9.831 GC heap before
{Heap before GC invocations=17 (full 0):
 garbage-first heap   total 362496K, used 290512K [0x0000000703600000, 0x0000000800000000)
  region size 2048K, 75 young (153600K), 6 survivors (12288K)
 Metaspace       used 57020K, committed 58240K, reserved 1114112K
  class space    used 7604K, committed 8128K, reserved 1048576K
}
Event: 9.847 GC heap after
{Heap after GC invocations=18 (full 0):
 garbage-first heap   total 362496K, used 168097K [0x0000000703600000, 0x0000000800000000)
  region size 2048K, 10 young (20480K), 10 survivors (20480K)
 Metaspace       used 57020K, committed 58240K, reserved 1114112K
  class space    used 7604K, committed 8128K, reserved 1048576K
}
Event: 10.329 GC heap before
{Heap before GC invocations=18 (full 0):
 garbage-first heap   total 362496K, used 227489K [0x0000000703600000, 0x0000000800000000)
  region size 2048K, 40 young (81920K), 10 survivors (20480K)
 Metaspace       used 59500K, committed 60736K, reserved 1114112K
  class space    used 8265K, committed 8832K, reserved 1048576K
}
Event: 10.340 GC heap after
{Heap after GC invocations=19 (full 0):
 garbage-first heap   total 458752K, used 172581K [0x0000000703600000, 0x0000000800000000)
  region size 2048K, 2 young (4096K), 2 survivors (4096K)
 Metaspace       used 59500K, committed 60736K, reserved 1114112K
  class space    used 8265K, committed 8832K, reserved 1048576K
}
Event: 11.698 GC heap before
{Heap before GC invocations=20 (full 0):
 garbage-first heap   total 458752K, used 369189K [0x0000000703600000, 0x0000000800000000)
  region size 2048K, 98 young (200704K), 2 survivors (4096K)
 Metaspace       used 72565K, committed 73984K, reserved 1114112K
  class space    used 10523K, committed 11136K, reserved 1048576K
}
Event: 11.704 GC heap after
{Heap after GC invocations=21 (full 0):
 garbage-first heap   total 458752K, used 180516K [0x0000000703600000, 0x0000000800000000)
  region size 2048K, 6 young (12288K), 6 survivors (12288K)
 Metaspace       used 72565K, committed 73984K, reserved 1114112K
  class space    used 10523K, committed 11136K, reserved 1048576K
}
Event: 11.752 GC heap before
{Heap before GC invocations=21 (full 0):
 garbage-first heap   total 458752K, used 190756K [0x0000000703600000, 0x0000000800000000)
  region size 2048K, 11 young (22528K), 6 survivors (12288K)
 Metaspace       used 73452K, committed 74880K, reserved 1114112K
  class space    used 10673K, committed 11328K, reserved 1048576K
}
Event: 11.757 GC heap after
{Heap after GC invocations=22 (full 0):
 garbage-first heap   total 458752K, used 182424K [0x0000000703600000, 0x0000000800000000)
  region size 2048K, 2 young (4096K), 2 survivors (4096K)
 Metaspace       used 73452K, committed 74880K, reserved 1114112K
  class space    used 10673K, committed 11328K, reserved 1048576K
}

