# JRE version: OpenJDK Runtime Environment Temurin-17.0.8+7 (17.0.8+7) (build 17.0.8+7)
# Java VM: OpenJDK 64-Bit Server VM Temurin-17.0.8+7 (17.0.8+7, mixed mode, sharing, tiered, compressed oops, compressed class ptrs, g1 gc, windows-amd64)
GC Precious Log:
 CPUs: 12 total, 12 available
 Memory: 16163M
 Large Page Support: Disabled
 NUMA Support: Disabled
 Compressed Oops: Enabled (Zero based)
 Heap Region Size: 2M
 Heap Min Capacity: 8M
 Heap Initial Capacity: 254M
 Heap Max Capacity: 4042M
 Pre-touch: Disabled
 Parallel Workers: 10
 Concurrent Workers: 3
 Concurrent Refinement Workers: 10
 Periodic GC: Disabled
Heap:
 garbage-first heap   total 475136K, used 210060K [0x0000000703600000, 0x0000000800000000)
  region size 2048K, 27 young (55296K), 12 survivors (24576K)
 Metaspace       used 78280K, committed 79744K, reserved 1179648K
  class space    used 11198K, committed 11840K, reserved 1048576K
GC Heap History (20 events):
Event: 3.659 GC heap before
{Heap before GC invocations=10 (full 0):
 garbage-first heap   total 499712K, used 370509K [0x0000000703600000, 0x0000000800000000)
  region size 2048K, 146 young (299008K), 1 survivors (2048K)
 Metaspace       used 30163K, committed 31040K, reserved 1114112K
  class space    used 3563K, committed 3968K, reserved 1048576K
}
Event: 3.662 GC heap after
{Heap after GC invocations=11 (full 0):
 garbage-first heap   total 499712K, used 75473K [0x0000000703600000, 0x0000000800000000)
  region size 2048K, 2 young (4096K), 2 survivors (4096K)
 Metaspace       used 30163K, committed 31040K, reserved 1114112K
  class space    used 3563K, committed 3968K, reserved 1048576K
}
Event: 4.058 GC heap before
{Heap before GC invocations=11 (full 0):
 garbage-first heap   total 499712K, used 370385K [0x0000000703600000, 0x0000000800000000)
  region size 2048K, 146 young (299008K), 2 survivors (4096K)
 Metaspace       used 32108K, committed 33024K, reserved 1114112K
  class space    used 3780K, committed 4160K, reserved 1048576K
}
Event: 4.062 GC heap after
{Heap after GC invocations=12 (full 0):
 garbage-first heap   total 499712K, used 80257K [0x0000000703600000, 0x0000000800000000)
  region size 2048K, 4 young (8192K), 4 survivors (8192K)
 Metaspace       used 32108K, committed 33024K, reserved 1114112K
  class space    used 3780K, committed 4160K, reserved 1048576K
}
Event: 4.287 GC heap before
{Heap before GC invocations=12 (full 0):
 garbage-first heap   total 499712K, used 213377K [0x0000000703600000, 0x0000000800000000)
  region size 2048K, 64 young (131072K), 4 survivors (8192K)
 Metaspace       used 35080K, committed 36096K, reserved 1114112K
  class space    used 4156K, committed 4608K, reserved 1048576K
}
Event: 4.292 GC heap after
{Heap after GC invocations=13 (full 0):
 garbage-first heap   total 499712K, used 94639K [0x0000000703600000, 0x0000000800000000)
  region size 2048K, 5 young (10240K), 5 survivors (10240K)
 Metaspace       used 35080K, committed 36096K, reserved 1114112K
  class space    used 4156K, committed 4608K, reserved 1048576K
}
Event: 5.545 GC heap before
{Heap before GC invocations=14 (full 0):
 garbage-first heap   total 335872K, used 285103K [0x0000000703600000, 0x0000000800000000)
  region size 2048K, 98 young (200704K), 5 survivors (10240K)
 Metaspace       used 45280K, committed 46464K, reserved 1114112K
  class space    used 5587K, committed 6144K, reserved 1048576K
}
Event: 5.553 GC heap after
{Heap after GC invocations=15 (full 0):
 garbage-first heap   total 335872K, used 103193K [0x0000000703600000, 0x0000000800000000)
  region size 2048K, 10 young (20480K), 10 survivors (20480K)
 Metaspace       used 45280K, committed 46464K, reserved 1114112K
  class space    used 5587K, committed 6144K, reserved 1048576K
}
Event: 6.061 GC heap before
{Heap before GC invocations=16 (full 0):
 garbage-first heap   total 335872K, used 273177K [0x0000000703600000, 0x0000000800000000)
  region size 2048K, 93 young (190464K), 10 survivors (20480K)
 Metaspace       used 48773K, committed 49984K, reserved 1114112K
  class space    used 6166K, committed 6720K, reserved 1048576K
}
Event: 6.078 GC heap after
{Heap after GC invocations=17 (full 0):
 garbage-first heap   total 335872K, used 118118K [0x0000000703600000, 0x0000000800000000)
  region size 2048K, 12 young (24576K), 12 survivors (24576K)
 Metaspace       used 48773K, committed 49984K, reserved 1114112K
  class space    used 6166K, committed 6720K, reserved 1048576K
}
Event: 6.293 GC heap before
{Heap before GC invocations=17 (full 0):
 garbage-first heap   total 335872K, used 267622K [0x0000000703600000, 0x0000000800000000)
  region size 2048K, 85 young (174080K), 12 survivors (24576K)
 Metaspace       used 49316K, committed 50624K, reserved 1114112K
  class space    used 6257K, committed 6848K, reserved 1048576K
}
Event: 6.311 GC heap after
{Heap after GC invocations=18 (full 0):
 garbage-first heap   total 335872K, used 135575K [0x0000000703600000, 0x0000000800000000)
  region size 2048K, 9 young (18432K), 9 survivors (18432K)
 Metaspace       used 49316K, committed 50624K, reserved 1114112K
  class space    used 6257K, committed 6848K, reserved 1048576K
}
Event: 6.504 GC heap before
{Heap before GC invocations=18 (full 0):
 garbage-first heap   total 335872K, used 266647K [0x0000000703600000, 0x0000000800000000)
  region size 2048K, 73 young (149504K), 9 survivors (18432K)
 Metaspace       used 50108K, committed 51392K, reserved 1114112K
  class space    used 6383K, committed 6976K, reserved 1048576K
}
Event: 6.514 GC heap after
{Heap after GC invocations=19 (full 0):
 garbage-first heap   total 335872K, used 147460K [0x0000000703600000, 0x0000000800000000)
  region size 2048K, 6 young (12288K), 6 survivors (12288K)
 Metaspace       used 50108K, committed 51392K, reserved 1114112K
  class space    used 6383K, committed 6976K, reserved 1048576K
}
Event: 7.123 GC heap before
{Heap before GC invocations=19 (full 0):
 garbage-first heap   total 335872K, used 270340K [0x0000000703600000, 0x0000000800000000)
  region size 2048K, 66 young (135168K), 6 survivors (12288K)
 Metaspace       used 56342K, committed 57600K, reserved 1114112K
  class space    used 7417K, committed 8000K, reserved 1048576K
}
Event: 7.136 GC heap after
{Heap after GC invocations=20 (full 0):
 garbage-first heap   total 475136K, used 166311K [0x0000000703600000, 0x0000000800000000)
  region size 2048K, 9 young (18432K), 9 survivors (18432K)
 Metaspace       used 56342K, committed 57600K, reserved 1114112K
  class space    used 7417K, committed 8000K, reserved 1048576K
}
Event: 8.170 GC heap before
{Heap before GC invocations=20 (full 0):
 garbage-first heap   total 475136K, used 371111K [0x0000000703600000, 0x0000000800000000)
  region size 2048K, 109 young (223232K), 9 survivors (18432K)
 Metaspace       used 66994K, committed 68352K, reserved 1114112K
  class space    used 9757K, committed 10368K, reserved 1048576K
}
Event: 8.181 GC heap after
{Heap after GC invocations=21 (full 0):
 garbage-first heap   total 475136K, used 173939K [0x0000000703600000, 0x0000000800000000)
  region size 2048K, 8 young (16384K), 8 survivors (16384K)
 Metaspace       used 66994K, committed 68352K, reserved 1114112K
  class space    used 9757K, committed 10368K, reserved 1048576K
}
Event: 8.809 GC heap before
{Heap before GC invocations=21 (full 0):
 garbage-first heap   total 475136K, used 264051K [0x0000000703600000, 0x0000000800000000)
  region size 2048K, 53 young (108544K), 8 survivors (16384K)
 Metaspace       used 76655K, committed 78080K, reserved 1179648K
  class space    used 11044K, committed 11712K, reserved 1048576K
}
Event: 8.819 GC heap after
{Heap after GC invocations=22 (full 0):
 garbage-first heap   total 475136K, used 181388K [0x0000000703600000, 0x0000000800000000)
  region size 2048K, 12 young (24576K), 12 survivors (24576K)
 Metaspace       used 76655K, committed 78080K, reserved 1179648K
  class space    used 11044K, committed 11712K, reserved 1048576K
}

