# JRE version: OpenJDK Runtime Environment Temurin-17.0.8+7 (17.0.8+7) (build 17.0.8+7)
# Java VM: OpenJDK 64-Bit Server VM Temurin-17.0.8+7 (17.0.8+7, mixed mode, sharing, tiered, compressed oops, compressed class ptrs, g1 gc, windows-amd64)
GC Precious Log:
 CPUs: 12 total, 12 available
 Memory: 16163M
 Large Page Support: Disabled
 NUMA Support: Disabled
 Compressed Oops: Enabled (Zero based)
 Heap Region Size: 2M
 Heap Min Capacity: 8M
 Heap Initial Capacity: 254M
 Heap Max Capacity: 4042M
 Pre-touch: Disabled
 Parallel Workers: 10
 Concurrent Workers: 3
 Concurrent Refinement Workers: 10
 Periodic GC: Disabled
Heap:
 garbage-first heap   total 479232K, used 212870K [0x0000000703600000, 0x0000000800000000)
  region size 2048K, 17 young (34816K), 2 survivors (4096K)
 Metaspace       used 78315K, committed 79744K, reserved 1179648K
  class space    used 11197K, committed 11840K, reserved 1048576K
GC Heap History (20 events):
Event: 4.587 GC heap before
{Heap before GC invocations=13 (full 0):
 garbage-first heap   total 264192K, used 215673K [0x0000000703600000, 0x0000000800000000)
  region size 2048K, 70 young (143360K), 4 survivors (8192K)
 Metaspace       used 32254K, committed 33152K, reserved 1114112K
  class space    used 3793K, committed 4160K, reserved 1048576K
}
Event: 4.593 GC heap after
{Heap after GC invocations=14 (full 0):
 garbage-first heap   total 317440K, used 82550K [0x0000000703600000, 0x0000000800000000)
  region size 2048K, 5 young (10240K), 5 survivors (10240K)
 Metaspace       used 32254K, committed 33152K, reserved 1114112K
  class space    used 3793K, committed 4160K, reserved 1048576K
}
Event: 4.829 GC heap before
{Heap before GC invocations=14 (full 0):
 garbage-first heap   total 317440K, used 184950K [0x0000000703600000, 0x0000000800000000)
  region size 2048K, 50 young (102400K), 5 survivors (10240K)
 Metaspace       used 35259K, committed 36288K, reserved 1114112K
  class space    used 4180K, committed 4608K, reserved 1048576K
}
Event: 4.834 GC heap after
{Heap after GC invocations=15 (full 0):
 garbage-first heap   total 317440K, used 96570K [0x0000000703600000, 0x0000000800000000)
  region size 2048K, 6 young (12288K), 6 survivors (12288K)
 Metaspace       used 35259K, committed 36288K, reserved 1114112K
  class space    used 4180K, committed 4608K, reserved 1048576K
}
Event: 6.205 GC heap before
{Heap before GC invocations=16 (full 0):
 garbage-first heap   total 317440K, used 264506K [0x0000000703600000, 0x0000000800000000)
  region size 2048K, 88 young (180224K), 6 survivors (12288K)
 Metaspace       used 43878K, committed 45056K, reserved 1114112K
  class space    used 5228K, committed 5760K, reserved 1048576K
}
Event: 6.215 GC heap after
{Heap after GC invocations=17 (full 0):
 garbage-first heap   total 317440K, used 104625K [0x0000000703600000, 0x0000000800000000)
  region size 2048K, 10 young (20480K), 10 survivors (20480K)
 Metaspace       used 43878K, committed 45056K, reserved 1114112K
  class space    used 5228K, committed 5760K, reserved 1048576K
}
Event: 6.804 GC heap before
{Heap before GC invocations=17 (full 0):
 garbage-first heap   total 317440K, used 260273K [0x0000000703600000, 0x0000000800000000)
  region size 2048K, 86 young (176128K), 10 survivors (20480K)
 Metaspace       used 48285K, committed 49536K, reserved 1114112K
  class space    used 6053K, committed 6592K, reserved 1048576K
}
Event: 6.823 GC heap after
{Heap after GC invocations=18 (full 0):
 garbage-first heap   total 317440K, used 116652K [0x0000000703600000, 0x0000000800000000)
  region size 2048K, 11 young (22528K), 11 survivors (22528K)
 Metaspace       used 48285K, committed 49536K, reserved 1114112K
  class space    used 6053K, committed 6592K, reserved 1048576K
}
Event: 7.082 GC heap before
{Heap before GC invocations=18 (full 0):
 garbage-first heap   total 317440K, used 257964K [0x0000000703600000, 0x0000000800000000)
  region size 2048K, 80 young (163840K), 11 survivors (22528K)
 Metaspace       used 49239K, committed 50496K, reserved 1114112K
  class space    used 6237K, committed 6784K, reserved 1048576K
}
Event: 7.103 GC heap after
{Heap after GC invocations=19 (full 0):
 garbage-first heap   total 317440K, used 133973K [0x0000000703600000, 0x0000000800000000)
  region size 2048K, 9 young (18432K), 9 survivors (18432K)
 Metaspace       used 49239K, committed 50496K, reserved 1114112K
  class space    used 6237K, committed 6784K, reserved 1048576K
}
Event: 7.274 GC heap before
{Heap before GC invocations=19 (full 0):
 garbage-first heap   total 317440K, used 254805K [0x0000000703600000, 0x0000000800000000)
  region size 2048K, 68 young (139264K), 9 survivors (18432K)
 Metaspace       used 49830K, committed 51136K, reserved 1114112K
  class space    used 6313K, committed 6912K, reserved 1048576K
}
Event: 7.287 GC heap after
{Heap after GC invocations=20 (full 0):
 garbage-first heap   total 317440K, used 146840K [0x0000000703600000, 0x0000000800000000)
  region size 2048K, 7 young (14336K), 7 survivors (14336K)
 Metaspace       used 49830K, committed 51136K, reserved 1114112K
  class space    used 6313K, committed 6912K, reserved 1048576K
}
Event: 7.590 GC heap before
{Heap before GC invocations=20 (full 0):
 garbage-first heap   total 317440K, used 255384K [0x0000000703600000, 0x0000000800000000)
  region size 2048K, 60 young (122880K), 7 survivors (14336K)
 Metaspace       used 51683K, committed 52992K, reserved 1114112K
  class space    used 6637K, committed 7232K, reserved 1048576K
}
Event: 7.598 GC heap after
{Heap after GC invocations=21 (full 0):
 garbage-first heap   total 479232K, used 150856K [0x0000000703600000, 0x0000000800000000)
  region size 2048K, 2 young (4096K), 2 survivors (4096K)
 Metaspace       used 51683K, committed 52992K, reserved 1114112K
  class space    used 6637K, committed 7232K, reserved 1048576K
}
Event: 8.609 GC heap before
{Heap before GC invocations=21 (full 0):
 garbage-first heap   total 479232K, used 349512K [0x0000000703600000, 0x0000000800000000)
  region size 2048K, 100 young (204800K), 2 survivors (4096K)
 Metaspace       used 59739K, committed 60928K, reserved 1114112K
  class space    used 8285K, committed 8832K, reserved 1048576K
}
Event: 8.620 GC heap after
{Heap after GC invocations=22 (full 0):
 garbage-first heap   total 479232K, used 169807K [0x0000000703600000, 0x0000000800000000)
  region size 2048K, 11 young (22528K), 11 survivors (22528K)
 Metaspace       used 59739K, committed 60928K, reserved 1114112K
  class space    used 8285K, committed 8832K, reserved 1048576K
}
Event: 9.944 GC heap before
{Heap before GC invocations=23 (full 0):
 garbage-first heap   total 479232K, used 370511K [0x0000000703600000, 0x0000000800000000)
  region size 2048K, 109 young (223232K), 11 survivors (22528K)
 Metaspace       used 73233K, committed 74624K, reserved 1114112K
  class space    used 10609K, committed 11264K, reserved 1048576K
}
Event: 9.958 GC heap after
{Heap after GC invocations=24 (full 0):
 garbage-first heap   total 479232K, used 182026K [0x0000000703600000, 0x0000000800000000)
  region size 2048K, 7 young (14336K), 7 survivors (14336K)
 Metaspace       used 73233K, committed 74624K, reserved 1114112K
  class space    used 10609K, committed 11264K, reserved 1048576K
}
Event: 10.108 GC heap before
{Heap before GC invocations=24 (full 0):
 garbage-first heap   total 479232K, used 190218K [0x0000000703600000, 0x0000000800000000)
  region size 2048K, 11 young (22528K), 7 survivors (14336K)
 Metaspace       used 76540K, committed 78016K, reserved 1179648K
  class space    used 11041K, committed 11712K, reserved 1048576K
}
Event: 10.114 GC heap after
{Heap after GC invocations=25 (full 0):
 garbage-first heap   total 479232K, used 184198K [0x0000000703600000, 0x0000000800000000)
  region size 2048K, 2 young (4096K), 2 survivors (4096K)
 Metaspace       used 76540K, committed 78016K, reserved 1179648K
  class space    used 11041K, committed 11712K, reserved 1048576K
}

