# JRE version: OpenJDK Runtime Environment Temurin-17.0.8+7 (17.0.8+7) (build 17.0.8+7)
# Java VM: OpenJDK 64-Bit Server VM Temurin-17.0.8+7 (17.0.8+7, mixed mode, sharing, tiered, compressed oops, compressed class ptrs, g1 gc, windows-amd64)
GC Precious Log:
 CPUs: 12 total, 12 available
 Memory: 16163M
 Large Page Support: Disabled
 NUMA Support: Disabled
 Compressed Oops: Enabled (Zero based)
 Heap Region Size: 2M
 Heap Min Capacity: 8M
 Heap Initial Capacity: 254M
 Heap Max Capacity: 4042M
 Pre-touch: Disabled
 Parallel Workers: 10
 Concurrent Workers: 3
 Concurrent Refinement Workers: 10
 Periodic GC: Disabled
Heap:
 garbage-first heap   total 456704K, used 195506K [0x0000000703600000, 0x0000000800000000)
  region size 2048K, 11 young (22528K), 2 survivors (4096K)
 Metaspace       used 77800K, committed 79232K, reserved 1179648K
  class space    used 11143K, committed 11776K, reserved 1048576K
GC Heap History (20 events):
Event: 4.100 GC heap before
{Heap before GC invocations=14 (full 0):
 garbage-first heap   total 270336K, used 210321K [0x0000000703600000, 0x0000000800000000)
  region size 2048K, 67 young (137216K), 3 survivors (6144K)
 Metaspace       used 32309K, committed 33216K, reserved 1114112K
  class space    used 3799K, committed 4160K, reserved 1048576K
}
Event: 4.104 GC heap after
{Heap after GC invocations=15 (full 0):
 garbage-first heap   total 325632K, used 81194K [0x0000000703600000, 0x0000000800000000)
  region size 2048K, 4 young (8192K), 4 survivors (8192K)
 Metaspace       used 32309K, committed 33216K, reserved 1114112K
  class space    used 3799K, committed 4160K, reserved 1048576K
}
Event: 4.318 GC heap before
{Heap before GC invocations=15 (full 0):
 garbage-first heap   total 325632K, used 222506K [0x0000000703600000, 0x0000000800000000)
  region size 2048K, 68 young (139264K), 4 survivors (8192K)
 Metaspace       used 35277K, committed 36288K, reserved 1114112K
  class space    used 4184K, committed 4672K, reserved 1048576K
}
Event: 4.323 GC heap after
{Heap after GC invocations=16 (full 0):
 garbage-first heap   total 325632K, used 96568K [0x0000000703600000, 0x0000000800000000)
  region size 2048K, 5 young (10240K), 5 survivors (10240K)
 Metaspace       used 35277K, committed 36288K, reserved 1114112K
  class space    used 4184K, committed 4672K, reserved 1048576K
}
Event: 5.474 GC heap before
{Heap before GC invocations=17 (full 0):
 garbage-first heap   total 325632K, used 262456K [0x0000000703600000, 0x0000000800000000)
  region size 2048K, 86 young (176128K), 5 survivors (10240K)
 Metaspace       used 44159K, committed 45312K, reserved 1114112K
  class space    used 5376K, committed 5888K, reserved 1048576K
}
Event: 5.482 GC heap after
{Heap after GC invocations=18 (full 0):
 garbage-first heap   total 325632K, used 101632K [0x0000000703600000, 0x0000000800000000)
  region size 2048K, 8 young (16384K), 8 survivors (16384K)
 Metaspace       used 44159K, committed 45312K, reserved 1114112K
  class space    used 5376K, committed 5888K, reserved 1048576K
}
Event: 6.018 GC heap before
{Heap before GC invocations=18 (full 0):
 garbage-first heap   total 325632K, used 267520K [0x0000000703600000, 0x0000000800000000)
  region size 2048K, 89 young (182272K), 8 survivors (16384K)
 Metaspace       used 48274K, committed 49472K, reserved 1114112K
  class space    used 6105K, committed 6656K, reserved 1048576K
}
Event: 6.034 GC heap after
{Heap after GC invocations=19 (full 0):
 garbage-first heap   total 325632K, used 115055K [0x0000000703600000, 0x0000000800000000)
  region size 2048K, 12 young (24576K), 12 survivors (24576K)
 Metaspace       used 48274K, committed 49472K, reserved 1114112K
  class space    used 6105K, committed 6656K, reserved 1048576K
}
Event: 6.240 GC heap before
{Heap before GC invocations=19 (full 0):
 garbage-first heap   total 325632K, used 260463K [0x0000000703600000, 0x0000000800000000)
  region size 2048K, 83 young (169984K), 12 survivors (24576K)
 Metaspace       used 48713K, committed 49984K, reserved 1114112K
  class space    used 6183K, committed 6720K, reserved 1048576K
}
Event: 6.259 GC heap after
{Heap after GC invocations=20 (full 0):
 garbage-first heap   total 325632K, used 131696K [0x0000000703600000, 0x0000000800000000)
  region size 2048K, 8 young (16384K), 8 survivors (16384K)
 Metaspace       used 48713K, committed 49984K, reserved 1114112K
  class space    used 6183K, committed 6720K, reserved 1048576K
}
Event: 6.588 GC heap before
{Heap before GC invocations=20 (full 0):
 garbage-first heap   total 325632K, used 258672K [0x0000000703600000, 0x0000000800000000)
  region size 2048K, 70 young (143360K), 8 survivors (16384K)
 Metaspace       used 51269K, committed 52544K, reserved 1114112K
  class space    used 6605K, committed 7168K, reserved 1048576K
}
Event: 6.601 GC heap after
{Heap after GC invocations=21 (full 0):
 garbage-first heap   total 325632K, used 144107K [0x0000000703600000, 0x0000000800000000)
  region size 2048K, 6 young (12288K), 6 survivors (12288K)
 Metaspace       used 51269K, committed 52544K, reserved 1114112K
  class space    used 6605K, committed 7168K, reserved 1048576K
}
Event: 7.212 GC heap before
{Heap before GC invocations=21 (full 0):
 garbage-first heap   total 325632K, used 260843K [0x0000000703600000, 0x0000000800000000)
  region size 2048K, 63 young (129024K), 6 survivors (12288K)
 Metaspace       used 56473K, committed 57728K, reserved 1114112K
  class space    used 7542K, committed 8128K, reserved 1048576K
}
Event: 7.225 GC heap after
{Heap after GC invocations=22 (full 0):
 garbage-first heap   total 456704K, used 162572K [0x0000000703600000, 0x0000000800000000)
  region size 2048K, 8 young (16384K), 8 survivors (16384K)
 Metaspace       used 56473K, committed 57728K, reserved 1114112K
  class space    used 7542K, committed 8128K, reserved 1048576K
}
Event: 7.689 GC heap before
{Heap before GC invocations=22 (full 0):
 garbage-first heap   total 456704K, used 269068K [0x0000000703600000, 0x0000000800000000)
  region size 2048K, 61 young (124928K), 8 survivors (16384K)
 Metaspace       used 59613K, committed 60800K, reserved 1114112K
  class space    used 8300K, committed 8832K, reserved 1048576K
}
Event: 7.695 GC heap after
{Heap after GC invocations=23 (full 0):
 garbage-first heap   total 456704K, used 167043K [0x0000000703600000, 0x0000000800000000)
  region size 2048K, 2 young (4096K), 2 survivors (4096K)
 Metaspace       used 59613K, committed 60800K, reserved 1114112K
  class space    used 8300K, committed 8832K, reserved 1048576K
}
Event: 9.000 GC heap before
{Heap before GC invocations=24 (full 0):
 garbage-first heap   total 456704K, used 363651K [0x0000000703600000, 0x0000000800000000)
  region size 2048K, 98 young (200704K), 2 survivors (4096K)
 Metaspace       used 76414K, committed 77952K, reserved 1179648K
  class space    used 11027K, committed 11712K, reserved 1048576K
}
Event: 9.007 GC heap after
{Heap after GC invocations=25 (full 0):
 garbage-first heap   total 456704K, used 177462K [0x0000000703600000, 0x0000000800000000)
  region size 2048K, 7 young (14336K), 7 survivors (14336K)
 Metaspace       used 76414K, committed 77952K, reserved 1179648K
  class space    used 11027K, committed 11712K, reserved 1048576K
}
Event: 9.288 GC heap before
{Heap before GC invocations=25 (full 0):
 garbage-first heap   total 456704K, used 185654K [0x0000000703600000, 0x0000000800000000)
  region size 2048K, 11 young (22528K), 7 survivors (14336K)
 Metaspace       used 76938K, committed 78336K, reserved 1179648K
  class space    used 11092K, committed 11712K, reserved 1048576K
}
Event: 9.294 GC heap after
{Heap after GC invocations=26 (full 0):
 garbage-first heap   total 456704K, used 179122K [0x0000000703600000, 0x0000000800000000)
  region size 2048K, 2 young (4096K), 2 survivors (4096K)
 Metaspace       used 76938K, committed 78336K, reserved 1179648K
  class space    used 11092K, committed 11712K, reserved 1048576K
}

