# JRE version: OpenJDK Runtime Environment Temurin-17.0.8+7 (17.0.8+7) (build 17.0.8+7)
# Java VM: OpenJDK 64-Bit Server VM Temurin-17.0.8+7 (17.0.8+7, mixed mode, sharing, tiered, compressed oops, compressed class ptrs, g1 gc, windows-amd64)
GC Precious Log:
 CPUs: 12 total, 12 available
 Memory: 16163M
 Large Page Support: Disabled
 NUMA Support: Disabled
 Compressed Oops: Enabled (Zero based)
 Heap Region Size: 2M
 Heap Min Capacity: 8M
 Heap Initial Capacity: 254M
 Heap Max Capacity: 4042M
 Pre-touch: Disabled
 Parallel Workers: 10
 Concurrent Workers: 3
 Concurrent Refinement Workers: 10
 Periodic GC: Disabled
Heap:
 garbage-first heap   total 438272K, used 231803K [0x0000000703600000, 0x0000000800000000)
  region size 2048K, 29 young (59392K), 2 survivors (4096K)
 Metaspace       used 77741K, committed 79168K, reserved 1179648K
  class space    used 11139K, committed 11776K, reserved 1048576K
GC Heap History (20 events):
Event: 4.561 GC heap before
{Heap before GC invocations=13 (full 0):
 garbage-first heap   total 256000K, used 171828K [0x0000000703600000, 0x0000000800000000)
  region size 2048K, 43 young (88064K), 3 survivors (6144K)
 Metaspace       used 35170K, committed 36224K, reserved 1114112K
  class space    used 4178K, committed 4672K, reserved 1048576K
}
Event: 4.565 GC heap after
{Heap after GC invocations=14 (full 0):
 garbage-first heap   total 256000K, used 94179K [0x0000000703600000, 0x0000000800000000)
  region size 2048K, 4 young (8192K), 4 survivors (8192K)
 Metaspace       used 35170K, committed 36224K, reserved 1114112K
  class space    used 4178K, committed 4672K, reserved 1048576K
}
Event: 4.823 GC heap before
{Heap before GC invocations=15 (full 0):
 garbage-first heap   total 256000K, used 210915K [0x0000000703600000, 0x0000000800000000)
  region size 2048K, 62 young (126976K), 4 survivors (8192K)
 Metaspace       used 36968K, committed 38016K, reserved 1114112K
  class space    used 4434K, committed 4928K, reserved 1048576K
}
Event: 4.828 GC heap after
{Heap after GC invocations=16 (full 0):
 garbage-first heap   total 256000K, used 96669K [0x0000000703600000, 0x0000000800000000)
  region size 2048K, 5 young (10240K), 5 survivors (10240K)
 Metaspace       used 36968K, committed 38016K, reserved 1114112K
  class space    used 4434K, committed 4928K, reserved 1048576K
}
Event: 5.259 GC heap before
{Heap before GC invocations=16 (full 0):
 garbage-first heap   total 256000K, used 213405K [0x0000000703600000, 0x0000000800000000)
  region size 2048K, 62 young (126976K), 5 survivors (10240K)
 Metaspace       used 39375K, committed 40384K, reserved 1114112K
  class space    used 4676K, committed 5120K, reserved 1048576K
}
Event: 5.265 GC heap after
{Heap after GC invocations=17 (full 0):
 garbage-first heap   total 307200K, used 99485K [0x0000000703600000, 0x0000000800000000)
  region size 2048K, 6 young (12288K), 6 survivors (12288K)
 Metaspace       used 39375K, committed 40384K, reserved 1114112K
  class space    used 4676K, committed 5120K, reserved 1048576K
}
Event: 6.117 GC heap before
{Heap before GC invocations=17 (full 0):
 garbage-first heap   total 307200K, used 255133K [0x0000000703600000, 0x0000000800000000)
  region size 2048K, 82 young (167936K), 6 survivors (12288K)
 Metaspace       used 47037K, committed 48256K, reserved 1114112K
  class space    used 5900K, committed 6464K, reserved 1048576K
}
Event: 6.129 GC heap after
{Heap after GC invocations=18 (full 0):
 garbage-first heap   total 307200K, used 107107K [0x0000000703600000, 0x0000000800000000)
  region size 2048K, 10 young (20480K), 10 survivors (20480K)
 Metaspace       used 47037K, committed 48256K, reserved 1114112K
  class space    used 5900K, committed 6464K, reserved 1048576K
}
Event: 6.480 GC heap before
{Heap before GC invocations=18 (full 0):
 garbage-first heap   total 307200K, used 252515K [0x0000000703600000, 0x0000000800000000)
  region size 2048K, 81 young (165888K), 10 survivors (20480K)
 Metaspace       used 48638K, committed 49920K, reserved 1114112K
  class space    used 6177K, committed 6720K, reserved 1048576K
}
Event: 6.496 GC heap after
{Heap after GC invocations=19 (full 0):
 garbage-first heap   total 307200K, used 122329K [0x0000000703600000, 0x0000000800000000)
  region size 2048K, 11 young (22528K), 11 survivors (22528K)
 Metaspace       used 48638K, committed 49920K, reserved 1114112K
  class space    used 6177K, committed 6720K, reserved 1048576K
}
Event: 6.644 GC heap before
{Heap before GC invocations=19 (full 0):
 garbage-first heap   total 307200K, used 249305K [0x0000000703600000, 0x0000000800000000)
  region size 2048K, 73 young (149504K), 11 survivors (22528K)
 Metaspace       used 48987K, committed 50304K, reserved 1114112K
  class space    used 6216K, committed 6784K, reserved 1048576K
}
Event: 6.661 GC heap after
{Heap after GC invocations=20 (full 0):
 garbage-first heap   total 307200K, used 137424K [0x0000000703600000, 0x0000000800000000)
  region size 2048K, 7 young (14336K), 7 survivors (14336K)
 Metaspace       used 48987K, committed 50304K, reserved 1114112K
  class space    used 6216K, committed 6784K, reserved 1048576K
}
Event: 7.022 GC heap before
{Heap before GC invocations=20 (full 0):
 garbage-first heap   total 307200K, used 250064K [0x0000000703600000, 0x0000000800000000)
  region size 2048K, 62 young (126976K), 7 survivors (14336K)
 Metaspace       used 52801K, committed 54080K, reserved 1114112K
  class space    used 6821K, committed 7424K, reserved 1048576K
}
Event: 7.033 GC heap after
{Heap after GC invocations=21 (full 0):
 garbage-first heap   total 438272K, used 150353K [0x0000000703600000, 0x0000000800000000)
  region size 2048K, 7 young (14336K), 7 survivors (14336K)
 Metaspace       used 52801K, committed 54080K, reserved 1114112K
  class space    used 6821K, committed 7424K, reserved 1048576K
}
Event: 7.841 GC heap before
{Heap before GC invocations=21 (full 0):
 garbage-first heap   total 438272K, used 338769K [0x0000000703600000, 0x0000000800000000)
  region size 2048K, 100 young (204800K), 7 survivors (14336K)
 Metaspace       used 59503K, committed 60736K, reserved 1114112K
  class space    used 8298K, committed 8832K, reserved 1048576K
}
Event: 7.851 GC heap after
{Heap after GC invocations=22 (full 0):
 garbage-first heap   total 438272K, used 166371K [0x0000000703600000, 0x0000000800000000)
  region size 2048K, 13 young (26624K), 13 survivors (26624K)
 Metaspace       used 59503K, committed 60736K, reserved 1114112K
  class space    used 8298K, committed 8832K, reserved 1048576K
}
Event: 8.869 GC heap before
{Heap before GC invocations=23 (full 0):
 garbage-first heap   total 438272K, used 336355K [0x0000000703600000, 0x0000000800000000)
  region size 2048K, 97 young (198656K), 13 survivors (26624K)
 Metaspace       used 70634K, committed 72000K, reserved 1114112K
  class space    used 10272K, committed 10880K, reserved 1048576K
}
Event: 8.883 GC heap after
{Heap after GC invocations=24 (full 0):
 garbage-first heap   total 438272K, used 178539K [0x0000000703600000, 0x0000000800000000)
  region size 2048K, 6 young (12288K), 6 survivors (12288K)
 Metaspace       used 70634K, committed 72000K, reserved 1114112K
  class space    used 10272K, committed 10880K, reserved 1048576K
}
Event: 8.921 GC heap before
{Heap before GC invocations=24 (full 0):
 garbage-first heap   total 438272K, used 186731K [0x0000000703600000, 0x0000000800000000)
  region size 2048K, 10 young (20480K), 6 survivors (12288K)
 Metaspace       used 70789K, committed 72192K, reserved 1114112K
  class space    used 10289K, committed 10880K, reserved 1048576K
}
Event: 8.925 GC heap after
{Heap after GC invocations=25 (full 0):
 garbage-first heap   total 438272K, used 178555K [0x0000000703600000, 0x0000000800000000)
  region size 2048K, 2 young (4096K), 2 survivors (4096K)
 Metaspace       used 70789K, committed 72192K, reserved 1114112K
  class space    used 10289K, committed 10880K, reserved 1048576K
}

