# JRE version: OpenJDK Runtime Environment Temurin-17.0.8+7 (17.0.8+7) (build 17.0.8+7)
# Java VM: OpenJDK 64-Bit Server VM Temurin-17.0.8+7 (17.0.8+7, mixed mode, sharing, tiered, compressed oops, compressed class ptrs, g1 gc, windows-amd64)
GC Precious Log:
 CPUs: 12 total, 12 available
 Memory: 16163M
 Large Page Support: Disabled
 NUMA Support: Disabled
 Compressed Oops: Enabled (Zero based)
 Heap Region Size: 2M
 Heap Min Capacity: 8M
 Heap Initial Capacity: 254M
 Heap Max Capacity: 4042M
 Pre-touch: Disabled
 Parallel Workers: 10
 Concurrent Workers: 3
 Concurrent Refinement Workers: 10
 Periodic GC: Disabled
Heap:
 garbage-first heap   total 909312K, used 274898K [0x0000000703600000, 0x0000000800000000)
  region size 2048K, 6 young (12288K), 0 survivors (0K)
 Metaspace       used 99474K, committed 101056K, reserved 1179648K
  class space    used 14475K, committed 15168K, reserved 1048576K
GC Heap History (20 events):
Event: 8.807 GC heap before
{Heap before GC invocations=25 (full 0):
 garbage-first heap   total 389120K, used 186972K [0x0000000703600000, 0x0000000800000000)
  region size 2048K, 9 young (18432K), 4 survivors (8192K)
 Metaspace       used 69193K, committed 70592K, reserved 1114112K
  class space    used 10190K, committed 10816K, reserved 1048576K
}
Event: 8.811 GC heap after
{Heap after GC invocations=26 (full 0):
 garbage-first heap   total 389120K, used 178753K [0x0000000703600000, 0x0000000800000000)
  region size 2048K, 2 young (4096K), 2 survivors (4096K)
 Metaspace       used 69193K, committed 70592K, reserved 1114112K
  class space    used 10190K, committed 10816K, reserved 1048576K
}
Event: 9.928 GC heap before
{Heap before GC invocations=26 (full 0):
 garbage-first heap   total 389120K, used 322113K [0x0000000703600000, 0x0000000800000000)
  region size 2048K, 72 young (147456K), 2 survivors (4096K)
 Metaspace       used 83169K, committed 84672K, reserved 1179648K
  class space    used 12021K, committed 12672K, reserved 1048576K
}
Event: 9.935 GC heap after
{Heap after GC invocations=27 (full 0):
 garbage-first heap   total 518144K, used 187669K [0x0000000703600000, 0x0000000800000000)
  region size 2048K, 6 young (12288K), 6 survivors (12288K)
 Metaspace       used 83169K, committed 84672K, reserved 1179648K
  class space    used 12021K, committed 12672K, reserved 1048576K
}
Event: 10.848 GC heap before
{Heap before GC invocations=28 (full 0):
 garbage-first heap   total 518144K, used 419093K [0x0000000703600000, 0x0000000800000000)
  region size 2048K, 117 young (239616K), 6 survivors (12288K)
 Metaspace       used 91741K, committed 93312K, reserved 1179648K
  class space    used 13501K, committed 14208K, reserved 1048576K
}
Event: 10.860 GC heap after
{Heap after GC invocations=29 (full 0):
 garbage-first heap   total 518144K, used 202333K [0x0000000703600000, 0x0000000800000000)
  region size 2048K, 13 young (26624K), 13 survivors (26624K)
 Metaspace       used 91741K, committed 93312K, reserved 1179648K
  class space    used 13501K, committed 14208K, reserved 1048576K
}
Event: 10.862 GC heap before
{Heap before GC invocations=29 (full 0):
 garbage-first heap   total 518144K, used 204381K [0x0000000703600000, 0x0000000800000000)
  region size 2048K, 14 young (28672K), 13 survivors (26624K)
 Metaspace       used 91741K, committed 93312K, reserved 1179648K
  class space    used 13501K, committed 14208K, reserved 1048576K
}
Event: 10.871 GC heap after
{Heap after GC invocations=30 (full 0):
 garbage-first heap   total 518144K, used 203888K [0x0000000703600000, 0x0000000800000000)
  region size 2048K, 2 young (4096K), 2 survivors (4096K)
 Metaspace       used 91741K, committed 93312K, reserved 1179648K
  class space    used 13501K, committed 14208K, reserved 1048576K
}
Event: 11.055 GC heap before
{Heap before GC invocations=30 (full 0):
 garbage-first heap   total 518144K, used 420976K [0x0000000703600000, 0x0000000800000000)
  region size 2048K, 109 young (223232K), 2 survivors (4096K)
 Metaspace       used 93325K, committed 94912K, reserved 1179648K
  class space    used 13737K, committed 14464K, reserved 1048576K
}
Event: 11.061 GC heap after
{Heap after GC invocations=31 (full 0):
 garbage-first heap   total 518144K, used 209869K [0x0000000703600000, 0x0000000800000000)
  region size 2048K, 5 young (10240K), 5 survivors (10240K)
 Metaspace       used 93325K, committed 94912K, reserved 1179648K
  class space    used 13737K, committed 14464K, reserved 1048576K
}
Event: 11.312 GC heap before
{Heap before GC invocations=31 (full 0):
 garbage-first heap   total 518144K, used 422861K [0x0000000703600000, 0x0000000800000000)
  region size 2048K, 110 young (225280K), 5 survivors (10240K)
 Metaspace       used 94640K, committed 96192K, reserved 1179648K
  class space    used 13958K, committed 14656K, reserved 1048576K
}
Event: 11.319 GC heap after
{Heap after GC invocations=32 (full 0):
 garbage-first heap   total 518144K, used 222885K [0x0000000703600000, 0x0000000800000000)
  region size 2048K, 12 young (24576K), 12 survivors (24576K)
 Metaspace       used 94640K, committed 96192K, reserved 1179648K
  class space    used 13958K, committed 14656K, reserved 1048576K
}
Event: 11.624 GC heap before
{Heap before GC invocations=32 (full 0):
 garbage-first heap   total 518144K, used 435877K [0x0000000703600000, 0x0000000800000000)
  region size 2048K, 110 young (225280K), 12 survivors (24576K)
 Metaspace       used 94745K, committed 96320K, reserved 1179648K
  class space    used 13963K, committed 14656K, reserved 1048576K
}
Event: 11.635 GC heap after
{Heap after GC invocations=33 (full 0):
 garbage-first heap   total 518144K, used 231447K [0x0000000703600000, 0x0000000800000000)
  region size 2048K, 11 young (22528K), 11 survivors (22528K)
 Metaspace       used 94745K, committed 96320K, reserved 1179648K
  class space    used 13963K, committed 14656K, reserved 1048576K
}
Event: 11.984 GC heap before
{Heap before GC invocations=33 (full 0):
 garbage-first heap   total 518144K, used 428055K [0x0000000703600000, 0x0000000800000000)
  region size 2048K, 107 young (219136K), 11 survivors (22528K)
 Metaspace       used 95165K, committed 96768K, reserved 1179648K
  class space    used 14000K, committed 14720K, reserved 1048576K
}
Event: 12.005 GC heap after
{Heap after GC invocations=34 (full 0):
 garbage-first heap   total 1325056K, used 257611K [0x0000000703600000, 0x0000000800000000)
  region size 2048K, 14 young (28672K), 14 survivors (28672K)
 Metaspace       used 95165K, committed 96768K, reserved 1179648K
  class space    used 14000K, committed 14720K, reserved 1048576K
}
Event: 17.903 GC heap before
{Heap before GC invocations=34 (full 0):
 garbage-first heap   total 1325056K, used 640587K [0x0000000703600000, 0x0000000800000000)
  region size 2048K, 197 young (403456K), 14 survivors (28672K)
 Metaspace       used 99091K, committed 100672K, reserved 1179648K
  class space    used 14432K, committed 15104K, reserved 1048576K
}
Event: 18.026 GC heap after
{Heap after GC invocations=35 (full 1):
 garbage-first heap   total 915456K, used 264924K [0x0000000703600000, 0x0000000800000000)
  region size 2048K, 0 young (0K), 0 survivors (0K)
 Metaspace       used 99084K, committed 100672K, reserved 1179648K
  class space    used 14430K, committed 15104K, reserved 1048576K
}
Event: 18.036 GC heap before
{Heap before GC invocations=35 (full 1):
 garbage-first heap   total 915456K, used 264924K [0x0000000703600000, 0x0000000800000000)
  region size 2048K, 1 young (2048K), 0 survivors (0K)
 Metaspace       used 99097K, committed 100672K, reserved 1179648K
  class space    used 14434K, committed 15104K, reserved 1048576K
}
Event: 18.114 GC heap after
{Heap after GC invocations=36 (full 2):
 garbage-first heap   total 909312K, used 264658K [0x0000000703600000, 0x0000000800000000)
  region size 2048K, 0 young (0K), 0 survivors (0K)
 Metaspace       used 99097K, committed 100672K, reserved 1179648K
  class space    used 14434K, committed 15104K, reserved 1048576K
}

