# JRE version: OpenJDK Runtime Environment Temurin-17.0.8+7 (17.0.8+7) (build 17.0.8+7)
# Java VM: OpenJDK 64-Bit Server VM Temurin-17.0.8+7 (17.0.8+7, mixed mode, sharing, tiered, compressed oops, compressed class ptrs, g1 gc, windows-amd64)
GC Precious Log:
 CPUs: 12 total, 12 available
 Memory: 16163M
 Large Page Support: Disabled
 NUMA Support: Disabled
 Compressed Oops: Enabled (Zero based)
 Heap Region Size: 2M
 Heap Min Capacity: 8M
 Heap Initial Capacity: 254M
 Heap Max Capacity: 4042M
 Pre-touch: Disabled
 Parallel Workers: 10
 Concurrent Workers: 3
 Concurrent Refinement Workers: 10
 Periodic GC: Disabled
Heap:
 garbage-first heap   total 520192K, used 387624K [0x0000000703600000, 0x0000000800000000)
  region size 2048K, 113 young (231424K), 4 survivors (8192K)
 Metaspace       used 77765K, committed 79168K, reserved 1179648K
  class space    used 11136K, committed 11776K, reserved 1048576K
GC Heap History (20 events):
Event: 6.171 GC heap before
{Heap before GC invocations=11 (full 0):
 garbage-first heap   total 425984K, used 257582K [0x0000000703600000, 0x0000000800000000)
  region size 2048K, 90 young (184320K), 1 survivors (2048K)
 Metaspace       used 30087K, committed 31040K, reserved 1114112K
  class space    used 3557K, committed 3968K, reserved 1048576K
}
Event: 6.173 GC heap after
{Heap after GC invocations=12 (full 0):
 garbage-first heap   total 425984K, used 77047K [0x0000000703600000, 0x0000000800000000)
  region size 2048K, 2 young (4096K), 2 survivors (4096K)
 Metaspace       used 30087K, committed 31040K, reserved 1114112K
  class space    used 3557K, committed 3968K, reserved 1048576K
}
Event: 6.533 GC heap before
{Heap before GC invocations=12 (full 0):
 garbage-first heap   total 425984K, used 298231K [0x0000000703600000, 0x0000000800000000)
  region size 2048K, 111 young (227328K), 2 survivors (4096K)
 Metaspace       used 31142K, committed 32064K, reserved 1114112K
  class space    used 3691K, committed 4096K, reserved 1048576K
}
Event: 6.536 GC heap after
{Heap after GC invocations=13 (full 0):
 garbage-first heap   total 425984K, used 78924K [0x0000000703600000, 0x0000000800000000)
  region size 2048K, 3 young (6144K), 3 survivors (6144K)
 Metaspace       used 31142K, committed 32064K, reserved 1114112K
  class space    used 3691K, committed 4096K, reserved 1048576K
}
Event: 6.977 GC heap before
{Heap before GC invocations=13 (full 0):
 garbage-first heap   total 425984K, used 318540K [0x0000000703600000, 0x0000000800000000)
  region size 2048K, 120 young (245760K), 3 survivors (6144K)
 Metaspace       used 34237K, committed 35136K, reserved 1114112K
  class space    used 4034K, committed 4416K, reserved 1048576K
}
Event: 6.981 GC heap after
{Heap after GC invocations=14 (full 0):
 garbage-first heap   total 425984K, used 83160K [0x0000000703600000, 0x0000000800000000)
  region size 2048K, 5 young (10240K), 5 survivors (10240K)
 Metaspace       used 34237K, committed 35136K, reserved 1114112K
  class space    used 4034K, committed 4416K, reserved 1048576K
}
Event: 7.072 GC heap before
{Heap before GC invocations=14 (full 0):
 garbage-first heap   total 425984K, used 167128K [0x0000000703600000, 0x0000000800000000)
  region size 2048K, 41 young (83968K), 5 survivors (10240K)
 Metaspace       used 35232K, committed 36160K, reserved 1114112K
  class space    used 4179K, committed 4608K, reserved 1048576K
}
Event: 7.076 GC heap after
{Heap after GC invocations=15 (full 0):
 garbage-first heap   total 425984K, used 97239K [0x0000000703600000, 0x0000000800000000)
  region size 2048K, 6 young (12288K), 6 survivors (12288K)
 Metaspace       used 35232K, committed 36160K, reserved 1114112K
  class space    used 4179K, committed 4608K, reserved 1048576K
}
Event: 8.668 GC heap before
{Heap before GC invocations=16 (full 0):
 garbage-first heap   total 362496K, used 302039K [0x0000000703600000, 0x0000000800000000)
  region size 2048K, 106 young (217088K), 6 survivors (12288K)
 Metaspace       used 46440K, committed 47680K, reserved 1114112K
  class space    used 5797K, committed 6336K, reserved 1048576K
}
Event: 8.677 GC heap after
{Heap after GC invocations=17 (full 0):
 garbage-first heap   total 362496K, used 105385K [0x0000000703600000, 0x0000000800000000)
  region size 2048K, 10 young (20480K), 10 survivors (20480K)
 Metaspace       used 46440K, committed 47680K, reserved 1114112K
  class space    used 5797K, committed 6336K, reserved 1048576K
}
Event: 9.110 GC heap before
{Heap before GC invocations=17 (full 0):
 garbage-first heap   total 362496K, used 283561K [0x0000000703600000, 0x0000000800000000)
  region size 2048K, 97 young (198656K), 10 survivors (20480K)
 Metaspace       used 48664K, committed 49920K, reserved 1114112K
  class space    used 6176K, committed 6720K, reserved 1048576K
}
Event: 9.128 GC heap after
{Heap after GC invocations=18 (full 0):
 garbage-first heap   total 362496K, used 123322K [0x0000000703600000, 0x0000000800000000)
  region size 2048K, 13 young (26624K), 13 survivors (26624K)
 Metaspace       used 48664K, committed 49920K, reserved 1114112K
  class space    used 6176K, committed 6720K, reserved 1048576K
}
Event: 9.320 GC heap before
{Heap before GC invocations=18 (full 0):
 garbage-first heap   total 362496K, used 283066K [0x0000000703600000, 0x0000000800000000)
  region size 2048K, 91 young (186368K), 13 survivors (26624K)
 Metaspace       used 49259K, committed 50496K, reserved 1114112K
  class space    used 6255K, committed 6784K, reserved 1048576K
}
Event: 9.341 GC heap after
{Heap after GC invocations=19 (full 0):
 garbage-first heap   total 362496K, used 142223K [0x0000000703600000, 0x0000000800000000)
  region size 2048K, 9 young (18432K), 9 survivors (18432K)
 Metaspace       used 49259K, committed 50496K, reserved 1114112K
  class space    used 6255K, committed 6784K, reserved 1048576K
}
Event: 9.918 GC heap before
{Heap before GC invocations=19 (full 0):
 garbage-first heap   total 362496K, used 283535K [0x0000000703600000, 0x0000000800000000)
  region size 2048K, 78 young (159744K), 9 survivors (18432K)
 Metaspace       used 53833K, committed 55040K, reserved 1114112K
  class space    used 6961K, committed 7488K, reserved 1048576K
}
Event: 9.932 GC heap after
{Heap after GC invocations=20 (full 0):
 garbage-first heap   total 362496K, used 159144K [0x0000000703600000, 0x0000000800000000)
  region size 2048K, 9 young (18432K), 9 survivors (18432K)
 Metaspace       used 53833K, committed 55040K, reserved 1114112K
  class space    used 6961K, committed 7488K, reserved 1048576K
}
Event: 10.529 GC heap before
{Heap before GC invocations=20 (full 0):
 garbage-first heap   total 362496K, used 284072K [0x0000000703600000, 0x0000000800000000)
  region size 2048K, 70 young (143360K), 9 survivors (18432K)
 Metaspace       used 58516K, committed 59776K, reserved 1114112K
  class space    used 8126K, committed 8704K, reserved 1048576K
}
Event: 10.538 GC heap after
{Heap after GC invocations=21 (full 0):
 garbage-first heap   total 520192K, used 166839K [0x0000000703600000, 0x0000000800000000)
  region size 2048K, 5 young (10240K), 5 survivors (10240K)
 Metaspace       used 58516K, committed 59776K, reserved 1114112K
  class space    used 8126K, committed 8704K, reserved 1048576K
}
Event: 10.731 GC heap before
{Heap before GC invocations=21 (full 0):
 garbage-first heap   total 520192K, used 195511K [0x0000000703600000, 0x0000000800000000)
  region size 2048K, 20 young (40960K), 5 survivors (10240K)
 Metaspace       used 59593K, committed 60800K, reserved 1114112K
  class space    used 8297K, committed 8832K, reserved 1048576K
}
Event: 10.736 GC heap after
{Heap after GC invocations=22 (full 0):
 garbage-first heap   total 520192K, used 166440K [0x0000000703600000, 0x0000000800000000)
  region size 2048K, 4 young (8192K), 4 survivors (8192K)
 Metaspace       used 59593K, committed 60800K, reserved 1114112K
  class space    used 8297K, committed 8832K, reserved 1048576K
}

