# JRE version: OpenJDK Runtime Environment Temurin-17.0.8+7 (17.0.8+7) (build 17.0.8+7)
# Java VM: OpenJDK 64-Bit Server VM Temurin-17.0.8+7 (17.0.8+7, mixed mode, sharing, tiered, compressed oops, compressed class ptrs, g1 gc, windows-amd64)
GC Precious Log:
 CPUs: 12 total, 12 available
 Memory: 16163M
 Large Page Support: Disabled
 NUMA Support: Disabled
 Compressed Oops: Enabled (Zero based)
 Heap Region Size: 2M
 Heap Min Capacity: 8M
 Heap Initial Capacity: 254M
 Heap Max Capacity: 4042M
 Pre-touch: Disabled
 Parallel Workers: 10
 Concurrent Workers: 3
 Concurrent Refinement Workers: 10
 Periodic GC: Disabled
Heap:
 garbage-first heap   total 460800K, used 291491K [0x0000000703600000, 0x0000000800000000)
  region size 2048K, 59 young (120832K), 2 survivors (4096K)
 Metaspace       used 78298K, committed 79744K, reserved 1179648K
  class space    used 11201K, committed 11840K, reserved 1048576K
GC Heap History (20 events):
Event: 8.079 GC heap before
{Heap before GC invocations=16 (full 0):
 garbage-first heap   total 256000K, used 211485K [0x0000000703600000, 0x0000000800000000)
  region size 2048K, 62 young (126976K), 5 survivors (10240K)
 Metaspace       used 36525K, committed 37568K, reserved 1114112K
  class space    used 4369K, committed 4864K, reserved 1048576K
}
Event: 8.085 GC heap after
{Heap after GC invocations=17 (full 0):
 garbage-first heap   total 256000K, used 97017K [0x0000000703600000, 0x0000000800000000)
  region size 2048K, 5 young (10240K), 5 survivors (10240K)
 Metaspace       used 36525K, committed 37568K, reserved 1114112K
  class space    used 4369K, committed 4864K, reserved 1048576K
}
Event: 9.324 GC heap before
{Heap before GC invocations=18 (full 0):
 garbage-first heap   total 256000K, used 213753K [0x0000000703600000, 0x0000000800000000)
  region size 2048K, 62 young (126976K), 5 survivors (10240K)
 Metaspace       used 40967K, committed 42112K, reserved 1114112K
  class space    used 4849K, committed 5376K, reserved 1048576K
}
Event: 9.332 GC heap after
{Heap after GC invocations=19 (full 0):
 garbage-first heap   total 256000K, used 103338K [0x0000000703600000, 0x0000000800000000)
  region size 2048K, 8 young (16384K), 8 survivors (16384K)
 Metaspace       used 40967K, committed 42112K, reserved 1114112K
  class space    used 4849K, committed 5376K, reserved 1048576K
}
Event: 10.063 GC heap before
{Heap before GC invocations=19 (full 0):
 garbage-first heap   total 256000K, used 207786K [0x0000000703600000, 0x0000000800000000)
  region size 2048K, 59 young (120832K), 8 survivors (16384K)
 Metaspace       used 47029K, committed 48192K, reserved 1114112K
  class space    used 5859K, committed 6400K, reserved 1048576K
}
Event: 10.074 GC heap after
{Heap after GC invocations=20 (full 0):
 garbage-first heap   total 256000K, used 106676K [0x0000000703600000, 0x0000000800000000)
  region size 2048K, 6 young (12288K), 6 survivors (12288K)
 Metaspace       used 47029K, committed 48192K, reserved 1114112K
  class space    used 5859K, committed 6400K, reserved 1048576K
}
Event: 10.354 GC heap before
{Heap before GC invocations=20 (full 0):
 garbage-first heap   total 256000K, used 211124K [0x0000000703600000, 0x0000000800000000)
  region size 2048K, 57 young (116736K), 6 survivors (12288K)
 Metaspace       used 48311K, committed 49600K, reserved 1114112K
  class space    used 6059K, committed 6656K, reserved 1048576K
}
Event: 10.368 GC heap after
{Heap after GC invocations=21 (full 0):
 garbage-first heap   total 307200K, used 118317K [0x0000000703600000, 0x0000000800000000)
  region size 2048K, 8 young (16384K), 8 survivors (16384K)
 Metaspace       used 48311K, committed 49600K, reserved 1114112K
  class space    used 6059K, committed 6656K, reserved 1048576K
}
Event: 10.643 GC heap before
{Heap before GC invocations=21 (full 0):
 garbage-first heap   total 307200K, used 249389K [0x0000000703600000, 0x0000000800000000)
  region size 2048K, 72 young (147456K), 8 survivors (16384K)
 Metaspace       used 49237K, committed 50496K, reserved 1114112K
  class space    used 6239K, committed 6784K, reserved 1048576K
}
Event: 10.660 GC heap after
{Heap after GC invocations=22 (full 0):
 garbage-first heap   total 307200K, used 132917K [0x0000000703600000, 0x0000000800000000)
  region size 2048K, 8 young (16384K), 8 survivors (16384K)
 Metaspace       used 49237K, committed 50496K, reserved 1114112K
  class space    used 6239K, committed 6784K, reserved 1048576K
}
Event: 10.847 GC heap before
{Heap before GC invocations=22 (full 0):
 garbage-first heap   total 307200K, used 247605K [0x0000000703600000, 0x0000000800000000)
  region size 2048K, 64 young (131072K), 8 survivors (16384K)
 Metaspace       used 49831K, committed 51136K, reserved 1114112K
  class space    used 6317K, committed 6912K, reserved 1048576K
}
Event: 10.859 GC heap after
{Heap after GC invocations=23 (full 0):
 garbage-first heap   total 307200K, used 145851K [0x0000000703600000, 0x0000000800000000)
  region size 2048K, 7 young (14336K), 7 survivors (14336K)
 Metaspace       used 49831K, committed 51136K, reserved 1114112K
  class space    used 6317K, committed 6912K, reserved 1048576K
}
Event: 11.096 GC heap before
{Heap before GC invocations=23 (full 0):
 garbage-first heap   total 307200K, used 248251K [0x0000000703600000, 0x0000000800000000)
  region size 2048K, 57 young (116736K), 7 survivors (14336K)
 Metaspace       used 51920K, committed 53184K, reserved 1114112K
  class space    used 6675K, committed 7232K, reserved 1048576K
}
Event: 11.103 GC heap after
{Heap after GC invocations=24 (full 0):
 garbage-first heap   total 307200K, used 150462K [0x0000000703600000, 0x0000000800000000)
  region size 2048K, 3 young (6144K), 3 survivors (6144K)
 Metaspace       used 51920K, committed 53184K, reserved 1114112K
  class space    used 6675K, committed 7232K, reserved 1048576K
}
Event: 11.612 GC heap before
{Heap before GC invocations=24 (full 0):
 garbage-first heap   total 307200K, used 250814K [0x0000000703600000, 0x0000000800000000)
  region size 2048K, 52 young (106496K), 3 survivors (6144K)
 Metaspace       used 56736K, committed 58048K, reserved 1114112K
  class space    used 7538K, committed 8128K, reserved 1048576K
}
Event: 11.625 GC heap after
{Heap after GC invocations=25 (full 0):
 garbage-first heap   total 460800K, used 168941K [0x0000000703600000, 0x0000000800000000)
  region size 2048K, 7 young (14336K), 7 survivors (14336K)
 Metaspace       used 56736K, committed 58048K, reserved 1114112K
  class space    used 7538K, committed 8128K, reserved 1048576K
}
Event: 12.612 GC heap before
{Heap before GC invocations=26 (full 0):
 garbage-first heap   total 460800K, used 359405K [0x0000000703600000, 0x0000000800000000)
  region size 2048K, 100 young (204800K), 7 survivors (14336K)
 Metaspace       used 66683K, committed 68032K, reserved 1114112K
  class space    used 9700K, committed 10304K, reserved 1048576K
}
Event: 12.621 GC heap after
{Heap after GC invocations=27 (full 0):
 garbage-first heap   total 460800K, used 175275K [0x0000000703600000, 0x0000000800000000)
  region size 2048K, 8 young (16384K), 8 survivors (16384K)
 Metaspace       used 66683K, committed 68032K, reserved 1114112K
  class space    used 9700K, committed 10304K, reserved 1048576K
}
Event: 12.666 GC heap before
{Heap before GC invocations=27 (full 0):
 garbage-first heap   total 460800K, used 181419K [0x0000000703600000, 0x0000000800000000)
  region size 2048K, 11 young (22528K), 8 survivors (16384K)
 Metaspace       used 67280K, committed 68672K, reserved 1114112K
  class space    used 9842K, committed 10432K, reserved 1048576K
}
Event: 12.671 GC heap after
{Heap after GC invocations=28 (full 0):
 garbage-first heap   total 460800K, used 176803K [0x0000000703600000, 0x0000000800000000)
  region size 2048K, 2 young (4096K), 2 survivors (4096K)
 Metaspace       used 67280K, committed 68672K, reserved 1114112K
  class space    used 9842K, committed 10432K, reserved 1048576K
}

