# JRE version: OpenJDK Runtime Environment Temurin-17.0.8+7 (17.0.8+7) (build 17.0.8+7)
# Java VM: OpenJDK 64-Bit Server VM Temurin-17.0.8+7 (17.0.8+7, mixed mode, sharing, tiered, compressed oops, compressed class ptrs, g1 gc, windows-amd64)
GC Precious Log:
 CPUs: 12 total, 12 available
 Memory: 16163M
 Large Page Support: Disabled
 NUMA Support: Disabled
 Compressed Oops: Enabled (Zero based)
 Heap Region Size: 2M
 Heap Min Capacity: 8M
 Heap Initial Capacity: 254M
 Heap Max Capacity: 4042M
 Pre-touch: Disabled
 Parallel Workers: 10
 Concurrent Workers: 3
 Concurrent Refinement Workers: 10
 Periodic GC: Disabled
Heap:
 garbage-first heap   total 481280K, used 241750K [0x0000000703600000, 0x0000000800000000)
  region size 2048K, 28 young (57344K), 9 survivors (18432K)
 Metaspace       used 79584K, committed 81088K, reserved 1179648K
  class space    used 11362K, committed 12032K, reserved 1048576K
GC Heap History (20 events):
Event: 4.157 GC heap before
{Heap before GC invocations=16 (full 0):
 garbage-first heap   total 272384K, used 222207K [0x0000000703600000, 0x0000000800000000)
  region size 2048K, 71 young (145408K), 8 survivors (16384K)
 Metaspace       used 32682K, committed 33600K, reserved 1114112K
  class space    used 3878K, committed 4288K, reserved 1048576K
}
Event: 4.164 GC heap after
{Heap after GC invocations=17 (full 0):
 garbage-first heap   total 378880K, used 97060K [0x0000000703600000, 0x0000000800000000)
  region size 2048K, 6 young (12288K), 6 survivors (12288K)
 Metaspace       used 32682K, committed 33600K, reserved 1114112K
  class space    used 3878K, committed 4288K, reserved 1048576K
}
Event: 4.475 GC heap before
{Heap before GC invocations=17 (full 0):
 garbage-first heap   total 378880K, used 312100K [0x0000000703600000, 0x0000000800000000)
  region size 2048K, 111 young (227328K), 6 survivors (12288K)
 Metaspace       used 33350K, committed 34304K, reserved 1114112K
  class space    used 3945K, committed 4352K, reserved 1048576K
}
Event: 4.482 GC heap after
{Heap after GC invocations=18 (full 0):
 garbage-first heap   total 378880K, used 101982K [0x0000000703600000, 0x0000000800000000)
  region size 2048K, 8 young (16384K), 8 survivors (16384K)
 Metaspace       used 33350K, committed 34304K, reserved 1114112K
  class space    used 3945K, committed 4352K, reserved 1048576K
}
Event: 4.822 GC heap before
{Heap before GC invocations=18 (full 0):
 garbage-first heap   total 378880K, used 202334K [0x0000000703600000, 0x0000000800000000)
  region size 2048K, 58 young (118784K), 8 survivors (16384K)
 Metaspace       used 35225K, committed 36160K, reserved 1114112K
  class space    used 4140K, committed 4544K, reserved 1048576K
}
Event: 4.829 GC heap after
{Heap after GC invocations=19 (full 0):
 garbage-first heap   total 378880K, used 104117K [0x0000000703600000, 0x0000000800000000)
  region size 2048K, 6 young (12288K), 6 survivors (12288K)
 Metaspace       used 35225K, committed 36160K, reserved 1114112K
  class space    used 4140K, committed 4544K, reserved 1048576K
}
Event: 6.181 GC heap before
{Heap before GC invocations=20 (full 0):
 garbage-first heap   total 368640K, used 329397K [0x0000000703600000, 0x0000000800000000)
  region size 2048K, 110 young (225280K), 6 survivors (12288K)
 Metaspace       used 45150K, committed 46400K, reserved 1114112K
  class space    used 5384K, committed 5952K, reserved 1048576K
}
Event: 6.190 GC heap after
{Heap after GC invocations=21 (full 0):
 garbage-first heap   total 368640K, used 124921K [0x0000000703600000, 0x0000000800000000)
  region size 2048K, 10 young (20480K), 10 survivors (20480K)
 Metaspace       used 45150K, committed 46400K, reserved 1114112K
  class space    used 5384K, committed 5952K, reserved 1048576K
}
Event: 6.768 GC heap before
{Heap before GC invocations=22 (full 0):
 garbage-first heap   total 368640K, used 309241K [0x0000000703600000, 0x0000000800000000)
  region size 2048K, 100 young (204800K), 10 survivors (20480K)
 Metaspace       used 49527K, committed 50752K, reserved 1114112K
  class space    used 6257K, committed 6784K, reserved 1048576K
}
Event: 6.783 GC heap after
{Heap after GC invocations=23 (full 0):
 garbage-first heap   total 368640K, used 139847K [0x0000000703600000, 0x0000000800000000)
  region size 2048K, 13 young (26624K), 13 survivors (26624K)
 Metaspace       used 49527K, committed 50752K, reserved 1114112K
  class space    used 6257K, committed 6784K, reserved 1048576K
}
Event: 6.995 GC heap before
{Heap before GC invocations=23 (full 0):
 garbage-first heap   total 368640K, used 301639K [0x0000000703600000, 0x0000000800000000)
  region size 2048K, 92 young (188416K), 13 survivors (26624K)
 Metaspace       used 50362K, committed 51648K, reserved 1114112K
  class space    used 6374K, committed 6912K, reserved 1048576K
}
Event: 7.012 GC heap after
{Heap after GC invocations=24 (full 0):
 garbage-first heap   total 368640K, used 151351K [0x0000000703600000, 0x0000000800000000)
  region size 2048K, 7 young (14336K), 7 survivors (14336K)
 Metaspace       used 50362K, committed 51648K, reserved 1114112K
  class space    used 6374K, committed 6912K, reserved 1048576K
}
Event: 7.215 GC heap before
{Heap before GC invocations=24 (full 0):
 garbage-first heap   total 368640K, used 298807K [0x0000000703600000, 0x0000000800000000)
  region size 2048K, 79 young (161792K), 7 survivors (14336K)
 Metaspace       used 50957K, committed 52288K, reserved 1114112K
  class space    used 6455K, committed 7040K, reserved 1048576K
}
Event: 7.227 GC heap after
{Heap after GC invocations=25 (full 0):
 garbage-first heap   total 481280K, used 166508K [0x0000000703600000, 0x0000000800000000)
  region size 2048K, 8 young (16384K), 8 survivors (16384K)
 Metaspace       used 50957K, committed 52288K, reserved 1114112K
  class space    used 6455K, committed 7040K, reserved 1048576K
}
Event: 7.899 GC heap before
{Heap before GC invocations=25 (full 0):
 garbage-first heap   total 481280K, used 387692K [0x0000000703600000, 0x0000000800000000)
  region size 2048K, 116 young (237568K), 8 survivors (16384K)
 Metaspace       used 56620K, committed 57920K, reserved 1114112K
  class space    used 7367K, committed 7936K, reserved 1048576K
}
Event: 7.911 GC heap after
{Heap after GC invocations=26 (full 0):
 garbage-first heap   total 481280K, used 187013K [0x0000000703600000, 0x0000000800000000)
  region size 2048K, 15 young (30720K), 15 survivors (30720K)
 Metaspace       used 56620K, committed 57920K, reserved 1114112K
  class space    used 7367K, committed 7936K, reserved 1048576K
}
Event: 8.834 GC heap before
{Heap before GC invocations=26 (full 0):
 garbage-first heap   total 481280K, used 383621K [0x0000000703600000, 0x0000000800000000)
  region size 2048K, 111 young (227328K), 15 survivors (30720K)
 Metaspace       used 66726K, committed 68032K, reserved 1114112K
  class space    used 9588K, committed 10176K, reserved 1048576K
}
Event: 8.848 GC heap after
{Heap after GC invocations=27 (full 0):
 garbage-first heap   total 481280K, used 196570K [0x0000000703600000, 0x0000000800000000)
  region size 2048K, 5 young (10240K), 5 survivors (10240K)
 Metaspace       used 66726K, committed 68032K, reserved 1114112K
  class space    used 9588K, committed 10176K, reserved 1048576K
}
Event: 9.531 GC heap before
{Heap before GC invocations=27 (full 0):
 garbage-first heap   total 481280K, used 364506K [0x0000000703600000, 0x0000000800000000)
  region size 2048K, 88 young (180224K), 5 survivors (10240K)
 Metaspace       used 76302K, committed 77760K, reserved 1179648K
  class space    used 10993K, committed 11648K, reserved 1048576K
}
Event: 9.540 GC heap after
{Heap after GC invocations=28 (full 0):
 garbage-first heap   total 481280K, used 204886K [0x0000000703600000, 0x0000000800000000)
  region size 2048K, 9 young (18432K), 9 survivors (18432K)
 Metaspace       used 76302K, committed 77760K, reserved 1179648K
  class space    used 10993K, committed 11648K, reserved 1048576K
}

