# JRE version: OpenJDK Runtime Environment Temurin-17.0.8+7 (17.0.8+7) (build 17.0.8+7)
# Java VM: OpenJDK 64-Bit Server VM Temurin-17.0.8+7 (17.0.8+7, mixed mode, sharing, tiered, compressed oops, compressed class ptrs, g1 gc, windows-amd64)
GC Precious Log:
 CPUs: 12 total, 12 available
 Memory: 16163M
 Large Page Support: Disabled
 NUMA Support: Disabled
 Compressed Oops: Enabled (Zero based)
 Heap Region Size: 2M
 Heap Min Capacity: 8M
 Heap Initial Capacity: 254M
 Heap Max Capacity: 4042M
 Pre-touch: Disabled
 Parallel Workers: 10
 Concurrent Workers: 3
 Concurrent Refinement Workers: 10
 Periodic GC: Disabled
Heap:
 garbage-first heap   total 376832K, used 289542K [0x0000000703600000, 0x0000000800000000)
  region size 2048K, 57 young (116736K), 1 survivors (2048K)
 Metaspace       used 78586K, committed 80064K, reserved 1179648K
  class space    used 11218K, committed 11904K, reserved 1048576K
GC Heap History (20 events):
Event: 6.068 GC heap before
{Heap before GC invocations=14 (full 0):
 garbage-first heap   total 313344K, used 211292K [0x0000000703600000, 0x0000000800000000)
  region size 2048K, 63 young (129024K), 5 survivors (10240K)
 Metaspace       used 35235K, committed 36288K, reserved 1114112K
  class space    used 4192K, committed 4672K, reserved 1048576K
}
Event: 6.074 GC heap after
{Heap after GC invocations=15 (full 0):
 garbage-first heap   total 313344K, used 98088K [0x0000000703600000, 0x0000000800000000)
  region size 2048K, 6 young (12288K), 6 survivors (12288K)
 Metaspace       used 35235K, committed 36288K, reserved 1114112K
  class space    used 4192K, committed 4672K, reserved 1048576K
}
Event: 9.240 GC heap before
{Heap before GC invocations=16 (full 0):
 garbage-first heap   total 313344K, used 261928K [0x0000000703600000, 0x0000000800000000)
  region size 2048K, 86 young (176128K), 6 survivors (12288K)
 Metaspace       used 44245K, committed 45440K, reserved 1114112K
  class space    used 5306K, committed 5824K, reserved 1048576K
}
Event: 9.253 GC heap after
{Heap after GC invocations=17 (full 0):
 garbage-first heap   total 313344K, used 105950K [0x0000000703600000, 0x0000000800000000)
  region size 2048K, 10 young (20480K), 10 survivors (20480K)
 Metaspace       used 44245K, committed 45440K, reserved 1114112K
  class space    used 5306K, committed 5824K, reserved 1048576K
}
Event: 10.617 GC heap before
{Heap before GC invocations=17 (full 0):
 garbage-first heap   total 313344K, used 257502K [0x0000000703600000, 0x0000000800000000)
  region size 2048K, 84 young (172032K), 10 survivors (20480K)
 Metaspace       used 48343K, committed 49664K, reserved 1114112K
  class space    used 6060K, committed 6656K, reserved 1048576K
}
Event: 10.635 GC heap after
{Heap after GC invocations=18 (full 0):
 garbage-first heap   total 313344K, used 117952K [0x0000000703600000, 0x0000000800000000)
  region size 2048K, 11 young (22528K), 11 survivors (22528K)
 Metaspace       used 48343K, committed 49664K, reserved 1114112K
  class space    used 6060K, committed 6656K, reserved 1048576K
}
Event: 11.773 GC heap before
{Heap before GC invocations=18 (full 0):
 garbage-first heap   total 313344K, used 255168K [0x0000000703600000, 0x0000000800000000)
  region size 2048K, 78 young (159744K), 11 survivors (22528K)
 Metaspace       used 49133K, committed 50432K, reserved 1114112K
  class space    used 6189K, committed 6784K, reserved 1048576K
}
Event: 11.791 GC heap after
{Heap after GC invocations=19 (full 0):
 garbage-first heap   total 313344K, used 125798K [0x0000000703600000, 0x0000000800000000)
  region size 2048K, 4 young (8192K), 4 survivors (8192K)
 Metaspace       used 49133K, committed 50432K, reserved 1114112K
  class space    used 6189K, committed 6784K, reserved 1048576K
}
Event: 12.314 GC heap before
{Heap before GC invocations=19 (full 0):
 garbage-first heap   total 313344K, used 254822K [0x0000000703600000, 0x0000000800000000)
  region size 2048K, 67 young (137216K), 4 survivors (8192K)
 Metaspace       used 49536K, committed 50816K, reserved 1114112K
  class space    used 6260K, committed 6848K, reserved 1048576K
}
Event: 12.329 GC heap after
{Heap after GC invocations=20 (full 0):
 garbage-first heap   total 313344K, used 138901K [0x0000000703600000, 0x0000000800000000)
  region size 2048K, 9 young (18432K), 9 survivors (18432K)
 Metaspace       used 49536K, committed 50816K, reserved 1114112K
  class space    used 6260K, committed 6848K, reserved 1048576K
}
Event: 13.180 GC heap before
{Heap before GC invocations=20 (full 0):
 garbage-first heap   total 313344K, used 253589K [0x0000000703600000, 0x0000000800000000)
  region size 2048K, 65 young (133120K), 9 survivors (18432K)
 Metaspace       used 50449K, committed 51712K, reserved 1114112K
  class space    used 6397K, committed 6976K, reserved 1048576K
}
Event: 13.195 GC heap after
{Heap after GC invocations=21 (full 0):
 garbage-first heap   total 376832K, used 151365K [0x0000000703600000, 0x0000000800000000)
  region size 2048K, 6 young (12288K), 6 survivors (12288K)
 Metaspace       used 50449K, committed 51712K, reserved 1114112K
  class space    used 6397K, committed 6976K, reserved 1048576K
}
Event: 16.331 GC heap before
{Heap before GC invocations=21 (full 0):
 garbage-first heap   total 376832K, used 302917K [0x0000000703600000, 0x0000000800000000)
  region size 2048K, 80 young (163840K), 6 survivors (12288K)
 Metaspace       used 55272K, committed 56576K, reserved 1114112K
  class space    used 7137K, committed 7744K, reserved 1048576K
}
Event: 16.349 GC heap after
{Heap after GC invocations=22 (full 0):
 garbage-first heap   total 376832K, used 169501K [0x0000000703600000, 0x0000000800000000)
  region size 2048K, 9 young (18432K), 9 survivors (18432K)
 Metaspace       used 55272K, committed 56576K, reserved 1114112K
  class space    used 7137K, committed 7744K, reserved 1048576K
}
Event: 18.330 GC heap before
{Heap before GC invocations=22 (full 0):
 garbage-first heap   total 376832K, used 286237K [0x0000000703600000, 0x0000000800000000)
  region size 2048K, 67 young (137216K), 9 survivors (18432K)
 Metaspace       used 59782K, committed 61056K, reserved 1114112K
  class space    used 8271K, committed 8832K, reserved 1048576K
}
Event: 18.341 GC heap after
{Heap after GC invocations=23 (full 0):
 garbage-first heap   total 376832K, used 173882K [0x0000000703600000, 0x0000000800000000)
  region size 2048K, 2 young (4096K), 2 survivors (4096K)
 Metaspace       used 59782K, committed 61056K, reserved 1114112K
  class space    used 8271K, committed 8832K, reserved 1048576K
}
Event: 21.528 GC heap before
{Heap before GC invocations=24 (full 0):
 garbage-first heap   total 376832K, used 302906K [0x0000000703600000, 0x0000000800000000)
  region size 2048K, 65 young (133120K), 2 survivors (4096K)
 Metaspace       used 66840K, committed 68224K, reserved 1114112K
  class space    used 9681K, committed 10304K, reserved 1048576K
}
Event: 21.535 GC heap after
{Heap after GC invocations=25 (full 0):
 garbage-first heap   total 376832K, used 178297K [0x0000000703600000, 0x0000000800000000)
  region size 2048K, 5 young (10240K), 5 survivors (10240K)
 Metaspace       used 66840K, committed 68224K, reserved 1114112K
  class space    used 9681K, committed 10304K, reserved 1048576K
}
Event: 21.762 GC heap before
{Heap before GC invocations=25 (full 0):
 garbage-first heap   total 376832K, used 186489K [0x0000000703600000, 0x0000000800000000)
  region size 2048K, 9 young (18432K), 5 survivors (10240K)
 Metaspace       used 67616K, committed 68992K, reserved 1114112K
  class space    used 9863K, committed 10496K, reserved 1048576K
}
Event: 21.766 GC heap after
{Heap after GC invocations=26 (full 0):
 garbage-first heap   total 376832K, used 178950K [0x0000000703600000, 0x0000000800000000)
  region size 2048K, 1 young (2048K), 1 survivors (2048K)
 Metaspace       used 67616K, committed 68992K, reserved 1114112K
  class space    used 9863K, committed 10496K, reserved 1048576K
}

