# JRE version: OpenJDK Runtime Environment Temurin-17.0.8+7 (17.0.8+7) (build 17.0.8+7)
# Java VM: OpenJDK 64-Bit Server VM Temurin-17.0.8+7 (17.0.8+7, mixed mode, sharing, tiered, compressed oops, compressed class ptrs, g1 gc, windows-amd64)
GC Precious Log:
 CPUs: 12 total, 12 available
 Memory: 16163M
 Large Page Support: Disabled
 NUMA Support: Disabled
 Compressed Oops: Enabled (Zero based)
 Heap Region Size: 2M
 Heap Min Capacity: 8M
 Heap Initial Capacity: 254M
 Heap Max Capacity: 4042M
 Pre-touch: Disabled
 Parallel Workers: 10
 Concurrent Workers: 3
 Concurrent Refinement Workers: 10
 Periodic GC: Disabled
Heap:
 garbage-first heap   total 325632K, used 189869K [0x0000000703600000, 0x0000000800000000)
  region size 2048K, 5 young (10240K), 1 survivors (2048K)
 Metaspace       used 78282K, committed 79680K, reserved 1179648K
  class space    used 11200K, committed 11840K, reserved 1048576K
GC Heap History (20 events):
Event: 16.436 GC heap before
{Heap before GC invocations=19 (full 0):
 garbage-first heap   total 264192K, used 218646K [0x0000000703600000, 0x0000000800000000)
  region size 2048K, 59 young (120832K), 7 survivors (14336K)
 Metaspace       used 49023K, committed 50304K, reserved 1114112K
  class space    used 6192K, committed 6784K, reserved 1048576K
}
Event: 16.454 GC heap after
{Heap after GC invocations=20 (full 0):
 garbage-first heap   total 264192K, used 122510K [0x0000000703600000, 0x0000000800000000)
  region size 2048K, 8 young (16384K), 8 survivors (16384K)
 Metaspace       used 49023K, committed 50304K, reserved 1114112K
  class space    used 6192K, committed 6784K, reserved 1048576K
}
Event: 16.682 GC heap before
{Heap before GC invocations=20 (full 0):
 garbage-first heap   total 264192K, used 214670K [0x0000000703600000, 0x0000000800000000)
  region size 2048K, 53 young (108544K), 8 survivors (16384K)
 Metaspace       used 49274K, committed 50496K, reserved 1114112K
  class space    used 6240K, committed 6784K, reserved 1048576K
}
Event: 16.702 GC heap after
{Heap after GC invocations=21 (full 0):
 garbage-first heap   total 317440K, used 135056K [0x0000000703600000, 0x0000000800000000)
  region size 2048K, 6 young (12288K), 6 survivors (12288K)
 Metaspace       used 49274K, committed 50496K, reserved 1114112K
  class space    used 6240K, committed 6784K, reserved 1048576K
}
Event: 17.050 GC heap before
{Heap before GC invocations=21 (full 0):
 garbage-first heap   total 317440K, used 253840K [0x0000000703600000, 0x0000000800000000)
  region size 2048K, 64 young (131072K), 6 survivors (12288K)
 Metaspace       used 49870K, committed 51136K, reserved 1114112K
  class space    used 6321K, committed 6912K, reserved 1048576K
}
Event: 17.065 GC heap after
{Heap after GC invocations=22 (full 0):
 garbage-first heap   total 317440K, used 147628K [0x0000000703600000, 0x0000000800000000)
  region size 2048K, 7 young (14336K), 7 survivors (14336K)
 Metaspace       used 49870K, committed 51136K, reserved 1114112K
  class space    used 6321K, committed 6912K, reserved 1048576K
}
Event: 17.965 GC heap before
{Heap before GC invocations=22 (full 0):
 garbage-first heap   total 317440K, used 254124K [0x0000000703600000, 0x0000000800000000)
  region size 2048K, 59 young (120832K), 7 survivors (14336K)
 Metaspace       used 53342K, committed 54592K, reserved 1114112K
  class space    used 6858K, committed 7424K, reserved 1048576K
}
Event: 17.975 GC heap after
{Heap after GC invocations=23 (full 0):
 garbage-first heap   total 317440K, used 151571K [0x0000000703600000, 0x0000000800000000)
  region size 2048K, 3 young (6144K), 3 survivors (6144K)
 Metaspace       used 53342K, committed 54592K, reserved 1114112K
  class space    used 6858K, committed 7424K, reserved 1048576K
}
Event: 19.318 GC heap before
{Heap before GC invocations=23 (full 0):
 garbage-first heap   total 317440K, used 256019K [0x0000000703600000, 0x0000000800000000)
  region size 2048K, 54 young (110592K), 3 survivors (6144K)
 Metaspace       used 57098K, committed 58304K, reserved 1114112K
  class space    used 7610K, committed 8192K, reserved 1048576K
}
Event: 19.339 GC heap after
{Heap after GC invocations=24 (full 0):
 garbage-first heap   total 317440K, used 169689K [0x0000000703600000, 0x0000000800000000)
  region size 2048K, 7 young (14336K), 7 survivors (14336K)
 Metaspace       used 57098K, committed 58304K, reserved 1114112K
  class space    used 7610K, committed 8192K, reserved 1048576K
}
Event: 20.407 GC heap before
{Heap before GC invocations=25 (full 0):
 garbage-first heap   total 325632K, used 255705K [0x0000000703600000, 0x0000000800000000)
  region size 2048K, 49 young (100352K), 7 survivors (14336K)
 Metaspace       used 61253K, committed 62528K, reserved 1114112K
  class space    used 8596K, committed 9152K, reserved 1048576K
}
Event: 20.417 GC heap after
{Heap after GC invocations=26 (full 0):
 garbage-first heap   total 325632K, used 173814K [0x0000000703600000, 0x0000000800000000)
  region size 2048K, 2 young (4096K), 2 survivors (4096K)
 Metaspace       used 61253K, committed 62528K, reserved 1114112K
  class space    used 8596K, committed 9152K, reserved 1048576K
}
Event: 20.509 GC heap before
{Heap before GC invocations=26 (full 0):
 garbage-first heap   total 325632K, used 184054K [0x0000000703600000, 0x0000000800000000)
  region size 2048K, 7 young (14336K), 2 survivors (4096K)
 Metaspace       used 62029K, committed 63360K, reserved 1114112K
  class space    used 8745K, committed 9344K, reserved 1048576K
}
Event: 20.511 GC heap after
{Heap after GC invocations=27 (full 0):
 garbage-first heap   total 325632K, used 173728K [0x0000000703600000, 0x0000000800000000)
  region size 2048K, 1 young (2048K), 1 survivors (2048K)
 Metaspace       used 62029K, committed 63360K, reserved 1114112K
  class space    used 8745K, committed 9344K, reserved 1048576K
}
Event: 21.079 GC heap before
{Heap before GC invocations=27 (full 0):
 garbage-first heap   total 325632K, used 265888K [0x0000000703600000, 0x0000000800000000)
  region size 2048K, 46 young (94208K), 1 survivors (2048K)
 Metaspace       used 68345K, committed 69760K, reserved 1114112K
  class space    used 10053K, committed 10688K, reserved 1048576K
}
Event: 21.082 GC heap after
{Heap after GC invocations=28 (full 0):
 garbage-first heap   total 325632K, used 176541K [0x0000000703600000, 0x0000000800000000)
  region size 2048K, 2 young (4096K), 2 survivors (4096K)
 Metaspace       used 68345K, committed 69760K, reserved 1114112K
  class space    used 10053K, committed 10688K, reserved 1048576K
}
Event: 22.327 GC heap before
{Heap before GC invocations=29 (full 0):
 garbage-first heap   total 325632K, used 268701K [0x0000000703600000, 0x0000000800000000)
  region size 2048K, 47 young (96256K), 2 survivors (4096K)
 Metaspace       used 77932K, committed 79360K, reserved 1179648K
  class space    used 11178K, committed 11840K, reserved 1048576K
}
Event: 22.338 GC heap after
{Heap after GC invocations=30 (full 0):
 garbage-first heap   total 325632K, used 184725K [0x0000000703600000, 0x0000000800000000)
  region size 2048K, 6 young (12288K), 6 survivors (12288K)
 Metaspace       used 77932K, committed 79360K, reserved 1179648K
  class space    used 11178K, committed 11840K, reserved 1048576K
}
Event: 22.354 GC heap before
{Heap before GC invocations=30 (full 0):
 garbage-first heap   total 325632K, used 186773K [0x0000000703600000, 0x0000000800000000)
  region size 2048K, 7 young (14336K), 6 survivors (12288K)
 Metaspace       used 78018K, committed 79424K, reserved 1179648K
  class space    used 11184K, committed 11840K, reserved 1048576K
}
Event: 22.362 GC heap after
{Heap after GC invocations=31 (full 0):
 garbage-first heap   total 325632K, used 183725K [0x0000000703600000, 0x0000000800000000)
  region size 2048K, 1 young (2048K), 1 survivors (2048K)
 Metaspace       used 78018K, committed 79424K, reserved 1179648K
  class space    used 11184K, committed 11840K, reserved 1048576K
}

