# JRE version: OpenJDK Runtime Environment Temurin-17.0.8+7 (17.0.8+7) (build 17.0.8+7)
# Java VM: OpenJDK 64-Bit Server VM Temurin-17.0.8+7 (17.0.8+7, mixed mode, sharing, tiered, compressed oops, compressed class ptrs, g1 gc, windows-amd64)
GC Precious Log:
 CPUs: 12 total, 12 available
 Memory: 16163M
 Large Page Support: Disabled
 NUMA Support: Disabled
 Compressed Oops: Enabled (Zero based)
 Heap Region Size: 2M
 Heap Min Capacity: 8M
 Heap Initial Capacity: 254M
 Heap Max Capacity: 4042M
 Pre-touch: Disabled
 Parallel Workers: 10
 Concurrent Workers: 3
 Concurrent Refinement Workers: 10
 Periodic GC: Disabled
Heap:
 garbage-first heap   total 460800K, used 209820K [0x0000000703600000, 0x0000000800000000)
  region size 2048K, 24 young (49152K), 7 survivors (14336K)
 Metaspace       used 77738K, committed 79104K, reserved 1179648K
  class space    used 11136K, committed 11776K, reserved 1048576K
GC Heap History (20 events):
Event: 4.187 GC heap before
{Heap before GC invocations=14 (full 0):
 garbage-first heap   total 256000K, used 195226K [0x0000000703600000, 0x0000000800000000)
  region size 2048K, 60 young (122880K), 3 survivors (6144K)
 Metaspace       used 33787K, committed 34688K, reserved 1114112K
  class space    used 3975K, committed 4352K, reserved 1048576K
}
Event: 4.191 GC heap after
{Heap after GC invocations=15 (full 0):
 garbage-first heap   total 315392K, used 80194K [0x0000000703600000, 0x0000000800000000)
  region size 2048K, 4 young (8192K), 4 survivors (8192K)
 Metaspace       used 33787K, committed 34688K, reserved 1114112K
  class space    used 3975K, committed 4352K, reserved 1048576K
}
Event: 4.313 GC heap before
{Heap before GC invocations=15 (full 0):
 garbage-first heap   total 315392K, used 162114K [0x0000000703600000, 0x0000000800000000)
  region size 2048K, 39 young (79872K), 4 survivors (8192K)
 Metaspace       used 35273K, committed 36288K, reserved 1114112K
  class space    used 4185K, committed 4672K, reserved 1048576K
}
Event: 4.317 GC heap after
{Heap after GC invocations=16 (full 0):
 garbage-first heap   total 315392K, used 94401K [0x0000000703600000, 0x0000000800000000)
  region size 2048K, 4 young (8192K), 4 survivors (8192K)
 Metaspace       used 35273K, committed 36288K, reserved 1114112K
  class space    used 4185K, committed 4672K, reserved 1048576K
}
Event: 4.855 GC heap before
{Heap before GC invocations=17 (full 0):
 garbage-first heap   total 315392K, used 250049K [0x0000000703600000, 0x0000000800000000)
  region size 2048K, 80 young (163840K), 4 survivors (8192K)
 Metaspace       used 38172K, committed 39232K, reserved 1114112K
  class space    used 4577K, committed 5056K, reserved 1048576K
}
Event: 4.861 GC heap after
{Heap after GC invocations=18 (full 0):
 garbage-first heap   total 315392K, used 98497K [0x0000000703600000, 0x0000000800000000)
  region size 2048K, 6 young (12288K), 6 survivors (12288K)
 Metaspace       used 38172K, committed 39232K, reserved 1114112K
  class space    used 4577K, committed 5056K, reserved 1048576K
}
Event: 5.672 GC heap before
{Heap before GC invocations=18 (full 0):
 garbage-first heap   total 315392K, used 254145K [0x0000000703600000, 0x0000000800000000)
  region size 2048K, 82 young (167936K), 6 survivors (12288K)
 Metaspace       used 46195K, committed 47488K, reserved 1114112K
  class space    used 5776K, committed 6336K, reserved 1048576K
}
Event: 5.680 GC heap after
{Heap after GC invocations=19 (full 0):
 garbage-first heap   total 315392K, used 105722K [0x0000000703600000, 0x0000000800000000)
  region size 2048K, 10 young (20480K), 10 survivors (20480K)
 Metaspace       used 46195K, committed 47488K, reserved 1114112K
  class space    used 5776K, committed 6336K, reserved 1048576K
}
Event: 6.059 GC heap before
{Heap before GC invocations=19 (full 0):
 garbage-first heap   total 315392K, used 251130K [0x0000000703600000, 0x0000000800000000)
  region size 2048K, 81 young (165888K), 10 survivors (20480K)
 Metaspace       used 48171K, committed 49408K, reserved 1114112K
  class space    used 6100K, committed 6656K, reserved 1048576K
}
Event: 6.079 GC heap after
{Heap after GC invocations=20 (full 0):
 garbage-first heap   total 315392K, used 119987K [0x0000000703600000, 0x0000000800000000)
  region size 2048K, 11 young (22528K), 11 survivors (22528K)
 Metaspace       used 48171K, committed 49408K, reserved 1114112K
  class space    used 6100K, committed 6656K, reserved 1048576K
}
Event: 6.277 GC heap before
{Heap before GC invocations=20 (full 0):
 garbage-first heap   total 315392K, used 249011K [0x0000000703600000, 0x0000000800000000)
  region size 2048K, 74 young (151552K), 11 survivors (22528K)
 Metaspace       used 48699K, committed 49984K, reserved 1114112K
  class space    used 6183K, committed 6784K, reserved 1048576K
}
Event: 6.297 GC heap after
{Heap after GC invocations=21 (full 0):
 garbage-first heap   total 315392K, used 135308K [0x0000000703600000, 0x0000000800000000)
  region size 2048K, 7 young (14336K), 7 survivors (14336K)
 Metaspace       used 48699K, committed 49984K, reserved 1114112K
  class space    used 6183K, committed 6784K, reserved 1048576K
}
Event: 6.665 GC heap before
{Heap before GC invocations=21 (full 0):
 garbage-first heap   total 315392K, used 252044K [0x0000000703600000, 0x0000000800000000)
  region size 2048K, 64 young (131072K), 7 survivors (14336K)
 Metaspace       used 52515K, committed 53824K, reserved 1114112K
  class space    used 6787K, committed 7360K, reserved 1048576K
}
Event: 6.676 GC heap after
{Heap after GC invocations=22 (full 0):
 garbage-first heap   total 315392K, used 146904K [0x0000000703600000, 0x0000000800000000)
  region size 2048K, 6 young (12288K), 6 survivors (12288K)
 Metaspace       used 52515K, committed 53824K, reserved 1114112K
  class space    used 6787K, committed 7360K, reserved 1048576K
}
Event: 7.172 GC heap before
{Heap before GC invocations=22 (full 0):
 garbage-first heap   total 315392K, used 253400K [0x0000000703600000, 0x0000000800000000)
  region size 2048K, 58 young (118784K), 6 survivors (12288K)
 Metaspace       used 56339K, committed 57664K, reserved 1114112K
  class space    used 7530K, committed 8128K, reserved 1048576K
}
Event: 7.187 GC heap after
{Heap after GC invocations=23 (full 0):
 garbage-first heap   total 460800K, used 162442K [0x0000000703600000, 0x0000000800000000)
  region size 2048K, 8 young (16384K), 8 survivors (16384K)
 Metaspace       used 56339K, committed 57664K, reserved 1114112K
  class space    used 7530K, committed 8128K, reserved 1048576K
}
Event: 7.610 GC heap before
{Heap before GC invocations=23 (full 0):
 garbage-first heap   total 460800K, used 262794K [0x0000000703600000, 0x0000000800000000)
  region size 2048K, 58 young (118784K), 8 survivors (16384K)
 Metaspace       used 59346K, committed 60608K, reserved 1114112K
  class space    used 8251K, committed 8832K, reserved 1048576K
}
Event: 7.618 GC heap after
{Heap after GC invocations=24 (full 0):
 garbage-first heap   total 460800K, used 167085K [0x0000000703600000, 0x0000000800000000)
  region size 2048K, 2 young (4096K), 2 survivors (4096K)
 Metaspace       used 59346K, committed 60608K, reserved 1114112K
  class space    used 8251K, committed 8832K, reserved 1048576K
}
Event: 8.817 GC heap before
{Heap before GC invocations=25 (full 0):
 garbage-first heap   total 460800K, used 369837K [0x0000000703600000, 0x0000000800000000)
  region size 2048K, 101 young (206848K), 2 survivors (4096K)
 Metaspace       used 73836K, committed 75264K, reserved 1114112K
  class space    used 10701K, committed 11328K, reserved 1048576K
}
Event: 8.826 GC heap after
{Heap after GC invocations=26 (full 0):
 garbage-first heap   total 460800K, used 177052K [0x0000000703600000, 0x0000000800000000)
  region size 2048K, 7 young (14336K), 7 survivors (14336K)
 Metaspace       used 73836K, committed 75264K, reserved 1114112K
  class space    used 10701K, committed 11328K, reserved 1048576K
}

