# JRE version: OpenJDK Runtime Environment Temurin-17.0.8+7 (17.0.8+7) (build 17.0.8+7)
# Java VM: OpenJDK 64-Bit Server VM Temurin-17.0.8+7 (17.0.8+7, mixed mode, sharing, tiered, compressed oops, compressed class ptrs, g1 gc, windows-amd64)
GC Precious Log:
 CPUs: 12 total, 12 available
 Memory: 16163M
 Large Page Support: Disabled
 NUMA Support: Disabled
 Compressed Oops: Enabled (Zero based)
 Heap Region Size: 2M
 Heap Min Capacity: 8M
 Heap Initial Capacity: 254M
 Heap Max Capacity: 4042M
 Pre-touch: Disabled
 Parallel Workers: 10
 Concurrent Workers: 3
 Concurrent Refinement Workers: 10
 Periodic GC: Disabled
Heap:
 garbage-first heap   total 462848K, used 238638K [0x0000000703600000, 0x0000000800000000)
  region size 2048K, 37 young (75776K), 6 survivors (12288K)
 Metaspace       used 78124K, committed 79552K, reserved 1179648K
  class space    used 11187K, committed 11840K, reserved 1048576K
GC Heap History (20 events):
Event: 3.996 GC heap before
{Heap before GC invocations=12 (full 0):
 garbage-first heap   total 260096K, used 208815K [0x0000000703600000, 0x0000000800000000)
  region size 2048K, 68 young (139264K), 3 survivors (6144K)
 Metaspace       used 32462K, committed 33344K, reserved 1114112K
  class space    used 3835K, committed 4224K, reserved 1048576K
}
Event: 4.000 GC heap after
{Heap after GC invocations=13 (full 0):
 garbage-first heap   total 260096K, used 79175K [0x0000000703600000, 0x0000000800000000)
  region size 2048K, 3 young (6144K), 3 survivors (6144K)
 Metaspace       used 32462K, committed 33344K, reserved 1114112K
  class space    used 3835K, committed 4224K, reserved 1048576K
}
Event: 4.166 GC heap before
{Heap before GC invocations=13 (full 0):
 garbage-first heap   total 260096K, used 183623K [0x0000000703600000, 0x0000000800000000)
  region size 2048K, 49 young (100352K), 3 survivors (6144K)
 Metaspace       used 35175K, committed 36160K, reserved 1114112K
  class space    used 4179K, committed 4672K, reserved 1048576K
}
Event: 4.171 GC heap after
{Heap after GC invocations=14 (full 0):
 garbage-first heap   total 313344K, used 93943K [0x0000000703600000, 0x0000000800000000)
  region size 2048K, 4 young (8192K), 4 survivors (8192K)
 Metaspace       used 35175K, committed 36160K, reserved 1114112K
  class space    used 4179K, committed 4672K, reserved 1048576K
}
Event: 4.445 GC heap before
{Heap before GC invocations=15 (full 0):
 garbage-first heap   total 313344K, used 259831K [0x0000000703600000, 0x0000000800000000)
  region size 2048K, 85 young (174080K), 4 survivors (8192K)
 Metaspace       used 37026K, committed 38080K, reserved 1114112K
  class space    used 4446K, committed 4928K, reserved 1048576K
}
Event: 4.450 GC heap after
{Heap after GC invocations=16 (full 0):
 garbage-first heap   total 313344K, used 97255K [0x0000000703600000, 0x0000000800000000)
  region size 2048K, 6 young (12288K), 6 survivors (12288K)
 Metaspace       used 37026K, committed 38080K, reserved 1114112K
  class space    used 4446K, committed 4928K, reserved 1048576K
}
Event: 5.428 GC heap before
{Heap before GC invocations=16 (full 0):
 garbage-first heap   total 313344K, used 263143K [0x0000000703600000, 0x0000000800000000)
  region size 2048K, 87 young (178176K), 6 survivors (12288K)
 Metaspace       used 46086K, committed 47232K, reserved 1114112K
  class space    used 5746K, committed 6272K, reserved 1048576K
}
Event: 5.436 GC heap after
{Heap after GC invocations=17 (full 0):
 garbage-first heap   total 313344K, used 103584K [0x0000000703600000, 0x0000000800000000)
  region size 2048K, 9 young (18432K), 9 survivors (18432K)
 Metaspace       used 46086K, committed 47232K, reserved 1114112K
  class space    used 5746K, committed 6272K, reserved 1048576K
}
Event: 5.881 GC heap before
{Heap before GC invocations=17 (full 0):
 garbage-first heap   total 313344K, used 261280K [0x0000000703600000, 0x0000000800000000)
  region size 2048K, 86 young (176128K), 9 survivors (18432K)
 Metaspace       used 48648K, committed 49920K, reserved 1114112K
  class space    used 6153K, committed 6720K, reserved 1048576K
}
Event: 5.897 GC heap after
{Heap after GC invocations=18 (full 0):
 garbage-first heap   total 313344K, used 117850K [0x0000000703600000, 0x0000000800000000)
  region size 2048K, 11 young (22528K), 11 survivors (22528K)
 Metaspace       used 48648K, committed 49920K, reserved 1114112K
  class space    used 6153K, committed 6720K, reserved 1048576K
}
Event: 6.093 GC heap before
{Heap before GC invocations=18 (full 0):
 garbage-first heap   total 313344K, used 255066K [0x0000000703600000, 0x0000000800000000)
  region size 2048K, 78 young (159744K), 11 survivors (22528K)
 Metaspace       used 49052K, committed 50304K, reserved 1114112K
  class space    used 6225K, committed 6784K, reserved 1048576K
}
Event: 6.110 GC heap after
{Heap after GC invocations=19 (full 0):
 garbage-first heap   total 313344K, used 134965K [0x0000000703600000, 0x0000000800000000)
  region size 2048K, 8 young (16384K), 8 survivors (16384K)
 Metaspace       used 49052K, committed 50304K, reserved 1114112K
  class space    used 6225K, committed 6784K, reserved 1048576K
}
Event: 6.287 GC heap before
{Heap before GC invocations=19 (full 0):
 garbage-first heap   total 313344K, used 253749K [0x0000000703600000, 0x0000000800000000)
  region size 2048K, 66 young (135168K), 8 survivors (16384K)
 Metaspace       used 49935K, committed 51136K, reserved 1114112K
  class space    used 6360K, committed 6912K, reserved 1048576K
}
Event: 6.298 GC heap after
{Heap after GC invocations=20 (full 0):
 garbage-first heap   total 313344K, used 146829K [0x0000000703600000, 0x0000000800000000)
  region size 2048K, 6 young (12288K), 6 survivors (12288K)
 Metaspace       used 49935K, committed 51136K, reserved 1114112K
  class space    used 6360K, committed 6912K, reserved 1048576K
}
Event: 6.678 GC heap before
{Heap before GC invocations=20 (full 0):
 garbage-first heap   total 313344K, used 253325K [0x0000000703600000, 0x0000000800000000)
  region size 2048K, 59 young (120832K), 6 survivors (12288K)
 Metaspace       used 53595K, committed 54784K, reserved 1114112K
  class space    used 6885K, committed 7424K, reserved 1048576K
}
Event: 6.685 GC heap after
{Heap after GC invocations=21 (full 0):
 garbage-first heap   total 462848K, used 150177K [0x0000000703600000, 0x0000000800000000)
  region size 2048K, 2 young (4096K), 2 survivors (4096K)
 Metaspace       used 53595K, committed 54784K, reserved 1114112K
  class space    used 6885K, committed 7424K, reserved 1048576K
}
Event: 7.357 GC heap before
{Heap before GC invocations=21 (full 0):
 garbage-first heap   total 462848K, used 332449K [0x0000000703600000, 0x0000000800000000)
  region size 2048K, 92 young (188416K), 2 survivors (4096K)
 Metaspace       used 59461K, committed 60736K, reserved 1114112K
  class space    used 8257K, committed 8832K, reserved 1048576K
}
Event: 7.366 GC heap after
{Heap after GC invocations=22 (full 0):
 garbage-first heap   total 462848K, used 168234K [0x0000000703600000, 0x0000000800000000)
  region size 2048K, 11 young (22528K), 11 survivors (22528K)
 Metaspace       used 59461K, committed 60736K, reserved 1114112K
  class space    used 8257K, committed 8832K, reserved 1048576K
}
Event: 8.335 GC heap before
{Heap before GC invocations=23 (full 0):
 garbage-first heap   total 462848K, used 346410K [0x0000000703600000, 0x0000000800000000)
  region size 2048K, 98 young (200704K), 11 survivors (22528K)
 Metaspace       used 71055K, committed 72384K, reserved 1114112K
  class space    used 10317K, committed 10880K, reserved 1048576K
}
Event: 8.347 GC heap after
{Heap after GC invocations=24 (full 0):
 garbage-first heap   total 462848K, used 179246K [0x0000000703600000, 0x0000000800000000)
  region size 2048K, 6 young (12288K), 6 survivors (12288K)
 Metaspace       used 71055K, committed 72384K, reserved 1114112K
  class space    used 10317K, committed 10880K, reserved 1048576K
}

