# JRE version: OpenJDK Runtime Environment Temurin-17.0.8+7 (17.0.8+7) (build 17.0.8+7)
# Java VM: OpenJDK 64-Bit Server VM Temurin-17.0.8+7 (17.0.8+7, mixed mode, sharing, tiered, compressed oops, compressed class ptrs, g1 gc, windows-amd64)
GC Precious Log:
 CPUs: 12 total, 12 available
 Memory: 16163M
 Large Page Support: Disabled
 NUMA Support: Disabled
 Compressed Oops: Enabled (Zero based)
 Heap Region Size: 2M
 Heap Min Capacity: 8M
 Heap Initial Capacity: 254M
 Heap Max Capacity: 4042M
 Pre-touch: Disabled
 Parallel Workers: 10
 Concurrent Workers: 3
 Concurrent Refinement Workers: 10
 Periodic GC: Disabled
Heap:
 garbage-first heap   total 466944K, used 203720K [0x0000000703600000, 0x0000000800000000)
  region size 2048K, 14 young (28672K), 2 survivors (4096K)
 Metaspace       used 77778K, committed 79168K, reserved 1179648K
  class space    used 11141K, committed 11776K, reserved 1048576K
GC Heap History (20 events):
Event: 4.954 GC heap before
{Heap before GC invocations=16 (full 0):
 garbage-first heap   total 270336K, used 223378K [0x0000000703600000, 0x0000000800000000)
  region size 2048K, 67 young (137216K), 4 survivors (8192K)
 Metaspace       used 37009K, committed 38080K, reserved 1114112K
  class space    used 4434K, committed 4928K, reserved 1048576K
}
Event: 4.960 GC heap after
{Heap after GC invocations=17 (full 0):
 garbage-first heap   total 270336K, used 97110K [0x0000000703600000, 0x0000000800000000)
  region size 2048K, 5 young (10240K), 5 survivors (10240K)
 Metaspace       used 37009K, committed 38080K, reserved 1114112K
  class space    used 4434K, committed 4928K, reserved 1048576K
}
Event: 5.465 GC heap before
{Heap before GC invocations=17 (full 0):
 garbage-first heap   total 270336K, used 224086K [0x0000000703600000, 0x0000000800000000)
  region size 2048K, 67 young (137216K), 5 survivors (10240K)
 Metaspace       used 40287K, committed 41472K, reserved 1114112K
  class space    used 4790K, committed 5312K, reserved 1048576K
}
Event: 5.471 GC heap after
{Heap after GC invocations=18 (full 0):
 garbage-first heap   total 270336K, used 100423K [0x0000000703600000, 0x0000000800000000)
  region size 2048K, 6 young (12288K), 6 survivors (12288K)
 Metaspace       used 40287K, committed 41472K, reserved 1114112K
  class space    used 4790K, committed 5312K, reserved 1048576K
}
Event: 6.110 GC heap before
{Heap before GC invocations=18 (full 0):
 garbage-first heap   total 270336K, used 227399K [0x0000000703600000, 0x0000000800000000)
  region size 2048K, 68 young (139264K), 6 survivors (12288K)
 Metaspace       used 46478K, committed 47680K, reserved 1114112K
  class space    used 5799K, committed 6336K, reserved 1048576K
}
Event: 6.120 GC heap after
{Heap after GC invocations=19 (full 0):
 garbage-first heap   total 325632K, used 106825K [0x0000000703600000, 0x0000000800000000)
  region size 2048K, 8 young (16384K), 8 survivors (16384K)
 Metaspace       used 46478K, committed 47680K, reserved 1114112K
  class space    used 5799K, committed 6336K, reserved 1048576K
}
Event: 6.531 GC heap before
{Heap before GC invocations=19 (full 0):
 garbage-first heap   total 325632K, used 270665K [0x0000000703600000, 0x0000000800000000)
  region size 2048K, 88 young (180224K), 8 survivors (16384K)
 Metaspace       used 48708K, committed 49920K, reserved 1114112K
  class space    used 6179K, committed 6720K, reserved 1048576K
}
Event: 6.548 GC heap after
{Heap after GC invocations=20 (full 0):
 garbage-first heap   total 325632K, used 123250K [0x0000000703600000, 0x0000000800000000)
  region size 2048K, 11 young (22528K), 11 survivors (22528K)
 Metaspace       used 48708K, committed 49920K, reserved 1114112K
  class space    used 6179K, committed 6720K, reserved 1048576K
}
Event: 6.697 GC heap before
{Heap before GC invocations=20 (full 0):
 garbage-first heap   total 325632K, used 264562K [0x0000000703600000, 0x0000000800000000)
  region size 2048K, 80 young (163840K), 11 survivors (22528K)
 Metaspace       used 49129K, committed 50368K, reserved 1114112K
  class space    used 6235K, committed 6784K, reserved 1048576K
}
Event: 6.713 GC heap after
{Heap after GC invocations=21 (full 0):
 garbage-first heap   total 325632K, used 140093K [0x0000000703600000, 0x0000000800000000)
  region size 2048K, 8 young (16384K), 8 survivors (16384K)
 Metaspace       used 49129K, committed 50368K, reserved 1114112K
  class space    used 6235K, committed 6784K, reserved 1048576K
}
Event: 7.153 GC heap before
{Heap before GC invocations=21 (full 0):
 garbage-first heap   total 325632K, used 262973K [0x0000000703600000, 0x0000000800000000)
  region size 2048K, 68 young (139264K), 8 survivors (16384K)
 Metaspace       used 53786K, committed 55104K, reserved 1114112K
  class space    used 6950K, committed 7552K, reserved 1048576K
}
Event: 7.167 GC heap after
{Heap after GC invocations=22 (full 0):
 garbage-first heap   total 325632K, used 158486K [0x0000000703600000, 0x0000000800000000)
  region size 2048K, 9 young (18432K), 9 survivors (18432K)
 Metaspace       used 53786K, committed 55104K, reserved 1114112K
  class space    used 6950K, committed 7552K, reserved 1048576K
}
Event: 7.493 GC heap before
{Heap before GC invocations=22 (full 0):
 garbage-first heap   total 325632K, used 258838K [0x0000000703600000, 0x0000000800000000)
  region size 2048K, 58 young (118784K), 9 survivors (18432K)
 Metaspace       used 56551K, committed 57792K, reserved 1114112K
  class space    used 7549K, committed 8128K, reserved 1048576K
}
Event: 7.504 GC heap after
{Heap after GC invocations=23 (full 0):
 garbage-first heap   total 466944K, used 166568K [0x0000000703600000, 0x0000000800000000)
  region size 2048K, 5 young (10240K), 5 survivors (10240K)
 Metaspace       used 56551K, committed 57792K, reserved 1114112K
  class space    used 7549K, committed 8128K, reserved 1048576K
}
Event: 7.852 GC heap before
{Heap before GC invocations=23 (full 0):
 garbage-first heap   total 466944K, used 240296K [0x0000000703600000, 0x0000000800000000)
  region size 2048K, 42 young (86016K), 5 survivors (10240K)
 Metaspace       used 59565K, committed 60800K, reserved 1114112K
  class space    used 8299K, committed 8832K, reserved 1048576K
}
Event: 7.856 GC heap after
{Heap after GC invocations=24 (full 0):
 garbage-first heap   total 466944K, used 167677K [0x0000000703600000, 0x0000000800000000)
  region size 2048K, 5 young (10240K), 5 survivors (10240K)
 Metaspace       used 59565K, committed 60800K, reserved 1114112K
  class space    used 8299K, committed 8832K, reserved 1048576K
}
Event: 9.268 GC heap before
{Heap before GC invocations=25 (full 0):
 garbage-first heap   total 466944K, used 364285K [0x0000000703600000, 0x0000000800000000)
  region size 2048K, 102 young (208896K), 5 survivors (10240K)
 Metaspace       used 76666K, committed 78080K, reserved 1179648K
  class space    used 11061K, committed 11712K, reserved 1048576K
}
Event: 9.279 GC heap after
{Heap after GC invocations=26 (full 0):
 garbage-first heap   total 466944K, used 179190K [0x0000000703600000, 0x0000000800000000)
  region size 2048K, 11 young (22528K), 11 survivors (22528K)
 Metaspace       used 76666K, committed 78080K, reserved 1179648K
  class space    used 11061K, committed 11712K, reserved 1048576K
}
Event: 9.342 GC heap before
{Heap before GC invocations=26 (full 0):
 garbage-first heap   total 466944K, used 181238K [0x0000000703600000, 0x0000000800000000)
  region size 2048K, 12 young (24576K), 11 survivors (22528K)
 Metaspace       used 76738K, committed 78208K, reserved 1179648K
  class space    used 11070K, committed 11712K, reserved 1048576K
}
Event: 9.349 GC heap after
{Heap after GC invocations=27 (full 0):
 garbage-first heap   total 466944K, used 181192K [0x0000000703600000, 0x0000000800000000)
  region size 2048K, 2 young (4096K), 2 survivors (4096K)
 Metaspace       used 76738K, committed 78208K, reserved 1179648K
  class space    used 11070K, committed 11712K, reserved 1048576K
}

