# JRE version: OpenJDK Runtime Environment Temurin-17.0.8+7 (17.0.8+7) (build 17.0.8+7)
# Java VM: OpenJDK 64-Bit Server VM Temurin-17.0.8+7 (17.0.8+7, mixed mode, sharing, tiered, compressed oops, compressed class ptrs, g1 gc, windows-amd64)
GC Precious Log:
 CPUs: 12 total, 12 available
 Memory: 16163M
 Large Page Support: Disabled
 NUMA Support: Disabled
 Compressed Oops: Enabled (Zero based)
 Heap Region Size: 2M
 Heap Min Capacity: 8M
 Heap Initial Capacity: 254M
 Heap Max Capacity: 4042M
 Pre-touch: Disabled
 Parallel Workers: 10
 Concurrent Workers: 3
 Concurrent Refinement Workers: 10
 Periodic GC: Disabled
Heap:
 garbage-first heap   total 1105920K, used 327674K [0x0000000703600000, 0x0000000800000000)
  region size 2048K, 4 young (8192K), 0 survivors (0K)
 Metaspace       used 123508K, committed 125312K, reserved 1179648K
  class space    used 17821K, committed 18624K, reserved 1048576K
GC Heap History (20 events):
Event: 12.678 GC heap before
{Heap before GC invocations=32 (full 0):
 garbage-first heap   total 663552K, used 527510K [0x0000000703600000, 0x0000000800000000)
  region size 2048K, 152 young (311296K), 3 survivors (6144K)
 Metaspace       used 95031K, committed 96640K, reserved 1179648K
  class space    used 14007K, committed 14720K, reserved 1048576K
}
Event: 12.686 GC heap after
{Heap after GC invocations=33 (full 0):
 garbage-first heap   total 663552K, used 220496K [0x0000000703600000, 0x0000000800000000)
  region size 2048K, 7 young (14336K), 7 survivors (14336K)
 Metaspace       used 95031K, committed 96640K, reserved 1179648K
  class space    used 14007K, committed 14720K, reserved 1048576K
}
Event: 13.214 GC heap before
{Heap before GC invocations=34 (full 0):
 garbage-first heap   total 663552K, used 525648K [0x0000000703600000, 0x0000000800000000)
  region size 2048K, 156 young (319488K), 7 survivors (14336K)
 Metaspace       used 95451K, committed 96960K, reserved 1179648K
  class space    used 14044K, committed 14720K, reserved 1048576K
}
Event: 13.231 GC heap after
{Heap after GC invocations=35 (full 0):
 garbage-first heap   total 663552K, used 239193K [0x0000000703600000, 0x0000000800000000)
  region size 2048K, 16 young (32768K), 16 survivors (32768K)
 Metaspace       used 95451K, committed 96960K, reserved 1179648K
  class space    used 14044K, committed 14720K, reserved 1048576K
}
Event: 13.234 GC heap before
{Heap before GC invocations=35 (full 0):
 garbage-first heap   total 663552K, used 241241K [0x0000000703600000, 0x0000000800000000)
  region size 2048K, 17 young (34816K), 16 survivors (32768K)
 Metaspace       used 95452K, committed 96960K, reserved 1179648K
  class space    used 14044K, committed 14720K, reserved 1048576K
}
Event: 13.243 GC heap after
{Heap after GC invocations=36 (full 0):
 garbage-first heap   total 663552K, used 242643K [0x0000000703600000, 0x0000000800000000)
  region size 2048K, 3 young (6144K), 3 survivors (6144K)
 Metaspace       used 95452K, committed 96960K, reserved 1179648K
  class space    used 14044K, committed 14720K, reserved 1048576K
}
Event: 13.989 GC heap before
{Heap before GC invocations=36 (full 0):
 garbage-first heap   total 663552K, used 525267K [0x0000000703600000, 0x0000000800000000)
  region size 2048K, 142 young (290816K), 3 survivors (6144K)
 Metaspace       used 96024K, committed 97600K, reserved 1179648K
  class space    used 14110K, committed 14784K, reserved 1048576K
}
Event: 14.012 GC heap after
{Heap after GC invocations=37 (full 0):
 garbage-first heap   total 1990656K, used 279951K [0x0000000703600000, 0x0000000800000000)
  region size 2048K, 18 young (36864K), 18 survivors (36864K)
 Metaspace       used 96024K, committed 97600K, reserved 1179648K
  class space    used 14110K, committed 14784K, reserved 1048576K
}
Event: 26.770 GC heap before
{Heap before GC invocations=37 (full 0):
 garbage-first heap   total 1990656K, used 1449359K [0x0000000703600000, 0x0000000800000000)
  region size 2048K, 583 young (1193984K), 18 survivors (36864K)
 Metaspace       used 109532K, committed 111232K, reserved 1179648K
  class space    used 16168K, committed 16960K, reserved 1048576K
}
Event: 26.823 GC heap after
{Heap after GC invocations=38 (full 0):
 garbage-first heap   total 1990656K, used 315184K [0x0000000703600000, 0x0000000800000000)
  region size 2048K, 36 young (73728K), 36 survivors (73728K)
 Metaspace       used 109532K, committed 111232K, reserved 1179648K
  class space    used 16168K, committed 16960K, reserved 1048576K
}
Event: 28.470 GC heap before
{Heap before GC invocations=38 (full 0):
 garbage-first heap   total 1990656K, used 1433392K [0x0000000703600000, 0x0000000800000000)
  region size 2048K, 583 young (1193984K), 36 survivors (73728K)
 Metaspace       used 110832K, committed 112512K, reserved 1179648K
  class space    used 16325K, committed 17088K, reserved 1048576K
}
Event: 28.616 GC heap after
{Heap after GC invocations=39 (full 0):
 garbage-first heap   total 1990656K, used 517187K [0x0000000703600000, 0x0000000800000000)
  region size 2048K, 73 young (149504K), 73 survivors (149504K)
 Metaspace       used 110832K, committed 112512K, reserved 1179648K
  class space    used 16325K, committed 17088K, reserved 1048576K
}
Event: 28.918 GC heap before
{Heap before GC invocations=39 (full 0):
 garbage-first heap   total 1990656K, used 611395K [0x0000000703600000, 0x0000000800000000)
  region size 2048K, 119 young (243712K), 73 survivors (149504K)
 Metaspace       used 111656K, committed 113344K, reserved 1179648K
  class space    used 16400K, committed 17152K, reserved 1048576K
}
Event: 28.964 GC heap after
{Heap after GC invocations=40 (full 0):
 garbage-first heap   total 1990656K, used 491520K [0x0000000703600000, 0x0000000800000000)
  region size 2048K, 6 young (12288K), 6 survivors (12288K)
 Metaspace       used 111656K, committed 113344K, reserved 1179648K
  class space    used 16400K, committed 17152K, reserved 1048576K
}
Event: 31.787 GC heap before
{Heap before GC invocations=40 (full 0):
 garbage-first heap   total 1990656K, used 1486848K [0x0000000703600000, 0x0000000800000000)
  region size 2048K, 492 young (1007616K), 6 survivors (12288K)
 Metaspace       used 120950K, committed 122688K, reserved 1179648K
  class space    used 17669K, committed 18432K, reserved 1048576K
}
Event: 31.806 GC heap after
{Heap after GC invocations=41 (full 0):
 garbage-first heap   total 1990656K, used 529843K [0x0000000703600000, 0x0000000800000000)
  region size 2048K, 25 young (51200K), 25 survivors (51200K)
 Metaspace       used 120950K, committed 122688K, reserved 1179648K
  class space    used 17669K, committed 18432K, reserved 1048576K
}
Event: 47.513 GC heap before
{Heap before GC invocations=41 (full 0):
 garbage-first heap   total 1990656K, used 806323K [0x0000000703600000, 0x0000000800000000)
  region size 2048K, 161 young (329728K), 25 survivors (51200K)
 Metaspace       used 122943K, committed 124736K, reserved 1179648K
  class space    used 17725K, committed 18560K, reserved 1048576K
}
Event: 47.710 GC heap after
{Heap after GC invocations=42 (full 1):
 garbage-first heap   total 1351680K, used 394719K [0x0000000703600000, 0x0000000800000000)
  region size 2048K, 0 young (0K), 0 survivors (0K)
 Metaspace       used 122941K, committed 124736K, reserved 1179648K
  class space    used 17725K, committed 18560K, reserved 1048576K
}
Event: 48.292 GC heap before
{Heap before GC invocations=42 (full 1):
 garbage-first heap   total 1351680K, used 720351K [0x0000000703600000, 0x0000000800000000)
  region size 2048K, 160 young (327680K), 0 survivors (0K)
 Metaspace       used 123124K, committed 124864K, reserved 1179648K
  class space    used 17773K, committed 18560K, reserved 1048576K
}
Event: 48.408 GC heap after
{Heap after GC invocations=43 (full 2):
 garbage-first heap   total 1105920K, used 321530K [0x0000000703600000, 0x0000000800000000)
  region size 2048K, 0 young (0K), 0 survivors (0K)
 Metaspace       used 123124K, committed 124864K, reserved 1179648K
  class space    used 17773K, committed 18560K, reserved 1048576K
}

