# JRE version: OpenJDK Runtime Environment Temurin-17.0.8+7 (17.0.8+7) (build 17.0.8+7)
# Java VM: OpenJDK 64-Bit Server VM Temurin-17.0.8+7 (17.0.8+7, mixed mode, sharing, tiered, compressed oops, compressed class ptrs, g1 gc, windows-amd64)
GC Precious Log:
 CPUs: 12 total, 12 available
 Memory: 16163M
 Large Page Support: Disabled
 NUMA Support: Disabled
 Compressed Oops: Enabled (Zero based)
 Heap Region Size: 2M
 Heap Min Capacity: 8M
 Heap Initial Capacity: 254M
 Heap Max Capacity: 4042M
 Pre-touch: Disabled
 Parallel Workers: 10
 Concurrent Workers: 3
 Concurrent Refinement Workers: 10
 Periodic GC: Disabled
Heap:
 garbage-first heap   total 481280K, used 207730K [0x0000000703600000, 0x0000000800000000)
  region size 2048K, 20 young (40960K), 7 survivors (14336K)
 Metaspace       used 78258K, committed 79680K, reserved 1179648K
  class space    used 11202K, committed 11840K, reserved 1048576K
GC Heap History (20 events):
Event: 3.776 GC heap before
{Heap before GC invocations=10 (full 0):
 garbage-first heap   total 475136K, used 357686K [0x0000000703600000, 0x0000000800000000)
  region size 2048K, 139 young (284672K), 1 survivors (2048K)
 Metaspace       used 30102K, committed 30976K, reserved 1114112K
  class space    used 3562K, committed 3968K, reserved 1048576K
}
Event: 3.779 GC heap after
{Heap after GC invocations=11 (full 0):
 garbage-first heap   total 475136K, used 77132K [0x0000000703600000, 0x0000000800000000)
  region size 2048K, 2 young (4096K), 2 survivors (4096K)
 Metaspace       used 30102K, committed 30976K, reserved 1114112K
  class space    used 3562K, committed 3968K, reserved 1048576K
}
Event: 4.158 GC heap before
{Heap before GC invocations=11 (full 0):
 garbage-first heap   total 475136K, used 355660K [0x0000000703600000, 0x0000000800000000)
  region size 2048K, 139 young (284672K), 2 survivors (4096K)
 Metaspace       used 32049K, committed 32960K, reserved 1114112K
  class space    used 3783K, committed 4160K, reserved 1048576K
}
Event: 4.162 GC heap after
{Heap after GC invocations=12 (full 0):
 garbage-first heap   total 475136K, used 81419K [0x0000000703600000, 0x0000000800000000)
  region size 2048K, 4 young (8192K), 4 survivors (8192K)
 Metaspace       used 32049K, committed 32960K, reserved 1114112K
  class space    used 3783K, committed 4160K, reserved 1048576K
}
Event: 4.452 GC heap before
{Heap before GC invocations=12 (full 0):
 garbage-first heap   total 475136K, used 243211K [0x0000000703600000, 0x0000000800000000)
  region size 2048K, 78 young (159744K), 4 survivors (8192K)
 Metaspace       used 35267K, committed 36288K, reserved 1114112K
  class space    used 4191K, committed 4672K, reserved 1048576K
}
Event: 4.456 GC heap after
{Heap after GC invocations=13 (full 0):
 garbage-first heap   total 475136K, used 96477K [0x0000000703600000, 0x0000000800000000)
  region size 2048K, 6 young (12288K), 6 survivors (12288K)
 Metaspace       used 35267K, committed 36288K, reserved 1114112K
  class space    used 4191K, committed 4672K, reserved 1048576K
}
Event: 5.785 GC heap before
{Heap before GC invocations=14 (full 0):
 garbage-first heap   total 342016K, used 288989K [0x0000000703600000, 0x0000000800000000)
  region size 2048K, 100 young (204800K), 6 survivors (12288K)
 Metaspace       used 45517K, committed 46720K, reserved 1114112K
  class space    used 5662K, committed 6208K, reserved 1048576K
}
Event: 5.793 GC heap after
{Heap after GC invocations=15 (full 0):
 garbage-first heap   total 342016K, used 105004K [0x0000000703600000, 0x0000000800000000)
  region size 2048K, 10 young (20480K), 10 survivors (20480K)
 Metaspace       used 45517K, committed 46720K, reserved 1114112K
  class space    used 5662K, committed 6208K, reserved 1048576K
}
Event: 6.309 GC heap before
{Heap before GC invocations=15 (full 0):
 garbage-first heap   total 342016K, used 281132K [0x0000000703600000, 0x0000000800000000)
  region size 2048K, 96 young (196608K), 10 survivors (20480K)
 Metaspace       used 48988K, committed 50304K, reserved 1114112K
  class space    used 6195K, committed 6784K, reserved 1048576K
}
Event: 6.328 GC heap after
{Heap after GC invocations=16 (full 0):
 garbage-first heap   total 342016K, used 120537K [0x0000000703600000, 0x0000000800000000)
  region size 2048K, 12 young (24576K), 12 survivors (24576K)
 Metaspace       used 48988K, committed 50304K, reserved 1114112K
  class space    used 6195K, committed 6784K, reserved 1048576K
}
Event: 6.532 GC heap before
{Heap before GC invocations=16 (full 0):
 garbage-first heap   total 342016K, used 276185K [0x0000000703600000, 0x0000000800000000)
  region size 2048K, 88 young (180224K), 12 survivors (24576K)
 Metaspace       used 49577K, committed 50816K, reserved 1114112K
  class space    used 6283K, committed 6848K, reserved 1048576K
}
Event: 6.550 GC heap after
{Heap after GC invocations=17 (full 0):
 garbage-first heap   total 342016K, used 139578K [0x0000000703600000, 0x0000000800000000)
  region size 2048K, 9 young (18432K), 9 survivors (18432K)
 Metaspace       used 49577K, committed 50816K, reserved 1114112K
  class space    used 6283K, committed 6848K, reserved 1048576K
}
Event: 6.817 GC heap before
{Heap before GC invocations=17 (full 0):
 garbage-first heap   total 342016K, used 274746K [0x0000000703600000, 0x0000000800000000)
  region size 2048K, 75 young (153600K), 9 survivors (18432K)
 Metaspace       used 51366K, committed 52608K, reserved 1114112K
  class space    used 6608K, committed 7168K, reserved 1048576K
}
Event: 6.827 GC heap after
{Heap after GC invocations=18 (full 0):
 garbage-first heap   total 342016K, used 150197K [0x0000000703600000, 0x0000000800000000)
  region size 2048K, 5 young (10240K), 5 survivors (10240K)
 Metaspace       used 51366K, committed 52608K, reserved 1114112K
  class space    used 6608K, committed 7168K, reserved 1048576K
}
Event: 7.456 GC heap before
{Heap before GC invocations=18 (full 0):
 garbage-first heap   total 342016K, used 277173K [0x0000000703600000, 0x0000000800000000)
  region size 2048K, 67 young (137216K), 5 survivors (10240K)
 Metaspace       used 57050K, committed 58304K, reserved 1114112K
  class space    used 7615K, committed 8192K, reserved 1048576K
}
Event: 7.468 GC heap after
{Heap after GC invocations=19 (full 0):
 garbage-first heap   total 342016K, used 168768K [0x0000000703600000, 0x0000000800000000)
  region size 2048K, 9 young (18432K), 9 survivors (18432K)
 Metaspace       used 57050K, committed 58304K, reserved 1114112K
  class space    used 7615K, committed 8192K, reserved 1048576K
}
Event: 7.760 GC heap before
{Heap before GC invocations=19 (full 0):
 garbage-first heap   total 342016K, used 228160K [0x0000000703600000, 0x0000000800000000)
  region size 2048K, 39 young (79872K), 9 survivors (18432K)
 Metaspace       used 59544K, committed 60800K, reserved 1114112K
  class space    used 8273K, committed 8832K, reserved 1048576K
}
Event: 7.767 GC heap after
{Heap after GC invocations=20 (full 0):
 garbage-first heap   total 481280K, used 173042K [0x0000000703600000, 0x0000000800000000)
  region size 2048K, 2 young (4096K), 2 survivors (4096K)
 Metaspace       used 59544K, committed 60800K, reserved 1114112K
  class space    used 8273K, committed 8832K, reserved 1048576K
}
Event: 10.007 GC heap before
{Heap before GC invocations=21 (full 0):
 garbage-first heap   total 481280K, used 388082K [0x0000000703600000, 0x0000000800000000)
  region size 2048K, 107 young (219136K), 2 survivors (4096K)
 Metaspace       used 77237K, committed 78656K, reserved 1179648K
  class space    used 11132K, committed 11776K, reserved 1048576K
}
Event: 10.014 GC heap after
{Heap after GC invocations=22 (full 0):
 garbage-first heap   total 481280K, used 183154K [0x0000000703600000, 0x0000000800000000)
  region size 2048K, 7 young (14336K), 7 survivors (14336K)
 Metaspace       used 77237K, committed 78656K, reserved 1179648K
  class space    used 11132K, committed 11776K, reserved 1048576K
}

